kernel_name = _Z11hotspotOpt1PfS_S_fiiifffffff 
kernel_launch_uid = 1 

Kernel Average Power Data:
kernel_avg_power = 116.679
gpu_avg_IBP, = 0.0350858
gpu_avg_ICP, = 0.328084
gpu_avg_DCP, = 3.57372
gpu_avg_TCP, = 0
gpu_avg_CCP, = 0.42937
gpu_avg_SHRDP, = 0
gpu_avg_RFP, = 10.9767
gpu_avg_SPP, = 2.82333
gpu_avg_SFUP, = 10.3084
gpu_avg_FPUP, = 2.03828
gpu_avg_SCHEDP, = 0.521115
gpu_avg_L2CP, = 8.15957
gpu_avg_MCP, = 4.0661
gpu_avg_NOCP, = 11.2001
gpu_avg_DRAMP, = 40.7418
gpu_avg_PIPEP, = 11.5398
gpu_avg_IDLE_COREP, = 0.114012
gpu_avg_CONST_DYNAMICP = 9.82366
gpu_avg_TOT_INST, = 6934.29
gpu_avg_FP_INT, = 6781.34
gpu_avg_IC_H, = 3460.3
gpu_avg_IC_M, = 6.84232
gpu_avg_DC_RH, = 463.255
gpu_avg_DC_RM, = 607.483
gpu_avg_DC_WH, = 0
gpu_avg_DC_WM, = 135.956
gpu_avg_TC_H, = 0
gpu_avg_TC_M, = 0
gpu_avg_CC_H, = 236.237
gpu_avg_CC_M, = 1.70539
gpu_avg_SHRD_ACC, = 0
gpu_avg_REG_RD, = 358951
gpu_avg_REG_WR, = 195000
gpu_avg_NON_REG_OPs, = 76685.3
gpu_avg_SP_ACC, = 748361
gpu_avg_SFU_ACC, = 152283
gpu_avg_FPU_ACC, = 49219.7
gpu_avg_MEM_RD, = 1091.6
gpu_avg_MEM_WR, = 0
gpu_avg_MEM_PRE, = 282.147
gpu_avg_L2_RH, = 1339.67
gpu_avg_L2_RM, = 272.907
gpu_avg_L2_WH, = 0
gpu_avg_L2_WM, = 135.952
gpu_avg_NOC_A, = 4126.76
gpu_avg_PIPE_A, = 0.45322
gpu_avg_IDLE_CORE_N, = 0.0717054
gpu_avg_CONST_DYNAMICN = 0

Kernel Maximum Power Data:
kernel_max_power = 140.345
gpu_max_IBP, = 0.0471973
gpu_max_ICP, = 0.507035
gpu_max_DCP, = 2.77067
gpu_max_TCP, = 0
gpu_max_CCP, = 0
gpu_max_SHRDP, = 0
gpu_max_RFP, = 13.1797
gpu_max_SPP, = 3.41123
gpu_max_SFUP, = 19.5734
gpu_max_FPUP, = 2.43974
gpu_max_SCHEDP, = 0.693223
gpu_max_L2CP, = 9.10298
gpu_max_MCP, = 4.34229
gpu_max_NOCP, = 12.2701
gpu_max_DRAMP, = 47.0785
gpu_max_PIPEP, = 15.1056
gpu_max_IDLE_COREP, = 0
gpu_max_CONST_DYNAMICP = 9.82366
gpu_max_TOT_INST, = 9328
gpu_max_FP_INT, = 9021
gpu_max_IC_H, = 4615
gpu_max_IC_M, = 32
gpu_max_DC_RH, = 244
gpu_max_DC_RM, = 521
gpu_max_DC_WH, = 0
gpu_max_DC_WM, = 221
gpu_max_TC_H, = 0
gpu_max_TC_M, = 0
gpu_max_CC_H, = 0
gpu_max_CC_M, = 0
gpu_max_SHRD_ACC, = 0
gpu_max_REG_RD, = 479328
gpu_max_REG_WR, = 263968
gpu_max_NON_REG_OPs, = 82080
gpu_max_SP_ACC, = 904192
gpu_max_SFU_ACC, = 289152
gpu_max_FPU_ACC, = 58914
gpu_max_MEM_RD, = 1294
gpu_max_MEM_WR, = 0
gpu_max_MEM_PRE, = 129
gpu_max_L2_RH, = 906
gpu_max_L2_RM, = 239
gpu_max_L2_WH, = 0
gpu_max_L2_WM, = 262
gpu_max_NOC_A, = 4521
gpu_max_PIPE_A, = 0.593267
gpu_max_IDLE_CORE_N, = 0
gpu_max_CONST_DYNAMICN = 0

Kernel Minimum Power Data:
kernel_min_power = 15.3313
gpu_min_IBP, = 0.00758962
gpu_min_ICP, = 1.48175
gpu_min_DCP, = 0
gpu_min_TCP, = 0
gpu_min_CCP, = 0.616134
gpu_min_SHRDP, = 0
gpu_min_RFP, = 1.21109
gpu_min_SPP, = 0
gpu_min_SFUP, = 0
gpu_min_FPUP, = 0
gpu_min_SCHEDP, = 0.115268
gpu_min_L2CP, = 0.243763
gpu_min_MCP, = 1.31945
gpu_min_NOCP, = 0.244261
gpu_min_DRAMP, = 0.220674
gpu_min_PIPEP, = 0
gpu_min_IDLE_COREP, = 0.0476996
gpu_min_CONST_DYNAMICP = 9.82366
gpu_min_TOT_INST, = 1500
gpu_min_FP_INT, = 1500
gpu_min_IC_H, = 270
gpu_min_IC_M, = 480
gpu_min_DC_RH, = 0
gpu_min_DC_RM, = 0
gpu_min_DC_WH, = 0
gpu_min_DC_WM, = 0
gpu_min_TC_H, = 0
gpu_min_TC_M, = 0
gpu_min_CC_H, = 0
gpu_min_CC_M, = 480
gpu_min_SHRD_ACC, = 0
gpu_min_REG_RD, = 0
gpu_min_REG_WR, = 0
gpu_min_NON_REG_OPs, = 16320
gpu_min_SP_ACC, = 0
gpu_min_SFU_ACC, = 0
gpu_min_FPU_ACC, = 0
gpu_min_MEM_RD, = 6
gpu_min_MEM_WR, = 0
gpu_min_MEM_PRE, = 1
gpu_min_L2_RH, = 62
gpu_min_L2_RM, = 2
gpu_min_L2_WH, = 0
gpu_min_L2_WM, = 0
gpu_min_NOC_A, = 90
gpu_min_PIPE_A, = 0
gpu_min_IDLE_CORE_N, = 0.0299997
gpu_min_CONST_DYNAMICN = 0

Accumulative Power Statistics Over Previous Kernels:
gpu_tot_avg_power = 116.679
gpu_tot_max_power = 140.345
gpu_tot_min_power = 15.3313


kernel_name = _Z11hotspotOpt1PfS_S_fiiifffffff 
kernel_launch_uid = 2 

Kernel Average Power Data:
kernel_avg_power = 117.154
gpu_avg_IBP, = 0.0352321
gpu_avg_ICP, = 0.309195
gpu_avg_DCP, = 3.58394
gpu_avg_TCP, = 0
gpu_avg_CCP, = 0.432057
gpu_avg_SHRDP, = 0
gpu_avg_RFP, = 11.0245
gpu_avg_SPP, = 2.83509
gpu_avg_SFUP, = 10.3514
gpu_avg_FPUP, = 2.0468
gpu_avg_SCHEDP, = 0.523288
gpu_avg_L2CP, = 8.26286
gpu_avg_MCP, = 4.07672
gpu_avg_NOCP, = 11.3036
gpu_avg_DRAMP, = 40.818
gpu_avg_PIPEP, = 11.5816
gpu_avg_IDLE_COREP, = 0.145896
gpu_avg_CONST_DYNAMICP = 9.82366
gpu_avg_TOT_INST, = 6963.22
gpu_avg_FP_INT, = 6809.61
gpu_avg_IC_H, = 3481.61
gpu_avg_IC_M, = 0
gpu_avg_DC_RH, = 460.694
gpu_avg_DC_RM, = 614.506
gpu_avg_DC_WH, = 0
gpu_avg_DC_WM, = 136.542
gpu_avg_TC_H, = 0
gpu_avg_TC_M, = 0
gpu_avg_CC_H, = 238.933
gpu_avg_CC_M, = 0
gpu_avg_SHRD_ACC, = 0
gpu_avg_REG_RD, = 360450
gpu_avg_REG_WR, = 196047
gpu_avg_NON_REG_OPs, = 77004.8
gpu_avg_SP_ACC, = 751479
gpu_avg_SFU_ACC, = 152917
gpu_avg_FPU_ACC, = 49425.3
gpu_avg_MEM_RD, = 1095.3
gpu_avg_MEM_WR, = 0
gpu_avg_MEM_PRE, = 272.673
gpu_avg_L2_RH, = 1362.76
gpu_avg_L2_RM, = 273.819
gpu_avg_L2_WH, = 0
gpu_avg_L2_WM, = 136.546
gpu_avg_NOC_A, = 4164.91
gpu_avg_PIPE_A, = 0.454863
gpu_avg_IDLE_CORE_N, = 0.0917583
gpu_avg_CONST_DYNAMICN = 0

Kernel Maximum Power Data:
kernel_max_power = 155.955
gpu_max_IBP, = 0.0616682
gpu_max_ICP, = 0.540487
gpu_max_DCP, = 4.87494
gpu_max_TCP, = 0
gpu_max_CCP, = 2.91313
gpu_max_SHRDP, = 0
gpu_max_RFP, = 25.2613
gpu_max_SPP, = 12.1074
gpu_max_SFUP, = 18.1264
gpu_max_FPUP, = 1.77231
gpu_max_SCHEDP, = 0.936593
gpu_max_L2CP, = 3.97348
gpu_max_MCP, = 4.65837
gpu_max_NOCP, = 8.08776
gpu_max_DRAMP, = 42.4482
gpu_max_PIPEP, = 20.3694
gpu_max_IDLE_COREP, = 0
gpu_max_CONST_DYNAMICP = 9.82366
gpu_max_TOT_INST, = 12188
gpu_max_FP_INT, = 12188
gpu_max_IC_H, = 6086
gpu_max_IC_M, = 0
gpu_max_DC_RH, = 883
gpu_max_DC_RM, = 655
gpu_max_DC_WH, = 0
gpu_max_DC_WM, = 0
gpu_max_TC_H, = 0
gpu_max_TC_M, = 0
gpu_max_CC_H, = 1611
gpu_max_CC_M, = 0
gpu_max_SHRD_ACC, = 0
gpu_max_REG_RD, = 510496
gpu_max_REG_WR, = 330304
gpu_max_NON_REG_OPs, = 233120
gpu_max_SP_ACC, = 3.20922e+06
gpu_max_SFU_ACC, = 267776
gpu_max_FPU_ACC, = 42797
gpu_max_MEM_RD, = 1184
gpu_max_MEM_WR, = 0
gpu_max_MEM_PRE, = 12
gpu_max_L2_RH, = 1002
gpu_max_L2_RM, = 270
gpu_max_L2_WH, = 0
gpu_max_L2_WM, = 0
gpu_max_NOC_A, = 2980
gpu_max_PIPE_A, = 0.8
gpu_max_IDLE_CORE_N, = 0
gpu_max_CONST_DYNAMICN = 0

Kernel Minimum Power Data:
kernel_min_power = 30.533
gpu_min_IBP, = 0.00133577
gpu_min_ICP, = 0.0118115
gpu_min_DCP, = 0.255754
gpu_min_TCP, = 0
gpu_min_CCP, = 0
gpu_min_SHRDP, = 0
gpu_min_RFP, = 0.403192
gpu_min_SPP, = 0.0347691
gpu_min_SFUP, = 0.103976
gpu_min_FPUP, = 0.134009
gpu_min_SCHEDP, = 0.0180587
gpu_min_L2CP, = 0.969363
gpu_min_MCP, = 1.4438
gpu_min_NOCP, = 1.23759
gpu_min_DRAMP, = 3.76995
gpu_min_PIPEP, = 0.578831
gpu_min_IDLE_COREP, = 11.7469
gpu_min_CONST_DYNAMICP = 9.82366
gpu_min_TOT_INST, = 264
gpu_min_FP_INT, = 235
gpu_min_IC_H, = 133
gpu_min_IC_M, = 0
gpu_min_DC_RH, = 28
gpu_min_DC_RM, = 33
gpu_min_DC_WH, = 0
gpu_min_DC_WM, = 28
gpu_min_TC_H, = 0
gpu_min_TC_M, = 0
gpu_min_CC_H, = 0
gpu_min_CC_M, = 0
gpu_min_SHRD_ACC, = 0
gpu_min_REG_RD, = 18720
gpu_min_REG_WR, = 8384
gpu_min_NON_REG_OPs, = 1920
gpu_min_SP_ACC, = 9216
gpu_min_SFU_ACC, = 1536
gpu_min_FPU_ACC, = 3236
gpu_min_MEM_RD, = 105
gpu_min_MEM_WR, = 0
gpu_min_MEM_PRE, = 2
gpu_min_L2_RH, = 80
gpu_min_L2_RM, = 22
gpu_min_L2_WH, = 0
gpu_min_L2_WM, = 31
gpu_min_NOC_A, = 456
gpu_min_PIPE_A, = 0.0227334
gpu_min_IDLE_CORE_N, = 7.388
gpu_min_CONST_DYNAMICN = 0

Accumulative Power Statistics Over Previous Kernels:
gpu_tot_avg_power = 116.916
gpu_tot_max_power = 155.955
gpu_tot_min_power = 15.3313


kernel_name = _Z11hotspotOpt1PfS_S_fiiifffffff 
kernel_launch_uid = 3 

Kernel Average Power Data:
kernel_avg_power = 116.767
gpu_avg_IBP, = 0.0350132
gpu_avg_ICP, = 0.307274
gpu_avg_DCP, = 3.55833
gpu_avg_TCP, = 0
gpu_avg_CCP, = 0.429373
gpu_avg_SHRDP, = 0
gpu_avg_RFP, = 10.9568
gpu_avg_SPP, = 2.81749
gpu_avg_SFUP, = 10.2871
gpu_avg_FPUP, = 2.03407
gpu_avg_SCHEDP, = 0.520037
gpu_avg_L2CP, = 8.26013
gpu_avg_MCP, = 4.05929
gpu_avg_NOCP, = 11.2762
gpu_avg_DRAMP, = 40.6762
gpu_avg_PIPEP, = 11.5085
gpu_avg_IDLE_COREP, = 0.218031
gpu_avg_CONST_DYNAMICP = 9.82366
gpu_avg_TOT_INST, = 6919.95
gpu_avg_FP_INT, = 6767.3
gpu_avg_IC_H, = 3459.97
gpu_avg_IC_M, = 0
gpu_avg_DC_RH, = 454.658
gpu_avg_DC_RM, = 613.863
gpu_avg_DC_WH, = 0
gpu_avg_DC_WM, = 135.685
gpu_avg_TC_H, = 0
gpu_avg_TC_M, = 0
gpu_avg_CC_H, = 237.449
gpu_avg_CC_M, = 0
gpu_avg_SHRD_ACC, = 0
gpu_avg_REG_RD, = 358209
gpu_avg_REG_WR, = 194922
gpu_avg_NON_REG_OPs, = 76526.5
gpu_avg_SP_ACC, = 746812
gpu_avg_SFU_ACC, = 151968
gpu_avg_FPU_ACC, = 49118
gpu_avg_MEM_RD, = 1088.71
gpu_avg_MEM_WR, = 0
gpu_avg_MEM_PRE, = 288.532
gpu_avg_L2_RH, = 1366.73
gpu_avg_L2_RM, = 272.178
gpu_avg_L2_WH, = 0
gpu_avg_L2_WM, = 135.685
gpu_avg_NOC_A, = 4154.8
gpu_avg_PIPE_A, = 0.451991
gpu_avg_IDLE_CORE_N, = 0.137126
gpu_avg_CONST_DYNAMICN = 0

Kernel Maximum Power Data:
kernel_max_power = 146.739
gpu_max_IBP, = 0.0723139
gpu_max_ICP, = 0.634446
gpu_max_DCP, = 3.77682
gpu_max_TCP, = 0
gpu_max_CCP, = 6.28195
gpu_max_SHRDP, = 0
gpu_max_RFP, = 31.0088
gpu_max_SPP, = 17.2107
gpu_max_SFUP, = 18.2304
gpu_max_FPUP, = 0.78753
gpu_max_SCHEDP, = 1.09828
gpu_max_L2CP, = 2.09364
gpu_max_MCP, = 4.09009
gpu_max_NOCP, = 4.44827
gpu_max_DRAMP, = 26.813
gpu_max_PIPEP, = 20.3694
gpu_max_IDLE_COREP, = 0
gpu_max_CONST_DYNAMICP = 9.82366
gpu_max_TOT_INST, = 14292
gpu_max_FP_INT, = 14292
gpu_max_IC_H, = 7144
gpu_max_IC_M, = 0
gpu_max_DC_RH, = 683
gpu_max_DC_RM, = 509
gpu_max_DC_WH, = 0
gpu_max_DC_WM, = 0
gpu_max_TC_H, = 0
gpu_max_TC_M, = 0
gpu_max_CC_H, = 3474
gpu_max_CC_M, = 0
gpu_max_SHRD_ACC, = 0
gpu_max_REG_RD, = 483296
gpu_max_REG_WR, = 335648
gpu_max_NON_REG_OPs, = 313696
gpu_max_SP_ACC, = 4.56192e+06
gpu_max_SFU_ACC, = 269312
gpu_max_FPU_ACC, = 19017
gpu_max_MEM_RD, = 746
gpu_max_MEM_WR, = 0
gpu_max_MEM_PRE, = 19
gpu_max_L2_RH, = 524
gpu_max_L2_RM, = 251
gpu_max_L2_WH, = 0
gpu_max_L2_WM, = 0
gpu_max_NOC_A, = 1639
gpu_max_PIPE_A, = 0.8
gpu_max_IDLE_CORE_N, = 0
gpu_max_CONST_DYNAMICN = 0

Kernel Minimum Power Data:
kernel_min_power = 29.6413
gpu_min_IBP, = 0.000961352
gpu_min_ICP, = 0.00843678
gpu_min_DCP, = 0.166677
gpu_min_TCP, = 0
gpu_min_CCP, = 0
gpu_min_SHRDP, = 0
gpu_min_RFP, = 0.287288
gpu_min_SPP, = 0.0424955
gpu_min_SFUP, = 0.147299
gpu_min_FPUP, = 0.0817471
gpu_min_SCHEDP, = 0.013909
gpu_min_L2CP, = 0.452718
gpu_min_MCP, = 1.27309
gpu_min_NOCP, = 0.52109
gpu_min_DRAMP, = 1.15125
gpu_min_PIPEP, = 0.346279
gpu_min_IDLE_COREP, = 15.3244
gpu_min_CONST_DYNAMICP = 9.82366
gpu_min_TOT_INST, = 190
gpu_min_FP_INT, = 181
gpu_min_IC_H, = 95
gpu_min_IC_M, = 0
gpu_min_DC_RH, = 25
gpu_min_DC_RM, = 20
gpu_min_DC_WH, = 0
gpu_min_DC_WM, = 10
gpu_min_TC_H, = 0
gpu_min_TC_M, = 0
gpu_min_CC_H, = 0
gpu_min_CC_M, = 0
gpu_min_SHRD_ACC, = 0
gpu_min_REG_RD, = 11360
gpu_min_REG_WR, = 5472
gpu_min_NON_REG_OPs, = 1696
gpu_min_SP_ACC, = 11264
gpu_min_SFU_ACC, = 2176
gpu_min_FPU_ACC, = 1974
gpu_min_MEM_RD, = 32
gpu_min_MEM_WR, = 0
gpu_min_MEM_PRE, = 1
gpu_min_L2_RH, = 56
gpu_min_L2_RM, = 10
gpu_min_L2_WH, = 0
gpu_min_L2_WM, = 11
gpu_min_NOC_A, = 192
gpu_min_PIPE_A, = 0.0136
gpu_min_IDLE_CORE_N, = 9.638
gpu_min_CONST_DYNAMICN = 0

Accumulative Power Statistics Over Previous Kernels:
gpu_tot_avg_power = 116.866
gpu_tot_max_power = 155.955
gpu_tot_min_power = 15.3313


kernel_name = _Z11hotspotOpt1PfS_S_fiiifffffff 
kernel_launch_uid = 4 

Kernel Average Power Data:
kernel_avg_power = 117.733
gpu_avg_IBP, = 0.0354536
gpu_avg_ICP, = 0.311139
gpu_avg_DCP, = 3.61304
gpu_avg_TCP, = 0
gpu_avg_CCP, = 0.434774
gpu_avg_SHRDP, = 0
gpu_avg_RFP, = 11.0914
gpu_avg_SPP, = 2.85293
gpu_avg_SFUP, = 10.4165
gpu_avg_FPUP, = 2.05966
gpu_avg_SCHEDP, = 0.526578
gpu_avg_L2CP, = 8.21612
gpu_avg_MCP, = 4.09452
gpu_avg_NOCP, = 11.2893
gpu_avg_DRAMP, = 41.0956
gpu_avg_PIPEP, = 11.6534
gpu_avg_IDLE_COREP, = 0.218993
gpu_avg_CONST_DYNAMICP = 9.82366
gpu_avg_TOT_INST, = 7006.99
gpu_avg_FP_INT, = 6852.43
gpu_avg_IC_H, = 3503.5
gpu_avg_IC_M, = 0
gpu_avg_DC_RH, = 469.857
gpu_avg_DC_RM, = 612.105
gpu_avg_DC_WH, = 0
gpu_avg_DC_WM, = 137.392
gpu_avg_TC_H, = 0
gpu_avg_TC_M, = 0
gpu_avg_CC_H, = 240.436
gpu_avg_CC_M, = 0
gpu_avg_SHRD_ACC, = 0
gpu_avg_REG_RD, = 362715
gpu_avg_REG_WR, = 196989
gpu_avg_NON_REG_OPs, = 77489.1
gpu_avg_SP_ACC, = 756206
gpu_avg_SFU_ACC, = 153879
gpu_avg_FPU_ACC, = 49735.9
gpu_avg_MEM_RD, = 1102.15
gpu_avg_MEM_WR, = 0
gpu_avg_MEM_PRE, = 278.168
gpu_avg_L2_RH, = 1346.27
gpu_avg_L2_RM, = 275.539
gpu_avg_L2_WH, = 0
gpu_avg_L2_WM, = 137.39
gpu_avg_NOC_A, = 4159.64
gpu_avg_PIPE_A, = 0.457681
gpu_avg_IDLE_CORE_N, = 0.137732
gpu_avg_CONST_DYNAMICN = 0

Kernel Maximum Power Data:
kernel_max_power = 140.374
gpu_max_IBP, = 0.0512451
gpu_max_ICP, = 0.448748
gpu_max_DCP, = 5.31366
gpu_max_TCP, = 0
gpu_max_CCP, = 1.69616
gpu_max_SHRDP, = 0
gpu_max_RFP, = 20.6564
gpu_max_SPP, = 8.57637
gpu_max_SFUP, = 16.5321
gpu_max_FPUP, = 1.86072
gpu_max_SCHEDP, = 0.778291
gpu_max_L2CP, = 5.4442
gpu_max_MCP, = 4.38298
gpu_max_NOCP, = 8.64142
gpu_max_DRAMP, = 39.0475
gpu_max_PIPEP, = 17.1205
gpu_max_IDLE_COREP, = 0
gpu_max_CONST_DYNAMICP = 9.82366
gpu_max_TOT_INST, = 10128
gpu_max_FP_INT, = 10128
gpu_max_IC_H, = 5053
gpu_max_IC_M, = 0
gpu_max_DC_RH, = 939
gpu_max_DC_RM, = 747
gpu_max_DC_WH, = 0
gpu_max_DC_WM, = 0
gpu_max_TC_H, = 0
gpu_max_TC_M, = 0
gpu_max_CC_H, = 938
gpu_max_CC_M, = 0
gpu_max_SHRD_ACC, = 0
gpu_max_REG_RD, = 461984
gpu_max_REG_WR, = 284032
gpu_max_NON_REG_OPs, = 182944
gpu_max_SP_ACC, = 2.27328e+06
gpu_max_SFU_ACC, = 244224
gpu_max_FPU_ACC, = 44932
gpu_max_MEM_RD, = 1087
gpu_max_MEM_WR, = 0
gpu_max_MEM_PRE, = 24
gpu_max_L2_RH, = 1376
gpu_max_L2_RM, = 284
gpu_max_L2_WH, = 0
gpu_max_L2_WM, = 0
gpu_max_NOC_A, = 3184
gpu_max_PIPE_A, = 0.6724
gpu_max_IDLE_CORE_N, = 0
gpu_max_CONST_DYNAMICN = 0

Kernel Minimum Power Data:
kernel_min_power = 32.3251
gpu_min_IBP, = 0.00215545
gpu_min_ICP, = 0.019005
gpu_min_DCP, = 0.345383
gpu_min_TCP, = 0
gpu_min_CCP, = 0
gpu_min_SHRDP, = 0
gpu_min_RFP, = 0.626037
gpu_min_SPP, = 0.123623
gpu_min_SFUP, = 0.346586
gpu_min_FPUP, = 0.190163
gpu_min_SCHEDP, = 0.0310456
gpu_min_L2CP, = 0.958458
gpu_min_MCP, = 1.44482
gpu_min_NOCP, = 1.23216
gpu_min_DRAMP, = 3.64432
gpu_min_PIPEP, = 0.785921
gpu_min_IDLE_COREP, = 12.7518
gpu_min_CONST_DYNAMICP = 9.82366
gpu_min_TOT_INST, = 426
gpu_min_FP_INT, = 404
gpu_min_IC_H, = 214
gpu_min_IC_M, = 0
gpu_min_DC_RH, = 47
gpu_min_DC_RM, = 46
gpu_min_DC_WH, = 0
gpu_min_DC_WM, = 23
gpu_min_TC_H, = 0
gpu_min_TC_M, = 0
gpu_min_CC_H, = 0
gpu_min_CC_M, = 0
gpu_min_SHRD_ACC, = 0
gpu_min_REG_RD, = 26016
gpu_min_REG_WR, = 12800
gpu_min_NON_REG_OPs, = 3424
gpu_min_SP_ACC, = 32768
gpu_min_SFU_ACC, = 5120
gpu_min_FPU_ACC, = 4592
gpu_min_MEM_RD, = 100
gpu_min_MEM_WR, = 0
gpu_min_MEM_PRE, = 11
gpu_min_L2_RH, = 120
gpu_min_L2_RM, = 24
gpu_min_L2_WH, = 0
gpu_min_L2_WM, = 23
gpu_min_NOC_A, = 454
gpu_min_PIPE_A, = 0.0308667
gpu_min_IDLE_CORE_N, = 8.02
gpu_min_CONST_DYNAMICN = 0

Accumulative Power Statistics Over Previous Kernels:
gpu_tot_avg_power = 117.081
gpu_tot_max_power = 155.955
gpu_tot_min_power = 15.3313


