kernel_name = _Z6KernelP4NodePiPbS2_S2_S1_i 
kernel_launch_uid = 1 

Kernel Average Power Data:
kernel_avg_power = 49.8313
gpu_avg_IBP, = 0.0228873
gpu_avg_ICP, = 0.625402
gpu_avg_DCP, = 0.703409
gpu_avg_TCP, = 0
gpu_avg_CCP, = 2.56716
gpu_avg_SHRDP, = 0
gpu_avg_RFP, = 7.15012
gpu_avg_SPP, = 5.54566
gpu_avg_SFUP, = 0.00595694
gpu_avg_FPUP, = 0
gpu_avg_SCHEDP, = 0.28449
gpu_avg_L2CP, = 0.924557
gpu_avg_MCP, = 1.64251
gpu_avg_NOCP, = 0.792492
gpu_avg_DRAMP, = 0.0948354
gpu_avg_PIPEP, = 10.2243
gpu_avg_IDLE_COREP, = 9.42393
gpu_avg_CONST_DYNAMICP = 9.82366
gpu_avg_TOT_INST, = 4523.4
gpu_avg_FP_INT, = 3702.1
gpu_avg_IC_H, = 2117.7
gpu_avg_IC_M, = 144
gpu_avg_DC_RH, = 156.4
gpu_avg_DC_RM, = 52.3
gpu_avg_DC_WH, = 0.1
gpu_avg_DC_WM, = 1.4
gpu_avg_TC_H, = 0
gpu_avg_TC_M, = 0
gpu_avg_CC_H, = 1385.6
gpu_avg_CC_M, = 48
gpu_avg_SHRD_ACC, = 0
gpu_avg_REG_RD, = 72739.2
gpu_avg_REG_WR, = 65977.6
gpu_avg_NON_REG_OPs, = 78928
gpu_avg_SP_ACC, = 1.46995e+06
gpu_avg_SFU_ACC, = 88
gpu_avg_FPU_ACC, = 0
gpu_avg_MEM_RD, = 2.6
gpu_avg_MEM_WR, = 0
gpu_avg_MEM_PRE, = 0.3
gpu_avg_L2_RH, = 228
gpu_avg_L2_RM, = 0.7
gpu_avg_L2_WH, = 1.5
gpu_avg_L2_WM, = 0
gpu_avg_NOC_A, = 292
gpu_avg_PIPE_A, = 0.401554
gpu_avg_IDLE_CORE_N, = 5.927
gpu_avg_CONST_DYNAMICN = 0

Kernel Maximum Power Data:
kernel_max_power = 82.6926
gpu_max_IBP, = 0.06267
gpu_max_ICP, = 0.550167
gpu_max_DCP, = 1.97228
gpu_max_TCP, = 0
gpu_max_CCP, = 7.43382
gpu_max_SHRDP, = 0
gpu_max_RFP, = 20.1728
gpu_max_SPP, = 15.6982
gpu_max_SFUP, = 0.00595694
gpu_max_FPUP, = 0
gpu_max_SCHEDP, = 0.79051
gpu_max_L2CP, = 2.13646
gpu_max_MCP, = 2.50037
gpu_max_NOCP, = 1.83196
gpu_max_DRAMP, = 0.286332
gpu_max_PIPEP, = 19.4273
gpu_max_IDLE_COREP, = 0
gpu_max_CONST_DYNAMICP = 9.82366
gpu_max_TOT_INST, = 12386
gpu_max_FP_INT, = 10287
gpu_max_IC_H, = 6195
gpu_max_IC_M, = 0
gpu_max_DC_RH, = 441
gpu_max_DC_RM, = 147
gpu_max_DC_WH, = 0
gpu_max_DC_WM, = 0
gpu_max_TC_H, = 0
gpu_max_TC_M, = 0
gpu_max_CC_H, = 4111
gpu_max_CC_M, = 0
gpu_max_SHRD_ACC, = 0
gpu_max_REG_RD, = 206528
gpu_max_REG_WR, = 180256
gpu_max_NON_REG_OPs, = 223168
gpu_max_SP_ACC, = 4.16102e+06
gpu_max_SFU_ACC, = 88
gpu_max_FPU_ACC, = 0
gpu_max_MEM_RD, = 8
gpu_max_MEM_WR, = 0
gpu_max_MEM_PRE, = 0
gpu_max_L2_RH, = 544
gpu_max_L2_RM, = 1
gpu_max_L2_WH, = 0
gpu_max_L2_WM, = 0
gpu_max_NOC_A, = 675
gpu_max_PIPE_A, = 0.763
gpu_max_IDLE_CORE_N, = 0
gpu_max_CONST_DYNAMICN = 0

Kernel Minimum Power Data:
kernel_min_power = 15.3313
gpu_min_IBP, = 0.00758962
gpu_min_ICP, = 1.48175
gpu_min_DCP, = 0
gpu_min_TCP, = 0
gpu_min_CCP, = 0.616134
gpu_min_SHRDP, = 0
gpu_min_RFP, = 1.21109
gpu_min_SPP, = 0
gpu_min_SFUP, = 0
gpu_min_FPUP, = 0
gpu_min_SCHEDP, = 0.115268
gpu_min_L2CP, = 0.243763
gpu_min_MCP, = 1.31945
gpu_min_NOCP, = 0.244261
gpu_min_DRAMP, = 0.220674
gpu_min_PIPEP, = 0
gpu_min_IDLE_COREP, = 0.0476996
gpu_min_CONST_DYNAMICP = 9.82366
gpu_min_TOT_INST, = 1500
gpu_min_FP_INT, = 1500
gpu_min_IC_H, = 270
gpu_min_IC_M, = 480
gpu_min_DC_RH, = 0
gpu_min_DC_RM, = 0
gpu_min_DC_WH, = 0
gpu_min_DC_WM, = 0
gpu_min_TC_H, = 0
gpu_min_TC_M, = 0
gpu_min_CC_H, = 0
gpu_min_CC_M, = 480
gpu_min_SHRD_ACC, = 0
gpu_min_REG_RD, = 0
gpu_min_REG_WR, = 0
gpu_min_NON_REG_OPs, = 16320
gpu_min_SP_ACC, = 0
gpu_min_SFU_ACC, = 0
gpu_min_FPU_ACC, = 0
gpu_min_MEM_RD, = 6
gpu_min_MEM_WR, = 0
gpu_min_MEM_PRE, = 1
gpu_min_L2_RH, = 62
gpu_min_L2_RM, = 2
gpu_min_L2_WH, = 0
gpu_min_L2_WM, = 0
gpu_min_NOC_A, = 90
gpu_min_PIPE_A, = 0
gpu_min_IDLE_CORE_N, = 0.0299997
gpu_min_CONST_DYNAMICN = 0

Accumulative Power Statistics Over Previous Kernels:
gpu_tot_avg_power = 49.8313
gpu_tot_max_power = 82.6926
gpu_tot_min_power = 15.3313


kernel_name = _Z7Kernel2PbS_S_S_i 
kernel_launch_uid = 2 

Kernel Average Power Data:
kernel_avg_power = 61.6448
gpu_avg_IBP, = 0.0394721
gpu_avg_ICP, = 0.930652
gpu_avg_DCP, = 1.38944
gpu_avg_TCP, = 0
gpu_avg_CCP, = 3.70335
gpu_avg_SHRDP, = 0
gpu_avg_RFP, = 12.304
gpu_avg_SPP, = 11.0929
gpu_avg_SFUP, = 0.00119139
gpu_avg_FPUP, = 0
gpu_avg_SCHEDP, = 0.505029
gpu_avg_L2CP, = 1.79738
gpu_avg_MCP, = 1.89671
gpu_avg_NOCP, = 1.50356
gpu_avg_DRAMP, = 0.0572664
gpu_avg_PIPEP, = 13.2231
gpu_avg_IDLE_COREP, = 3.37716
gpu_avg_CONST_DYNAMICP = 9.82366
gpu_avg_TOT_INST, = 7801.2
gpu_avg_FP_INT, = 6572
gpu_avg_IC_H, = 3913.4
gpu_avg_IC_M, = 192
gpu_avg_DC_RH, = 307.8
gpu_avg_DC_RM, = 102.4
gpu_avg_DC_WH, = 1.6
gpu_avg_DC_WM, = 5.2
gpu_avg_TC_H, = 0
gpu_avg_TC_M, = 0
gpu_avg_CC_H, = 2048
gpu_avg_CC_M, = 0
gpu_avg_SHRD_ACC, = 0
gpu_avg_REG_RD, = 145062
gpu_avg_REG_WR, = 130125
gpu_avg_NON_REG_OPs, = 131219
gpu_avg_SP_ACC, = 2.94031e+06
gpu_avg_SFU_ACC, = 17.6
gpu_avg_FPU_ACC, = 0
gpu_avg_MEM_RD, = 1.6
gpu_avg_MEM_WR, = 0
gpu_avg_MEM_PRE, = 0
gpu_avg_L2_RH, = 432
gpu_avg_L2_RM, = 0.4
gpu_avg_L2_WH, = 5.2
gpu_avg_L2_WM, = 0
gpu_avg_NOC_A, = 554
gpu_avg_PIPE_A, = 0.519333
gpu_avg_IDLE_CORE_N, = 2.124
gpu_avg_CONST_DYNAMICN = 0

Kernel Maximum Power Data:
kernel_max_power = 91.5632
gpu_max_IBP, = 0.0689998
gpu_max_ICP, = 0.63711
gpu_max_DCP, = 2.48726
gpu_max_TCP, = 0
gpu_max_CCP, = 6.75391
gpu_max_SHRDP, = 0
gpu_max_RFP, = 22.2803
gpu_max_SPP, = 20.083
gpu_max_SFUP, = 0
gpu_max_FPUP, = 0
gpu_max_SCHEDP, = 0.882263
gpu_max_L2CP, = 3.14609
gpu_max_MCP, = 2.47736
gpu_max_NOCP, = 2.55389
gpu_max_DRAMP, = 0
gpu_max_PIPEP, = 20.3694
gpu_max_IDLE_COREP, = 0
gpu_max_CONST_DYNAMICP = 9.82366
gpu_max_TOT_INST, = 13637
gpu_max_FP_INT, = 11481
gpu_max_IC_H, = 7174
gpu_max_IC_M, = 0
gpu_max_DC_RH, = 550
gpu_max_DC_RM, = 185
gpu_max_DC_WH, = 3
gpu_max_DC_WM, = 9
gpu_max_TC_H, = 0
gpu_max_TC_M, = 0
gpu_max_CC_H, = 3735
gpu_max_CC_M, = 0
gpu_max_SHRD_ACC, = 0
gpu_max_REG_RD, = 261568
gpu_max_REG_WR, = 234560
gpu_max_NON_REG_OPs, = 237888
gpu_max_SP_ACC, = 5.32326e+06
gpu_max_SFU_ACC, = 0
gpu_max_FPU_ACC, = 0
gpu_max_MEM_RD, = 0
gpu_max_MEM_WR, = 0
gpu_max_MEM_PRE, = 0
gpu_max_L2_RH, = 732
gpu_max_L2_RM, = 0
gpu_max_L2_WH, = 14
gpu_max_L2_WM, = 0
gpu_max_NOC_A, = 941
gpu_max_PIPE_A, = 0.8
gpu_max_IDLE_CORE_N, = 0
gpu_max_CONST_DYNAMICN = 0

Kernel Minimum Power Data:
kernel_min_power = 44.4098
gpu_min_IBP, = 0.0146429
gpu_min_ICP, = 1.58628
gpu_min_DCP, = 0.0158334
gpu_min_TCP, = 0
gpu_min_CCP, = 5.20783
gpu_min_SHRDP, = 0
gpu_min_RFP, = 6.86401
gpu_min_SPP, = 0.00386323
gpu_min_SFUP, = 0.00595694
gpu_min_FPUP, = 0
gpu_min_SCHEDP, = 0.222237
gpu_min_L2CP, = 0.0860509
gpu_min_MCP, = 1.88844
gpu_min_NOCP, = 0.0515662
gpu_min_DRAMP, = 0
gpu_min_PIPEP, = 8.43801
gpu_min_IDLE_COREP, = 10.2014
gpu_min_CONST_DYNAMICP = 9.82366
gpu_min_TOT_INST, = 2894
gpu_min_FP_INT, = 2892
gpu_min_IC_H, = 1447
gpu_min_IC_M, = 480
gpu_min_DC_RH, = 3
gpu_min_DC_RM, = 0
gpu_min_DC_WH, = 0
gpu_min_DC_WM, = 2
gpu_min_TC_H, = 0
gpu_min_TC_M, = 0
gpu_min_CC_H, = 2880
gpu_min_CC_M, = 0
gpu_min_SHRD_ACC, = 0
gpu_min_REG_RD, = 576
gpu_min_REG_WR, = 288
gpu_min_NON_REG_OPs, = 92384
gpu_min_SP_ACC, = 1024
gpu_min_SFU_ACC, = 88
gpu_min_FPU_ACC, = 0
gpu_min_MEM_RD, = 0
gpu_min_MEM_WR, = 0
gpu_min_MEM_PRE, = 0
gpu_min_L2_RH, = 12
gpu_min_L2_RM, = 1
gpu_min_L2_WH, = 2
gpu_min_L2_WM, = 0
gpu_min_NOC_A, = 19
gpu_min_PIPE_A, = 0.3314
gpu_min_IDLE_CORE_N, = 6.416
gpu_min_CONST_DYNAMICN = 0

Accumulative Power Statistics Over Previous Kernels:
gpu_tot_avg_power = 53.7692
gpu_tot_max_power = 91.5632
gpu_tot_min_power = 15.3313


kernel_name = _Z6KernelP4NodePiPbS2_S2_S1_i 
kernel_launch_uid = 3 

Kernel Average Power Data:
kernel_avg_power = 46.0782
gpu_avg_IBP, = 0.0195433
gpu_avg_ICP, = 0.172985
gpu_avg_DCP, = 0.667369
gpu_avg_TCP, = 0
gpu_avg_CCP, = 2.16029
gpu_avg_SHRDP, = 0
gpu_avg_RFP, = 6.10594
gpu_avg_SPP, = 4.66018
gpu_avg_SFUP, = 0.0357417
gpu_avg_FPUP, = 0
gpu_avg_SCHEDP, = 0.256408
gpu_avg_L2CP, = 0.943712
gpu_avg_MCP, = 1.58697
gpu_avg_NOCP, = 0.726903
gpu_avg_DRAMP, = 0.178957
gpu_avg_PIPEP, = 8.61469
gpu_avg_IDLE_COREP, = 10.1249
gpu_avg_CONST_DYNAMICP = 9.82366
gpu_avg_TOT_INST, = 3862.5
gpu_avg_FP_INT, = 3336.67
gpu_avg_IC_H, = 1930.75
gpu_avg_IC_M, = 0.5
gpu_avg_DC_RH, = 143.833
gpu_avg_DC_RM, = 49.5
gpu_avg_DC_WH, = 0.666667
gpu_avg_DC_WM, = 8
gpu_avg_TC_H, = 0
gpu_avg_TC_M, = 0
gpu_avg_CC_H, = 1194.67
gpu_avg_CC_M, = 0
gpu_avg_SHRD_ACC, = 0
gpu_avg_REG_RD, = 63973.3
gpu_avg_REG_WR, = 55685.3
gpu_avg_NON_REG_OPs, = 67221.3
gpu_avg_SP_ACC, = 1.23524e+06
gpu_avg_SFU_ACC, = 528
gpu_avg_FPU_ACC, = 0
gpu_avg_MEM_RD, = 5
gpu_avg_MEM_WR, = 0
gpu_avg_MEM_PRE, = 0
gpu_avg_L2_RH, = 195
gpu_avg_L2_RM, = 1.25
gpu_avg_L2_WH, = 9.16667
gpu_avg_L2_WM, = 0
gpu_avg_NOC_A, = 267.833
gpu_avg_PIPE_A, = 0.338339
gpu_avg_IDLE_CORE_N, = 6.36783
gpu_avg_CONST_DYNAMICN = 0

Kernel Maximum Power Data:
kernel_max_power = 76.6615
gpu_max_IBP, = 0.0602616
gpu_max_ICP, = 0.535549
gpu_max_DCP, = 1.70835
gpu_max_TCP, = 0
gpu_max_CCP, = 6.96547
gpu_max_SHRDP, = 0
gpu_max_RFP, = 18.3669
gpu_max_SPP, = 13.4846
gpu_max_SFUP, = 0.0238278
gpu_max_FPUP, = 0
gpu_max_SCHEDP, = 0.785207
gpu_max_L2CP, = 2.33247
gpu_max_MCP, = 2.39683
gpu_max_NOCP, = 1.97037
gpu_max_DRAMP, = 0.286332
gpu_max_PIPEP, = 17.9217
gpu_max_IDLE_COREP, = 0
gpu_max_CONST_DYNAMICP = 9.82366
gpu_max_TOT_INST, = 11910
gpu_max_FP_INT, = 10218
gpu_max_IC_H, = 5962
gpu_max_IC_M, = 2
gpu_max_DC_RH, = 382
gpu_max_DC_RM, = 127
gpu_max_DC_WH, = 3
gpu_max_DC_WM, = 0
gpu_max_TC_H, = 0
gpu_max_TC_M, = 0
gpu_max_CC_H, = 3852
gpu_max_CC_M, = 0
gpu_max_SHRD_ACC, = 0
gpu_max_REG_RD, = 169184
gpu_max_REG_WR, = 157440
gpu_max_NON_REG_OPs, = 206528
gpu_max_SP_ACC, = 3.57427e+06
gpu_max_SFU_ACC, = 352
gpu_max_FPU_ACC, = 0
gpu_max_MEM_RD, = 8
gpu_max_MEM_WR, = 0
gpu_max_MEM_PRE, = 0
gpu_max_L2_RH, = 584
gpu_max_L2_RM, = 2
gpu_max_L2_WH, = 2
gpu_max_L2_WM, = 0
gpu_max_NOC_A, = 726
gpu_max_PIPE_A, = 0.703866
gpu_max_IDLE_CORE_N, = 0
gpu_max_CONST_DYNAMICN = 0

Kernel Minimum Power Data:
kernel_min_power = 28.8776
gpu_min_IBP, = 0.000930993
gpu_min_ICP, = 0.00808155
gpu_min_DCP, = 0.167107
gpu_min_TCP, = 0
gpu_min_CCP, = 0
gpu_min_SHRDP, = 0
gpu_min_RFP, = 0.302874
gpu_min_SPP, = 0.0695381
gpu_min_SFUP, = 0.0416986
gpu_min_FPUP, = 0
gpu_min_SCHEDP, = 0.0120647
gpu_min_L2CP, = 0.576332
gpu_min_MCP, = 1.21162
gpu_min_NOCP, = 0.255117
gpu_min_DRAMP, = 0
gpu_min_PIPEP, = 3.68856
gpu_min_IDLE_COREP, = 12.72
gpu_min_CONST_DYNAMICP = 9.82366
gpu_min_TOT_INST, = 184
gpu_min_FP_INT, = 157
gpu_min_IC_H, = 91
gpu_min_IC_M, = 0
gpu_min_DC_RH, = 28
gpu_min_DC_RM, = 14
gpu_min_DC_WH, = 0
gpu_min_DC_WM, = 12
gpu_min_TC_H, = 0
gpu_min_TC_M, = 0
gpu_min_CC_H, = 0
gpu_min_CC_M, = 0
gpu_min_SHRD_ACC, = 0
gpu_min_REG_RD, = 6304
gpu_min_REG_WR, = 3552
gpu_min_NON_REG_OPs, = 2816
gpu_min_SP_ACC, = 18432
gpu_min_SFU_ACC, = 616
gpu_min_FPU_ACC, = 0
gpu_min_MEM_RD, = 0
gpu_min_MEM_WR, = 0
gpu_min_MEM_PRE, = 0
gpu_min_L2_RH, = 48
gpu_min_L2_RM, = 0
gpu_min_L2_WH, = 20
gpu_min_L2_WM, = 0
gpu_min_NOC_A, = 94
gpu_min_PIPE_A, = 0.144867
gpu_min_IDLE_CORE_N, = 8
gpu_min_CONST_DYNAMICN = 0

Accumulative Power Statistics Over Previous Kernels:
gpu_tot_avg_power = 50.351
gpu_tot_max_power = 91.5632
gpu_tot_min_power = 15.3313


kernel_name = _Z7Kernel2PbS_S_S_i 
kernel_launch_uid = 4 

Kernel Average Power Data:
kernel_avg_power = 73.4346
gpu_avg_IBP, = 0.0498056
gpu_avg_ICP, = 0.459827
gpu_avg_DCP, = 1.80692
gpu_avg_TCP, = 0
gpu_avg_CCP, = 4.62918
gpu_avg_SHRDP, = 0
gpu_avg_RFP, = 15.4808
gpu_avg_SPP, = 13.9577
gpu_avg_SFUP, = 0
gpu_avg_FPUP, = 0
gpu_avg_SCHEDP, = 0.638356
gpu_avg_L2CP, = 2.86873
gpu_avg_MCP, = 2.10555
gpu_avg_NOCP, = 1.98055
gpu_avg_DRAMP, = 0
gpu_avg_PIPEP, = 16.293
gpu_avg_IDLE_COREP, = 3.34059
gpu_avg_CONST_DYNAMICP = 9.82366
gpu_avg_TOT_INST, = 9843.5
gpu_avg_FP_INT, = 8307
gpu_avg_IC_H, = 5177.75
gpu_avg_IC_M, = 0
gpu_avg_DC_RH, = 384
gpu_avg_DC_RM, = 128
gpu_avg_DC_WH, = 11.25
gpu_avg_DC_WM, = 34.75
gpu_avg_TC_H, = 0
gpu_avg_TC_M, = 0
gpu_avg_CC_H, = 2560
gpu_avg_CC_M, = 0
gpu_avg_SHRD_ACC, = 0
gpu_avg_REG_RD, = 185760
gpu_avg_REG_WR, = 164424
gpu_avg_NON_REG_OPs, = 164576
gpu_avg_SP_ACC, = 3.69966e+06
gpu_avg_SFU_ACC, = 0
gpu_avg_FPU_ACC, = 0
gpu_avg_MEM_RD, = 0
gpu_avg_MEM_WR, = 0
gpu_avg_MEM_PRE, = 0
gpu_avg_L2_RH, = 512
gpu_avg_L2_RM, = 0
gpu_avg_L2_WH, = 44.25
gpu_avg_L2_WM, = 0
gpu_avg_NOC_A, = 729.75
gpu_avg_PIPE_A, = 0.6399
gpu_avg_IDLE_CORE_N, = 2.101
gpu_avg_CONST_DYNAMICN = 0

Kernel Maximum Power Data:
kernel_max_power = 88.3895
gpu_max_IBP, = 0.0674515
gpu_max_ICP, = 0.62521
gpu_max_DCP, = 2.27124
gpu_max_TCP, = 0
gpu_max_CCP, = 6.26386
gpu_max_SHRDP, = 0
gpu_max_RFP, = 20.846
gpu_max_SPP, = 18.652
gpu_max_SFUP, = 0
gpu_max_FPUP, = 0
gpu_max_SCHEDP, = 0.858595
gpu_max_L2CP, = 3.58327
gpu_max_MCP, = 2.40431
gpu_max_NOCP, = 2.62445
gpu_max_DRAMP, = 0
gpu_max_PIPEP, = 20.3694
gpu_max_IDLE_COREP, = 0
gpu_max_CONST_DYNAMICP = 9.82366
gpu_max_TOT_INST, = 13331
gpu_max_FP_INT, = 11173
gpu_max_IC_H, = 7040
gpu_max_IC_M, = 0
gpu_max_DC_RH, = 481
gpu_max_DC_RM, = 165
gpu_max_DC_WH, = 13
gpu_max_DC_WM, = 42
gpu_max_TC_H, = 0
gpu_max_TC_M, = 0
gpu_max_CC_H, = 3464
gpu_max_CC_M, = 0
gpu_max_SHRD_ACC, = 0
gpu_max_REG_RD, = 245920
gpu_max_REG_WR, = 220128
gpu_max_NON_REG_OPs, = 222336
gpu_max_SP_ACC, = 4.94397e+06
gpu_max_SFU_ACC, = 0
gpu_max_FPU_ACC, = 0
gpu_max_MEM_RD, = 0
gpu_max_MEM_WR, = 0
gpu_max_MEM_PRE, = 0
gpu_max_L2_RH, = 710
gpu_max_L2_RM, = 0
gpu_max_L2_WH, = 41
gpu_max_L2_WM, = 0
gpu_max_NOC_A, = 967
gpu_max_PIPE_A, = 0.8
gpu_max_IDLE_CORE_N, = 0
gpu_max_CONST_DYNAMICN = 0

Kernel Minimum Power Data:
kernel_min_power = 42.3391
gpu_min_IBP, = 0.0153361
gpu_min_ICP, = 0.153905
gpu_min_DCP, = 0.918801
gpu_min_TCP, = 0
gpu_min_CCP, = 0.66002
gpu_min_SHRDP, = 0
gpu_min_RFP, = 4.2808
gpu_min_SPP, = 4.54183
gpu_min_SFUP, = 0
gpu_min_FPUP, = 0
gpu_min_SCHEDP, = 0.155151
gpu_min_L2CP, = 3.00212
gpu_min_MCP, = 1.44391
gpu_min_NOCP, = 1.68269
gpu_min_DRAMP, = 0
gpu_min_PIPEP, = 8.00347
gpu_min_IDLE_COREP, = 7.65744
gpu_min_CONST_DYNAMICP = 9.82366
gpu_min_TOT_INST, = 3031
gpu_min_FP_INT, = 2019
gpu_min_IC_H, = 1733
gpu_min_IC_M, = 0
gpu_min_DC_RH, = 180
gpu_min_DC_RM, = 52
gpu_min_DC_WH, = 18
gpu_min_DC_WM, = 52
gpu_min_TC_H, = 0
gpu_min_TC_M, = 0
gpu_min_CC_H, = 365
gpu_min_CC_M, = 0
gpu_min_SHRD_ACC, = 0
gpu_min_REG_RD, = 65344
gpu_min_REG_WR, = 63680
gpu_min_NON_REG_OPs, = 41536
gpu_min_SP_ACC, = 1.20387e+06
gpu_min_SFU_ACC, = 0
gpu_min_FPU_ACC, = 0
gpu_min_MEM_RD, = 0
gpu_min_MEM_WR, = 0
gpu_min_MEM_PRE, = 0
gpu_min_L2_RH, = 404
gpu_min_L2_RM, = 0
gpu_min_L2_WH, = 73
gpu_min_L2_WM, = 0
gpu_min_NOC_A, = 620
gpu_min_PIPE_A, = 0.314333
gpu_min_IDLE_CORE_N, = 4.816
gpu_min_CONST_DYNAMICN = 0

Accumulative Power Statistics Over Previous Kernels:
gpu_tot_avg_power = 53.3295
gpu_tot_max_power = 91.5632
gpu_tot_min_power = 15.3313


kernel_name = _Z6KernelP4NodePiPbS2_S2_S1_i 
kernel_launch_uid = 5 

Kernel Average Power Data:
kernel_avg_power = 34.1431
gpu_avg_IBP, = 0.0148475
gpu_avg_ICP, = 0.131776
gpu_avg_DCP, = 0.769857
gpu_avg_TCP, = 0
gpu_avg_CCP, = 1.44019
gpu_avg_SHRDP, = 0
gpu_avg_RFP, = 4.68144
gpu_avg_SPP, = 3.25593
gpu_avg_SFUP, = 0.141808
gpu_avg_FPUP, = 0
gpu_avg_SCHEDP, = 0.194966
gpu_avg_L2CP, = 1.49014
gpu_avg_MCP, = 1.55121
gpu_avg_NOCP, = 0.945833
gpu_avg_DRAMP, = 0.685936
gpu_avg_PIPEP, = 4.59829
gpu_avg_IDLE_COREP, = 4.4172
gpu_avg_CONST_DYNAMICP = 9.82366
gpu_avg_TOT_INST, = 2934.44
gpu_avg_FP_INT, = 2537.11
gpu_avg_IC_H, = 1466.72
gpu_avg_IC_M, = 0.5
gpu_avg_DC_RH, = 150.944
gpu_avg_DC_RM, = 55.1111
gpu_avg_DC_WH, = 2.5
gpu_avg_DC_WM, = 32.8333
gpu_avg_TC_H, = 0
gpu_avg_TC_M, = 0
gpu_avg_CC_H, = 796.444
gpu_avg_CC_M, = 0
gpu_avg_SHRD_ACC, = 0
gpu_avg_REG_RD, = 55642.7
gpu_avg_REG_WR, = 44536.9
gpu_avg_NON_REG_OPs, = 50426.7
gpu_avg_SP_ACC, = 863028
gpu_avg_SFU_ACC, = 2094.89
gpu_avg_FPU_ACC, = 0
gpu_avg_MEM_RD, = 18.8889
gpu_avg_MEM_WR, = 0
gpu_avg_MEM_PRE, = 1.66667
gpu_avg_L2_RH, = 202.889
gpu_avg_L2_RM, = 4.72222
gpu_avg_L2_WH, = 35.7222
gpu_avg_L2_WM, = 0
gpu_avg_NOC_A, = 348.5
gpu_avg_PIPE_A, = 0.180596
gpu_avg_IDLE_CORE_N, = 2.77811
gpu_avg_CONST_DYNAMICN = 0

Kernel Maximum Power Data:
kernel_max_power = 71.1904
gpu_max_IBP, = 0.0503141
gpu_max_ICP, = 0.44262
gpu_max_DCP, = 1.541
gpu_max_TCP, = 0
gpu_max_CCP, = 6.26567
gpu_max_SHRDP, = 0
gpu_max_RFP, = 16.3133
gpu_max_SPP, = 12.1617
gpu_max_SFUP, = 0.0360124
gpu_max_FPUP, = 0
gpu_max_SCHEDP, = 0.688766
gpu_max_L2CP, = 1.35264
gpu_max_MCP, = 2.26301
gpu_max_NOCP, = 1.19417
gpu_max_DRAMP, = 0
gpu_max_PIPEP, = 15.5215
gpu_max_IDLE_COREP, = 3.53616
gpu_max_CONST_DYNAMICP = 9.82366
gpu_max_TOT_INST, = 9944
gpu_max_FP_INT, = 8963
gpu_max_IC_H, = 4984
gpu_max_IC_M, = 0
gpu_max_DC_RH, = 337
gpu_max_DC_RM, = 125
gpu_max_DC_WH, = 5
gpu_max_DC_WM, = 0
gpu_max_TC_H, = 0
gpu_max_TC_M, = 0
gpu_max_CC_H, = 3465
gpu_max_CC_M, = 0
gpu_max_SHRD_ACC, = 0
gpu_max_REG_RD, = 163712
gpu_max_REG_WR, = 137504
gpu_max_NON_REG_OPs, = 181856
gpu_max_SP_ACC, = 3.22362e+06
gpu_max_SFU_ACC, = 532
gpu_max_FPU_ACC, = 0
gpu_max_MEM_RD, = 0
gpu_max_MEM_WR, = 0
gpu_max_MEM_PRE, = 0
gpu_max_L2_RH, = 300
gpu_max_L2_RM, = 0
gpu_max_L2_WH, = 9
gpu_max_L2_WM, = 0
gpu_max_NOC_A, = 440
gpu_max_PIPE_A, = 0.6096
gpu_max_IDLE_CORE_N, = 2.224
gpu_max_CONST_DYNAMICN = 0

Kernel Minimum Power Data:
kernel_min_power = 17.9204
gpu_min_IBP, = 0.00306621
gpu_min_ICP, = 0.0268201
gpu_min_DCP, = 0.551986
gpu_min_TCP, = 0
gpu_min_CCP, = 0
gpu_min_SHRDP, = 0
gpu_min_RFP, = 1.00911
gpu_min_SPP, = 0.239762
gpu_min_SFUP, = 0.172751
gpu_min_FPUP, = 0
gpu_min_SCHEDP, = 0.0394986
gpu_min_L2CP, = 1.53565
gpu_min_MCP, = 1.32864
gpu_min_NOCP, = 0.789778
gpu_min_DRAMP, = 0.578589
gpu_min_PIPEP, = 1.01338
gpu_min_IDLE_COREP, = 0.807721
gpu_min_CONST_DYNAMICP = 9.82366
gpu_min_TOT_INST, = 606
gpu_min_FP_INT, = 514
gpu_min_IC_H, = 302
gpu_min_IC_M, = 0
gpu_min_DC_RH, = 94
gpu_min_DC_RM, = 36
gpu_min_DC_WH, = 0
gpu_min_DC_WM, = 48
gpu_min_TC_H, = 0
gpu_min_TC_M, = 0
gpu_min_CC_H, = 0
gpu_min_CC_M, = 0
gpu_min_SHRD_ACC, = 0
gpu_min_REG_RD, = 21248
gpu_min_REG_WR, = 12160
gpu_min_NON_REG_OPs, = 9312
gpu_min_SP_ACC, = 63552
gpu_min_SFU_ACC, = 2552
gpu_min_FPU_ACC, = 0
gpu_min_MEM_RD, = 16
gpu_min_MEM_WR, = 0
gpu_min_MEM_PRE, = 1
gpu_min_L2_RH, = 144
gpu_min_L2_RM, = 4
gpu_min_L2_WH, = 50
gpu_min_L2_WM, = 0
gpu_min_NOC_A, = 291
gpu_min_PIPE_A, = 0.0398001
gpu_min_IDLE_CORE_N, = 0.508
gpu_min_CONST_DYNAMICN = 0

Accumulative Power Statistics Over Previous Kernels:
gpu_tot_avg_power = 46.2814
gpu_tot_max_power = 91.5632
gpu_tot_min_power = 15.3313


kernel_name = _Z7Kernel2PbS_S_S_i 
kernel_launch_uid = 6 

Kernel Average Power Data:
kernel_avg_power = 69.1238
gpu_avg_IBP, = 0.0421376
gpu_avg_ICP, = 0.387985
gpu_avg_DCP, = 1.82146
gpu_avg_TCP, = 0
gpu_avg_CCP, = 3.70335
gpu_avg_SHRDP, = 0
gpu_avg_RFP, = 12.9147
gpu_avg_SPP, = 11.6013
gpu_avg_SFUP, = 0.00357417
gpu_avg_FPUP, = 0
gpu_avg_SCHEDP, = 0.545449
gpu_avg_L2CP, = 5.75225
gpu_avg_MCP, = 2.08876
gpu_avg_NOCP, = 2.55823
gpu_avg_DRAMP, = 0
gpu_avg_PIPEP, = 13.4608
gpu_avg_IDLE_COREP, = 4.4202
gpu_avg_CONST_DYNAMICP = 9.82366
gpu_avg_TOT_INST, = 8328
gpu_avg_FP_INT, = 7098
gpu_avg_IC_H, = 4368.8
gpu_avg_IC_M, = 0
gpu_avg_DC_RH, = 309
gpu_avg_DC_RM, = 102.6
gpu_avg_DC_WH, = 43.4
gpu_avg_DC_WM, = 172.2
gpu_avg_TC_H, = 0
gpu_avg_TC_M, = 0
gpu_avg_CC_H, = 2048
gpu_avg_CC_M, = 0
gpu_avg_SHRD_ACC, = 0
gpu_avg_REG_RD, = 170291
gpu_avg_REG_WR, = 141773
gpu_avg_NON_REG_OPs, = 134675
gpu_avg_SP_ACC, = 3.07508e+06
gpu_avg_SFU_ACC, = 52.8
gpu_avg_FPU_ACC, = 0
gpu_avg_MEM_RD, = 0
gpu_avg_MEM_WR, = 0
gpu_avg_MEM_PRE, = 0
gpu_avg_L2_RH, = 412
gpu_avg_L2_RM, = 0
gpu_avg_L2_WH, = 213.2
gpu_avg_L2_WM, = 0
gpu_avg_NOC_A, = 942.6
gpu_avg_PIPE_A, = 0.528666
gpu_avg_IDLE_CORE_N, = 2.78
gpu_avg_CONST_DYNAMICN = 0

Kernel Maximum Power Data:
kernel_max_power = 90.7058
gpu_max_IBP, = 0.0638287
gpu_max_ICP, = 0.583559
gpu_max_DCP, = 2.29698
gpu_max_TCP, = 0
gpu_max_CCP, = 6.1409
gpu_max_SHRDP, = 0
gpu_max_RFP, = 19.8349
gpu_max_SPP, = 17.3504
gpu_max_SFUP, = 0
gpu_max_FPUP, = 0
gpu_max_SCHEDP, = 0.840613
gpu_max_L2CP, = 8.01839
gpu_max_MCP, = 2.50261
gpu_max_NOCP, = 3.29481
gpu_max_DRAMP, = 0
gpu_max_PIPEP, = 19.9552
gpu_max_IDLE_COREP, = 0
gpu_max_CONST_DYNAMICP = 9.82366
gpu_max_TOT_INST, = 12615
gpu_max_FP_INT, = 10939
gpu_max_IC_H, = 6571
gpu_max_IC_M, = 0
gpu_max_DC_RH, = 406
gpu_max_DC_RM, = 139
gpu_max_DC_WH, = 41
gpu_max_DC_WM, = 185
gpu_max_TC_H, = 0
gpu_max_TC_M, = 0
gpu_max_CC_H, = 3396
gpu_max_CC_M, = 0
gpu_max_SHRD_ACC, = 0
gpu_max_REG_RD, = 243488
gpu_max_REG_WR, = 205568
gpu_max_NON_REG_OPs, = 210688
gpu_max_SP_ACC, = 4.59894e+06
gpu_max_SFU_ACC, = 0
gpu_max_FPU_ACC, = 0
gpu_max_MEM_RD, = 0
gpu_max_MEM_WR, = 0
gpu_max_MEM_PRE, = 0
gpu_max_L2_RH, = 516
gpu_max_L2_RM, = 0
gpu_max_L2_WH, = 309
gpu_max_L2_WM, = 0
gpu_max_NOC_A, = 1214
gpu_max_PIPE_A, = 0.783733
gpu_max_IDLE_CORE_N, = 0
gpu_max_CONST_DYNAMICN = 0

Kernel Minimum Power Data:
kernel_min_power = 35.0664
gpu_min_IBP, = 0.0113237
gpu_min_ICP, = 0.100709
gpu_min_DCP, = 0.0500674
gpu_min_TCP, = 0
gpu_min_CCP, = 1.87156
gpu_min_SHRDP, = 0
gpu_min_RFP, = 2.58593
gpu_min_SPP, = 0.0173845
gpu_min_SFUP, = 0.0178708
gpu_min_FPUP, = 0
gpu_min_SCHEDP, = 0.171519
gpu_min_L2CP, = 0.202258
gpu_min_MCP, = 1.44278
gpu_min_NOCP, = 0.0732783
gpu_min_DRAMP, = 0
gpu_min_PIPEP, = 1.82815
gpu_min_IDLE_COREP, = 16.8699
gpu_min_CONST_DYNAMICP = 9.82366
gpu_min_TOT_INST, = 2238
gpu_min_FP_INT, = 2232
gpu_min_IC_H, = 1134
gpu_min_IC_M, = 0
gpu_min_DC_RH, = 9
gpu_min_DC_RM, = 1
gpu_min_DC_WH, = 0
gpu_min_DC_WM, = 6
gpu_min_TC_H, = 0
gpu_min_TC_M, = 0
gpu_min_CC_H, = 1035
gpu_min_CC_M, = 0
gpu_min_SHRD_ACC, = 0
gpu_min_REG_RD, = 1920
gpu_min_REG_WR, = 1056
gpu_min_NON_REG_OPs, = 34464
gpu_min_SP_ACC, = 4608
gpu_min_SFU_ACC, = 264
gpu_min_FPU_ACC, = 0
gpu_min_MEM_RD, = 0
gpu_min_MEM_WR, = 0
gpu_min_MEM_PRE, = 0
gpu_min_L2_RH, = 12
gpu_min_L2_RM, = 0
gpu_min_L2_WH, = 8
gpu_min_L2_WM, = 0
gpu_min_NOC_A, = 27
gpu_min_PIPE_A, = 0.0718
gpu_min_IDLE_CORE_N, = 10.61
gpu_min_CONST_DYNAMICN = 0

Accumulative Power Statistics Over Previous Kernels:
gpu_tot_avg_power = 48.3965
gpu_tot_max_power = 91.5632
gpu_tot_min_power = 15.3313


kernel_name = _Z6KernelP4NodePiPbS2_S2_S1_i 
kernel_launch_uid = 7 

Kernel Average Power Data:
kernel_avg_power = 32.5203
gpu_avg_IBP, = 0.011839
gpu_avg_ICP, = 0.103899
gpu_avg_DCP, = 1.2879
gpu_avg_TCP, = 0
gpu_avg_CCP, = 0.664703
gpu_avg_SHRDP, = 0
gpu_avg_RFP, = 3.83472
gpu_avg_SPP, = 1.91213
gpu_avg_SFUP, = 0.389513
gpu_avg_FPUP, = 0
gpu_avg_SCHEDP, = 0.155872
gpu_avg_L2CP, = 3.08674
gpu_avg_MCP, = 1.64684
gpu_avg_NOCP, = 1.69967
gpu_avg_DRAMP, = 2.06998
gpu_avg_PIPEP, = 3.78692
gpu_avg_IDLE_COREP, = 2.04588
gpu_avg_CONST_DYNAMICP = 9.82366
gpu_avg_TOT_INST, = 2339.85
gpu_avg_FP_INT, = 2028.38
gpu_avg_IC_H, = 1169.92
gpu_avg_IC_M, = 0
gpu_avg_DC_RH, = 229.538
gpu_avg_DC_RM, = 84.4103
gpu_avg_DC_WH, = 5.76923
gpu_avg_DC_WM, = 96.1282
gpu_avg_TC_H, = 0
gpu_avg_TC_M, = 0
gpu_avg_CC_H, = 367.59
gpu_avg_CC_M, = 0
gpu_avg_SHRD_ACC, = 0
gpu_avg_REG_RD, = 61332.5
gpu_avg_REG_WR, = 40569.4
gpu_avg_NON_REG_OPs, = 38684.7
gpu_avg_SP_ACC, = 506837
gpu_avg_SFU_ACC, = 5754.15
gpu_avg_FPU_ACC, = 0
gpu_avg_MEM_RD, = 56.7179
gpu_avg_MEM_WR, = 0
gpu_avg_MEM_PRE, = 6.74359
gpu_avg_L2_RH, = 280.923
gpu_avg_L2_RM, = 14.1795
gpu_avg_L2_WH, = 102.128
gpu_avg_L2_WM, = 0.0512821
gpu_avg_NOC_A, = 626.256
gpu_avg_PIPE_A, = 0.14873
gpu_avg_IDLE_CORE_N, = 1.28672
gpu_avg_CONST_DYNAMICN = 0

Kernel Maximum Power Data:
kernel_max_power = 71.0414
gpu_max_IBP, = 0.0510528
gpu_max_ICP, = 0.448126
gpu_max_DCP, = 1.68998
gpu_max_TCP, = 0
gpu_max_CCP, = 6.13548
gpu_max_SHRDP, = 0
gpu_max_RFP, = 16.5885
gpu_max_SPP, = 12.4237
gpu_max_SFUP, = 0.198204
gpu_max_FPUP, = 0
gpu_max_SCHEDP, = 0.692839
gpu_max_L2CP, = 1.4496
gpu_max_MCP, = 2.27294
gpu_max_NOCP, = 1.31901
gpu_max_DRAMP, = 0
gpu_max_PIPEP, = 15.3789
gpu_max_IDLE_COREP, = 2.56944
gpu_max_CONST_DYNAMICP = 9.82366
gpu_max_TOT_INST, = 10090
gpu_max_FP_INT, = 9016
gpu_max_IC_H, = 5046
gpu_max_IC_M, = 0
gpu_max_DC_RH, = 360
gpu_max_DC_RM, = 145
gpu_max_DC_WH, = 22
gpu_max_DC_WM, = 4
gpu_max_TC_H, = 0
gpu_max_TC_M, = 0
gpu_max_CC_H, = 3393
gpu_max_CC_M, = 0
gpu_max_SHRD_ACC, = 0
gpu_max_REG_RD, = 171520
gpu_max_REG_WR, = 143584
gpu_max_NON_REG_OPs, = 183808
gpu_max_SP_ACC, = 3.29306e+06
gpu_max_SFU_ACC, = 2928
gpu_max_FPU_ACC, = 0
gpu_max_MEM_RD, = 0
gpu_max_MEM_WR, = 0
gpu_max_MEM_PRE, = 0
gpu_max_L2_RH, = 300
gpu_max_L2_RM, = 0
gpu_max_L2_WH, = 14
gpu_max_L2_WM, = 0
gpu_max_NOC_A, = 486
gpu_max_PIPE_A, = 0.604
gpu_max_IDLE_CORE_N, = 1.616
gpu_max_CONST_DYNAMICN = 0

Kernel Minimum Power Data:
kernel_min_power = 21.7771
gpu_min_IBP, = 0.0044627
gpu_min_ICP, = 0.0392532
gpu_min_DCP, = 0.886197
gpu_min_TCP, = 0
gpu_min_CCP, = 0
gpu_min_SHRDP, = 0
gpu_min_RFP, = 1.4551
gpu_min_SPP, = 0.317509
gpu_min_SFUP, = 0.214721
gpu_min_FPUP, = 0
gpu_min_SCHEDP, = 0.0571731
gpu_min_L2CP, = 2.08173
gpu_min_MCP, = 1.36898
gpu_min_NOCP, = 0.903766
gpu_min_DRAMP, = 0
gpu_min_PIPEP, = 1.44453
gpu_min_IDLE_COREP, = 3.18
gpu_min_CONST_DYNAMICP = 9.82366
gpu_min_TOT_INST, = 882
gpu_min_FP_INT, = 744
gpu_min_IC_H, = 442
gpu_min_IC_M, = 0
gpu_min_DC_RH, = 165
gpu_min_DC_RM, = 35
gpu_min_DC_WH, = 1
gpu_min_DC_WM, = 80
gpu_min_TC_H, = 0
gpu_min_TC_M, = 0
gpu_min_CC_H, = 0
gpu_min_CC_M, = 0
gpu_min_SHRD_ACC, = 0
gpu_min_REG_RD, = 31232
gpu_min_REG_WR, = 16704
gpu_min_NON_REG_OPs, = 13440
gpu_min_SP_ACC, = 84160
gpu_min_SFU_ACC, = 3172
gpu_min_FPU_ACC, = 0
gpu_min_MEM_RD, = 0
gpu_min_MEM_WR, = 0
gpu_min_MEM_PRE, = 0
gpu_min_L2_RH, = 140
gpu_min_L2_RM, = 0
gpu_min_L2_WH, = 79
gpu_min_L2_WM, = 0
gpu_min_NOC_A, = 333
gpu_min_PIPE_A, = 0.0567335
gpu_min_IDLE_CORE_N, = 2
gpu_min_CONST_DYNAMICN = 0

Accumulative Power Statistics Over Previous Kernels:
gpu_tot_avg_power = 41.7387
gpu_tot_max_power = 91.5632
gpu_tot_min_power = 15.3313


kernel_name = _Z7Kernel2PbS_S_S_i 
kernel_launch_uid = 8 

Kernel Average Power Data:
kernel_avg_power = 94.2452
gpu_avg_IBP, = 0.0514596
gpu_avg_ICP, = 0.469796
gpu_avg_DCP, = 3.53266
gpu_avg_TCP, = 0
gpu_avg_CCP, = 3.70335
gpu_avg_SHRDP, = 0
gpu_avg_RFP, = 15.0215
gpu_avg_SPP, = 13.4432
gpu_avg_SFUP, = 0
gpu_avg_FPUP, = 0
gpu_avg_SCHEDP, = 0.687122
gpu_avg_L2CP, = 19.9918
gpu_avg_MCP, = 2.87862
gpu_avg_NOCP, = 6.54837
gpu_avg_DRAMP, = 0
gpu_avg_PIPEP, = 16.7039
gpu_avg_IDLE_COREP, = 1.38966
gpu_avg_CONST_DYNAMICP = 9.82366
gpu_avg_TOT_INST, = 10170.4
gpu_avg_FP_INT, = 8941.6
gpu_avg_IC_H, = 5290
gpu_avg_IC_M, = 0
gpu_avg_DC_RH, = 307.2
gpu_avg_DC_RM, = 102.4
gpu_avg_DC_WH, = 99.4
gpu_avg_DC_WM, = 855.8
gpu_avg_TC_H, = 0
gpu_avg_TC_M, = 0
gpu_avg_CC_H, = 2048
gpu_avg_CC_M, = 0
gpu_avg_SHRD_ACC, = 0
gpu_avg_REG_RD, = 258803
gpu_avg_REG_WR, = 182291
gpu_avg_NON_REG_OPs, = 146355
gpu_avg_SP_ACC, = 3.56331e+06
gpu_avg_SFU_ACC, = 0
gpu_avg_FPU_ACC, = 0
gpu_avg_MEM_RD, = 0
gpu_avg_MEM_WR, = 0
gpu_avg_MEM_PRE, = 0
gpu_avg_L2_RH, = 409.6
gpu_avg_L2_RM, = 0
gpu_avg_L2_WH, = 948
gpu_avg_L2_WM, = 0
gpu_avg_NOC_A, = 2412.8
gpu_avg_PIPE_A, = 0.65604
gpu_avg_IDLE_CORE_N, = 0.874
gpu_avg_CONST_DYNAMICN = 0

Kernel Maximum Power Data:
kernel_max_power = 112.144
gpu_max_IBP, = 0.0639501
gpu_max_ICP, = 0.582404
gpu_max_DCP, = 4.31776
gpu_max_TCP, = 0
gpu_max_CCP, = 4.61472
gpu_max_SHRDP, = 0
gpu_max_RFP, = 18.8351
gpu_max_SPP, = 17.138
gpu_max_SFUP, = 0
gpu_max_FPUP, = 0
gpu_max_SCHEDP, = 0.853907
gpu_max_L2CP, = 24.4348
gpu_max_MCP, = 3.22632
gpu_max_NOCP, = 7.88421
gpu_max_DRAMP, = 0
gpu_max_PIPEP, = 20.3694
gpu_max_IDLE_COREP, = 0
gpu_max_CONST_DYNAMICP = 9.82366
gpu_max_TOT_INST, = 12639
gpu_max_FP_INT, = 11112
gpu_max_IC_H, = 6558
gpu_max_IC_M, = 0
gpu_max_DC_RH, = 408
gpu_max_DC_RM, = 132
gpu_max_DC_WH, = 119
gpu_max_DC_WM, = 992
gpu_max_TC_H, = 0
gpu_max_TC_M, = 0
gpu_max_CC_H, = 2552
gpu_max_CC_M, = 0
gpu_max_SHRD_ACC, = 0
gpu_max_REG_RD, = 323872
gpu_max_REG_WR, = 229824
gpu_max_NON_REG_OPs, = 183456
gpu_max_SP_ACC, = 4.54266e+06
gpu_max_SFU_ACC, = 0
gpu_max_FPU_ACC, = 0
gpu_max_MEM_RD, = 0
gpu_max_MEM_WR, = 0
gpu_max_MEM_PRE, = 0
gpu_max_L2_RH, = 504
gpu_max_L2_RM, = 0
gpu_max_L2_WH, = 1158
gpu_max_L2_WM, = 0
gpu_max_NOC_A, = 2905
gpu_max_PIPE_A, = 0.8
gpu_max_IDLE_CORE_N, = 0
gpu_max_CONST_DYNAMICN = 0

Kernel Minimum Power Data:
kernel_min_power = 71.3735
gpu_min_IBP, = 0.0221769
gpu_min_ICP, = 0.210209
gpu_min_DCP, = 2.81808
gpu_min_TCP, = 0
gpu_min_CCP, = 0.452069
gpu_min_SHRDP, = 0
gpu_min_RFP, = 5.63493
gpu_min_SPP, = 5.49786
gpu_min_SFUP, = 0
gpu_min_FPUP, = 0
gpu_min_SCHEDP, = 0.275184
gpu_min_L2CP, = 26.1362
gpu_min_MCP, = 2.34961
gpu_min_NOCP, = 7.21656
gpu_min_DRAMP, = 0
gpu_min_PIPEP, = 8.58061
gpu_min_IDLE_COREP, = 2.35638
gpu_min_CONST_DYNAMICP = 9.82366
gpu_min_TOT_INST, = 4383
gpu_min_FP_INT, = 3581
gpu_min_IC_H, = 2367
gpu_min_IC_M, = 0
gpu_min_DC_RH, = 135
gpu_min_DC_RM, = 39
gpu_min_DC_WH, = 102
gpu_min_DC_WM, = 884
gpu_min_TC_H, = 0
gpu_min_TC_M, = 0
gpu_min_CC_H, = 250
gpu_min_CC_M, = 0
gpu_min_SHRD_ACC, = 0
gpu_min_REG_RD, = 152352
gpu_min_REG_WR, = 95552
gpu_min_NON_REG_OPs, = 44256
gpu_min_SP_ACC, = 1.45728e+06
gpu_min_SFU_ACC, = 0
gpu_min_FPU_ACC, = 0
gpu_min_MEM_RD, = 0
gpu_min_MEM_WR, = 0
gpu_min_MEM_PRE, = 0
gpu_min_L2_RH, = 320
gpu_min_L2_RM, = 0
gpu_min_L2_WH, = 1283
gpu_min_L2_WM, = 0
gpu_min_NOC_A, = 2659
gpu_min_PIPE_A, = 0.337
gpu_min_IDLE_CORE_N, = 1.482
gpu_min_CONST_DYNAMICN = 0

Accumulative Power Statistics Over Previous Kernels:
gpu_tot_avg_power = 44.4176
gpu_tot_max_power = 112.144
gpu_tot_min_power = 15.3313


kernel_name = _Z6KernelP4NodePiPbS2_S2_S1_i 
kernel_launch_uid = 9 

Kernel Average Power Data:
kernel_avg_power = 61.034
gpu_avg_IBP, = 0.0203901
gpu_avg_ICP, = 0.178943
gpu_avg_DCP, = 3.69343
gpu_avg_TCP, = 0
gpu_avg_CCP, = 0.405053
gpu_avg_SHRDP, = 0
gpu_avg_RFP, = 6.80008
gpu_avg_SPP, = 2.26032
gpu_avg_SFUP, = 1.10201
gpu_avg_FPUP, = 0
gpu_avg_SCHEDP, = 0.269106
gpu_avg_L2CP, = 10.7583
gpu_avg_MCP, = 2.49231
gpu_avg_NOCP, = 6.16424
gpu_avg_DRAMP, = 7.82055
gpu_avg_PIPEP, = 6.82165
gpu_avg_IDLE_COREP, = 2.424
gpu_avg_CONST_DYNAMICP = 9.82366
gpu_avg_TOT_INST, = 4029.88
gpu_avg_FP_INT, = 3501.91
gpu_avg_IC_H, = 2014.94
gpu_avg_IC_M, = 0
gpu_avg_DC_RH, = 562.094
gpu_avg_DC_RM, = 313.516
gpu_avg_DC_WH, = 9.01562
gpu_avg_DC_WM, = 342.453
gpu_avg_TC_H, = 0
gpu_avg_TC_M, = 0
gpu_avg_CC_H, = 224
gpu_avg_CC_M, = 0
gpu_avg_SHRD_ACC, = 0
gpu_avg_REG_RD, = 131692
gpu_avg_REG_WR, = 81479.5
gpu_avg_NON_REG_OPs, = 64378.5
gpu_avg_SP_ACC, = 599127
gpu_avg_SFU_ACC, = 16279.6
gpu_avg_FPU_ACC, = 0
gpu_avg_MEM_RD, = 215.5
gpu_avg_MEM_WR, = 0
gpu_avg_MEM_PRE, = 18.1406
gpu_avg_L2_RH, = 1038.56
gpu_avg_L2_RM, = 53.1719
gpu_avg_L2_WH, = 340.297
gpu_avg_L2_WM, = 3.48438
gpu_avg_NOC_A, = 2271.27
gpu_avg_PIPE_A, = 0.267918
gpu_avg_IDLE_CORE_N, = 1.52453
gpu_avg_CONST_DYNAMICN = 0

Kernel Maximum Power Data:
kernel_max_power = 96.0456
gpu_max_IBP, = 0.023123
gpu_max_ICP, = 0.20266
gpu_max_DCP, = 2.6142
gpu_max_TCP, = 0
gpu_max_CCP, = 0
gpu_max_SHRDP, = 0
gpu_max_RFP, = 7.1775
gpu_max_SPP, = 4.14512
gpu_max_SFUP, = 3.80324
gpu_max_FPUP, = 0
gpu_max_SCHEDP, = 0.320523
gpu_max_L2CP, = 6.51271
gpu_max_MCP, = 4.01185
gpu_max_NOCP, = 6.6249
gpu_max_DRAMP, = 42.781
gpu_max_PIPEP, = 8.00517
gpu_max_IDLE_COREP, = 0
gpu_max_CONST_DYNAMICP = 9.82366
gpu_max_TOT_INST, = 4570
gpu_max_FP_INT, = 4171
gpu_max_IC_H, = 2282
gpu_max_IC_M, = 0
gpu_max_DC_RH, = 298
gpu_max_DC_RM, = 495
gpu_max_DC_WH, = 72
gpu_max_DC_WM, = 99
gpu_max_TC_H, = 0
gpu_max_TC_M, = 0
gpu_max_CC_H, = 0
gpu_max_CC_M, = 0
gpu_max_SHRD_ACC, = 0
gpu_max_REG_RD, = 151136
gpu_max_REG_WR, = 121280
gpu_max_NON_REG_OPs, = 62304
gpu_max_SP_ACC, = 1.09872e+06
gpu_max_SFU_ACC, = 56184
gpu_max_FPU_ACC, = 0
gpu_max_MEM_RD, = 1188
gpu_max_MEM_WR, = 0
gpu_max_MEM_PRE, = 44
gpu_max_L2_RH, = 336
gpu_max_L2_RM, = 381
gpu_max_L2_WH, = 265
gpu_max_L2_WM, = 0
gpu_max_NOC_A, = 2441
gpu_max_PIPE_A, = 0.3144
gpu_max_IDLE_CORE_N, = 0
gpu_max_CONST_DYNAMICN = 0

Kernel Minimum Power Data:
kernel_min_power = 31.0443
gpu_min_IBP, = 0.0011941
gpu_min_ICP, = 0.0105682
gpu_min_DCP, = 0.244288
gpu_min_TCP, = 0
gpu_min_CCP, = 0
gpu_min_SHRDP, = 0
gpu_min_RFP, = 0.421629
gpu_min_SPP, = 0.0854739
gpu_min_SFUP, = 0.0717541
gpu_min_FPUP, = 0
gpu_min_SCHEDP, = 0.015907
gpu_min_L2CP, = 0.843645
gpu_min_MCP, = 1.22927
gpu_min_NOCP, = 0.303969
gpu_min_DRAMP, = 0
gpu_min_PIPEP, = 2.09296
gpu_min_IDLE_COREP, = 15.9
gpu_min_CONST_DYNAMICP = 9.82366
gpu_min_TOT_INST, = 236
gpu_min_FP_INT, = 207
gpu_min_IC_H, = 119
gpu_min_IC_M, = 0
gpu_min_DC_RH, = 46
gpu_min_DC_RM, = 9
gpu_min_DC_WH, = 0
gpu_min_DC_WM, = 22
gpu_min_TC_H, = 0
gpu_min_TC_M, = 0
gpu_min_CC_H, = 0
gpu_min_CC_M, = 0
gpu_min_SHRD_ACC, = 0
gpu_min_REG_RD, = 8704
gpu_min_REG_WR, = 4608
gpu_min_NON_REG_OPs, = 3968
gpu_min_SP_ACC, = 22656
gpu_min_SFU_ACC, = 1060
gpu_min_FPU_ACC, = 0
gpu_min_MEM_RD, = 0
gpu_min_MEM_WR, = 0
gpu_min_MEM_PRE, = 0
gpu_min_L2_RH, = 42
gpu_min_L2_RM, = 0
gpu_min_L2_WH, = 35
gpu_min_L2_WM, = 0
gpu_min_NOC_A, = 112
gpu_min_PIPE_A, = 0.0822
gpu_min_IDLE_CORE_N, = 10
gpu_min_CONST_DYNAMICN = 0

Accumulative Power Statistics Over Previous Kernels:
gpu_tot_avg_power = 50.9821
gpu_tot_max_power = 112.144
gpu_tot_min_power = 15.3313


kernel_name = _Z7Kernel2PbS_S_S_i 
kernel_launch_uid = 10 

Kernel Average Power Data:
kernel_avg_power = 83.01
gpu_avg_IBP, = 0.0428055
gpu_avg_ICP, = 0.38865
gpu_avg_DCP, = 3.70947
gpu_avg_TCP, = 0
gpu_avg_CCP, = 2.64525
gpu_avg_SHRDP, = 0
gpu_avg_RFP, = 12.1
gpu_avg_SPP, = 11.0903
gpu_avg_SFUP, = 0
gpu_avg_FPUP, = 0
gpu_avg_SCHEDP, = 0.582643
gpu_avg_L2CP, = 16.8175
gpu_avg_MCP, = 2.94088
gpu_avg_NOCP, = 7.27123
gpu_avg_DRAMP, = 0.00423225
gpu_avg_PIPEP, = 14.3973
gpu_avg_IDLE_COREP, = 1.19613
gpu_avg_CONST_DYNAMICP = 9.82366
gpu_avg_TOT_INST, = 8460
gpu_avg_FP_INT, = 7582
gpu_avg_IC_H, = 4376.29
gpu_avg_IC_M, = 0
gpu_avg_DC_RH, = 219.571
gpu_avg_DC_RM, = 73.1429
gpu_avg_DC_WH, = 73.1429
gpu_avg_DC_WM, = 1086.86
gpu_avg_TC_H, = 0
gpu_avg_TC_M, = 0
gpu_avg_CC_H, = 1462.86
gpu_avg_CC_M, = 0
gpu_avg_SHRD_ACC, = 0
gpu_avg_REG_RD, = 242217
gpu_avg_REG_WR, = 156288
gpu_avg_NON_REG_OPs, = 112197
gpu_avg_SP_ACC, = 2.93963e+06
gpu_avg_SFU_ACC, = 0
gpu_avg_FPU_ACC, = 0
gpu_avg_MEM_RD, = 0
gpu_avg_MEM_WR, = 0
gpu_avg_MEM_PRE, = 0.714286
gpu_avg_L2_RH, = 292.571
gpu_avg_L2_RM, = 0
gpu_avg_L2_WH, = 786
gpu_avg_L2_WM, = 20.2857
gpu_avg_NOC_A, = 2679.14
gpu_avg_PIPE_A, = 0.565448
gpu_avg_IDLE_CORE_N, = 0.752286
gpu_avg_CONST_DYNAMICN = 0

Kernel Maximum Power Data:
kernel_max_power = 96.8758
gpu_max_IBP, = 0.0488519
gpu_max_ICP, = 0.444308
gpu_max_DCP, = 4.61905
gpu_max_TCP, = 0
gpu_max_CCP, = 3.30553
gpu_max_SHRDP, = 0
gpu_max_RFP, = 14.2684
gpu_max_SPP, = 13.1402
gpu_max_SFUP, = 0
gpu_max_FPUP, = 0
gpu_max_SCHEDP, = 0.66725
gpu_max_L2CP, = 22.1134
gpu_max_MCP, = 3.37306
gpu_max_NOCP, = 8.67398
gpu_max_DRAMP, = 0.00592515
gpu_max_PIPEP, = 16.3923
gpu_max_IDLE_COREP, = 0
gpu_max_CONST_DYNAMICP = 9.82366
gpu_max_TOT_INST, = 9655
gpu_max_FP_INT, = 8683
gpu_max_IC_H, = 5003
gpu_max_IC_M, = 0
gpu_max_DC_RH, = 273
gpu_max_DC_RM, = 94
gpu_max_DC_WH, = 100
gpu_max_DC_WM, = 1350
gpu_max_TC_H, = 0
gpu_max_TC_M, = 0
gpu_max_CC_H, = 1828
gpu_max_CC_M, = 0
gpu_max_SHRD_ACC, = 0
gpu_max_REG_RD, = 276896
gpu_max_REG_WR, = 174912
gpu_max_NON_REG_OPs, = 134560
gpu_max_SP_ACC, = 3.48298e+06
gpu_max_SFU_ACC, = 0
gpu_max_FPU_ACC, = 0
gpu_max_MEM_RD, = 0
gpu_max_MEM_WR, = 0
gpu_max_MEM_PRE, = 1
gpu_max_L2_RH, = 156
gpu_max_L2_RM, = 0
gpu_max_L2_WH, = 1099
gpu_max_L2_WM, = 9
gpu_max_NOC_A, = 3196
gpu_max_PIPE_A, = 0.6438
gpu_max_IDLE_CORE_N, = 0
gpu_max_CONST_DYNAMICN = 0

Kernel Minimum Power Data:
kernel_min_power = 49.6486
gpu_min_IBP, = 0.00805512
gpu_min_ICP, = 0.0761975
gpu_min_DCP, = 1.1774
gpu_min_TCP, = 0
gpu_min_CCP, = 0
gpu_min_SHRDP, = 0
gpu_min_RFP, = 1.8034
gpu_min_SPP, = 1.81849
gpu_min_SFUP, = 0
gpu_min_FPUP, = 0
gpu_min_SCHEDP, = 0.10328
gpu_min_L2CP, = 18.8896
gpu_min_MCP, = 1.71868
gpu_min_NOCP, = 5.19191
gpu_min_DRAMP, = 0
gpu_min_PIPEP, = 3.11991
gpu_min_IDLE_COREP, = 5.91798
gpu_min_CONST_DYNAMICP = 9.82366
gpu_min_TOT_INST, = 1592
gpu_min_FP_INT, = 1344
gpu_min_IC_H, = 858
gpu_min_IC_M, = 0
gpu_min_DC_RH, = 0
gpu_min_DC_RM, = 0
gpu_min_DC_WH, = 33
gpu_min_DC_WM, = 469
gpu_min_TC_H, = 0
gpu_min_TC_M, = 0
gpu_min_CC_H, = 0
gpu_min_CC_M, = 0
gpu_min_SHRD_ACC, = 0
gpu_min_REG_RD, = 62528
gpu_min_REG_WR, = 35008
gpu_min_NON_REG_OPs, = 11776
gpu_min_SP_ACC, = 482016
gpu_min_SFU_ACC, = 0
gpu_min_FPU_ACC, = 0
gpu_min_MEM_RD, = 0
gpu_min_MEM_WR, = 0
gpu_min_MEM_PRE, = 0
gpu_min_L2_RH, = 124
gpu_min_L2_RM, = 0
gpu_min_L2_WH, = 949
gpu_min_L2_WM, = 0
gpu_min_NOC_A, = 1913
gpu_min_PIPE_A, = 0.122533
gpu_min_IDLE_CORE_N, = 3.722
gpu_min_CONST_DYNAMICN = 0

Accumulative Power Statistics Over Previous Kernels:
gpu_tot_avg_power = 52.3087
gpu_tot_max_power = 112.144
gpu_tot_min_power = 15.3313


kernel_name = _Z6KernelP4NodePiPbS2_S2_S1_i 
kernel_launch_uid = 11 

Kernel Average Power Data:
kernel_avg_power = 62.9166
gpu_avg_IBP, = 0.0108698
gpu_avg_ICP, = 0.0953931
gpu_avg_DCP, = 3.53501
gpu_avg_TCP, = 0
gpu_avg_CCP, = 0.111739
gpu_avg_SHRDP, = 0
gpu_avg_RFP, = 3.81424
gpu_avg_SPP, = 1.08846
gpu_avg_SFUP, = 0.657304
gpu_avg_FPUP, = 0
gpu_avg_SCHEDP, = 0.14346
gpu_avg_L2CP, = 15.219
gpu_avg_MCP, = 2.64609
gpu_avg_NOCP, = 10.9881
gpu_avg_DRAMP, = 9.54181
gpu_avg_PIPEP, = 3.59312
gpu_avg_IDLE_COREP, = 1.64835
gpu_avg_CONST_DYNAMICP = 9.82366
gpu_avg_TOT_INST, = 2148.29
gpu_avg_FP_INT, = 1866.87
gpu_avg_IC_H, = 1074.15
gpu_avg_IC_M, = 0
gpu_avg_DC_RH, = 234.724
gpu_avg_DC_RM, = 641.379
gpu_avg_DC_WH, = 3.7931
gpu_avg_DC_WM, = 416.776
gpu_avg_TC_H, = 0
gpu_avg_TC_M, = 0
gpu_avg_CC_H, = 61.7931
gpu_avg_CC_M, = 0
gpu_avg_SHRD_ACC, = 0
gpu_avg_REG_RD, = 74085.2
gpu_avg_REG_WR, = 62261
gpu_avg_NON_REG_OPs, = 34210.8
gpu_avg_SP_ACC, = 288511
gpu_avg_SFU_ACC, = 9710.14
gpu_avg_FPU_ACC, = 0
gpu_avg_MEM_RD, = 261.772
gpu_avg_MEM_WR, = 0
gpu_avg_MEM_PRE, = 29.1336
gpu_avg_L2_RH, = 2303.73
gpu_avg_L2_RM, = 60.6724
gpu_avg_L2_WH, = 301.728
gpu_avg_L2_WM, = 14.8534
gpu_avg_NOC_A, = 4048.67
gpu_avg_PIPE_A, = 0.141118
gpu_avg_IDLE_CORE_N, = 1.0367
gpu_avg_CONST_DYNAMICN = 0

Kernel Maximum Power Data:
kernel_max_power = 178.656
gpu_max_IBP, = 0.0177597
gpu_max_ICP, = 0.15577
gpu_max_DCP, = 3.94338
gpu_max_TCP, = 0
gpu_max_CCP, = 0
gpu_max_SHRDP, = 0
gpu_max_RFP, = 5.59072
gpu_max_SPP, = 3.72427
gpu_max_SFUP, = 3.44663
gpu_max_FPUP, = 0
gpu_max_SCHEDP, = 0.265194
gpu_max_L2CP, = 0.728051
gpu_max_MCP, = 8.58287
gpu_max_NOCP, = 10.9456
gpu_max_DRAMP, = 125.107
gpu_max_PIPEP, = 6.32468
gpu_max_IDLE_COREP, = 0
gpu_max_CONST_DYNAMICP = 9.82366
gpu_max_TOT_INST, = 3510
gpu_max_FP_INT, = 3451
gpu_max_IC_H, = 1754
gpu_max_IC_M, = 0
gpu_max_DC_RH, = 509
gpu_max_DC_RM, = 819
gpu_max_DC_WH, = 0
gpu_max_DC_WM, = 0
gpu_max_TC_H, = 0
gpu_max_TC_M, = 0
gpu_max_CC_H, = 0
gpu_max_CC_M, = 0
gpu_max_SHRD_ACC, = 0
gpu_max_REG_RD, = 128576
gpu_max_REG_WR, = 115456
gpu_max_NON_REG_OPs, = 44672
gpu_max_SP_ACC, = 987168
gpu_max_SFU_ACC, = 50916
gpu_max_FPU_ACC, = 0
gpu_max_MEM_RD, = 3464
gpu_max_MEM_WR, = 0
gpu_max_MEM_PRE, = 190
gpu_max_L2_RH, = 156
gpu_max_L2_RM, = 808
gpu_max_L2_WH, = 0
gpu_max_L2_WM, = 0
gpu_max_NOC_A, = 4033
gpu_max_PIPE_A, = 0.248399
gpu_max_IDLE_CORE_N, = 0
gpu_max_CONST_DYNAMICN = 0

Kernel Minimum Power Data:
kernel_min_power = 32.4842
gpu_min_IBP, = 0.000384541
gpu_min_ICP, = 0.0032859
gpu_min_DCP, = 0.0686187
gpu_min_TCP, = 0
gpu_min_CCP, = 0
gpu_min_SHRDP, = 0
gpu_min_RFP, = 0.127335
gpu_min_SPP, = 0.0270426
gpu_min_SFUP, = 0.0178708
gpu_min_FPUP, = 0
gpu_min_SCHEDP, = 0.00499496
gpu_min_L2CP, = 0.219609
gpu_min_MCP, = 1.19135
gpu_min_NOCP, = 0.100418
gpu_min_DRAMP, = 0
gpu_min_PIPEP, = 1.81967
gpu_min_IDLE_COREP, = 19.08
gpu_min_CONST_DYNAMICP = 9.82366
gpu_min_TOT_INST, = 76
gpu_min_FP_INT, = 65
gpu_min_IC_H, = 37
gpu_min_IC_M, = 0
gpu_min_DC_RH, = 12
gpu_min_DC_RM, = 4
gpu_min_DC_WH, = 0
gpu_min_DC_WM, = 6
gpu_min_TC_H, = 0
gpu_min_TC_M, = 0
gpu_min_CC_H, = 0
gpu_min_CC_M, = 0
gpu_min_SHRD_ACC, = 0
gpu_min_REG_RD, = 2720
gpu_min_REG_WR, = 1408
gpu_min_NON_REG_OPs, = 1184
gpu_min_SP_ACC, = 7168
gpu_min_SFU_ACC, = 264
gpu_min_FPU_ACC, = 0
gpu_min_MEM_RD, = 0
gpu_min_MEM_WR, = 0
gpu_min_MEM_PRE, = 0
gpu_min_L2_RH, = 16
gpu_min_L2_RM, = 0
gpu_min_L2_WH, = 7
gpu_min_L2_WM, = 1
gpu_min_NOC_A, = 37
gpu_min_PIPE_A, = 0.0714669
gpu_min_IDLE_CORE_N, = 12
gpu_min_CONST_DYNAMICN = 0

Accumulative Power Statistics Over Previous Kernels:
gpu_tot_avg_power = 58.446
gpu_tot_max_power = 178.656
gpu_tot_min_power = 15.3313


kernel_name = _Z7Kernel2PbS_S_S_i 
kernel_launch_uid = 12 

Kernel Average Power Data:
kernel_avg_power = 84.1502
gpu_avg_IBP, = 0.0429428
gpu_avg_ICP, = 0.389855
gpu_avg_DCP, = 3.73325
gpu_avg_TCP, = 0
gpu_avg_CCP, = 2.64525
gpu_avg_SHRDP, = 0
gpu_avg_RFP, = 12.1321
gpu_avg_SPP, = 12.0629
gpu_avg_SFUP, = 0.000850992
gpu_avg_FPUP, = 0
gpu_avg_SCHEDP, = 0.584707
gpu_avg_L2CP, = 13.8352
gpu_avg_MCP, = 3.08655
gpu_avg_NOCP, = 7.24215
gpu_avg_DRAMP, = 2.51888
gpu_avg_PIPEP, = 14.1145
gpu_avg_IDLE_COREP, = 1.93753
gpu_avg_CONST_DYNAMICP = 9.82366
gpu_avg_TOT_INST, = 8487.14
gpu_avg_FP_INT, = 7608.86
gpu_avg_IC_H, = 4389.86
gpu_avg_IC_M, = 0
gpu_avg_DC_RH, = 219.857
gpu_avg_DC_RM, = 73.1429
gpu_avg_DC_WH, = 73
gpu_avg_DC_WM, = 1096
gpu_avg_TC_H, = 0
gpu_avg_TC_M, = 0
gpu_avg_CC_H, = 1462.86
gpu_avg_CC_M, = 0
gpu_avg_SHRD_ACC, = 0
gpu_avg_REG_RD, = 243520
gpu_avg_REG_WR, = 156837
gpu_avg_NON_REG_OPs, = 112389
gpu_avg_SP_ACC, = 3.19742e+06
gpu_avg_SFU_ACC, = 12.5714
gpu_avg_FPU_ACC, = 0
gpu_avg_MEM_RD, = 69.7143
gpu_avg_MEM_WR, = 0
gpu_avg_MEM_PRE, = 4
gpu_avg_L2_RH, = 223.429
gpu_avg_L2_RM, = 0
gpu_avg_L2_WH, = 594.143
gpu_avg_L2_WM, = 68.2857
gpu_avg_NOC_A, = 2668.43
gpu_avg_PIPE_A, = 0.554343
gpu_avg_IDLE_CORE_N, = 1.21857
gpu_avg_CONST_DYNAMICN = 0

Kernel Maximum Power Data:
kernel_max_power = 107.996
gpu_max_IBP, = 0.0594115
gpu_max_ICP, = 0.54022
gpu_max_DCP, = 5.08111
gpu_max_TCP, = 0
gpu_max_CCP, = 3.52975
gpu_max_SHRDP, = 0
gpu_max_RFP, = 16.6325
gpu_max_SPP, = 16.6681
gpu_max_SFUP, = 0
gpu_max_FPUP, = 0
gpu_max_SCHEDP, = 0.807339
gpu_max_L2CP, = 17.3447
gpu_max_MCP, = 3.85252
gpu_max_NOCP, = 9.89529
gpu_max_DRAMP, = 3.75194
gpu_max_PIPEP, = 20.0095
gpu_max_IDLE_COREP, = 0
gpu_max_CONST_DYNAMICP = 9.82366
gpu_max_TOT_INST, = 11742
gpu_max_FP_INT, = 10506
gpu_max_IC_H, = 6083
gpu_max_IC_M, = 0
gpu_max_DC_RH, = 249
gpu_max_DC_RM, = 85
gpu_max_DC_WH, = 105
gpu_max_DC_WM, = 1579
gpu_max_TC_H, = 0
gpu_max_TC_M, = 0
gpu_max_CC_H, = 1952
gpu_max_CC_M, = 0
gpu_max_SHRD_ACC, = 0
gpu_max_REG_RD, = 340736
gpu_max_REG_WR, = 217984
gpu_max_NON_REG_OPs, = 152800
gpu_max_SP_ACC, = 4.41811e+06
gpu_max_SFU_ACC, = 0
gpu_max_FPU_ACC, = 0
gpu_max_MEM_RD, = 104
gpu_max_MEM_WR, = 0
gpu_max_MEM_PRE, = 5
gpu_max_L2_RH, = 304
gpu_max_L2_RM, = 0
gpu_max_L2_WH, = 732
gpu_max_L2_WM, = 93
gpu_max_NOC_A, = 3646
gpu_max_PIPE_A, = 0.785867
gpu_max_IDLE_CORE_N, = 0
gpu_max_CONST_DYNAMICN = 0

Kernel Minimum Power Data:
kernel_min_power = 52.4755
gpu_min_IBP, = 0.0283953
gpu_min_ICP, = 0.25035
gpu_min_DCP, = 0.360475
gpu_min_TCP, = 0
gpu_min_CCP, = 3.30733
gpu_min_SHRDP, = 0
gpu_min_RFP, = 8.34887
gpu_min_SPP, = 6.19276
gpu_min_SFUP, = 0.00595694
gpu_min_FPUP, = 0
gpu_min_SCHEDP, = 0.411585
gpu_min_L2CP, = 0.0544916
gpu_min_MCP, = 1.68279
gpu_min_NOCP, = 0.105846
gpu_min_DRAMP, = 0
gpu_min_PIPEP, = 8.4516
gpu_min_IDLE_COREP, = 13.4514
gpu_min_CONST_DYNAMICP = 9.82366
gpu_min_TOT_INST, = 5612
gpu_min_FP_INT, = 5356
gpu_min_IC_H, = 2819
gpu_min_IC_M, = 0
gpu_min_DC_RH, = 77
gpu_min_DC_RM, = 30
gpu_min_DC_WH, = 0
gpu_min_DC_WM, = 2
gpu_min_TC_H, = 0
gpu_min_TC_M, = 0
gpu_min_CC_H, = 1829
gpu_min_CC_M, = 0
gpu_min_SHRD_ACC, = 0
gpu_min_REG_RD, = 78656
gpu_min_REG_WR, = 64832
gpu_min_NON_REG_OPs, = 94400
gpu_min_SP_ACC, = 1.64147e+06
gpu_min_SFU_ACC, = 88
gpu_min_FPU_ACC, = 0
gpu_min_MEM_RD, = 0
gpu_min_MEM_WR, = 0
gpu_min_MEM_PRE, = 0
gpu_min_L2_RH, = 4
gpu_min_L2_RM, = 0
gpu_min_L2_WH, = 2
gpu_min_L2_WM, = 0
gpu_min_NOC_A, = 39
gpu_min_PIPE_A, = 0.331933
gpu_min_IDLE_CORE_N, = 8.46
gpu_min_CONST_DYNAMICN = 0

Accumulative Power Statistics Over Previous Kernels:
gpu_tot_avg_power = 58.887
gpu_tot_max_power = 178.656
gpu_tot_min_power = 15.3313


kernel_name = _Z6KernelP4NodePiPbS2_S2_S1_i 
kernel_launch_uid = 13 

Kernel Average Power Data:
kernel_avg_power = 56.9616
gpu_avg_IBP, = 0.00649095
gpu_avg_ICP, = 0.0569643
gpu_avg_DCP, = 3.32705
gpu_avg_TCP, = 0
gpu_avg_CCP, = 0.0612847
gpu_avg_SHRDP, = 0
gpu_avg_RFP, = 2.35232
gpu_avg_SPP, = 0.724457
gpu_avg_SFUP, = 0.381845
gpu_avg_FPUP, = 0
gpu_avg_SCHEDP, = 0.0851154
gpu_avg_L2CP, = 14.4579
gpu_avg_MCP, = 2.47775
gpu_avg_NOCP, = 12.0263
gpu_avg_DRAMP, = 8.29395
gpu_avg_PIPEP, = 2.25494
gpu_avg_IDLE_COREP, = 0.631504
gpu_avg_CONST_DYNAMICP = 9.82366
gpu_avg_TOT_INST, = 1282.86
gpu_avg_FP_INT, = 1107.62
gpu_avg_IC_H, = 641.43
gpu_avg_IC_M, = 0
gpu_avg_DC_RH, = 167.57
gpu_avg_DC_RM, = 763.121
gpu_avg_DC_WH, = 1.74941
gpu_avg_DC_WM, = 305.577
gpu_avg_TC_H, = 0
gpu_avg_TC_M, = 0
gpu_avg_CC_H, = 33.8913
gpu_avg_CC_M, = 0
gpu_avg_SHRD_ACC, = 0
gpu_avg_REG_RD, = 43669.8
gpu_avg_REG_WR, = 50199.1
gpu_avg_NON_REG_OPs, = 20042.7
gpu_avg_SP_ACC, = 192027
gpu_avg_SFU_ACC, = 5640.88
gpu_avg_FPU_ACC, = 0
gpu_avg_MEM_RD, = 227.265
gpu_avg_MEM_WR, = 0
gpu_avg_MEM_PRE, = 26.9716
gpu_avg_L2_RH, = 2825.22
gpu_avg_L2_RM, = 52.8227
gpu_avg_L2_WH, = 152.066
gpu_avg_L2_WM, = 19.3381
gpu_avg_NOC_A, = 4431.2
gpu_avg_PIPE_A, = 0.088562
gpu_avg_IDLE_CORE_N, = 0.397173
gpu_avg_CONST_DYNAMICN = 0

Kernel Maximum Power Data:
kernel_max_power = 210.837
gpu_max_IBP, = 0.0225462
gpu_max_ICP, = 0.19751
gpu_max_DCP, = 4.81542
gpu_max_TCP, = 0
gpu_max_CCP, = 0
gpu_max_SHRDP, = 0
gpu_max_RFP, = 6.95957
gpu_max_SPP, = 6.42721
gpu_max_SFUP, = 5.12703
gpu_max_FPUP, = 0
gpu_max_SCHEDP, = 0.342424
gpu_max_L2CP, = 2.69713
gpu_max_MCP, = 9.75084
gpu_max_NOCP, = 12.8074
gpu_max_DRAMP, = 143.661
gpu_max_PIPEP, = 8.20548
gpu_max_IDLE_COREP, = 0
gpu_max_CONST_DYNAMICP = 9.82366
gpu_max_TOT_INST, = 4456
gpu_max_FP_INT, = 4456
gpu_max_IC_H, = 2224
gpu_max_IC_M, = 0
gpu_max_DC_RH, = 633
gpu_max_DC_RM, = 984
gpu_max_DC_WH, = 0
gpu_max_DC_WM, = 0
gpu_max_TC_H, = 0
gpu_max_TC_M, = 0
gpu_max_CC_H, = 0
gpu_max_CC_M, = 0
gpu_max_SHRD_ACC, = 0
gpu_max_REG_RD, = 160864
gpu_max_REG_WR, = 144672
gpu_max_NON_REG_OPs, = 55392
gpu_max_SP_ACC, = 1.70362e+06
gpu_max_SFU_ACC, = 75740
gpu_max_FPU_ACC, = 0
gpu_max_MEM_RD, = 3989
gpu_max_MEM_WR, = 0
gpu_max_MEM_PRE, = 150
gpu_max_L2_RH, = 0
gpu_max_L2_RM, = 962
gpu_max_L2_WH, = 132
gpu_max_L2_WM, = 0
gpu_max_NOC_A, = 4719
gpu_max_PIPE_A, = 0.322267
gpu_max_IDLE_CORE_N, = 0
gpu_max_CONST_DYNAMICN = 0

Kernel Minimum Power Data:
kernel_min_power = 35.9572
gpu_min_IBP, = 0.00348111
gpu_min_ICP, = 0.03055
gpu_min_DCP, = 0.567679
gpu_min_TCP, = 0
gpu_min_CCP, = 0
gpu_min_SHRDP, = 0
gpu_min_RFP, = 1.01078
gpu_min_SPP, = 0.284792
gpu_min_SFUP, = 0.0720249
gpu_min_FPUP, = 0
gpu_min_SCHEDP, = 0.0424187
gpu_min_L2CP, = 1.52096
gpu_min_MCP, = 1.28581
gpu_min_NOCP, = 1.19959
gpu_min_DRAMP, = 0
gpu_min_PIPEP, = 5.3062
gpu_min_IDLE_COREP, = 14.8093
gpu_min_CONST_DYNAMICP = 9.82366
gpu_min_TOT_INST, = 688
gpu_min_FP_INT, = 552
gpu_min_IC_H, = 344
gpu_min_IC_M, = 0
gpu_min_DC_RH, = 95
gpu_min_DC_RM, = 64
gpu_min_DC_WH, = 0
gpu_min_DC_WM, = 24
gpu_min_TC_H, = 0
gpu_min_TC_M, = 0
gpu_min_CC_H, = 0
gpu_min_CC_M, = 0
gpu_min_SHRD_ACC, = 0
gpu_min_REG_RD, = 21536
gpu_min_REG_WR, = 14560
gpu_min_NON_REG_OPs, = 9024
gpu_min_SP_ACC, = 75488
gpu_min_SFU_ACC, = 1064
gpu_min_FPU_ACC, = 0
gpu_min_MEM_RD, = 0
gpu_min_MEM_WR, = 0
gpu_min_MEM_PRE, = 0
gpu_min_L2_RH, = 298
gpu_min_L2_RM, = 0
gpu_min_L2_WH, = 17
gpu_min_L2_WM, = 1
gpu_min_NOC_A, = 442
gpu_min_PIPE_A, = 0.208399
gpu_min_IDLE_CORE_N, = 9.314
gpu_min_CONST_DYNAMICN = 0

Accumulative Power Statistics Over Previous Kernels:
gpu_tot_avg_power = 57.9069
gpu_tot_max_power = 210.837
gpu_tot_min_power = 15.3313


kernel_name = _Z7Kernel2PbS_S_S_i 
kernel_launch_uid = 14 

Kernel Average Power Data:
kernel_avg_power = 85.6671
gpu_avg_IBP, = 0.0428936
gpu_avg_ICP, = 0.389348
gpu_avg_DCP, = 3.71374
gpu_avg_TCP, = 0
gpu_avg_CCP, = 2.64525
gpu_avg_SHRDP, = 0
gpu_avg_RFP, = 12.1204
gpu_avg_SPP, = 11.5859
gpu_avg_SFUP, = 0
gpu_avg_FPUP, = 0
gpu_avg_SCHEDP, = 0.584092
gpu_avg_L2CP, = 12.7231
gpu_avg_MCP, = 3.23653
gpu_avg_NOCP, = 7.10412
gpu_avg_DRAMP, = 5.47247
gpu_avg_PIPEP, = 14.3371
gpu_avg_IDLE_COREP, = 1.88847
gpu_avg_CONST_DYNAMICP = 9.82366
gpu_avg_TOT_INST, = 8477.43
gpu_avg_FP_INT, = 7600.86
gpu_avg_IC_H, = 4384.14
gpu_avg_IC_M, = 0
gpu_avg_DC_RH, = 220
gpu_avg_DC_RM, = 73.4286
gpu_avg_DC_WH, = 72.5714
gpu_avg_DC_WM, = 1087.71
gpu_avg_TC_H, = 0
gpu_avg_TC_M, = 0
gpu_avg_CC_H, = 1462.86
gpu_avg_CC_M, = 0
gpu_avg_SHRD_ACC, = 0
gpu_avg_REG_RD, = 243077
gpu_avg_REG_WR, = 156667
gpu_avg_NON_REG_OPs, = 112311
gpu_avg_SP_ACC, = 3.07099e+06
gpu_avg_SFU_ACC, = 0
gpu_avg_FPU_ACC, = 0
gpu_avg_MEM_RD, = 152
gpu_avg_MEM_WR, = 0
gpu_avg_MEM_PRE, = 5.42857
gpu_avg_L2_RH, = 141.714
gpu_avg_L2_RM, = 0
gpu_avg_L2_WH, = 552.571
gpu_avg_L2_WM, = 69
gpu_avg_NOC_A, = 2617.57
gpu_avg_PIPE_A, = 0.563086
gpu_avg_IDLE_CORE_N, = 1.18771
gpu_avg_CONST_DYNAMICN = 0

Kernel Maximum Power Data:
kernel_max_power = 111.977
gpu_max_IBP, = 0.066313
gpu_max_ICP, = 0.603363
gpu_max_DCP, = 6.53333
gpu_max_TCP, = 0
gpu_max_CCP, = 3.33084
gpu_max_SHRDP, = 0
gpu_max_RFP, = 19.2256
gpu_max_SPP, = 19.7619
gpu_max_SFUP, = 0
gpu_max_FPUP, = 0
gpu_max_SCHEDP, = 0.888488
gpu_max_L2CP, = 6.92629
gpu_max_MCP, = 4.57832
gpu_max_NOCP, = 8.35102
gpu_max_DRAMP, = 11.5184
gpu_max_PIPEP, = 20.3694
gpu_max_IDLE_COREP, = 0
gpu_max_CONST_DYNAMICP = 9.82366
gpu_max_TOT_INST, = 13106
gpu_max_FP_INT, = 11562
gpu_max_IC_H, = 6794
gpu_max_IC_M, = 0
gpu_max_DC_RH, = 489
gpu_max_DC_RM, = 168
gpu_max_DC_WH, = 114
gpu_max_DC_WM, = 1727
gpu_max_TC_H, = 0
gpu_max_TC_M, = 0
gpu_max_CC_H, = 1842
gpu_max_CC_M, = 0
gpu_max_SHRD_ACC, = 0
gpu_max_REG_RD, = 426464
gpu_max_REG_WR, = 274016
gpu_max_NON_REG_OPs, = 169664
gpu_max_SP_ACC, = 5.23814e+06
gpu_max_SFU_ACC, = 0
gpu_max_FPU_ACC, = 0
gpu_max_MEM_RD, = 320
gpu_max_MEM_WR, = 0
gpu_max_MEM_PRE, = 11
gpu_max_L2_RH, = 296
gpu_max_L2_RM, = 0
gpu_max_L2_WH, = 243
gpu_max_L2_WM, = 50
gpu_max_NOC_A, = 3077
gpu_max_PIPE_A, = 0.8
gpu_max_IDLE_CORE_N, = 0
gpu_max_CONST_DYNAMICN = 0

Kernel Minimum Power Data:
kernel_min_power = 52.0616
gpu_min_IBP, = 0.0273429
gpu_min_ICP, = 0.241203
gpu_min_DCP, = 0.0409077
gpu_min_TCP, = 0
gpu_min_CCP, = 3.15544
gpu_min_SHRDP, = 0
gpu_min_RFP, = 7.84614
gpu_min_SPP, = 5.8045
gpu_min_SFUP, = 0
gpu_min_FPUP, = 0
gpu_min_SCHEDP, = 0.395985
gpu_min_L2CP, = 0.108983
gpu_min_MCP, = 1.61289
gpu_min_NOCP, = 0.0488522
gpu_min_DRAMP, = 0
gpu_min_PIPEP, = 9.83502
gpu_min_IDLE_COREP, = 13.1207
gpu_min_CONST_DYNAMICP = 9.82366
gpu_min_TOT_INST, = 5404
gpu_min_FP_INT, = 5153
gpu_min_IC_H, = 2716
gpu_min_IC_M, = 0
gpu_min_DC_RH, = 7
gpu_min_DC_RM, = 5
gpu_min_DC_WH, = 1
gpu_min_DC_WM, = 1
gpu_min_TC_H, = 0
gpu_min_TC_M, = 0
gpu_min_CC_H, = 1745
gpu_min_CC_M, = 0
gpu_min_SHRD_ACC, = 0
gpu_min_REG_RD, = 74656
gpu_min_REG_WR, = 60704
gpu_min_NON_REG_OPs, = 88640
gpu_min_SP_ACC, = 1.53856e+06
gpu_min_SFU_ACC, = 0
gpu_min_FPU_ACC, = 0
gpu_min_MEM_RD, = 0
gpu_min_MEM_WR, = 0
gpu_min_MEM_PRE, = 0
gpu_min_L2_RH, = 8
gpu_min_L2_RM, = 0
gpu_min_L2_WH, = 4
gpu_min_L2_WM, = 0
gpu_min_NOC_A, = 18
gpu_min_PIPE_A, = 0.386267
gpu_min_IDLE_CORE_N, = 8.252
gpu_min_CONST_DYNAMICN = 0

Accumulative Power Statistics Over Previous Kernels:
gpu_tot_avg_power = 58.1388
gpu_tot_max_power = 210.837
gpu_tot_min_power = 15.3313


kernel_name = _Z6KernelP4NodePiPbS2_S2_S1_i 
kernel_launch_uid = 15 

Kernel Average Power Data:
kernel_avg_power = 57.977
gpu_avg_IBP, = 0.00878362
gpu_avg_ICP, = 0.0770874
gpu_avg_DCP, = 2.71777
gpu_avg_TCP, = 0
gpu_avg_CCP, = 0.132941
gpu_avg_SHRDP, = 0
gpu_avg_RFP, = 2.68985
gpu_avg_SPP, = 1.12473
gpu_avg_SFUP, = 0.278123
gpu_avg_FPUP, = 0
gpu_avg_SCHEDP, = 0.110326
gpu_avg_L2CP, = 11.8019
gpu_avg_MCP, = 2.41372
gpu_avg_NOCP, = 11.0769
gpu_avg_DRAMP, = 12.4582
gpu_avg_PIPEP, = 2.78548
gpu_avg_IDLE_COREP, = 0.477538
gpu_avg_CONST_DYNAMICP = 9.82366
gpu_avg_TOT_INST, = 1735.98
gpu_avg_FP_INT, = 1435.68
gpu_avg_IC_H, = 868.021
gpu_avg_IC_M, = 0
gpu_avg_DC_RH, = 160.492
gpu_avg_DC_RM, = 802.595
gpu_avg_DC_WH, = 2.3641
gpu_avg_DC_WM, = 30.6103
gpu_avg_TC_H, = 0
gpu_avg_TC_M, = 0
gpu_avg_CC_H, = 73.5179
gpu_avg_CC_M, = 0
gpu_avg_SHRD_ACC, = 0
gpu_avg_REG_RD, = 49454.1
gpu_avg_REG_WR, = 56957.4
gpu_avg_NON_REG_OPs, = 23034.9
gpu_avg_SP_ACC, = 298126
gpu_avg_SFU_ACC, = 4108.62
gpu_avg_FPU_ACC, = 0
gpu_avg_MEM_RD, = 343.549
gpu_avg_MEM_WR, = 0
gpu_avg_MEM_PRE, = 27.359
gpu_avg_L2_RH, = 2866.75
gpu_avg_L2_RM, = 83.7487
gpu_avg_L2_WH, = 18.759
gpu_avg_L2_WM, = 8
gpu_avg_NOC_A, = 4081.37
gpu_avg_PIPE_A, = 0.109399
gpu_avg_IDLE_CORE_N, = 0.300338
gpu_avg_CONST_DYNAMICN = 0

Kernel Maximum Power Data:
kernel_max_power = 201.286
gpu_max_IBP, = 0.0207045
gpu_max_ICP, = 0.18179
gpu_max_DCP, = 4.06728
gpu_max_TCP, = 0
gpu_max_CCP, = 0
gpu_max_SHRDP, = 0
gpu_max_RFP, = 6.4138
gpu_max_SPP, = 5.23806
gpu_max_SFUP, = 4.39974
gpu_max_FPUP, = 0
gpu_max_SCHEDP, = 0.314452
gpu_max_L2CP, = 3.68296
gpu_max_MCP, = 9.35802
gpu_max_NOCP, = 11.5617
gpu_max_DRAMP, = 138.865
gpu_max_PIPEP, = 7.35845
gpu_max_IDLE_COREP, = 0
gpu_max_CONST_DYNAMICP = 9.82366
gpu_max_TOT_INST, = 4092
gpu_max_FP_INT, = 4092
gpu_max_IC_H, = 2047
gpu_max_IC_M, = 0
gpu_max_DC_RH, = 539
gpu_max_DC_RM, = 825
gpu_max_DC_WH, = 0
gpu_max_DC_WM, = 0
gpu_max_TC_H, = 0
gpu_max_TC_M, = 0
gpu_max_CC_H, = 0
gpu_max_CC_M, = 0
gpu_max_SHRD_ACC, = 0
gpu_max_REG_RD, = 146240
gpu_max_REG_WR, = 129888
gpu_max_NON_REG_OPs, = 51712
gpu_max_SP_ACC, = 1.38842e+06
gpu_max_SFU_ACC, = 64996
gpu_max_FPU_ACC, = 0
gpu_max_MEM_RD, = 3855
gpu_max_MEM_WR, = 0
gpu_max_MEM_PRE, = 150
gpu_max_L2_RH, = 0
gpu_max_L2_RM, = 940
gpu_max_L2_WH, = 183
gpu_max_L2_WM, = 0
gpu_max_NOC_A, = 4260
gpu_max_PIPE_A, = 0.289
gpu_max_IDLE_CORE_N, = 0
gpu_max_CONST_DYNAMICN = 0

Kernel Minimum Power Data:
kernel_min_power = 38.7229
gpu_min_IBP, = 0.00941113
gpu_min_ICP, = 0.0825917
gpu_min_DCP, = 2.45077
gpu_min_TCP, = 0
gpu_min_CCP, = 0
gpu_min_SHRDP, = 0
gpu_min_RFP, = 2.6738
gpu_min_SPP, = 0.83663
gpu_min_SFUP, = 0.0958526
gpu_min_FPUP, = 0
gpu_min_SCHEDP, = 0.113193
gpu_min_L2CP, = 8.96376
gpu_min_MCP, = 1.69972
gpu_min_NOCP, = 8.51386
gpu_min_DRAMP, = 0.745455
gpu_min_PIPEP, = 2.71422
gpu_min_IDLE_COREP, = 0
gpu_min_CONST_DYNAMICP = 9.82366
gpu_min_TOT_INST, = 1860
gpu_min_FP_INT, = 1473
gpu_min_IC_H, = 930
gpu_min_IC_M, = 0
gpu_min_DC_RH, = 217
gpu_min_DC_RM, = 614
gpu_min_DC_WH, = 0
gpu_min_DC_WM, = 36
gpu_min_TC_H, = 0
gpu_min_TC_M, = 0
gpu_min_CC_H, = 0
gpu_min_CC_M, = 0
gpu_min_SHRD_ACC, = 0
gpu_min_REG_RD, = 54464
gpu_min_REG_WR, = 52032
gpu_min_NON_REG_OPs, = 22688
gpu_min_SP_ACC, = 221760
gpu_min_SFU_ACC, = 1416
gpu_min_FPU_ACC, = 0
gpu_min_MEM_RD, = 20
gpu_min_MEM_WR, = 0
gpu_min_MEM_PRE, = 5
gpu_min_L2_RH, = 2196
gpu_min_L2_RM, = 3
gpu_min_L2_WH, = 11
gpu_min_L2_WM, = 6
gpu_min_NOC_A, = 3137
gpu_min_PIPE_A, = 0.1066
gpu_min_IDLE_CORE_N, = 0
gpu_min_CONST_DYNAMICN = 0

Accumulative Power Statistics Over Previous Kernels:
gpu_tot_avg_power = 58.1082
gpu_tot_max_power = 210.837
gpu_tot_min_power = 15.3313


kernel_name = _Z7Kernel2PbS_S_S_i 
kernel_launch_uid = 16 

Kernel Average Power Data:
kernel_avg_power = 87.5891
gpu_avg_IBP, = 0.0450044
gpu_avg_ICP, = 0.410987
gpu_avg_DCP, = 2.38127
gpu_avg_TCP, = 0
gpu_avg_CCP, = 3.70335
gpu_avg_SHRDP, = 0
gpu_avg_RFP, = 13.5717
gpu_avg_SPP, = 12.1226
gpu_avg_SFUP, = 0
gpu_avg_FPUP, = 0
gpu_avg_SCHEDP, = 0.595845
gpu_avg_L2CP, = 5.35825
gpu_avg_MCP, = 3.03509
gpu_avg_NOCP, = 3.6612
gpu_avg_DRAMP, = 12.7344
gpu_avg_PIPEP, = 16.4697
gpu_avg_IDLE_COREP, = 3.67608
gpu_avg_CONST_DYNAMICP = 9.82366
gpu_avg_TOT_INST, = 8894.6
gpu_avg_FP_INT, = 7753.8
gpu_avg_IC_H, = 4627.8
gpu_avg_IC_M, = 0
gpu_avg_DC_RH, = 307
gpu_avg_DC_RM, = 103.4
gpu_avg_DC_WH, = 69.2
gpu_avg_DC_WM, = 396.2
gpu_avg_TC_H, = 0
gpu_avg_TC_M, = 0
gpu_avg_CC_H, = 2048
gpu_avg_CC_M, = 0
gpu_avg_SHRD_ACC, = 0
gpu_avg_REG_RD, = 202003
gpu_avg_REG_WR, = 154522
gpu_avg_NON_REG_OPs, = 137741
gpu_avg_SP_ACC, = 3.21325e+06
gpu_avg_SFU_ACC, = 0
gpu_avg_FPU_ACC, = 0
gpu_avg_MEM_RD, = 355
gpu_avg_MEM_WR, = 0
gpu_avg_MEM_PRE, = 4.8
gpu_avg_L2_RH, = 26.4
gpu_avg_L2_RM, = 38.8
gpu_avg_L2_WH, = 203
gpu_avg_L2_WM, = 62.4
gpu_avg_NOC_A, = 1349
gpu_avg_PIPE_A, = 0.64684
gpu_avg_IDLE_CORE_N, = 2.312
gpu_avg_CONST_DYNAMICN = 0

Kernel Maximum Power Data:
kernel_max_power = 103.039
gpu_max_IBP, = 0.0480625
gpu_max_ICP, = 0.452833
gpu_max_DCP, = 3.25823
gpu_max_TCP, = 0
gpu_max_CCP, = 2.84803
gpu_max_SHRDP, = 0
gpu_max_RFP, = 13.6686
gpu_max_SPP, = 12.5767
gpu_max_SFUP, = 0
gpu_max_FPUP, = 0
gpu_max_SCHEDP, = 0.598012
gpu_max_L2CP, = 7.90091
gpu_max_MCP, = 3.99063
gpu_max_NOCP, = 6.18252
gpu_max_DRAMP, = 24.7914
gpu_max_PIPEP, = 16.8998
gpu_max_IDLE_COREP, = 0
gpu_max_CONST_DYNAMICP = 9.82366
gpu_max_TOT_INST, = 9499
gpu_max_FP_INT, = 7782
gpu_max_IC_H, = 5099
gpu_max_IC_M, = 0
gpu_max_DC_RH, = 298
gpu_max_DC_RM, = 91
gpu_max_DC_WH, = 135
gpu_max_DC_WM, = 767
gpu_max_TC_H, = 0
gpu_max_TC_M, = 0
gpu_max_CC_H, = 1575
gpu_max_CC_M, = 0
gpu_max_SHRD_ACC, = 0
gpu_max_REG_RD, = 242240
gpu_max_REG_WR, = 180832
gpu_max_NON_REG_OPs, = 130560
gpu_max_SP_ACC, = 3.33363e+06
gpu_max_SFU_ACC, = 0
gpu_max_FPU_ACC, = 0
gpu_max_MEM_RD, = 692
gpu_max_MEM_WR, = 0
gpu_max_MEM_PRE, = 4
gpu_max_L2_RH, = 28
gpu_max_L2_RM, = 52
gpu_max_L2_WH, = 294
gpu_max_L2_WM, = 99
gpu_max_NOC_A, = 2278
gpu_max_PIPE_A, = 0.663734
gpu_max_IDLE_CORE_N, = 0
gpu_max_CONST_DYNAMICN = 0

Kernel Minimum Power Data:
kernel_min_power = 43.8848
gpu_min_IBP, = 0.00746819
gpu_min_ICP, = 0.0668726
gpu_min_DCP, = 0.0309189
gpu_min_TCP, = 0
gpu_min_CCP, = 1.13921
gpu_min_SHRDP, = 0
gpu_min_RFP, = 1.65746
gpu_min_SPP, = 0.0446686
gpu_min_SFUP, = 0
gpu_min_FPUP, = 0
gpu_min_SCHEDP, = 0.11158
gpu_min_L2CP, = 0.141374
gpu_min_MCP, = 1.33648
gpu_min_NOCP, = 0.111275
gpu_min_DRAMP, = 0
gpu_min_PIPEP, = 11.0334
gpu_min_IDLE_COREP, = 18.3804
gpu_min_CONST_DYNAMICP = 9.82366
gpu_min_TOT_INST, = 1476
gpu_min_FP_INT, = 1452
gpu_min_IC_H, = 753
gpu_min_IC_M, = 0
gpu_min_DC_RH, = 5
gpu_min_DC_RM, = 5
gpu_min_DC_WH, = 0
gpu_min_DC_WM, = 0
gpu_min_TC_H, = 0
gpu_min_TC_M, = 0
gpu_min_CC_H, = 630
gpu_min_CC_M, = 0
gpu_min_SHRD_ACC, = 0
gpu_min_REG_RD, = 2688
gpu_min_REG_WR, = 2112
gpu_min_NON_REG_OPs, = 21728
gpu_min_SP_ACC, = 11840
gpu_min_SFU_ACC, = 0
gpu_min_FPU_ACC, = 0
gpu_min_MEM_RD, = 0
gpu_min_MEM_WR, = 0
gpu_min_MEM_PRE, = 0
gpu_min_L2_RH, = 36
gpu_min_L2_RM, = 0
gpu_min_L2_WH, = 0
gpu_min_L2_WM, = 0
gpu_min_NOC_A, = 41
gpu_min_PIPE_A, = 0.433334
gpu_min_IDLE_CORE_N, = 11.56
gpu_min_CONST_DYNAMICN = 0

Accumulative Power Statistics Over Previous Kernels:
gpu_tot_avg_power = 58.2503
gpu_tot_max_power = 210.837
gpu_tot_min_power = 15.3313


kernel_name = _Z6KernelP4NodePiPbS2_S2_S1_i 
kernel_launch_uid = 17 

Kernel Average Power Data:
kernel_avg_power = 50.6629
gpu_avg_IBP, = 0.0187367
gpu_avg_ICP, = 0.164901
gpu_avg_DCP, = 1.15791
gpu_avg_TCP, = 0
gpu_avg_CCP, = 1.12711
gpu_avg_SHRDP, = 0
gpu_avg_RFP, = 5.62218
gpu_avg_SPP, = 3.4584
gpu_avg_SFUP, = 0.55761
gpu_avg_FPUP, = 0
gpu_avg_SCHEDP, = 0.243099
gpu_avg_L2CP, = 2.73941
gpu_avg_MCP, = 2.18279
gpu_avg_NOCP, = 2.84488
gpu_avg_DRAMP, = 11.8996
gpu_avg_PIPEP, = 6.72854
gpu_avg_IDLE_COREP, = 2.0941
gpu_avg_CONST_DYNAMICP = 9.82366
gpu_avg_TOT_INST, = 3703.09
gpu_avg_FP_INT, = 3163.48
gpu_avg_IC_H, = 1856.83
gpu_avg_IC_M, = 0
gpu_avg_DC_RH, = 166.304
gpu_avg_DC_RM, = 183.783
gpu_avg_DC_WH, = 21.913
gpu_avg_DC_WM, = 31.6522
gpu_avg_TC_H, = 0
gpu_avg_TC_M, = 0
gpu_avg_CC_H, = 623.304
gpu_avg_CC_M, = 0
gpu_avg_SHRD_ACC, = 0
gpu_avg_REG_RD, = 86832.7
gpu_avg_REG_WR, = 68034.8
gpu_avg_NON_REG_OPs, = 56173.9
gpu_avg_SP_ACC, = 916694
gpu_avg_SFU_ACC, = 8237.39
gpu_avg_FPU_ACC, = 0
gpu_avg_MEM_RD, = 327
gpu_avg_MEM_WR, = 0
gpu_avg_MEM_PRE, = 33.0435
gpu_avg_L2_RH, = 415.826
gpu_avg_L2_RM, = 64.3913
gpu_avg_L2_WH, = 54.1304
gpu_avg_L2_WM, = 2.26087
gpu_avg_NOC_A, = 1048.22
gpu_avg_PIPE_A, = 0.264261
gpu_avg_IDLE_CORE_N, = 1.31704
gpu_avg_CONST_DYNAMICN = 0

Kernel Maximum Power Data:
kernel_max_power = 76.9182
gpu_max_IBP, = 0.0459324
gpu_max_ICP, = 0.401946
gpu_max_DCP, = 1.82452
gpu_max_TCP, = 0
gpu_max_CCP, = 5.09933
gpu_max_SHRDP, = 0
gpu_max_RFP, = 15.8096
gpu_max_SPP, = 12.5977
gpu_max_SFUP, = 0.491989
gpu_max_FPUP, = 0
gpu_max_SCHEDP, = 0.617607
gpu_max_L2CP, = 0.00342862
gpu_max_MCP, = 2.77397
gpu_max_NOCP, = 1.45471
gpu_max_DRAMP, = 11.2143
gpu_max_PIPEP, = 14.7593
gpu_max_IDLE_COREP, = 0
gpu_max_CONST_DYNAMICP = 9.82366
gpu_max_TOT_INST, = 9078
gpu_max_FP_INT, = 8037
gpu_max_IC_H, = 4526
gpu_max_IC_M, = 0
gpu_max_DC_RH, = 360
gpu_max_DC_RM, = 181
gpu_max_DC_WH, = 40
gpu_max_DC_WM, = 19
gpu_max_TC_H, = 0
gpu_max_TC_M, = 0
gpu_max_CC_H, = 2820
gpu_max_CC_M, = 0
gpu_max_SHRD_ACC, = 0
gpu_max_REG_RD, = 183744
gpu_max_REG_WR, = 151136
gpu_max_NON_REG_OPs, = 170784
gpu_max_SP_ACC, = 3.3392e+06
gpu_max_SFU_ACC, = 7268
gpu_max_FPU_ACC, = 0
gpu_max_MEM_RD, = 312
gpu_max_MEM_WR, = 0
gpu_max_MEM_PRE, = 8
gpu_max_L2_RH, = 0
gpu_max_L2_RM, = 24
gpu_max_L2_WH, = 0
gpu_max_L2_WM, = 0
gpu_max_NOC_A, = 536
gpu_max_PIPE_A, = 0.579667
gpu_max_IDLE_CORE_N, = 0
gpu_max_CONST_DYNAMICN = 0

Kernel Minimum Power Data:
kernel_min_power = 29.9927
gpu_min_IBP, = 0.00567704
gpu_min_ICP, = 0.0499102
gpu_min_DCP, = 0.483271
gpu_min_TCP, = 0
gpu_min_CCP, = 0
gpu_min_SHRDP, = 0
gpu_min_RFP, = 1.45907
gpu_min_SPP, = 0.490509
gpu_min_SFUP, = 0
gpu_min_FPUP, = 0
gpu_min_SCHEDP, = 0.0670861
gpu_min_L2CP, = 1.64965
gpu_min_MCP, = 1.28974
gpu_min_NOCP, = 1.41671
gpu_min_DRAMP, = 0.590439
gpu_min_PIPEP, = 5.46747
gpu_min_IDLE_COREP, = 7.19952
gpu_min_CONST_DYNAMICP = 9.82366
gpu_min_TOT_INST, = 1122
gpu_min_FP_INT, = 873
gpu_min_IC_H, = 562
gpu_min_IC_M, = 0
gpu_min_DC_RH, = 74
gpu_min_DC_RM, = 84
gpu_min_DC_WH, = 0
gpu_min_DC_WM, = 0
gpu_min_TC_H, = 0
gpu_min_TC_M, = 0
gpu_min_CC_H, = 0
gpu_min_CC_M, = 0
gpu_min_SHRD_ACC, = 0
gpu_min_REG_RD, = 31264
gpu_min_REG_WR, = 22240
gpu_min_NON_REG_OPs, = 12864
gpu_min_SP_ACC, = 130016
gpu_min_SFU_ACC, = 0
gpu_min_FPU_ACC, = 0
gpu_min_MEM_RD, = 16
gpu_min_MEM_WR, = 0
gpu_min_MEM_PRE, = 3
gpu_min_L2_RH, = 420
gpu_min_L2_RM, = 2
gpu_min_L2_WH, = 0
gpu_min_L2_WM, = 0
gpu_min_NOC_A, = 522
gpu_min_PIPE_A, = 0.214733
gpu_min_IDLE_CORE_N, = 4.528
gpu_min_CONST_DYNAMICN = 0

Accumulative Power Statistics Over Previous Kernels:
gpu_tot_avg_power = 58.0858
gpu_tot_max_power = 210.837
gpu_tot_min_power = 15.3313


kernel_name = _Z7Kernel2PbS_S_S_i 
kernel_launch_uid = 18 

Kernel Average Power Data:
kernel_avg_power = 82.6389
gpu_avg_IBP, = 0.0590978
gpu_avg_ICP, = 0.540605
gpu_avg_DCP, = 1.95848
gpu_avg_TCP, = 0
gpu_avg_CCP, = 5.86122
gpu_avg_SHRDP, = 0
gpu_avg_RFP, = 18.6337
gpu_avg_SPP, = 16.4503
gpu_avg_SFUP, = 0
gpu_avg_FPUP, = 0
gpu_avg_SCHEDP, = 0.773373
gpu_avg_L2CP, = 2.13273
gpu_avg_MCP, = 2.27177
gpu_avg_NOCP, = 1.82563
gpu_avg_DRAMP, = 0
gpu_avg_PIPEP, = 18.7076
gpu_avg_IDLE_COREP, = 3.60082
gpu_avg_CONST_DYNAMICP = 9.82366
gpu_avg_TOT_INST, = 11680
gpu_avg_FP_INT, = 10064
gpu_avg_IC_H, = 6087.33
gpu_avg_IC_M, = 0
gpu_avg_DC_RH, = 434.333
gpu_avg_DC_RM, = 148
gpu_avg_DC_WH, = 1
gpu_avg_DC_WM, = 3
gpu_avg_TC_H, = 0
gpu_avg_TC_M, = 0
gpu_avg_CC_H, = 3241.33
gpu_avg_CC_M, = 0
gpu_avg_SHRD_ACC, = 0
gpu_avg_REG_RD, = 215061
gpu_avg_REG_WR, = 189504
gpu_avg_NON_REG_OPs, = 200213
gpu_avg_SP_ACC, = 4.36036e+06
gpu_avg_SFU_ACC, = 0
gpu_avg_FPU_ACC, = 0
gpu_avg_MEM_RD, = 0
gpu_avg_MEM_WR, = 0
gpu_avg_MEM_PRE, = 0
gpu_avg_L2_RH, = 523.333
gpu_avg_L2_RM, = 0
gpu_avg_L2_WH, = 4
gpu_avg_L2_WM, = 0
gpu_avg_NOC_A, = 672.667
gpu_avg_PIPE_A, = 0.734733
gpu_avg_IDLE_CORE_N, = 2.26467
gpu_avg_CONST_DYNAMICN = 0

Kernel Maximum Power Data:
kernel_max_power = 92.1631
gpu_max_IBP, = 0.070032
gpu_max_ICP, = 0.646702
gpu_max_DCP, = 2.57542
gpu_max_TCP, = 0
gpu_max_CCP, = 6.89676
gpu_max_SHRDP, = 0
gpu_max_RFP, = 22.539
gpu_max_SPP, = 20.11
gpu_max_SFUP, = 0
gpu_max_FPUP, = 0
gpu_max_SCHEDP, = 0.896172
gpu_max_L2CP, = 3.14067
gpu_max_MCP, = 2.50608
gpu_max_NOCP, = 2.58917
gpu_max_DRAMP, = 0
gpu_max_PIPEP, = 20.3694
gpu_max_IDLE_COREP, = 0
gpu_max_CONST_DYNAMICP = 9.82366
gpu_max_TOT_INST, = 13841
gpu_max_FP_INT, = 11662
gpu_max_IC_H, = 7282
gpu_max_IC_M, = 0
gpu_max_DC_RH, = 573
gpu_max_DC_RM, = 192
gpu_max_DC_WH, = 1
gpu_max_DC_WM, = 4
gpu_max_TC_H, = 0
gpu_max_TC_M, = 0
gpu_max_CC_H, = 3814
gpu_max_CC_M, = 0
gpu_max_SHRD_ACC, = 0
gpu_max_REG_RD, = 263744
gpu_max_REG_WR, = 235872
gpu_max_NON_REG_OPs, = 240928
gpu_max_SP_ACC, = 5.33043e+06
gpu_max_SFU_ACC, = 0
gpu_max_FPU_ACC, = 0
gpu_max_MEM_RD, = 0
gpu_max_MEM_WR, = 0
gpu_max_MEM_PRE, = 0
gpu_max_L2_RH, = 780
gpu_max_L2_RM, = 0
gpu_max_L2_WH, = 4
gpu_max_L2_WM, = 0
gpu_max_NOC_A, = 954
gpu_max_PIPE_A, = 0.8
gpu_max_IDLE_CORE_N, = 0
gpu_max_CONST_DYNAMICN = 0

Kernel Minimum Power Data:
kernel_min_power = 64.1321
gpu_min_IBP, = 0.0363695
gpu_min_ICP, = 0.320331
gpu_min_DCP, = 0.809566
gpu_min_TCP, = 0
gpu_min_CCP, = 4.08489
gpu_min_SHRDP, = 0
gpu_min_RFP, = 11.19
gpu_min_SPP, = 9.10563
gpu_min_SFUP, = 0
gpu_min_FPUP, = 0
gpu_min_SCHEDP, = 0.522473
gpu_min_L2CP, = 0.0157082
gpu_min_MCP, = 1.85515
gpu_min_NOCP, = 0.181839
gpu_min_DRAMP, = 0
gpu_min_PIPEP, = 15.384
gpu_min_IDLE_COREP, = 10.8025
gpu_min_CONST_DYNAMICP = 9.82366
gpu_min_TOT_INST, = 7188
gpu_min_FP_INT, = 6799
gpu_min_IC_H, = 3607
gpu_min_IC_M, = 0
gpu_min_DC_RH, = 177
gpu_min_DC_RM, = 66
gpu_min_DC_WH, = 0
gpu_min_DC_WM, = 0
gpu_min_TC_H, = 0
gpu_min_TC_M, = 0
gpu_min_CC_H, = 2259
gpu_min_CC_M, = 0
gpu_min_SHRD_ACC, = 0
gpu_min_REG_RD, = 119520
gpu_min_REG_WR, = 96384
gpu_min_NON_REG_OPs, = 123520
gpu_min_SP_ACC, = 2.41357e+06
gpu_min_SFU_ACC, = 0
gpu_min_FPU_ACC, = 0
gpu_min_MEM_RD, = 0
gpu_min_MEM_WR, = 0
gpu_min_MEM_PRE, = 0
gpu_min_L2_RH, = 4
gpu_min_L2_RM, = 0
gpu_min_L2_WH, = 0
gpu_min_L2_WM, = 0
gpu_min_NOC_A, = 67
gpu_min_PIPE_A, = 0.6042
gpu_min_IDLE_CORE_N, = 6.794
gpu_min_CONST_DYNAMICN = 0

Accumulative Power Statistics Over Previous Kernels:
gpu_tot_avg_power = 58.155
gpu_tot_max_power = 210.837
gpu_tot_min_power = 15.3313


kernel_name = _Z6KernelP4NodePiPbS2_S2_S1_i 
kernel_launch_uid = 19 

Kernel Average Power Data:
kernel_avg_power = 64.4467
gpu_avg_IBP, = 0.0414697
gpu_avg_ICP, = 0.36811
gpu_avg_DCP, = 1.33093
gpu_avg_TCP, = 0
gpu_avg_CCP, = 4.47608
gpu_avg_SHRDP, = 0
gpu_avg_RFP, = 12.8227
gpu_avg_SPP, = 10.2675
gpu_avg_SFUP, = 0.0178708
gpu_avg_FPUP, = 0
gpu_avg_SCHEDP, = 0.534268
gpu_avg_L2CP, = 1.73784
gpu_avg_MCP, = 1.99756
gpu_avg_NOCP, = 1.47145
gpu_avg_DRAMP, = 0.198788
gpu_avg_PIPEP, = 14.7449
gpu_avg_IDLE_COREP, = 4.61365
gpu_avg_CONST_DYNAMICP = 9.82366
gpu_avg_TOT_INST, = 8196
gpu_avg_FP_INT, = 6952.5
gpu_avg_IC_H, = 4145
gpu_avg_IC_M, = 0
gpu_avg_DC_RH, = 296
gpu_avg_DC_RM, = 99.8333
gpu_avg_DC_WH, = 1.5
gpu_avg_DC_WM, = 1.5
gpu_avg_TC_H, = 0
gpu_avg_TC_M, = 0
gpu_avg_CC_H, = 2475.33
gpu_avg_CC_M, = 0
gpu_avg_SHRD_ACC, = 0
gpu_avg_REG_RD, = 134341
gpu_avg_REG_WR, = 121189
gpu_avg_NON_REG_OPs, = 140688
gpu_avg_SP_ACC, = 2.72154e+06
gpu_avg_SFU_ACC, = 264
gpu_avg_FPU_ACC, = 0
gpu_avg_MEM_RD, = 5.33333
gpu_avg_MEM_WR, = 0
gpu_avg_MEM_PRE, = 1.33333
gpu_avg_L2_RH, = 427.667
gpu_avg_L2_RM, = 1.33333
gpu_avg_L2_WH, = 3
gpu_avg_L2_WM, = 0
gpu_avg_NOC_A, = 542.167
gpu_avg_PIPE_A, = 0.5791
gpu_avg_IDLE_CORE_N, = 2.90167
gpu_avg_CONST_DYNAMICN = 0

Kernel Maximum Power Data:
kernel_max_power = 81.832
gpu_max_IBP, = 0.0617795
gpu_max_ICP, = 0.542085
gpu_max_DCP, = 2.00241
gpu_max_TCP, = 0
gpu_max_CCP, = 7.22406
gpu_max_SHRDP, = 0
gpu_max_RFP, = 19.9134
gpu_max_SPP, = 15.9281
gpu_max_SFUP, = 0.00595694
gpu_max_FPUP, = 0
gpu_max_SCHEDP, = 0.818405
gpu_max_L2CP, = 1.90452
gpu_max_MCP, = 2.46165
gpu_max_NOCP, = 1.71526
gpu_max_DRAMP, = 0
gpu_max_PIPEP, = 19.4307
gpu_max_IDLE_COREP, = 0
gpu_max_CONST_DYNAMICP = 9.82366
gpu_max_TOT_INST, = 12210
gpu_max_FP_INT, = 10650
gpu_max_IC_H, = 6104
gpu_max_IC_M, = 0
gpu_max_DC_RH, = 445
gpu_max_DC_RM, = 153
gpu_max_DC_WH, = 1
gpu_max_DC_WM, = 0
gpu_max_TC_H, = 0
gpu_max_TC_M, = 0
gpu_max_CC_H, = 3995
gpu_max_CC_M, = 0
gpu_max_SHRD_ACC, = 0
gpu_max_REG_RD, = 211104
gpu_max_REG_WR, = 182848
gpu_max_NON_REG_OPs, = 218752
gpu_max_SP_ACC, = 4.22195e+06
gpu_max_SFU_ACC, = 88
gpu_max_FPU_ACC, = 0
gpu_max_MEM_RD, = 0
gpu_max_MEM_WR, = 0
gpu_max_MEM_PRE, = 0
gpu_max_L2_RH, = 480
gpu_max_L2_RM, = 1
gpu_max_L2_WH, = 1
gpu_max_L2_WM, = 0
gpu_max_NOC_A, = 632
gpu_max_PIPE_A, = 0.763133
gpu_max_IDLE_CORE_N, = 0
gpu_max_CONST_DYNAMICN = 0

Kernel Minimum Power Data:
kernel_min_power = 38.8836
gpu_min_IBP, = 0.000263107
gpu_min_ICP, = 0.00230901
gpu_min_DCP, = 0.0226364
gpu_min_TCP, = 0
gpu_min_CCP, = 0
gpu_min_SHRDP, = 0
gpu_min_RFP, = 0.0736942
gpu_min_SPP, = 0.0347691
gpu_min_SFUP, = 0.0238278
gpu_min_FPUP, = 0
gpu_min_SCHEDP, = 0.00345805
gpu_min_L2CP, = 0.0980757
gpu_min_MCP, = 1.18835
gpu_min_NOCP, = 0.0841344
gpu_min_DRAMP, = 0.143166
gpu_min_PIPEP, = 7.9237
gpu_min_IDLE_COREP, = 19.4616
gpu_min_CONST_DYNAMICP = 9.82366
gpu_min_TOT_INST, = 52
gpu_min_FP_INT, = 45
gpu_min_IC_H, = 26
gpu_min_IC_M, = 0
gpu_min_DC_RH, = 2
gpu_min_DC_RM, = 6
gpu_min_DC_WH, = 0
gpu_min_DC_WM, = 0
gpu_min_TC_H, = 0
gpu_min_TC_M, = 0
gpu_min_CC_H, = 0
gpu_min_CC_M, = 0
gpu_min_SHRD_ACC, = 0
gpu_min_REG_RD, = 1728
gpu_min_REG_WR, = 1312
gpu_min_NON_REG_OPs, = 608
gpu_min_SP_ACC, = 9216
gpu_min_SFU_ACC, = 352
gpu_min_FPU_ACC, = 0
gpu_min_MEM_RD, = 4
gpu_min_MEM_WR, = 0
gpu_min_MEM_PRE, = 0
gpu_min_L2_RH, = 20
gpu_min_L2_RM, = 1
gpu_min_L2_WH, = 1
gpu_min_L2_WM, = 0
gpu_min_NOC_A, = 31
gpu_min_PIPE_A, = 0.3112
gpu_min_IDLE_CORE_N, = 12.24
gpu_min_CONST_DYNAMICN = 0

Accumulative Power Statistics Over Previous Kernels:
gpu_tot_avg_power = 58.1903
gpu_tot_max_power = 210.837
gpu_tot_min_power = 15.3313


kernel_name = _Z7Kernel2PbS_S_S_i 
kernel_launch_uid = 20 

Kernel Average Power Data:
kernel_avg_power = 81.7564
gpu_avg_IBP, = 0.0588718
gpu_avg_ICP, = 0.538948
gpu_avg_DCP, = 1.93681
gpu_avg_TCP, = 0
gpu_avg_CCP, = 5.82867
gpu_avg_SHRDP, = 0
gpu_avg_RFP, = 18.552
gpu_avg_SPP, = 16.4026
gpu_avg_SFUP, = 0
gpu_avg_FPUP, = 0
gpu_avg_SCHEDP, = 0.769659
gpu_avg_L2CP, = 2.05254
gpu_avg_MCP, = 2.26161
gpu_avg_NOCP, = 1.79758
gpu_avg_DRAMP, = 0
gpu_avg_PIPEP, = 18.088
gpu_avg_IDLE_COREP, = 3.64534
gpu_avg_CONST_DYNAMICP = 9.82366
gpu_avg_TOT_INST, = 11635.3
gpu_avg_FP_INT, = 10015.7
gpu_avg_IC_H, = 6068.67
gpu_avg_IC_M, = 0
gpu_avg_DC_RH, = 431.667
gpu_avg_DC_RM, = 146.333
gpu_avg_DC_WH, = 0
gpu_avg_DC_WM, = 0
gpu_avg_TC_H, = 0
gpu_avg_TC_M, = 0
gpu_avg_CC_H, = 3223.33
gpu_avg_CC_M, = 0
gpu_avg_SHRD_ACC, = 0
gpu_avg_REG_RD, = 213899
gpu_avg_REG_WR, = 188629
gpu_avg_NON_REG_OPs, = 199371
gpu_avg_SP_ACC, = 4.34773e+06
gpu_avg_SFU_ACC, = 0
gpu_avg_FPU_ACC, = 0
gpu_avg_MEM_RD, = 0
gpu_avg_MEM_WR, = 0
gpu_avg_MEM_PRE, = 0
gpu_avg_L2_RH, = 522.667
gpu_avg_L2_RM, = 0
gpu_avg_L2_WH, = 0
gpu_avg_L2_WM, = 0
gpu_avg_NOC_A, = 662.333
gpu_avg_PIPE_A, = 0.7104
gpu_avg_IDLE_CORE_N, = 2.29267
gpu_avg_CONST_DYNAMICN = 0

Kernel Maximum Power Data:
kernel_max_power = 92.4771
gpu_max_IBP, = 0.0702698
gpu_max_ICP, = 0.648655
gpu_max_DCP, = 2.49962
gpu_max_TCP, = 0
gpu_max_CCP, = 6.86783
gpu_max_SHRDP, = 0
gpu_max_RFP, = 22.7283
gpu_max_SPP, = 20.676
gpu_max_SFUP, = 0
gpu_max_FPUP, = 0
gpu_max_SCHEDP, = 0.897018
gpu_max_L2CP, = 2.90602
gpu_max_MCP, = 2.48797
gpu_max_NOCP, = 2.50232
gpu_max_DRAMP, = 0
gpu_max_PIPEP, = 20.3694
gpu_max_IDLE_COREP, = 0
gpu_max_CONST_DYNAMICP = 9.82366
gpu_max_TOT_INST, = 13888
gpu_max_FP_INT, = 11673
gpu_max_IC_H, = 7304
gpu_max_IC_M, = 0
gpu_max_DC_RH, = 557
gpu_max_DC_RM, = 189
gpu_max_DC_WH, = 0
gpu_max_DC_WM, = 0
gpu_max_TC_H, = 0
gpu_max_TC_M, = 0
gpu_max_CC_H, = 3798
gpu_max_CC_M, = 0
gpu_max_SHRD_ACC, = 0
gpu_max_REG_RD, = 270080
gpu_max_REG_WR, = 240288
gpu_max_NON_REG_OPs, = 242112
gpu_max_SP_ACC, = 5.48045e+06
gpu_max_SFU_ACC, = 0
gpu_max_FPU_ACC, = 0
gpu_max_MEM_RD, = 0
gpu_max_MEM_WR, = 0
gpu_max_MEM_PRE, = 0
gpu_max_L2_RH, = 740
gpu_max_L2_RM, = 0
gpu_max_L2_WH, = 0
gpu_max_L2_WM, = 0
gpu_max_NOC_A, = 922
gpu_max_PIPE_A, = 0.8
gpu_max_IDLE_CORE_N, = 0
gpu_max_CONST_DYNAMICN = 0

Kernel Minimum Power Data:
kernel_min_power = 60.6267
gpu_min_IBP, = 0.0344265
gpu_min_ICP, = 0.303458
gpu_min_DCP, = 0.695579
gpu_min_TCP, = 0
gpu_min_CCP, = 3.9113
gpu_min_SHRDP, = 0
gpu_min_RFP, = 10.5375
gpu_min_SPP, = 8.35037
gpu_min_SFUP, = 0
gpu_min_FPUP, = 0
gpu_min_SCHEDP, = 0.49573
gpu_min_L2CP, = 0.0314165
gpu_min_MCP, = 1.81365
gpu_min_NOCP, = 0.168269
gpu_min_DRAMP, = 0
gpu_min_PIPEP, = 13.5253
gpu_min_IDLE_COREP, = 10.936
gpu_min_CONST_DYNAMICP = 9.82366
gpu_min_TOT_INST, = 6804
gpu_min_FP_INT, = 6451
gpu_min_IC_H, = 3417
gpu_min_IC_M, = 0
gpu_min_DC_RH, = 154
gpu_min_DC_RM, = 54
gpu_min_DC_WH, = 0
gpu_min_DC_WM, = 0
gpu_min_TC_H, = 0
gpu_min_TC_M, = 0
gpu_min_CC_H, = 2163
gpu_min_CC_M, = 0
gpu_min_SHRD_ACC, = 0
gpu_min_REG_RD, = 109536
gpu_min_REG_WR, = 88736
gpu_min_NON_REG_OPs, = 116960
gpu_min_SP_ACC, = 2.21338e+06
gpu_min_SFU_ACC, = 0
gpu_min_FPU_ACC, = 0
gpu_min_MEM_RD, = 0
gpu_min_MEM_WR, = 0
gpu_min_MEM_PRE, = 0
gpu_min_L2_RH, = 8
gpu_min_L2_RM, = 0
gpu_min_L2_WH, = 0
gpu_min_L2_WM, = 0
gpu_min_NOC_A, = 62
gpu_min_PIPE_A, = 0.5312
gpu_min_IDLE_CORE_N, = 6.878
gpu_min_CONST_DYNAMICN = 0

Accumulative Power Statistics Over Previous Kernels:
gpu_tot_avg_power = 58.2562
gpu_tot_max_power = 210.837
gpu_tot_min_power = 15.3313


