kernel_name = _Z6KernelP4NodePiPbS2_S2_S1_i 
kernel_launch_uid = 1 

Kernel Average Power Data:
kernel_avg_power = 62.0759
gpu_avg_IBP, = 0.0326946
gpu_avg_ICP, = 0.893418
gpu_avg_DCP, = 1.0045
gpu_avg_TCP, = 0
gpu_avg_CCP, = 3.66737
gpu_avg_SHRDP, = 0
gpu_avg_RFP, = 10.2126
gpu_avg_SPP, = 7.9221
gpu_avg_SFUP, = 0.00850992
gpu_avg_FPUP, = 0
gpu_avg_SCHEDP, = 0.406392
gpu_avg_L2CP, = 1.31301
gpu_avg_MCP, = 1.84222
gpu_avg_NOCP, = 1.12942
gpu_avg_DRAMP, = 0.135479
gpu_avg_PIPEP, = 14.8059
gpu_avg_IDLE_COREP, = 8.87856
gpu_avg_CONST_DYNAMICP = 9.82366
gpu_avg_TOT_INST, = 4523.2
gpu_avg_FP_INT, = 3701.9
gpu_avg_IC_H, = 2117.6
gpu_avg_IC_M, = 144
gpu_avg_DC_RH, = 156.4
gpu_avg_DC_RM, = 52.2
gpu_avg_DC_WH, = 0.1
gpu_avg_DC_WM, = 1.4
gpu_avg_TC_H, = 0
gpu_avg_TC_M, = 0
gpu_avg_CC_H, = 1385.6
gpu_avg_CC_M, = 48
gpu_avg_SHRD_ACC, = 0
gpu_avg_REG_RD, = 72732.8
gpu_avg_REG_WR, = 65891.2
gpu_avg_NON_REG_OPs, = 78921.6
gpu_avg_SP_ACC, = 1.4699e+06
gpu_avg_SFU_ACC, = 88
gpu_avg_FPU_ACC, = 0
gpu_avg_MEM_RD, = 2.6
gpu_avg_MEM_WR, = 0
gpu_avg_MEM_PRE, = 0.3
gpu_avg_L2_RH, = 227.6
gpu_avg_L2_RM, = 0.7
gpu_avg_L2_WH, = 1.3
gpu_avg_L2_WM, = 0
gpu_avg_NOC_A, = 291.3
gpu_avg_PIPE_A, = 0.407047
gpu_avg_IDLE_CORE_N, = 5.584
gpu_avg_CONST_DYNAMICN = 0

Kernel Maximum Power Data:
kernel_max_power = 114.037
gpu_max_IBP, = 0.0886034
gpu_max_ICP, = 0.777579
gpu_max_DCP, = 2.65971
gpu_max_TCP, = 0
gpu_max_CCP, = 10.6172
gpu_max_SHRDP, = 0
gpu_max_RFP, = 29.2673
gpu_max_SPP, = 23.3643
gpu_max_SFUP, = 0.0170198
gpu_max_FPUP, = 0
gpu_max_SCHEDP, = 1.12677
gpu_max_L2CP, = 2.60349
gpu_max_MCP, = 3.03352
gpu_max_NOCP, = 2.36507
gpu_max_DRAMP, = 0.204523
gpu_max_PIPEP, = 28.0879
gpu_max_IDLE_COREP, = 0
gpu_max_CONST_DYNAMICP = 9.82366
gpu_max_TOT_INST, = 12258
gpu_max_FP_INT, = 10264
gpu_max_IC_H, = 6129
gpu_max_IC_M, = 0
gpu_max_DC_RH, = 414
gpu_max_DC_RM, = 142
gpu_max_DC_WH, = 0
gpu_max_DC_WM, = 0
gpu_max_TC_H, = 0
gpu_max_TC_M, = 0
gpu_max_CC_H, = 4110
gpu_max_CC_M, = 0
gpu_max_SHRD_ACC, = 0
gpu_max_REG_RD, = 215840
gpu_max_REG_WR, = 184352
gpu_max_NON_REG_OPs, = 225664
gpu_max_SP_ACC, = 4.3351e+06
gpu_max_SFU_ACC, = 176
gpu_max_FPU_ACC, = 0
gpu_max_MEM_RD, = 4
gpu_max_MEM_WR, = 0
gpu_max_MEM_PRE, = 0
gpu_max_L2_RH, = 464
gpu_max_L2_RM, = 2
gpu_max_L2_WH, = 0
gpu_max_L2_WM, = 0
gpu_max_NOC_A, = 610
gpu_max_PIPE_A, = 0.7722
gpu_max_IDLE_CORE_N, = 0
gpu_max_CONST_DYNAMICN = 0

Kernel Minimum Power Data:
kernel_min_power = 17.0509
gpu_min_IBP, = 0.0108423
gpu_min_ICP, = 2.11679
gpu_min_DCP, = 0
gpu_min_TCP, = 0
gpu_min_CCP, = 0.880191
gpu_min_SHRDP, = 0
gpu_min_RFP, = 1.73013
gpu_min_SPP, = 0
gpu_min_SFUP, = 0
gpu_min_FPUP, = 0
gpu_min_SCHEDP, = 0.164669
gpu_min_L2CP, = 0.348233
gpu_min_MCP, = 1.37525
gpu_min_NOCP, = 0.348944
gpu_min_DRAMP, = 0.204523
gpu_min_PIPEP, = 0
gpu_min_IDLE_COREP, = 0.0476996
gpu_min_CONST_DYNAMICP = 9.82366
gpu_min_TOT_INST, = 1500
gpu_min_FP_INT, = 1500
gpu_min_IC_H, = 270
gpu_min_IC_M, = 480
gpu_min_DC_RH, = 0
gpu_min_DC_RM, = 0
gpu_min_DC_WH, = 0
gpu_min_DC_WM, = 0
gpu_min_TC_H, = 0
gpu_min_TC_M, = 0
gpu_min_CC_H, = 0
gpu_min_CC_M, = 480
gpu_min_SHRD_ACC, = 0
gpu_min_REG_RD, = 0
gpu_min_REG_WR, = 0
gpu_min_NON_REG_OPs, = 16320
gpu_min_SP_ACC, = 0
gpu_min_SFU_ACC, = 0
gpu_min_FPU_ACC, = 0
gpu_min_MEM_RD, = 4
gpu_min_MEM_WR, = 0
gpu_min_MEM_PRE, = 0
gpu_min_L2_RH, = 62
gpu_min_L2_RM, = 2
gpu_min_L2_WH, = 0
gpu_min_L2_WM, = 0
gpu_min_NOC_A, = 90
gpu_min_PIPE_A, = 0
gpu_min_IDLE_CORE_N, = 0.0299997
gpu_min_CONST_DYNAMICN = 0

Accumulative Power Statistics Over Previous Kernels:
gpu_tot_avg_power = 62.0759
gpu_tot_max_power = 114.037
gpu_tot_min_power = 17.0509


kernel_name = _Z7Kernel2PbS_S_S_i 
kernel_launch_uid = 2 

Kernel Average Power Data:
kernel_avg_power = 82.1602
gpu_avg_IBP, = 0.0555127
gpu_avg_ICP, = 1.31938
gpu_avg_DCP, = 1.95039
gpu_avg_TCP, = 0
gpu_avg_CCP, = 5.29049
gpu_avg_SHRDP, = 0
gpu_avg_RFP, = 17.3911
gpu_avg_SPP, = 15.6234
gpu_avg_SFUP, = 0.00170198
gpu_avg_FPUP, = 0
gpu_avg_SCHEDP, = 0.716573
gpu_avg_L2CP, = 2.41271
gpu_avg_MCP, = 2.19917
gpu_avg_NOCP, = 2.00759
gpu_avg_DRAMP, = 0.0818091
gpu_avg_PIPEP, = 19.428
gpu_avg_IDLE_COREP, = 3.85861
gpu_avg_CONST_DYNAMICP = 9.82366
gpu_avg_TOT_INST, = 7680
gpu_avg_FP_INT, = 6527.4
gpu_avg_IC_H, = 3833.6
gpu_avg_IC_M, = 192
gpu_avg_DC_RH, = 302.4
gpu_avg_DC_RM, = 101.8
gpu_avg_DC_WH, = 1.2
gpu_avg_DC_WM, = 4
gpu_avg_TC_H, = 0
gpu_avg_TC_M, = 0
gpu_avg_CC_H, = 2048
gpu_avg_CC_M, = 0
gpu_avg_SHRD_ACC, = 0
gpu_avg_REG_RD, = 143469
gpu_avg_REG_WR, = 127462
gpu_avg_NON_REG_OPs, = 129984
gpu_avg_SP_ACC, = 2.89884e+06
gpu_avg_SFU_ACC, = 17.6
gpu_avg_FPU_ACC, = 0
gpu_avg_MEM_RD, = 1.6
gpu_avg_MEM_WR, = 0
gpu_avg_MEM_PRE, = 0
gpu_avg_L2_RH, = 402.4
gpu_avg_L2_RM, = 0.4
gpu_avg_L2_WH, = 5.6
gpu_avg_L2_WM, = 0
gpu_avg_NOC_A, = 517.8
gpu_avg_PIPE_A, = 0.53412
gpu_avg_IDLE_CORE_N, = 2.4268
gpu_avg_CONST_DYNAMICN = 0

Kernel Maximum Power Data:
kernel_max_power = 120.396
gpu_max_IBP, = 0.0987084
gpu_max_ICP, = 0.894426
gpu_max_DCP, = 2.87927
gpu_max_TCP, = 0
gpu_max_CCP, = 10.6611
gpu_max_SHRDP, = 0
gpu_max_RFP, = 31.1884
gpu_max_SPP, = 26.0602
gpu_max_SFUP, = 0
gpu_max_FPUP, = 0
gpu_max_SCHEDP, = 1.30253
gpu_max_L2CP, = 2.89624
gpu_max_MCP, = 3.07251
gpu_max_NOCP, = 2.41935
gpu_max_DRAMP, = 0
gpu_max_PIPEP, = 29.0991
gpu_max_IDLE_COREP, = 0
gpu_max_CONST_DYNAMICP = 9.82366
gpu_max_TOT_INST, = 13656
gpu_max_FP_INT, = 11865
gpu_max_IC_H, = 7050
gpu_max_IC_M, = 0
gpu_max_DC_RH, = 443
gpu_max_DC_RM, = 151
gpu_max_DC_WH, = 3
gpu_max_DC_WM, = 10
gpu_max_TC_H, = 0
gpu_max_TC_M, = 0
gpu_max_CC_H, = 4127
gpu_max_CC_M, = 0
gpu_max_SHRD_ACC, = 0
gpu_max_REG_RD, = 233024
gpu_max_REG_WR, = 203808
gpu_max_NON_REG_OPs, = 239232
gpu_max_SP_ACC, = 4.83533e+06
gpu_max_SFU_ACC, = 0
gpu_max_FPU_ACC, = 0
gpu_max_MEM_RD, = 0
gpu_max_MEM_WR, = 0
gpu_max_MEM_PRE, = 0
gpu_max_L2_RH, = 457
gpu_max_L2_RM, = 0
gpu_max_L2_WH, = 12
gpu_max_L2_WM, = 0
gpu_max_NOC_A, = 624
gpu_max_PIPE_A, = 0.8
gpu_max_IDLE_CORE_N, = 0
gpu_max_CONST_DYNAMICN = 0

Kernel Minimum Power Data:
kernel_min_power = 49.6484
gpu_min_IBP, = 0.0144275
gpu_min_ICP, = 0.128518
gpu_min_DCP, = 0.0262866
gpu_min_TCP, = 0
gpu_min_CCP, = 2.40242
gpu_min_SHRDP, = 0
gpu_min_RFP, = 3.24988
gpu_min_SPP, = 0.00827835
gpu_min_SFUP, = 0.00850992
gpu_min_FPUP, = 0
gpu_min_SCHEDP, = 0.2189
gpu_min_L2CP, = 0.13325
gpu_min_MCP, = 1.50928
gpu_min_NOCP, = 0.0426488
gpu_min_DRAMP, = 0
gpu_min_PIPEP, = 12.7988
gpu_min_IDLE_COREP, = 19.2835
gpu_min_CONST_DYNAMICP = 9.82366
gpu_min_TOT_INST, = 1996
gpu_min_FP_INT, = 1994
gpu_min_IC_H, = 1013
gpu_min_IC_M, = 0
gpu_min_DC_RH, = 3
gpu_min_DC_RM, = 1
gpu_min_DC_WH, = 0
gpu_min_DC_WM, = 2
gpu_min_TC_H, = 0
gpu_min_TC_M, = 0
gpu_min_CC_H, = 930
gpu_min_CC_M, = 0
gpu_min_SHRD_ACC, = 0
gpu_min_REG_RD, = 640
gpu_min_REG_WR, = 352
gpu_min_NON_REG_OPs, = 30528
gpu_min_SP_ACC, = 1536
gpu_min_SFU_ACC, = 88
gpu_min_FPU_ACC, = 0
gpu_min_MEM_RD, = 0
gpu_min_MEM_WR, = 0
gpu_min_MEM_PRE, = 0
gpu_min_L2_RH, = 4
gpu_min_L2_RM, = 0
gpu_min_L2_WH, = 4
gpu_min_L2_WM, = 0
gpu_min_NOC_A, = 11
gpu_min_PIPE_A, = 0.351867
gpu_min_IDLE_CORE_N, = 12.128
gpu_min_CONST_DYNAMICN = 0

Accumulative Power Statistics Over Previous Kernels:
gpu_tot_avg_power = 68.7706
gpu_tot_max_power = 120.396
gpu_tot_min_power = 17.0509


kernel_name = _Z6KernelP4NodePiPbS2_S2_S1_i 
kernel_launch_uid = 3 

Kernel Average Power Data:
kernel_avg_power = 60.1509
gpu_avg_IBP, = 0.0282768
gpu_avg_ICP, = 0.251276
gpu_avg_DCP, = 0.966439
gpu_avg_TCP, = 0
gpu_avg_CCP, = 3.08612
gpu_avg_SHRDP, = 0
gpu_avg_RFP, = 8.7968
gpu_avg_SPP, = 6.7503
gpu_avg_SFUP, = 0.0503504
gpu_avg_FPUP, = 0
gpu_avg_SCHEDP, = 0.368227
gpu_avg_L2CP, = 1.40899
gpu_avg_MCP, = 1.76517
gpu_avg_NOCP, = 1.09336
gpu_avg_DRAMP, = 0.255653
gpu_avg_PIPEP, = 15.2934
gpu_avg_IDLE_COREP, = 10.2128
gpu_avg_CONST_DYNAMICP = 9.82366
gpu_avg_TOT_INST, = 3912
gpu_avg_FP_INT, = 3354.25
gpu_avg_IC_H, = 1963.5
gpu_avg_IC_M, = 0.5
gpu_avg_DC_RH, = 146
gpu_avg_DC_RM, = 49.6667
gpu_avg_DC_WH, = 0.833333
gpu_avg_DC_WM, = 8.33333
gpu_avg_TC_H, = 0
gpu_avg_TC_M, = 0
gpu_avg_CC_H, = 1194.67
gpu_avg_CC_M, = 0
gpu_avg_SHRD_ACC, = 0
gpu_avg_REG_RD, = 64594.7
gpu_avg_REG_WR, = 56722.7
gpu_avg_NON_REG_OPs, = 67717.3
gpu_avg_SP_ACC, = 1.25248e+06
gpu_avg_SFU_ACC, = 520.667
gpu_avg_FPU_ACC, = 0
gpu_avg_MEM_RD, = 5
gpu_avg_MEM_WR, = 0
gpu_avg_MEM_PRE, = 0
gpu_avg_L2_RH, = 206.667
gpu_avg_L2_RM, = 1.25
gpu_avg_L2_WH, = 9
gpu_avg_L2_WM, = 0
gpu_avg_NOC_A, = 282
gpu_avg_PIPE_A, = 0.420451
gpu_avg_IDLE_CORE_N, = 6.42317
gpu_avg_CONST_DYNAMICN = 0

Kernel Maximum Power Data:
kernel_max_power = 111.978
gpu_max_IBP, = 0.088083
gpu_max_ICP, = 0.772885
gpu_max_DCP, = 2.76096
gpu_max_TCP, = 0
gpu_max_CCP, = 10.4053
gpu_max_SHRDP, = 0
gpu_max_RFP, = 28.4758
gpu_max_SPP, = 22.1639
gpu_max_SFUP, = 0.0170198
gpu_max_FPUP, = 0
gpu_max_SCHEDP, = 1.16322
gpu_max_L2CP, = 3.18057
gpu_max_MCP, = 3.00602
gpu_max_NOCP, = 2.66749
gpu_max_DRAMP, = 0
gpu_max_PIPEP, = 27.4526
gpu_max_IDLE_COREP, = 0
gpu_max_CONST_DYNAMICP = 9.82366
gpu_max_TOT_INST, = 12186
gpu_max_FP_INT, = 10596
gpu_max_IC_H, = 6092
gpu_max_IC_M, = 0
gpu_max_DC_RH, = 437
gpu_max_DC_RM, = 137
gpu_max_DC_WH, = 2
gpu_max_DC_WM, = 0
gpu_max_TC_H, = 0
gpu_max_TC_M, = 0
gpu_max_CC_H, = 4028
gpu_max_CC_M, = 0
gpu_max_SHRD_ACC, = 0
gpu_max_REG_RD, = 204032
gpu_max_REG_WR, = 179328
gpu_max_NON_REG_OPs, = 220384
gpu_max_SP_ACC, = 4.11238e+06
gpu_max_SFU_ACC, = 176
gpu_max_FPU_ACC, = 0
gpu_max_MEM_RD, = 0
gpu_max_MEM_WR, = 0
gpu_max_MEM_PRE, = 0
gpu_max_L2_RH, = 562
gpu_max_L2_RM, = 0
gpu_max_L2_WH, = 1
gpu_max_L2_WM, = 0
gpu_max_NOC_A, = 688
gpu_max_PIPE_A, = 0.754733
gpu_max_IDLE_CORE_N, = 0
gpu_max_CONST_DYNAMICN = 0

Kernel Minimum Power Data:
kernel_min_power = 37.517
gpu_min_IBP, = 0.00216846
gpu_min_ICP, = 0.0274538
gpu_min_DCP, = 0.240008
gpu_min_TCP, = 0
gpu_min_CCP, = 0
gpu_min_SHRDP, = 0
gpu_min_RFP, = 0.58236
gpu_min_SPP, = 0.262148
gpu_min_SFUP, = 0.110629
gpu_min_FPUP, = 0
gpu_min_SCHEDP, = 0.024371
gpu_min_L2CP, = 0.830742
gpu_min_MCP, = 1.25052
gpu_min_NOCP, = 0.492399
gpu_min_DRAMP, = 0.409045
gpu_min_PIPEP, = 9.95922
gpu_min_IDLE_COREP, = 13.5023
gpu_min_CONST_DYNAMICP = 9.82366
gpu_min_TOT_INST, = 300
gpu_min_FP_INT, = 222
gpu_min_IC_H, = 148
gpu_min_IC_M, = 2
gpu_min_DC_RH, = 29
gpu_min_DC_RM, = 11
gpu_min_DC_WH, = 0
gpu_min_DC_WM, = 14
gpu_min_TC_H, = 0
gpu_min_TC_M, = 0
gpu_min_CC_H, = 0
gpu_min_CC_M, = 0
gpu_min_SHRD_ACC, = 0
gpu_min_REG_RD, = 7680
gpu_min_REG_WR, = 5600
gpu_min_NON_REG_OPs, = 3808
gpu_min_SP_ACC, = 48640
gpu_min_SFU_ACC, = 1144
gpu_min_FPU_ACC, = 0
gpu_min_MEM_RD, = 8
gpu_min_MEM_WR, = 0
gpu_min_MEM_PRE, = 0
gpu_min_L2_RH, = 69
gpu_min_L2_RM, = 2
gpu_min_L2_WH, = 16
gpu_min_L2_WM, = 0
gpu_min_NOC_A, = 127
gpu_min_PIPE_A, = 0.273801
gpu_min_IDLE_CORE_N, = 8.492
gpu_min_CONST_DYNAMICN = 0

Accumulative Power Statistics Over Previous Kernels:
gpu_tot_avg_power = 64.9396
gpu_tot_max_power = 120.396
gpu_tot_min_power = 17.0509


kernel_name = _Z7Kernel2PbS_S_S_i 
kernel_launch_uid = 4 

Kernel Average Power Data:
kernel_avg_power = 99.9213
gpu_avg_IBP, = 0.0706738
gpu_avg_ICP, = 0.651377
gpu_avg_DCP, = 2.57216
gpu_avg_TCP, = 0
gpu_avg_CCP, = 6.61312
gpu_avg_SHRDP, = 0
gpu_avg_RFP, = 22.0211
gpu_avg_SPP, = 19.8181
gpu_avg_SFUP, = 0.00212748
gpu_avg_FPUP, = 0
gpu_avg_SCHEDP, = 0.909137
gpu_avg_L2CP, = 3.72185
gpu_avg_MCP, = 2.49845
gpu_avg_NOCP, = 2.70723
gpu_avg_DRAMP, = 0
gpu_avg_PIPEP, = 23.9522
gpu_avg_IDLE_COREP, = 4.56012
gpu_avg_CONST_DYNAMICP = 9.82366
gpu_avg_TOT_INST, = 9777.5
gpu_avg_FP_INT, = 8281.5
gpu_avg_IC_H, = 5134.25
gpu_avg_IC_M, = 0
gpu_avg_DC_RH, = 384.75
gpu_avg_DC_RM, = 128
gpu_avg_DC_WH, = 9.75
gpu_avg_DC_WM, = 31.25
gpu_avg_TC_H, = 0
gpu_avg_TC_M, = 0
gpu_avg_CC_H, = 2560
gpu_avg_CC_M, = 0
gpu_avg_SHRD_ACC, = 0
gpu_avg_REG_RD, = 184808
gpu_avg_REG_WR, = 163152
gpu_avg_NON_REG_OPs, = 163960
gpu_avg_SP_ACC, = 3.67714e+06
gpu_avg_SFU_ACC, = 22
gpu_avg_FPU_ACC, = 0
gpu_avg_MEM_RD, = 0
gpu_avg_MEM_WR, = 0
gpu_avg_MEM_PRE, = 0
gpu_avg_L2_RH, = 498
gpu_avg_L2_RM, = 0
gpu_avg_L2_WH, = 33.5
gpu_avg_L2_WM, = 0
gpu_avg_NOC_A, = 698.25
gpu_avg_PIPE_A, = 0.6585
gpu_avg_IDLE_CORE_N, = 2.868
gpu_avg_CONST_DYNAMICN = 0

Kernel Maximum Power Data:
kernel_max_power = 124.732
gpu_max_IBP, = 0.0953184
gpu_max_ICP, = 0.873112
gpu_max_DCP, = 3.57552
gpu_max_TCP, = 0
gpu_max_CCP, = 8.75205
gpu_max_SHRDP, = 0
gpu_max_RFP, = 30.9571
gpu_max_SPP, = 30.0457
gpu_max_SFUP, = 0
gpu_max_FPUP, = 0
gpu_max_SCHEDP, = 1.2236
gpu_max_L2CP, = 4.04878
gpu_max_MCP, = 2.93471
gpu_max_NOCP, = 3.30334
gpu_max_DRAMP, = 0
gpu_max_PIPEP, = 29.0991
gpu_max_IDLE_COREP, = 0
gpu_max_CONST_DYNAMICP = 9.82366
gpu_max_TOT_INST, = 13187
gpu_max_FP_INT, = 11146
gpu_max_IC_H, = 6882
gpu_max_IC_M, = 0
gpu_max_DC_RH, = 543
gpu_max_DC_RM, = 185
gpu_max_DC_WH, = 7
gpu_max_DC_WM, = 25
gpu_max_TC_H, = 0
gpu_max_TC_M, = 0
gpu_max_CC_H, = 3388
gpu_max_CC_M, = 0
gpu_max_SHRD_ACC, = 0
gpu_max_REG_RD, = 282720
gpu_max_REG_WR, = 243456
gpu_max_NON_REG_OPs, = 225760
gpu_max_SP_ACC, = 5.57482e+06
gpu_max_SFU_ACC, = 0
gpu_max_FPU_ACC, = 0
gpu_max_MEM_RD, = 0
gpu_max_MEM_WR, = 0
gpu_max_MEM_PRE, = 0
gpu_max_L2_RH, = 618
gpu_max_L2_RM, = 0
gpu_max_L2_WH, = 21
gpu_max_L2_WM, = 0
gpu_max_NOC_A, = 852
gpu_max_PIPE_A, = 0.8
gpu_max_IDLE_CORE_N, = 0
gpu_max_CONST_DYNAMICN = 0

Kernel Minimum Power Data:
kernel_min_power = 56.6603
gpu_min_IBP, = 0.0245181
gpu_min_ICP, = 0.217073
gpu_min_DCP, = 0.0226191
gpu_min_TCP, = 0
gpu_min_CCP, = 3.7018
gpu_min_SHRDP, = 0
gpu_min_RFP, = 7.005
gpu_min_SPP, = 2.66839
gpu_min_SFUP, = 0.00850992
gpu_min_FPUP, = 0
gpu_min_SCHEDP, = 0.370615
gpu_min_L2CP, = 0.13325
gpu_min_MCP, = 1.68523
gpu_min_NOCP, = 0.0387716
gpu_min_DRAMP, = 0
gpu_min_PIPEP, = 14.1228
gpu_min_IDLE_COREP, = 16.8381
gpu_min_CONST_DYNAMICP = 9.82366
gpu_min_TOT_INST, = 3392
gpu_min_FP_INT, = 3376
gpu_min_IC_H, = 1711
gpu_min_IC_M, = 0
gpu_min_DC_RH, = 3
gpu_min_DC_RM, = 0
gpu_min_DC_WH, = 0
gpu_min_DC_WM, = 2
gpu_min_TC_H, = 0
gpu_min_TC_M, = 0
gpu_min_CC_H, = 1433
gpu_min_CC_M, = 0
gpu_min_SHRD_ACC, = 0
gpu_min_REG_RD, = 17024
gpu_min_REG_WR, = 16992
gpu_min_NON_REG_OPs, = 61824
gpu_min_SP_ACC, = 495104
gpu_min_SFU_ACC, = 88
gpu_min_FPU_ACC, = 0
gpu_min_MEM_RD, = 0
gpu_min_MEM_WR, = 0
gpu_min_MEM_PRE, = 0
gpu_min_L2_RH, = 4
gpu_min_L2_RM, = 0
gpu_min_L2_WH, = 4
gpu_min_L2_WM, = 0
gpu_min_NOC_A, = 10
gpu_min_PIPE_A, = 0.388267
gpu_min_IDLE_CORE_N, = 10.59
gpu_min_CONST_DYNAMICN = 0

Accumulative Power Statistics Over Previous Kernels:
gpu_tot_avg_power = 69.4534
gpu_tot_max_power = 124.732
gpu_tot_min_power = 17.0509


kernel_name = _Z6KernelP4NodePiPbS2_S2_S1_i 
kernel_launch_uid = 5 

Kernel Average Power Data:
kernel_avg_power = 42.1007
gpu_avg_IBP, = 0.0202002
gpu_avg_ICP, = 0.179551
gpu_avg_DCP, = 1.04479
gpu_avg_TCP, = 0
gpu_avg_CCP, = 1.94913
gpu_avg_SHRDP, = 0
gpu_avg_RFP, = 6.35863
gpu_avg_SPP, = 4.43237
gpu_avg_SFUP, = 0.191921
gpu_avg_FPUP, = 0
gpu_avg_SCHEDP, = 0.264533
gpu_avg_L2CP, = 2.10361
gpu_avg_MCP, = 1.68511
gpu_avg_NOCP, = 1.31048
gpu_avg_DRAMP, = 0.928335
gpu_avg_PIPEP, = 6.9418
gpu_avg_IDLE_COREP, = 4.86657
gpu_avg_CONST_DYNAMICP = 9.82366
gpu_avg_TOT_INST, = 2794.63
gpu_avg_FP_INT, = 2409.68
gpu_avg_IC_H, = 1399.05
gpu_avg_IC_M, = 0.473684
gpu_avg_DC_RH, = 142.842
gpu_avg_DC_RM, = 52.3684
gpu_avg_DC_WH, = 2.68421
gpu_avg_DC_WM, = 31.9474
gpu_avg_TC_H, = 0
gpu_avg_TC_M, = 0
gpu_avg_CC_H, = 754.526
gpu_avg_CC_M, = 0
gpu_avg_SHRD_ACC, = 0
gpu_avg_REG_RD, = 52944.8
gpu_avg_REG_WR, = 42538.1
gpu_avg_NON_REG_OPs, = 47917.5
gpu_avg_SP_ACC, = 822402
gpu_avg_SFU_ACC, = 1984.63
gpu_avg_FPU_ACC, = 0
gpu_avg_MEM_RD, = 17.8947
gpu_avg_MEM_WR, = 0
gpu_avg_MEM_PRE, = 1.57895
gpu_avg_L2_RH, = 196
gpu_avg_L2_RM, = 4.47368
gpu_avg_L2_WH, = 36.2105
gpu_avg_L2_WM, = 0
gpu_avg_NOC_A, = 338
gpu_avg_PIPE_A, = 0.190846
gpu_avg_IDLE_CORE_N, = 3.06074
gpu_avg_CONST_DYNAMICN = 0

Kernel Maximum Power Data:
kernel_max_power = 101.574
gpu_max_IBP, = 0.0775298
gpu_max_ICP, = 0.692653
gpu_max_DCP, = 2.55123
gpu_max_TCP, = 0
gpu_max_CCP, = 8.51439
gpu_max_SHRDP, = 0
gpu_max_RFP, = 24.4354
gpu_max_SPP, = 19.5159
gpu_max_SFUP, = 0.119912
gpu_max_FPUP, = 0
gpu_max_SCHEDP, = 1.00239
gpu_max_L2CP, = 3.37071
gpu_max_MCP, = 2.79982
gpu_max_NOCP, = 2.88073
gpu_max_DRAMP, = 1.43166
gpu_max_PIPEP, = 24.3584
gpu_max_IDLE_COREP, = 0
gpu_max_CONST_DYNAMICP = 9.82366
gpu_max_TOT_INST, = 10726
gpu_max_FP_INT, = 9131
gpu_max_IC_H, = 5357
gpu_max_IC_M, = 3
gpu_max_DC_RH, = 391
gpu_max_DC_RM, = 144
gpu_max_DC_WH, = 8
gpu_max_DC_WM, = 0
gpu_max_TC_H, = 0
gpu_max_TC_M, = 0
gpu_max_CC_H, = 3296
gpu_max_CC_M, = 0
gpu_max_SHRD_ACC, = 0
gpu_max_REG_RD, = 180800
gpu_max_REG_WR, = 160768
gpu_max_NON_REG_OPs, = 187552
gpu_max_SP_ACC, = 3.62106e+06
gpu_max_SFU_ACC, = 1240
gpu_max_FPU_ACC, = 0
gpu_max_MEM_RD, = 28
gpu_max_MEM_WR, = 0
gpu_max_MEM_PRE, = 0
gpu_max_L2_RH, = 561
gpu_max_L2_RM, = 9
gpu_max_L2_WH, = 8
gpu_max_L2_WM, = 0
gpu_max_NOC_A, = 743
gpu_max_PIPE_A, = 0.669667
gpu_max_IDLE_CORE_N, = 0
gpu_max_CONST_DYNAMICN = 0

Kernel Minimum Power Data:
kernel_min_power = 22.3732
gpu_min_IBP, = 0.00294911
gpu_min_ICP, = 0.0258813
gpu_min_DCP, = 0.601515
gpu_min_TCP, = 0
gpu_min_CCP, = 0
gpu_min_SHRDP, = 0
gpu_min_RFP, = 1.0436
gpu_min_SPP, = 0.20213
gpu_min_SFUP, = 0.170585
gpu_min_FPUP, = 0
gpu_min_SCHEDP, = 0.0396303
gpu_min_L2CP, = 1.5015
gpu_min_MCP, = 1.3124
gpu_min_NOCP, = 0.701766
gpu_min_DRAMP, = 0
gpu_min_PIPEP, = 2.17759
gpu_min_IDLE_COREP, = 4.77
gpu_min_CONST_DYNAMICP = 9.82366
gpu_min_TOT_INST, = 408
gpu_min_FP_INT, = 361
gpu_min_IC_H, = 204
gpu_min_IC_M, = 0
gpu_min_DC_RH, = 74
gpu_min_DC_RM, = 19
gpu_min_DC_WH, = 0
gpu_min_DC_WM, = 42
gpu_min_TC_H, = 0
gpu_min_TC_M, = 0
gpu_min_CC_H, = 0
gpu_min_CC_M, = 0
gpu_min_SHRD_ACC, = 0
gpu_min_REG_RD, = 15136
gpu_min_REG_WR, = 7872
gpu_min_NON_REG_OPs, = 6880
gpu_min_SP_ACC, = 37504
gpu_min_SFU_ACC, = 1764
gpu_min_FPU_ACC, = 0
gpu_min_MEM_RD, = 0
gpu_min_MEM_WR, = 0
gpu_min_MEM_PRE, = 0
gpu_min_L2_RH, = 80
gpu_min_L2_RM, = 0
gpu_min_L2_WH, = 38
gpu_min_L2_WM, = 0
gpu_min_NOC_A, = 181
gpu_min_PIPE_A, = 0.0598668
gpu_min_IDLE_CORE_N, = 3
gpu_min_CONST_DYNAMICN = 0

Accumulative Power Statistics Over Previous Kernels:
gpu_tot_avg_power = 59.0594
gpu_tot_max_power = 124.732
gpu_tot_min_power = 17.0509


kernel_name = _Z7Kernel2PbS_S_S_i 
kernel_launch_uid = 6 

Kernel Average Power Data:
kernel_avg_power = 92.0676
gpu_avg_IBP, = 0.0601907
gpu_avg_ICP, = 0.554189
gpu_avg_DCP, = 2.60059
gpu_avg_TCP, = 0
gpu_avg_CCP, = 5.29049
gpu_avg_SHRDP, = 0
gpu_avg_RFP, = 18.451
gpu_avg_SPP, = 16.5733
gpu_avg_SFUP, = 0.00510595
gpu_avg_FPUP, = 0
gpu_avg_SCHEDP, = 0.779213
gpu_avg_L2CP, = 8.15101
gpu_avg_MCP, = 2.47912
gpu_avg_NOCP, = 3.64453
gpu_avg_DRAMP, = 0
gpu_avg_PIPEP, = 19.4411
gpu_avg_IDLE_COREP, = 4.21414
gpu_avg_CONST_DYNAMICP = 9.82366
gpu_avg_TOT_INST, = 8327.2
gpu_avg_FP_INT, = 7098
gpu_avg_IC_H, = 4368.2
gpu_avg_IC_M, = 0
gpu_avg_DC_RH, = 309
gpu_avg_DC_RM, = 102.6
gpu_avg_DC_WH, = 43.2
gpu_avg_DC_WM, = 171.8
gpu_avg_TC_H, = 0
gpu_avg_TC_M, = 0
gpu_avg_CC_H, = 2048
gpu_avg_CC_M, = 0
gpu_avg_SHRD_ACC, = 0
gpu_avg_REG_RD, = 170291
gpu_avg_REG_WR, = 141888
gpu_avg_NON_REG_OPs, = 134675
gpu_avg_SP_ACC, = 3.07508e+06
gpu_avg_SFU_ACC, = 52.8
gpu_avg_FPU_ACC, = 0
gpu_avg_MEM_RD, = 0
gpu_avg_MEM_WR, = 0
gpu_avg_MEM_PRE, = 0
gpu_avg_L2_RH, = 412
gpu_avg_L2_RM, = 0
gpu_avg_L2_WH, = 210.8
gpu_avg_L2_WM, = 0
gpu_avg_NOC_A, = 940
gpu_avg_PIPE_A, = 0.53448
gpu_avg_IDLE_CORE_N, = 2.6504
gpu_avg_CONST_DYNAMICN = 0

Kernel Maximum Power Data:
kernel_max_power = 123.803
gpu_max_IBP, = 0.0900274
gpu_max_ICP, = 0.823506
gpu_max_DCP, = 3.22984
gpu_max_TCP, = 0
gpu_max_CCP, = 8.66938
gpu_max_SHRDP, = 0
gpu_max_RFP, = 27.9944
gpu_max_SPP, = 24.5403
gpu_max_SFUP, = 0
gpu_max_FPUP, = 0
gpu_max_SCHEDP, = 1.18408
gpu_max_L2CP, = 11.5327
gpu_max_MCP, = 3.03912
gpu_max_NOCP, = 4.71075
gpu_max_DRAMP, = 0
gpu_max_PIPEP, = 28.1655
gpu_max_IDLE_COREP, = 0
gpu_max_CONST_DYNAMICP = 9.82366
gpu_max_TOT_INST, = 12455
gpu_max_FP_INT, = 10786
gpu_max_IC_H, = 6491
gpu_max_IC_M, = 0
gpu_max_DC_RH, = 401
gpu_max_DC_RM, = 142
gpu_max_DC_WH, = 38
gpu_max_DC_WM, = 175
gpu_max_TC_H, = 0
gpu_max_TC_M, = 0
gpu_max_CC_H, = 3356
gpu_max_CC_M, = 0
gpu_max_SHRD_ACC, = 0
gpu_max_REG_RD, = 239424
gpu_max_REG_WR, = 203264
gpu_max_NON_REG_OPs, = 208288
gpu_max_SP_ACC, = 4.55331e+06
gpu_max_SFU_ACC, = 0
gpu_max_FPU_ACC, = 0
gpu_max_MEM_RD, = 0
gpu_max_MEM_WR, = 0
gpu_max_MEM_PRE, = 0
gpu_max_L2_RH, = 520
gpu_max_L2_RM, = 0
gpu_max_L2_WH, = 311
gpu_max_L2_WM, = 0
gpu_max_NOC_A, = 1215
gpu_max_PIPE_A, = 0.774333
gpu_max_IDLE_CORE_N, = 0
gpu_max_CONST_DYNAMICN = 0

Kernel Minimum Power Data:
kernel_min_power = 39.3959
gpu_min_IBP, = 0.0161767
gpu_min_ICP, = 0.143869
gpu_min_DCP, = 0.0715249
gpu_min_TCP, = 0
gpu_min_CCP, = 2.67366
gpu_min_SHRDP, = 0
gpu_min_RFP, = 3.69418
gpu_min_SPP, = 0.024835
gpu_min_SFUP, = 0.0255298
gpu_min_FPUP, = 0
gpu_min_SCHEDP, = 0.245027
gpu_min_L2CP, = 0.28894
gpu_min_MCP, = 1.55698
gpu_min_NOCP, = 0.104683
gpu_min_DRAMP, = 0
gpu_min_PIPEP, = 3.6471
gpu_min_IDLE_COREP, = 17.0798
gpu_min_CONST_DYNAMICP = 9.82366
gpu_min_TOT_INST, = 2238
gpu_min_FP_INT, = 2232
gpu_min_IC_H, = 1134
gpu_min_IC_M, = 0
gpu_min_DC_RH, = 9
gpu_min_DC_RM, = 1
gpu_min_DC_WH, = 0
gpu_min_DC_WM, = 6
gpu_min_TC_H, = 0
gpu_min_TC_M, = 0
gpu_min_CC_H, = 1035
gpu_min_CC_M, = 0
gpu_min_SHRD_ACC, = 0
gpu_min_REG_RD, = 1920
gpu_min_REG_WR, = 1056
gpu_min_NON_REG_OPs, = 34464
gpu_min_SP_ACC, = 4608
gpu_min_SFU_ACC, = 264
gpu_min_FPU_ACC, = 0
gpu_min_MEM_RD, = 0
gpu_min_MEM_WR, = 0
gpu_min_MEM_PRE, = 0
gpu_min_L2_RH, = 12
gpu_min_L2_RM, = 0
gpu_min_L2_WH, = 8
gpu_min_L2_WM, = 0
gpu_min_NOC_A, = 27
gpu_min_PIPE_A, = 0.100267
gpu_min_IDLE_CORE_N, = 10.742
gpu_min_CONST_DYNAMICN = 0

Accumulative Power Statistics Over Previous Kernels:
gpu_tot_avg_power = 62.0601
gpu_tot_max_power = 124.732
gpu_tot_min_power = 17.0509


kernel_name = _Z6KernelP4NodePiPbS2_S2_S1_i 
kernel_launch_uid = 7 

Kernel Average Power Data:
kernel_avg_power = 40.7189
gpu_avg_IBP, = 0.0169081
gpu_avg_ICP, = 0.148388
gpu_avg_DCP, = 1.83896
gpu_avg_TCP, = 0
gpu_avg_CCP, = 0.949576
gpu_avg_SHRDP, = 0
gpu_avg_RFP, = 5.47634
gpu_avg_SPP, = 2.73127
gpu_avg_SFUP, = 0.556011
gpu_avg_FPUP, = 0
gpu_avg_SCHEDP, = 0.222601
gpu_avg_L2CP, = 4.41386
gpu_avg_MCP, = 1.84825
gpu_avg_NOCP, = 2.42641
gpu_avg_DRAMP, = 2.95689
gpu_avg_PIPEP, = 5.50116
gpu_avg_IDLE_COREP, = 1.8086
gpu_avg_CONST_DYNAMICP = 9.82366
gpu_avg_TOT_INST, = 2339.18
gpu_avg_FP_INT, = 2027.72
gpu_avg_IC_H, = 1169.62
gpu_avg_IC_M, = 0
gpu_avg_DC_RH, = 229.487
gpu_avg_DC_RM, = 84.3077
gpu_avg_DC_WH, = 5.82051
gpu_avg_DC_WM, = 96.0513
gpu_avg_TC_H, = 0
gpu_avg_TC_M, = 0
gpu_avg_CC_H, = 367.59
gpu_avg_CC_M, = 0
gpu_avg_SHRD_ACC, = 0
gpu_avg_REG_RD, = 61301.3
gpu_avg_REG_WR, = 40571.1
gpu_avg_NON_REG_OPs, = 38671.6
gpu_avg_SP_ACC, = 506771
gpu_avg_SFU_ACC, = 5749.64
gpu_avg_FPU_ACC, = 0
gpu_avg_MEM_RD, = 56.7179
gpu_avg_MEM_WR, = 0
gpu_avg_MEM_PRE, = 6.71795
gpu_avg_L2_RH, = 280.41
gpu_avg_L2_RM, = 14.1795
gpu_avg_L2_WH, = 102.385
gpu_avg_L2_WM, = 0.0512821
gpu_avg_NOC_A, = 625.821
gpu_avg_PIPE_A, = 0.151239
gpu_avg_IDLE_CORE_N, = 1.13749
gpu_avg_CONST_DYNAMICN = 0

Kernel Maximum Power Data:
kernel_max_power = 88.9555
gpu_max_IBP, = 0.0628854
gpu_max_ICP, = 0.553783
gpu_max_DCP, = 1.73252
gpu_max_TCP, = 0
gpu_max_CCP, = 8.66938
gpu_max_SHRDP, = 0
gpu_max_RFP, = 21.3527
gpu_max_SPP, = 15.4676
gpu_max_SFUP, = 0.0170198
gpu_max_FPUP, = 0
gpu_max_SCHEDP, = 0.882955
gpu_max_L2CP, = 1.69642
gpu_max_MCP, = 2.619
gpu_max_NOCP, = 1.0352
gpu_max_DRAMP, = 0
gpu_max_PIPEP, = 18.5361
gpu_max_IDLE_COREP, = 6.50628
gpu_max_CONST_DYNAMICP = 9.82366
gpu_max_TOT_INST, = 8700
gpu_max_FP_INT, = 8043
gpu_max_IC_H, = 4365
gpu_max_IC_M, = 0
gpu_max_DC_RH, = 270
gpu_max_DC_RM, = 90
gpu_max_DC_WH, = 1
gpu_max_DC_WM, = 2
gpu_max_TC_H, = 0
gpu_max_TC_M, = 0
gpu_max_CC_H, = 3356
gpu_max_CC_M, = 0
gpu_max_SHRD_ACC, = 0
gpu_max_REG_RD, = 142016
gpu_max_REG_WR, = 116128
gpu_max_NON_REG_OPs, = 168832
gpu_max_SP_ACC, = 2.86992e+06
gpu_max_SFU_ACC, = 176
gpu_max_FPU_ACC, = 0
gpu_max_MEM_RD, = 0
gpu_max_MEM_WR, = 0
gpu_max_MEM_PRE, = 0
gpu_max_L2_RH, = 174
gpu_max_L2_RM, = 0
gpu_max_L2_WH, = 26
gpu_max_L2_WM, = 0
gpu_max_NOC_A, = 267
gpu_max_PIPE_A, = 0.5096
gpu_max_IDLE_CORE_N, = 4.092
gpu_max_CONST_DYNAMICN = 0

Kernel Minimum Power Data:
kernel_min_power = 26.2954
gpu_min_IBP, = 0.00585485
gpu_min_ICP, = 0.0513819
gpu_min_DCP, = 1.17225
gpu_min_TCP, = 0
gpu_min_CCP, = 0
gpu_min_SHRDP, = 0
gpu_min_RFP, = 1.92186
gpu_min_SPP, = 0.431336
gpu_min_SFUP, = 0.264194
gpu_min_FPUP, = 0
gpu_min_SCHEDP, = 0.0751988
gpu_min_L2CP, = 3.15729
gpu_min_MCP, = 1.42916
gpu_min_NOCP, = 1.3066
gpu_min_DRAMP, = 0
gpu_min_PIPEP, = 1.8866
gpu_min_IDLE_COREP, = 4.77
gpu_min_CONST_DYNAMICP = 9.82366
gpu_min_TOT_INST, = 810
gpu_min_FP_INT, = 685
gpu_min_IC_H, = 405
gpu_min_IC_M, = 0
gpu_min_DC_RH, = 151
gpu_min_DC_RM, = 38
gpu_min_DC_WH, = 0
gpu_min_DC_WM, = 71
gpu_min_TC_H, = 0
gpu_min_TC_M, = 0
gpu_min_CC_H, = 0
gpu_min_CC_M, = 0
gpu_min_SHRD_ACC, = 0
gpu_min_REG_RD, = 28576
gpu_min_REG_WR, = 15328
gpu_min_NON_REG_OPs, = 12480
gpu_min_SP_ACC, = 80032
gpu_min_SFU_ACC, = 2732
gpu_min_FPU_ACC, = 0
gpu_min_MEM_RD, = 0
gpu_min_MEM_WR, = 0
gpu_min_MEM_PRE, = 0
gpu_min_L2_RH, = 148
gpu_min_L2_RM, = 0
gpu_min_L2_WH, = 84
gpu_min_L2_WM, = 0
gpu_min_NOC_A, = 337
gpu_min_PIPE_A, = 0.0518667
gpu_min_IDLE_CORE_N, = 3
gpu_min_CONST_DYNAMICN = 0

Accumulative Power Statistics Over Previous Kernels:
gpu_tot_avg_power = 53.2058
gpu_tot_max_power = 124.732
gpu_tot_min_power = 17.0509


kernel_name = _Z7Kernel2PbS_S_S_i 
kernel_launch_uid = 8 

Kernel Average Power Data:
kernel_avg_power = 124.707
gpu_avg_IBP, = 0.0723341
gpu_avg_ICP, = 0.659439
gpu_avg_DCP, = 4.81949
gpu_avg_TCP, = 0
gpu_avg_CCP, = 5.29049
gpu_avg_SHRDP, = 0
gpu_avg_RFP, = 21.1923
gpu_avg_SPP, = 18.9574
gpu_avg_SFUP, = 0.00340397
gpu_avg_FPUP, = 0
gpu_avg_SCHEDP, = 0.967727
gpu_avg_L2CP, = 24.4239
gpu_avg_MCP, = 3.50476
gpu_avg_NOCP, = 8.45143
gpu_avg_DRAMP, = 0
gpu_avg_PIPEP, = 23.3836
gpu_avg_IDLE_COREP, = 3.1571
gpu_avg_CONST_DYNAMICP = 9.82366
gpu_avg_TOT_INST, = 10007.2
gpu_avg_FP_INT, = 8815.2
gpu_avg_IC_H, = 5197.8
gpu_avg_IC_M, = 0
gpu_avg_DC_RH, = 306.8
gpu_avg_DC_RM, = 102.2
gpu_avg_DC_WH, = 91.6
gpu_avg_DC_WM, = 793.6
gpu_avg_TC_H, = 0
gpu_avg_TC_M, = 0
gpu_avg_CC_H, = 2048
gpu_avg_CC_M, = 0
gpu_avg_SHRD_ACC, = 0
gpu_avg_REG_RD, = 252678
gpu_avg_REG_WR, = 178362
gpu_avg_NON_REG_OPs, = 145120
gpu_avg_SP_ACC, = 3.51744e+06
gpu_avg_SFU_ACC, = 35.2
gpu_avg_FPU_ACC, = 0
gpu_avg_MEM_RD, = 0
gpu_avg_MEM_WR, = 0
gpu_avg_MEM_PRE, = 0
gpu_avg_L2_RH, = 397.2
gpu_avg_L2_RM, = 0
gpu_avg_L2_WH, = 801
gpu_avg_L2_WM, = 0.2
gpu_avg_NOC_A, = 2179.8
gpu_avg_PIPE_A, = 0.642867
gpu_avg_IDLE_CORE_N, = 1.9856
gpu_avg_CONST_DYNAMICN = 0

Kernel Maximum Power Data:
kernel_max_power = 156.485
gpu_max_IBP, = 0.0917549
gpu_max_ICP, = 0.837081
gpu_max_DCP, = 6.1694
gpu_max_TCP, = 0
gpu_max_CCP, = 6.81719
gpu_max_SHRDP, = 0
gpu_max_RFP, = 26.7352
gpu_max_SPP, = 23.5776
gpu_max_SFUP, = 0
gpu_max_FPUP, = 0
gpu_max_SCHEDP, = 1.22711
gpu_max_L2CP, = 36.1492
gpu_max_MCP, = 4.21334
gpu_max_NOCP, = 11.7439
gpu_max_DRAMP, = 0
gpu_max_PIPEP, = 29.0991
gpu_max_IDLE_COREP, = 0
gpu_max_CONST_DYNAMICP = 9.82366
gpu_max_TOT_INST, = 12694
gpu_max_FP_INT, = 11178
gpu_max_IC_H, = 6598
gpu_max_IC_M, = 0
gpu_max_DC_RH, = 367
gpu_max_DC_RM, = 123
gpu_max_DC_WH, = 120
gpu_max_DC_WM, = 1061
gpu_max_TC_H, = 0
gpu_max_TC_M, = 0
gpu_max_CC_H, = 2639
gpu_max_CC_M, = 0
gpu_max_SHRD_ACC, = 0
gpu_max_REG_RD, = 315616
gpu_max_REG_WR, = 223776
gpu_max_NON_REG_OPs, = 183648
gpu_max_SP_ACC, = 4.37469e+06
gpu_max_SFU_ACC, = 0
gpu_max_FPU_ACC, = 0
gpu_max_MEM_RD, = 0
gpu_max_MEM_WR, = 0
gpu_max_MEM_PRE, = 0
gpu_max_L2_RH, = 523
gpu_max_L2_RM, = 0
gpu_max_L2_WH, = 1199
gpu_max_L2_WM, = 0
gpu_max_NOC_A, = 3029
gpu_max_PIPE_A, = 0.8
gpu_max_IDLE_CORE_N, = 0
gpu_max_CONST_DYNAMICN = 0

Kernel Minimum Power Data:
kernel_min_power = 52.6239
gpu_min_IBP, = 0.0278431
gpu_min_ICP, = 0.246253
gpu_min_DCP, = 0.0452383
gpu_min_TCP, = 0
gpu_min_CCP, = 3.83354
gpu_min_SHRDP, = 0
gpu_min_RFP, = 7.77888
gpu_min_SPP, = 4.2192
gpu_min_SFUP, = 0.0170198
gpu_min_FPUP, = 0
gpu_min_SCHEDP, = 0.408159
gpu_min_L2CP, = 0.13325
gpu_min_MCP, = 1.70855
gpu_min_NOCP, = 0.0465259
gpu_min_DRAMP, = 0
gpu_min_PIPEP, = 8.55029
gpu_min_IDLE_COREP, = 15.7855
gpu_min_CONST_DYNAMICP = 9.82366
gpu_min_TOT_INST, = 3852
gpu_min_FP_INT, = 3718
gpu_min_IC_H, = 1941
gpu_min_IC_M, = 0
gpu_min_DC_RH, = 6
gpu_min_DC_RM, = 0
gpu_min_DC_WH, = 0
gpu_min_DC_WM, = 4
gpu_min_TC_H, = 0
gpu_min_TC_M, = 0
gpu_min_CC_H, = 1484
gpu_min_CC_M, = 0
gpu_min_SHRD_ACC, = 0
gpu_min_REG_RD, = 28416
gpu_min_REG_WR, = 28416
gpu_min_NON_REG_OPs, = 66272
gpu_min_SP_ACC, = 782848
gpu_min_SFU_ACC, = 176
gpu_min_FPU_ACC, = 0
gpu_min_MEM_RD, = 0
gpu_min_MEM_WR, = 0
gpu_min_MEM_PRE, = 0
gpu_min_L2_RH, = 4
gpu_min_L2_RM, = 0
gpu_min_L2_WH, = 4
gpu_min_L2_WM, = 0
gpu_min_NOC_A, = 12
gpu_min_PIPE_A, = 0.235067
gpu_min_IDLE_CORE_N, = 9.928
gpu_min_CONST_DYNAMICN = 0

Accumulative Power Statistics Over Previous Kernels:
gpu_tot_avg_power = 56.817
gpu_tot_max_power = 156.485
gpu_tot_min_power = 17.0509


kernel_name = _Z6KernelP4NodePiPbS2_S2_S1_i 
kernel_launch_uid = 9 

Kernel Average Power Data:
kernel_avg_power = 80.4405
gpu_avg_IBP, = 0.0287747
gpu_avg_ICP, = 0.252629
gpu_avg_DCP, = 5.21578
gpu_avg_TCP, = 0
gpu_avg_CCP, = 0.569746
gpu_avg_SHRDP, = 0
gpu_avg_RFP, = 9.58464
gpu_avg_SPP, = 3.19858
gpu_avg_SFUP, = 1.55008
gpu_avg_FPUP, = 0
gpu_avg_SCHEDP, = 0.379634
gpu_avg_L2CP, = 15.3977
gpu_avg_MCP, = 3.03533
gpu_avg_NOCP, = 8.70464
gpu_avg_DRAMP, = 11.0092
gpu_avg_PIPEP, = 9.47188
gpu_avg_IDLE_COREP, = 2.21817
gpu_avg_CONST_DYNAMICP = 9.82366
gpu_avg_TOT_INST, = 3980.89
gpu_avg_FP_INT, = 3458.15
gpu_avg_IC_H, = 1991.26
gpu_avg_IC_M, = 0
gpu_avg_DC_RH, = 555.431
gpu_avg_DC_RM, = 306.862
gpu_avg_DC_WH, = 9.6
gpu_avg_DC_WM, = 341.908
gpu_avg_TC_H, = 0
gpu_avg_TC_M, = 0
gpu_avg_CC_H, = 220.554
gpu_avg_CC_M, = 0
gpu_avg_SHRD_ACC, = 0
gpu_avg_REG_RD, = 130155
gpu_avg_REG_WR, = 80365.3
gpu_avg_NON_REG_OPs, = 63491
gpu_avg_SP_ACC, = 593477
gpu_avg_SFU_ACC, = 16029.2
gpu_avg_FPU_ACC, = 0
gpu_avg_MEM_RD, = 212.246
gpu_avg_MEM_WR, = 0
gpu_avg_MEM_PRE, = 18.5385
gpu_avg_L2_RH, = 1016.09
gpu_avg_L2_RM, = 52.2923
gpu_avg_L2_WH, = 345.815
gpu_avg_L2_WM, = 3.55385
gpu_avg_NOC_A, = 2245.11
gpu_avg_PIPE_A, = 0.260403
gpu_avg_IDLE_CORE_N, = 1.39508
gpu_avg_CONST_DYNAMICN = 0

Kernel Maximum Power Data:
kernel_max_power = 115.773
gpu_max_IBP, = 0.0211064
gpu_max_ICP, = 0.185609
gpu_max_DCP, = 2.64447
gpu_max_TCP, = 0
gpu_max_CCP, = 0
gpu_max_SHRDP, = 0
gpu_max_RFP, = 6.67424
gpu_max_SPP, = 4.08105
gpu_max_SFUP, = 4.09095
gpu_max_FPUP, = 0
gpu_max_SCHEDP, = 0.31858
gpu_max_L2CP, = 4.45572
gpu_max_MCP, = 5.061
gpu_max_NOCP, = 6.9944
gpu_max_DRAMP, = 63.8493
gpu_max_PIPEP, = 7.57305
gpu_max_IDLE_COREP, = 0
gpu_max_CONST_DYNAMICP = 9.82366
gpu_max_TOT_INST, = 2920
gpu_max_FP_INT, = 2902
gpu_max_IC_H, = 1463
gpu_max_IC_M, = 0
gpu_max_DC_RH, = 271
gpu_max_DC_RM, = 328
gpu_max_DC_WH, = 6
gpu_max_DC_WM, = 11
gpu_max_TC_H, = 0
gpu_max_TC_M, = 0
gpu_max_CC_H, = 0
gpu_max_CC_M, = 0
gpu_max_SHRD_ACC, = 0
gpu_max_REG_RD, = 107520
gpu_max_REG_WR, = 85792
gpu_max_NON_REG_OPs, = 38528
gpu_max_SP_ACC, = 757216
gpu_max_SFU_ACC, = 42304
gpu_max_FPU_ACC, = 0
gpu_max_MEM_RD, = 1236
gpu_max_MEM_WR, = 0
gpu_max_MEM_PRE, = 77
gpu_max_L2_RH, = 131
gpu_max_L2_RM, = 314
gpu_max_L2_WH, = 132
gpu_max_L2_WM, = 0
gpu_max_NOC_A, = 1804
gpu_max_PIPE_A, = 0.2082
gpu_max_IDLE_CORE_N, = 0
gpu_max_CONST_DYNAMICN = 0

Kernel Minimum Power Data:
kernel_min_power = 30.8122
gpu_min_IBP, = 0.00209618
gpu_min_ICP, = 0.018396
gpu_min_DCP, = 0.48938
gpu_min_TCP, = 0
gpu_min_CCP, = 0
gpu_min_SHRDP, = 0
gpu_min_RFP, = 0.690889
gpu_min_SPP, = 0.153149
gpu_min_SFUP, = 0.102893
gpu_min_FPUP, = 0
gpu_min_SCHEDP, = 0.0270057
gpu_min_L2CP, = 1.314
gpu_min_MCP, = 1.3007
gpu_min_NOCP, = 0.554434
gpu_min_DRAMP, = 0.204523
gpu_min_PIPEP, = 1.91327
gpu_min_IDLE_COREP, = 14.2178
gpu_min_CONST_DYNAMICP = 9.82366
gpu_min_TOT_INST, = 290
gpu_min_FP_INT, = 246
gpu_min_IC_H, = 145
gpu_min_IC_M, = 0
gpu_min_DC_RH, = 60
gpu_min_DC_RM, = 13
gpu_min_DC_WH, = 0
gpu_min_DC_WM, = 37
gpu_min_TC_H, = 0
gpu_min_TC_M, = 0
gpu_min_CC_H, = 0
gpu_min_CC_M, = 0
gpu_min_SHRD_ACC, = 0
gpu_min_REG_RD, = 10400
gpu_min_REG_WR, = 5696
gpu_min_NON_REG_OPs, = 4448
gpu_min_SP_ACC, = 28416
gpu_min_SFU_ACC, = 1064
gpu_min_FPU_ACC, = 0
gpu_min_MEM_RD, = 4
gpu_min_MEM_WR, = 0
gpu_min_MEM_PRE, = 0
gpu_min_L2_RH, = 56
gpu_min_L2_RM, = 1
gpu_min_L2_WH, = 35
gpu_min_L2_WM, = 1
gpu_min_NOC_A, = 143
gpu_min_PIPE_A, = 0.0526001
gpu_min_IDLE_CORE_N, = 8.942
gpu_min_CONST_DYNAMICN = 0

Accumulative Power Statistics Over Previous Kernels:
gpu_tot_avg_power = 66.1799
gpu_tot_max_power = 156.485
gpu_tot_min_power = 17.0509


kernel_name = _Z7Kernel2PbS_S_S_i 
kernel_launch_uid = 10 

Kernel Average Power Data:
kernel_avg_power = 113.55
gpu_avg_IBP, = 0.0611507
gpu_avg_ICP, = 0.555215
gpu_avg_DCP, = 5.29851
gpu_avg_TCP, = 0
gpu_avg_CCP, = 3.77892
gpu_avg_SHRDP, = 0
gpu_avg_RFP, = 17.2847
gpu_avg_SPP, = 15.8433
gpu_avg_SFUP, = 0
gpu_avg_FPUP, = 0
gpu_avg_SCHEDP, = 0.832347
gpu_avg_L2CP, = 24.1611
gpu_avg_MCP, = 3.69701
gpu_avg_NOCP, = 10.3963
gpu_avg_DRAMP, = 0.00483686
gpu_avg_PIPEP, = 20.5755
gpu_avg_IDLE_COREP, = 1.23702
gpu_avg_CONST_DYNAMICP = 9.82366
gpu_avg_TOT_INST, = 8460
gpu_avg_FP_INT, = 7582
gpu_avg_IC_H, = 4376.29
gpu_avg_IC_M, = 0
gpu_avg_DC_RH, = 219.429
gpu_avg_DC_RM, = 73.1429
gpu_avg_DC_WH, = 73.1429
gpu_avg_DC_WM, = 1086.86
gpu_avg_TC_H, = 0
gpu_avg_TC_M, = 0
gpu_avg_CC_H, = 1462.86
gpu_avg_CC_M, = 0
gpu_avg_SHRD_ACC, = 0
gpu_avg_REG_RD, = 242217
gpu_avg_REG_WR, = 156206
gpu_avg_NON_REG_OPs, = 112197
gpu_avg_SP_ACC, = 2.93963e+06
gpu_avg_SFU_ACC, = 0
gpu_avg_FPU_ACC, = 0
gpu_avg_MEM_RD, = 0
gpu_avg_MEM_WR, = 0
gpu_avg_MEM_PRE, = 0.571429
gpu_avg_L2_RH, = 293.143
gpu_avg_L2_RM, = 0
gpu_avg_L2_WH, = 791.571
gpu_avg_L2_WM, = 19.5714
gpu_avg_NOC_A, = 2681.43
gpu_avg_PIPE_A, = 0.565666
gpu_avg_IDLE_CORE_N, = 0.778
gpu_avg_CONST_DYNAMICN = 0

Kernel Maximum Power Data:
kernel_max_power = 139.977
gpu_max_IBP, = 0.0765106
gpu_max_ICP, = 0.699301
gpu_max_DCP, = 7.4608
gpu_max_TCP, = 0
gpu_max_CCP, = 4.39152
gpu_max_SHRDP, = 0
gpu_max_RFP, = 21.3394
gpu_max_SPP, = 19.6011
gpu_max_SFUP, = 0
gpu_max_FPUP, = 0
gpu_max_SCHEDP, = 1.03566
gpu_max_L2CP, = 31.1027
gpu_max_MCP, = 4.71512
gpu_max_NOCP, = 13.698
gpu_max_DRAMP, = 0.0084645
gpu_max_PIPEP, = 26.0243
gpu_max_IDLE_COREP, = 0
gpu_max_CONST_DYNAMICP = 9.82366
gpu_max_TOT_INST, = 10585
gpu_max_FP_INT, = 9434
gpu_max_IC_H, = 5512
gpu_max_IC_M, = 0
gpu_max_DC_RH, = 251
gpu_max_DC_RM, = 82
gpu_max_DC_WH, = 114
gpu_max_DC_WM, = 1635
gpu_max_TC_H, = 0
gpu_max_TC_M, = 0
gpu_max_CC_H, = 1700
gpu_max_CC_M, = 0
gpu_max_SHRD_ACC, = 0
gpu_max_REG_RD, = 315872
gpu_max_REG_WR, = 194976
gpu_max_NON_REG_OPs, = 135968
gpu_max_SP_ACC, = 3.63686e+06
gpu_max_SFU_ACC, = 0
gpu_max_FPU_ACC, = 0
gpu_max_MEM_RD, = 0
gpu_max_MEM_WR, = 0
gpu_max_MEM_PRE, = 1
gpu_max_L2_RH, = 232
gpu_max_L2_RM, = 0
gpu_max_L2_WH, = 1066
gpu_max_L2_WM, = 9
gpu_max_NOC_A, = 3533
gpu_max_PIPE_A, = 0.715466
gpu_max_IDLE_CORE_N, = 0
gpu_max_CONST_DYNAMICN = 0

Kernel Minimum Power Data:
kernel_min_power = 63.6267
gpu_min_IBP, = 0.0120567
gpu_min_ICP, = 0.114689
gpu_min_DCP, = 2.20832
gpu_min_TCP, = 0
gpu_min_CCP, = 0
gpu_min_SHRDP, = 0
gpu_min_RFP, = 2.70826
gpu_min_SPP, = 2.6965
gpu_min_SFUP, = 0
gpu_min_FPUP, = 0
gpu_min_SCHEDP, = 0.154899
gpu_min_L2CP, = 26.4575
gpu_min_MCP, = 2.17084
gpu_min_NOCP, = 8.05286
gpu_min_DRAMP, = 0
gpu_min_PIPEP, = 4.80378
gpu_min_IDLE_COREP, = 4.42338
gpu_min_CONST_DYNAMICP = 9.82366
gpu_min_TOT_INST, = 1668
gpu_min_FP_INT, = 1411
gpu_min_IC_H, = 904
gpu_min_IC_M, = 0
gpu_min_DC_RH, = 13
gpu_min_DC_RM, = 1
gpu_min_DC_WH, = 42
gpu_min_DC_WM, = 596
gpu_min_TC_H, = 0
gpu_min_TC_M, = 0
gpu_min_CC_H, = 0
gpu_min_CC_M, = 0
gpu_min_SHRD_ACC, = 0
gpu_min_REG_RD, = 67136
gpu_min_REG_WR, = 35904
gpu_min_NON_REG_OPs, = 12288
gpu_min_SP_ACC, = 500320
gpu_min_SFU_ACC, = 0
gpu_min_FPU_ACC, = 0
gpu_min_MEM_RD, = 0
gpu_min_MEM_WR, = 0
gpu_min_MEM_PRE, = 0
gpu_min_L2_RH, = 104
gpu_min_L2_RM, = 0
gpu_min_L2_WH, = 934
gpu_min_L2_WM, = 0
gpu_min_NOC_A, = 2077
gpu_min_PIPE_A, = 0.132067
gpu_min_IDLE_CORE_N, = 2.782
gpu_min_CONST_DYNAMICN = 0

Accumulative Power Statistics Over Previous Kernels:
gpu_tot_avg_power = 68.119
gpu_tot_max_power = 156.485
gpu_tot_min_power = 17.0509


kernel_name = _Z6KernelP4NodePiPbS2_S2_S1_i 
kernel_launch_uid = 11 

Kernel Average Power Data:
kernel_avg_power = 83.0101
gpu_avg_IBP, = 0.0151369
gpu_avg_ICP, = 0.132841
gpu_avg_DCP, = 4.92442
gpu_avg_TCP, = 0
gpu_avg_CCP, = 0.155603
gpu_avg_SHRDP, = 0
gpu_avg_RFP, = 5.31069
gpu_avg_SPP, = 1.51574
gpu_avg_SFUP, = 0.915369
gpu_avg_FPUP, = 0
gpu_avg_SCHEDP, = 0.199778
gpu_avg_L2CP, = 21.3205
gpu_avg_MCP, = 3.22147
gpu_avg_NOCP, = 15.285
gpu_avg_DRAMP, = 13.2173
gpu_avg_PIPEP, = 5.07915
gpu_avg_IDLE_COREP, = 1.8934
gpu_avg_CONST_DYNAMICP = 9.82366
gpu_avg_TOT_INST, = 2094.14
gpu_avg_FP_INT, = 1819.82
gpu_avg_IC_H, = 1047.08
gpu_avg_IC_M, = 0
gpu_avg_DC_RH, = 229.664
gpu_avg_DC_RM, = 624.357
gpu_avg_DC_WH, = 3.57563
gpu_avg_DC_WM, = 406.399
gpu_avg_TC_H, = 0
gpu_avg_TC_M, = 0
gpu_avg_CC_H, = 60.2353
gpu_avg_CC_M, = 0
gpu_avg_SHRD_ACC, = 0
gpu_avg_REG_RD, = 72218.6
gpu_avg_REG_WR, = 60614.3
gpu_avg_NON_REG_OPs, = 33348.8
gpu_avg_SP_ACC, = 281238
gpu_avg_SFU_ACC, = 9465.71
gpu_avg_FPU_ACC, = 0
gpu_avg_MEM_RD, = 254.55
gpu_avg_MEM_WR, = 0
gpu_avg_MEM_PRE, = 23.8613
gpu_avg_L2_RH, = 2242.88
gpu_avg_L2_RM, = 58.8319
gpu_avg_L2_WH, = 299.487
gpu_avg_L2_WM, = 14.2857
gpu_avg_NOC_A, = 3942.32
gpu_avg_PIPE_A, = 0.139637
gpu_avg_IDLE_CORE_N, = 1.19082
gpu_avg_CONST_DYNAMICN = 0

Kernel Maximum Power Data:
kernel_max_power = 143.025
gpu_max_IBP, = 0.0237808
gpu_max_ICP, = 0.208699
gpu_max_DCP, = 5.50375
gpu_max_TCP, = 0
gpu_max_CCP, = 0.495984
gpu_max_SHRDP, = 0
gpu_max_RFP, = 8.1743
gpu_max_SPP, = 4.19281
gpu_max_SFUP, = 2.93321
gpu_max_FPUP, = 0
gpu_max_SCHEDP, = 0.334498
gpu_max_L2CP, = 18.0235
gpu_max_MCP, = 6.04502
gpu_max_NOCP, = 15.6017
gpu_max_DRAMP, = 63.7223
gpu_max_PIPEP, = 7.94163
gpu_max_IDLE_COREP, = 0
gpu_max_CONST_DYNAMICP = 9.82366
gpu_max_TOT_INST, = 3290
gpu_max_FP_INT, = 3047
gpu_max_IC_H, = 1645
gpu_max_IC_M, = 0
gpu_max_DC_RH, = 306
gpu_max_DC_RM, = 707
gpu_max_DC_WH, = 15
gpu_max_DC_WM, = 372
gpu_max_TC_H, = 0
gpu_max_TC_M, = 0
gpu_max_CC_H, = 192
gpu_max_CC_M, = 0
gpu_max_SHRD_ACC, = 0
gpu_max_REG_RD, = 109056
gpu_max_REG_WR, = 92480
gpu_max_NON_REG_OPs, = 51712
gpu_max_SP_ACC, = 777952
gpu_max_SFU_ACC, = 30332
gpu_max_FPU_ACC, = 0
gpu_max_MEM_RD, = 1236
gpu_max_MEM_WR, = 0
gpu_max_MEM_PRE, = 62
gpu_max_L2_RH, = 1651
gpu_max_L2_RM, = 305
gpu_max_L2_WH, = 301
gpu_max_L2_WM, = 12
gpu_max_NOC_A, = 4024
gpu_max_PIPE_A, = 0.218333
gpu_max_IDLE_CORE_N, = 0
gpu_max_CONST_DYNAMICN = 0

Kernel Minimum Power Data:
kernel_min_power = 36.9168
gpu_min_IBP, = 0.00167694
gpu_min_ICP, = 0.0147168
gpu_min_DCP, = 0.327032
gpu_min_TCP, = 0
gpu_min_CCP, = 0
gpu_min_SHRDP, = 0
gpu_min_RFP, = 0.544547
gpu_min_SPP, = 0.125038
gpu_min_SFUP, = 0.0684662
gpu_min_FPUP, = 0
gpu_min_SCHEDP, = 0.0211874
gpu_min_L2CP, = 1.03677
gpu_min_MCP, = 1.24749
gpu_min_NOCP, = 0.453628
gpu_min_DRAMP, = 0
gpu_min_PIPEP, = 2.97053
gpu_min_IDLE_COREP, = 20.282
gpu_min_CONST_DYNAMICP = 9.82366
gpu_min_TOT_INST, = 232
gpu_min_FP_INT, = 193
gpu_min_IC_H, = 116
gpu_min_IC_M, = 0
gpu_min_DC_RH, = 41
gpu_min_DC_RM, = 12
gpu_min_DC_WH, = 0
gpu_min_DC_WM, = 20
gpu_min_TC_H, = 0
gpu_min_TC_M, = 0
gpu_min_CC_H, = 0
gpu_min_CC_M, = 0
gpu_min_SHRD_ACC, = 0
gpu_min_REG_RD, = 8256
gpu_min_REG_WR, = 4576
gpu_min_NON_REG_OPs, = 3488
gpu_min_SP_ACC, = 23200
gpu_min_SFU_ACC, = 708
gpu_min_FPU_ACC, = 0
gpu_min_MEM_RD, = 0
gpu_min_MEM_WR, = 0
gpu_min_MEM_PRE, = 0
gpu_min_L2_RH, = 56
gpu_min_L2_RM, = 0
gpu_min_L2_WH, = 25
gpu_min_L2_WM, = 1
gpu_min_NOC_A, = 117
gpu_min_PIPE_A, = 0.0816667
gpu_min_IDLE_CORE_N, = 12.756
gpu_min_CONST_DYNAMICN = 0

Accumulative Power Statistics Over Previous Kernels:
gpu_tot_avg_power = 76.7842
gpu_tot_max_power = 156.485
gpu_tot_min_power = 17.0509


kernel_name = _Z7Kernel2PbS_S_S_i 
kernel_launch_uid = 12 

Kernel Average Power Data:
kernel_avg_power = 114.441
gpu_avg_IBP, = 0.0613448
gpu_avg_ICP, = 0.5569
gpu_avg_DCP, = 5.33639
gpu_avg_TCP, = 0
gpu_avg_CCP, = 3.77892
gpu_avg_SHRDP, = 0
gpu_avg_RFP, = 17.3291
gpu_avg_SPP, = 17.2327
gpu_avg_SFUP, = 0
gpu_avg_FPUP, = 0
gpu_avg_SCHEDP, = 0.835248
gpu_avg_L2CP, = 20.0316
gpu_avg_MCP, = 3.87856
gpu_avg_NOCP, = 10.3725
gpu_avg_DRAMP, = 3.06764
gpu_avg_PIPEP, = 20.2319
gpu_avg_IDLE_COREP, = 1.90437
gpu_avg_CONST_DYNAMICP = 9.82366
gpu_avg_TOT_INST, = 8486.86
gpu_avg_FP_INT, = 7608.43
gpu_avg_IC_H, = 4389.57
gpu_avg_IC_M, = 0
gpu_avg_DC_RH, = 219.571
gpu_avg_DC_RM, = 73.2857
gpu_avg_DC_WH, = 73.1429
gpu_avg_DC_WM, = 1097.14
gpu_avg_TC_H, = 0
gpu_avg_TC_M, = 0
gpu_avg_CC_H, = 1462.86
gpu_avg_CC_M, = 0
gpu_avg_SHRD_ACC, = 0
gpu_avg_REG_RD, = 243483
gpu_avg_REG_WR, = 156837
gpu_avg_NON_REG_OPs, = 112370
gpu_avg_SP_ACC, = 3.19742e+06
gpu_avg_SFU_ACC, = 0
gpu_avg_FPU_ACC, = 0
gpu_avg_MEM_RD, = 59.4286
gpu_avg_MEM_WR, = 0
gpu_avg_MEM_PRE, = 3.42857
gpu_avg_L2_RH, = 233.714
gpu_avg_L2_RM, = 0
gpu_avg_L2_WH, = 601.857
gpu_avg_L2_WM, = 68.1429
gpu_avg_NOC_A, = 2675.29
gpu_avg_PIPE_A, = 0.556219
gpu_avg_IDLE_CORE_N, = 1.19771
gpu_avg_CONST_DYNAMICN = 0

Kernel Maximum Power Data:
kernel_max_power = 151.338
gpu_max_IBP, = 0.0874469
gpu_max_ICP, = 0.794961
gpu_max_DCP, = 7.60806
gpu_max_TCP, = 0
gpu_max_CCP, = 5.18458
gpu_max_SHRDP, = 0
gpu_max_RFP, = 24.621
gpu_max_SPP, = 24.8181
gpu_max_SFUP, = 0
gpu_max_FPUP, = 0
gpu_max_SCHEDP, = 1.1877
gpu_max_L2CP, = 24.3517
gpu_max_MCP, = 5.05743
gpu_max_NOCP, = 14.171
gpu_max_DRAMP, = 4.53336
gpu_max_PIPEP, = 29.0991
gpu_max_IDLE_COREP, = 0
gpu_max_CONST_DYNAMICP = 9.82366
gpu_max_TOT_INST, = 12098
gpu_max_FP_INT, = 10819
gpu_max_IC_H, = 6266
gpu_max_IC_M, = 0
gpu_max_DC_RH, = 288
gpu_max_DC_RM, = 99
gpu_max_DC_WH, = 106
gpu_max_DC_WM, = 1606
gpu_max_TC_H, = 0
gpu_max_TC_M, = 0
gpu_max_CC_H, = 2007
gpu_max_CC_M, = 0
gpu_max_SHRD_ACC, = 0
gpu_max_REG_RD, = 352032
gpu_max_REG_WR, = 225696
gpu_max_NON_REG_OPs, = 158496
gpu_max_SP_ACC, = 4.60486e+06
gpu_max_SFU_ACC, = 0
gpu_max_FPU_ACC, = 0
gpu_max_MEM_RD, = 88
gpu_max_MEM_WR, = 0
gpu_max_MEM_PRE, = 4
gpu_max_L2_RH, = 307
gpu_max_L2_RM, = 0
gpu_max_L2_WH, = 716
gpu_max_L2_WM, = 93
gpu_max_NOC_A, = 3655
gpu_max_PIPE_A, = 0.8
gpu_max_IDLE_CORE_N, = 0
gpu_max_CONST_DYNAMICN = 0

Kernel Minimum Power Data:
kernel_min_power = 68.3983
gpu_min_IBP, = 0.0442366
gpu_min_ICP, = 0.389995
gpu_min_DCP, = 0.809349
gpu_min_TCP, = 0
gpu_min_CCP, = 4.97275
gpu_min_SHRDP, = 0
gpu_min_RFP, = 13.2176
gpu_min_SPP, = 10.3148
gpu_min_SFUP, = 0
gpu_min_FPUP, = 0
gpu_min_SCHEDP, = 0.637488
gpu_min_L2CP, = 0.0778451
gpu_min_MCP, = 1.97583
gpu_min_NOCP, = 0.201612
gpu_min_DRAMP, = 0
gpu_min_PIPEP, = 13.194
gpu_min_IDLE_COREP, = 12.7391
gpu_min_CONST_DYNAMICP = 9.82366
gpu_min_TOT_INST, = 6120
gpu_min_FP_INT, = 5807
gpu_min_IC_H, = 3074
gpu_min_IC_M, = 0
gpu_min_DC_RH, = 124
gpu_min_DC_RM, = 46
gpu_min_DC_WH, = 0
gpu_min_DC_WM, = 0
gpu_min_TC_H, = 0
gpu_min_TC_M, = 0
gpu_min_CC_H, = 1925
gpu_min_CC_M, = 0
gpu_min_SHRD_ACC, = 0
gpu_min_REG_RD, = 93888
gpu_min_REG_WR, = 75936
gpu_min_NON_REG_OPs, = 103232
gpu_min_SP_ACC, = 1.91386e+06
gpu_min_SFU_ACC, = 0
gpu_min_FPU_ACC, = 0
gpu_min_MEM_RD, = 0
gpu_min_MEM_WR, = 0
gpu_min_MEM_PRE, = 0
gpu_min_L2_RH, = 4
gpu_min_L2_RM, = 0
gpu_min_L2_WH, = 2
gpu_min_L2_WM, = 0
gpu_min_NOC_A, = 52
gpu_min_PIPE_A, = 0.362734
gpu_min_IDLE_CORE_N, = 8.012
gpu_min_CONST_DYNAMICN = 0

Accumulative Power Statistics Over Previous Kernels:
gpu_tot_avg_power = 77.4179
gpu_tot_max_power = 156.485
gpu_tot_min_power = 17.0509


kernel_name = _Z6KernelP4NodePiPbS2_S2_S1_i 
kernel_launch_uid = 13 

Kernel Average Power Data:
kernel_avg_power = 76.2784
gpu_avg_IBP, = 0.00916409
gpu_avg_ICP, = 0.0804239
gpu_avg_DCP, = 4.69833
gpu_avg_TCP, = 0
gpu_avg_CCP, = 0.0865268
gpu_avg_SHRDP, = 0
gpu_avg_RFP, = 3.32087
gpu_avg_SPP, = 1.02282
gpu_avg_SFUP, = 0.539101
gpu_avg_FPUP, = 0
gpu_avg_SCHEDP, = 0.120168
gpu_avg_L2CP, = 20.1862
gpu_avg_MCP, = 3.04888
gpu_avg_NOCP, = 16.9683
gpu_avg_DRAMP, = 12.3628
gpu_avg_PIPEP, = 3.33331
gpu_avg_IDLE_COREP, = 0.677949
gpu_avg_CONST_DYNAMICP = 9.82366
gpu_avg_TOT_INST, = 1267.82
gpu_avg_FP_INT, = 1094.64
gpu_avg_IC_H, = 633.914
gpu_avg_IC_M, = 0
gpu_avg_DC_RH, = 166.175
gpu_avg_DC_RM, = 753.638
gpu_avg_DC_WH, = 1.66589
gpu_avg_DC_WM, = 302.044
gpu_avg_TC_H, = 0
gpu_avg_TC_M, = 0
gpu_avg_CC_H, = 33.4953
gpu_avg_CC_M, = 0
gpu_avg_SHRD_ACC, = 0
gpu_avg_REG_RD, = 43157.9
gpu_avg_REG_WR, = 49594.5
gpu_avg_NON_REG_OPs, = 19807.8
gpu_avg_SP_ACC, = 189778
gpu_avg_SFU_ACC, = 5574.78
gpu_avg_FPU_ACC, = 0
gpu_avg_MEM_RD, = 237.299
gpu_avg_MEM_WR, = 0
gpu_avg_MEM_PRE, = 27.1192
gpu_avg_L2_RH, = 2777.24
gpu_avg_L2_RM, = 55.4533
gpu_avg_L2_WH, = 144.143
gpu_avg_L2_WM, = 20.007
gpu_avg_NOC_A, = 4376.46
gpu_avg_PIPE_A, = 0.0916402
gpu_avg_IDLE_CORE_N, = 0.426383
gpu_avg_CONST_DYNAMICN = 0

Kernel Maximum Power Data:
kernel_max_power = 121.812
gpu_max_IBP, = 0.0206871
gpu_max_ICP, = 0.181169
gpu_max_DCP, = 4.29744
gpu_max_TCP, = 0
gpu_max_CCP, = 0.503734
gpu_max_SHRDP, = 0
gpu_max_RFP, = 6.63856
gpu_max_SPP, = 3.50536
gpu_max_SFUP, = 1.3906
gpu_max_FPUP, = 0
gpu_max_SCHEDP, = 0.271484
gpu_max_L2CP, = 10.2161
gpu_max_MCP, = 5.35022
gpu_max_NOCP, = 13.2172
gpu_max_DRAMP, = 59.7923
gpu_max_PIPEP, = 6.60308
gpu_max_IDLE_COREP, = 0
gpu_max_CONST_DYNAMICP = 9.82366
gpu_max_TOT_INST, = 2862
gpu_max_FP_INT, = 2473
gpu_max_IC_H, = 1428
gpu_max_IC_M, = 0
gpu_max_DC_RH, = 305
gpu_max_DC_RM, = 615
gpu_max_DC_WH, = 9
gpu_max_DC_WM, = 130
gpu_max_TC_H, = 0
gpu_max_TC_M, = 0
gpu_max_CC_H, = 195
gpu_max_CC_M, = 0
gpu_max_SHRD_ACC, = 0
gpu_max_REG_RD, = 87008
gpu_max_REG_WR, = 74560
gpu_max_NON_REG_OPs, = 42272
gpu_max_SP_ACC, = 650400
gpu_max_SFU_ACC, = 14380
gpu_max_FPU_ACC, = 0
gpu_max_MEM_RD, = 1155
gpu_max_MEM_WR, = 0
gpu_max_MEM_PRE, = 87
gpu_max_L2_RH, = 1282
gpu_max_L2_RM, = 247
gpu_max_L2_WH, = 103
gpu_max_L2_WM, = 4
gpu_max_NOC_A, = 3409
gpu_max_PIPE_A, = 0.181533
gpu_max_IDLE_CORE_N, = 0
gpu_max_CONST_DYNAMICN = 0

Kernel Minimum Power Data:
kernel_min_power = 41.5846
gpu_min_IBP, = 0.00403334
gpu_min_ICP, = 0.0353964
gpu_min_DCP, = 0.772414
gpu_min_TCP, = 0
gpu_min_CCP, = 0
gpu_min_SHRDP, = 0
gpu_min_RFP, = 1.25273
gpu_min_SPP, = 0.308886
gpu_min_SFUP, = 0.128422
gpu_min_FPUP, = 0
gpu_min_SCHEDP, = 0.0504985
gpu_min_L2CP, = 1.83141
gpu_min_MCP, = 1.3407
gpu_min_NOCP, = 1.32599
gpu_min_DRAMP, = 0
gpu_min_PIPEP, = 9.76761
gpu_min_IDLE_COREP, = 14.9428
gpu_min_CONST_DYNAMICP = 9.82366
gpu_min_TOT_INST, = 558
gpu_min_FP_INT, = 460
gpu_min_IC_H, = 279
gpu_min_IC_M, = 0
gpu_min_DC_RH, = 90
gpu_min_DC_RM, = 45
gpu_min_DC_WH, = 0
gpu_min_DC_WM, = 40
gpu_min_TC_H, = 0
gpu_min_TC_M, = 0
gpu_min_CC_H, = 0
gpu_min_CC_M, = 0
gpu_min_SHRD_ACC, = 0
gpu_min_REG_RD, = 18400
gpu_min_REG_WR, = 11744
gpu_min_NON_REG_OPs, = 7968
gpu_min_SP_ACC, = 57312
gpu_min_SFU_ACC, = 1328
gpu_min_FPU_ACC, = 0
gpu_min_MEM_RD, = 0
gpu_min_MEM_WR, = 0
gpu_min_MEM_PRE, = 0
gpu_min_L2_RH, = 203
gpu_min_L2_RM, = 0
gpu_min_L2_WH, = 25
gpu_min_L2_WM, = 0
gpu_min_NOC_A, = 342
gpu_min_PIPE_A, = 0.268534
gpu_min_IDLE_CORE_N, = 9.398
gpu_min_CONST_DYNAMICN = 0

Accumulative Power Statistics Over Previous Kernels:
gpu_tot_avg_power = 76.8401
gpu_tot_max_power = 156.485
gpu_tot_min_power = 17.0509


kernel_name = _Z7Kernel2PbS_S_S_i 
kernel_launch_uid = 14 

Kernel Average Power Data:
kernel_avg_power = 117.144
gpu_avg_IBP, = 0.0609896
gpu_avg_ICP, = 0.553402
gpu_avg_DCP, = 5.22085
gpu_avg_TCP, = 0
gpu_avg_CCP, = 3.77892
gpu_avg_SHRDP, = 0
gpu_avg_RFP, = 17.2538
gpu_avg_SPP, = 16.4815
gpu_avg_SFUP, = 0.0012157
gpu_avg_FPUP, = 0
gpu_avg_SCHEDP, = 0.83081
gpu_avg_L2CP, = 17.7277
gpu_avg_MCP, = 4.10371
gpu_avg_NOCP, = 9.92442
gpu_avg_DRAMP, = 8.24398
gpu_avg_PIPEP, = 20.9458
gpu_avg_IDLE_COREP, = 2.19329
gpu_avg_CONST_DYNAMICP = 9.82366
gpu_avg_TOT_INST, = 8437.71
gpu_avg_FP_INT, = 7568
gpu_avg_IC_H, = 4362
gpu_avg_IC_M, = 0
gpu_avg_DC_RH, = 220.429
gpu_avg_DC_RM, = 73.2857
gpu_avg_DC_WH, = 70.5714
gpu_avg_DC_WM, = 1063.71
gpu_avg_TC_H, = 0
gpu_avg_TC_M, = 0
gpu_avg_CC_H, = 1462.86
gpu_avg_CC_M, = 0
gpu_avg_SHRD_ACC, = 0
gpu_avg_REG_RD, = 241335
gpu_avg_REG_WR, = 155950
gpu_avg_NON_REG_OPs, = 112055
gpu_avg_SP_ACC, = 3.05805e+06
gpu_avg_SFU_ACC, = 12.5714
gpu_avg_FPU_ACC, = 0
gpu_avg_MEM_RD, = 160.571
gpu_avg_MEM_WR, = 0
gpu_avg_MEM_PRE, = 4
gpu_avg_L2_RH, = 131.429
gpu_avg_L2_RM, = 0
gpu_avg_L2_WH, = 539.714
gpu_avg_L2_WM, = 67.8571
gpu_avg_NOC_A, = 2559.71
gpu_avg_PIPE_A, = 0.575848
gpu_avg_IDLE_CORE_N, = 1.37943
gpu_avg_CONST_DYNAMICN = 0

Kernel Maximum Power Data:
kernel_max_power = 148.428
gpu_max_IBP, = 0.0949642
gpu_max_ICP, = 0.856999
gpu_max_DCP, = 7.77669
gpu_max_TCP, = 0
gpu_max_CCP, = 5.40157
gpu_max_SHRDP, = 0
gpu_max_RFP, = 28.5604
gpu_max_SPP, = 29.0598
gpu_max_SFUP, = 0
gpu_max_FPUP, = 0
gpu_max_SCHEDP, = 1.28365
gpu_max_L2CP, = 6.83151
gpu_max_MCP, = 5.31811
gpu_max_NOCP, = 9.21213
gpu_max_DRAMP, = 15.1089
gpu_max_PIPEP, = 29.0991
gpu_max_IDLE_COREP, = 0
gpu_max_CONST_DYNAMICP = 9.82366
gpu_max_TOT_INST, = 13138
gpu_max_FP_INT, = 11693
gpu_max_IC_H, = 6755
gpu_max_IC_M, = 0
gpu_max_DC_RH, = 498
gpu_max_DC_RM, = 173
gpu_max_DC_WH, = 81
gpu_max_DC_WM, = 1275
gpu_max_TC_H, = 0
gpu_max_TC_M, = 0
gpu_max_CC_H, = 2091
gpu_max_CC_M, = 0
gpu_max_SHRD_ACC, = 0
gpu_max_REG_RD, = 413696
gpu_max_REG_WR, = 275584
gpu_max_NON_REG_OPs, = 181568
gpu_max_SP_ACC, = 5.39187e+06
gpu_max_SFU_ACC, = 0
gpu_max_FPU_ACC, = 0
gpu_max_MEM_RD, = 295
gpu_max_MEM_WR, = 0
gpu_max_MEM_PRE, = 3
gpu_max_L2_RH, = 276
gpu_max_L2_RM, = 0
gpu_max_L2_WH, = 156
gpu_max_L2_WM, = 32
gpu_max_NOC_A, = 2376
gpu_max_PIPE_A, = 0.8
gpu_max_IDLE_CORE_N, = 0
gpu_max_CONST_DYNAMICN = 0

Kernel Minimum Power Data:
kernel_min_power = 59.3868
gpu_min_IBP, = 0.0296646
gpu_min_ICP, = 0.261984
gpu_min_DCP, = 0.0469526
gpu_min_TCP, = 0
gpu_min_CCP, = 3.85421
gpu_min_SHRDP, = 0
gpu_min_RFP, = 8.06098
gpu_min_SPP, = 5.10498
gpu_min_SFUP, = 0.00850992
gpu_min_FPUP, = 0
gpu_min_SCHEDP, = 0.434067
gpu_min_L2CP, = 0.0448807
gpu_min_MCP, = 1.70955
gpu_min_NOCP, = 0.0659117
gpu_min_DRAMP, = 0
gpu_min_PIPEP, = 14.5884
gpu_min_IDLE_COREP, = 15.353
gpu_min_CONST_DYNAMICP = 9.82366
gpu_min_TOT_INST, = 4104
gpu_min_FP_INT, = 3954
gpu_min_IC_H, = 2065
gpu_min_IC_M, = 0
gpu_min_DC_RH, = 7
gpu_min_DC_RM, = 1
gpu_min_DC_WH, = 0
gpu_min_DC_WM, = 2
gpu_min_TC_H, = 0
gpu_min_TC_M, = 0
gpu_min_CC_H, = 1492
gpu_min_CC_M, = 0
gpu_min_SHRD_ACC, = 0
gpu_min_REG_RD, = 35296
gpu_min_REG_WR, = 32576
gpu_min_NON_REG_OPs, = 67520
gpu_min_SP_ACC, = 947200
gpu_min_SFU_ACC, = 88
gpu_min_FPU_ACC, = 0
gpu_min_MEM_RD, = 0
gpu_min_MEM_WR, = 0
gpu_min_MEM_PRE, = 0
gpu_min_L2_RH, = 8
gpu_min_L2_RM, = 0
gpu_min_L2_WH, = 0
gpu_min_L2_WM, = 0
gpu_min_NOC_A, = 17
gpu_min_PIPE_A, = 0.401067
gpu_min_IDLE_CORE_N, = 9.656
gpu_min_CONST_DYNAMICN = 0

Accumulative Power Statistics Over Previous Kernels:
gpu_tot_avg_power = 77.1716
gpu_tot_max_power = 156.485
gpu_tot_min_power = 17.0509


kernel_name = _Z6KernelP4NodePiPbS2_S2_S1_i 
kernel_launch_uid = 15 

Kernel Average Power Data:
kernel_avg_power = 75.6623
gpu_avg_IBP, = 0.012067
gpu_avg_ICP, = 0.105912
gpu_avg_DCP, = 3.72926
gpu_avg_TCP, = 0
gpu_avg_CCP, = 0.182431
gpu_avg_SHRDP, = 0
gpu_avg_RFP, = 3.69474
gpu_avg_SPP, = 1.54618
gpu_avg_SFUP, = 0.38166
gpu_avg_FPUP, = 0
gpu_avg_SCHEDP, = 0.151563
gpu_avg_L2CP, = 16.265
gpu_avg_MCP, = 2.87665
gpu_avg_NOCP, = 15.2553
gpu_avg_DRAMP, = 17.0773
gpu_avg_PIPEP, = 3.94608
gpu_avg_IDLE_COREP, = 0.614492
gpu_avg_CONST_DYNAMICP = 9.82366
gpu_avg_TOT_INST, = 1669.43
gpu_avg_FP_INT, = 1380.62
gpu_avg_IC_H, = 834.818
gpu_avg_IC_M, = 0
gpu_avg_DC_RH, = 151.798
gpu_avg_DC_RM, = 773.374
gpu_avg_DC_WH, = 2.28571
gpu_avg_DC_WM, = 30.2857
gpu_avg_TC_H, = 0
gpu_avg_TC_M, = 0
gpu_avg_CC_H, = 70.6207
gpu_avg_CC_M, = 0
gpu_avg_SHRD_ACC, = 0
gpu_avg_REG_RD, = 47579.4
gpu_avg_REG_WR, = 54787
gpu_avg_NON_REG_OPs, = 22141.8
gpu_avg_SP_ACC, = 286884
gpu_avg_SFU_ACC, = 3946.7
gpu_avg_FPU_ACC, = 0
gpu_avg_MEM_RD, = 330.232
gpu_avg_MEM_WR, = 0
gpu_avg_MEM_PRE, = 22.7241
gpu_avg_L2_RH, = 2763.33
gpu_avg_L2_RM, = 80.4581
gpu_avg_L2_WH, = 18.5714
gpu_avg_L2_WM, = 7.70936
gpu_avg_NOC_A, = 3934.65
gpu_avg_PIPE_A, = 0.108487
gpu_avg_IDLE_CORE_N, = 0.386473
gpu_avg_CONST_DYNAMICN = 0

Kernel Maximum Power Data:
kernel_max_power = 122.375
gpu_max_IBP, = 0.0113917
gpu_max_ICP, = 0.1001
gpu_max_DCP, = 3.8692
gpu_max_TCP, = 0
gpu_max_CCP, = 0.162745
gpu_max_SHRDP, = 0
gpu_max_RFP, = 3.6128
gpu_max_SPP, = 1.95679
gpu_max_SFUP, = 1.06374
gpu_max_FPUP, = 0
gpu_max_SCHEDP, = 0.152374
gpu_max_L2CP, = 15.9657
gpu_max_MCP, = 5.21355
gpu_max_NOCP, = 16.8812
gpu_max_DRAMP, = 60.0409
gpu_max_PIPEP, = 3.521
gpu_max_IDLE_COREP, = 0
gpu_max_CONST_DYNAMICP = 9.82366
gpu_max_TOT_INST, = 1576
gpu_max_FP_INT, = 1388
gpu_max_IC_H, = 789
gpu_max_IC_M, = 0
gpu_max_DC_RH, = 134
gpu_max_DC_RM, = 841
gpu_max_DC_WH, = 0
gpu_max_DC_WM, = 26
gpu_max_TC_H, = 0
gpu_max_TC_M, = 0
gpu_max_CC_H, = 63
gpu_max_CC_M, = 0
gpu_max_SHRD_ACC, = 0
gpu_max_REG_RD, = 47232
gpu_max_REG_WR, = 59680
gpu_max_NON_REG_OPs, = 20864
gpu_max_SP_ACC, = 363072
gpu_max_SFU_ACC, = 11000
gpu_max_FPU_ACC, = 0
gpu_max_MEM_RD, = 1164
gpu_max_MEM_WR, = 0
gpu_max_MEM_PRE, = 62
gpu_max_L2_RH, = 2731
gpu_max_L2_RM, = 149
gpu_max_L2_WH, = 20
gpu_max_L2_WM, = 2
gpu_max_NOC_A, = 4354
gpu_max_PIPE_A, = 0.0968002
gpu_max_IDLE_CORE_N, = 0
gpu_max_CONST_DYNAMICN = 0

Kernel Minimum Power Data:
kernel_min_power = 40.7174
gpu_min_IBP, = 0.0039466
gpu_min_ICP, = 0.0346352
gpu_min_DCP, = 0.557878
gpu_min_TCP, = 0
gpu_min_CCP, = 0
gpu_min_SHRDP, = 0
gpu_min_RFP, = 1.03127
gpu_min_SPP, = 0.352347
gpu_min_SFUP, = 0
gpu_min_FPUP, = 0
gpu_min_SCHEDP, = 0.0463269
gpu_min_L2CP, = 1.80084
gpu_min_MCP, = 1.2718
gpu_min_NOCP, = 1.53148
gpu_min_DRAMP, = 0
gpu_min_PIPEP, = 11.1426
gpu_min_IDLE_COREP, = 13.1207
gpu_min_CONST_DYNAMICP = 9.82366
gpu_min_TOT_INST, = 546
gpu_min_FP_INT, = 422
gpu_min_IC_H, = 273
gpu_min_IC_M, = 0
gpu_min_DC_RH, = 59
gpu_min_DC_RM, = 69
gpu_min_DC_WH, = 0
gpu_min_DC_WM, = 0
gpu_min_TC_H, = 0
gpu_min_TC_M, = 0
gpu_min_CC_H, = 0
gpu_min_CC_M, = 0
gpu_min_SHRD_ACC, = 0
gpu_min_REG_RD, = 15296
gpu_min_REG_WR, = 12032
gpu_min_NON_REG_OPs, = 6272
gpu_min_SP_ACC, = 65376
gpu_min_SFU_ACC, = 0
gpu_min_FPU_ACC, = 0
gpu_min_MEM_RD, = 0
gpu_min_MEM_WR, = 0
gpu_min_MEM_PRE, = 0
gpu_min_L2_RH, = 321
gpu_min_L2_RM, = 0
gpu_min_L2_WH, = 0
gpu_min_L2_WM, = 0
gpu_min_NOC_A, = 395
gpu_min_PIPE_A, = 0.306334
gpu_min_IDLE_CORE_N, = 8.252
gpu_min_CONST_DYNAMICN = 0

Accumulative Power Statistics Over Previous Kernels:
gpu_tot_avg_power = 76.8809
gpu_tot_max_power = 156.485
gpu_tot_min_power = 17.0509


kernel_name = _Z7Kernel2PbS_S_S_i 
kernel_launch_uid = 16 

Kernel Average Power Data:
kernel_avg_power = 120.892
gpu_avg_IBP, = 0.0658634
gpu_avg_ICP, = 0.603287
gpu_avg_DCP, = 3.57379
gpu_avg_TCP, = 0
gpu_avg_CCP, = 5.29049
gpu_avg_SHRDP, = 0
gpu_avg_RFP, = 19.7313
gpu_avg_SPP, = 17.673
gpu_avg_SFUP, = 0
gpu_avg_FPUP, = 0
gpu_avg_SCHEDP, = 0.867564
gpu_avg_L2CP, = 8.8487
gpu_avg_MCP, = 3.9862
gpu_avg_NOCP, = 5.79713
gpu_avg_DRAMP, = 19.5896
gpu_avg_PIPEP, = 22.966
gpu_avg_IDLE_COREP, = 2.0759
gpu_avg_CONST_DYNAMICP = 9.82366
gpu_avg_TOT_INST, = 9112
gpu_avg_FP_INT, = 7902.8
gpu_avg_IC_H, = 4755.2
gpu_avg_IC_M, = 0
gpu_avg_DC_RH, = 307.2
gpu_avg_DC_RM, = 102.8
gpu_avg_DC_WH, = 79
gpu_avg_DC_WM, = 443.8
gpu_avg_TC_H, = 0
gpu_avg_TC_M, = 0
gpu_avg_CC_H, = 2048
gpu_avg_CC_M, = 0
gpu_avg_SHRD_ACC, = 0
gpu_avg_REG_RD, = 208800
gpu_avg_REG_WR, = 159411
gpu_avg_NON_REG_OPs, = 139494
gpu_avg_SP_ACC, = 3.27912e+06
gpu_avg_SFU_ACC, = 0
gpu_avg_FPU_ACC, = 0
gpu_avg_MEM_RD, = 382.4
gpu_avg_MEM_WR, = 0
gpu_avg_MEM_PRE, = 4.4
gpu_avg_L2_RH, = 26.4
gpu_avg_L2_RM, = 40.4
gpu_avg_L2_WH, = 239.8
gpu_avg_L2_WM, = 68.2
gpu_avg_NOC_A, = 1495.2
gpu_avg_PIPE_A, = 0.631387
gpu_avg_IDLE_CORE_N, = 1.3056
gpu_avg_CONST_DYNAMICN = 0

Kernel Maximum Power Data:
kernel_max_power = 142.246
gpu_max_IBP, = 0.0935258
gpu_max_ICP, = 0.835812
gpu_max_DCP, = 3.99315
gpu_max_TCP, = 0
gpu_max_CCP, = 9.22478
gpu_max_SHRDP, = 0
gpu_max_RFP, = 29.7307
gpu_max_SPP, = 26.2227
gpu_max_SFUP, = 0
gpu_max_FPUP, = 0
gpu_max_SCHEDP, = 1.29002
gpu_max_L2CP, = 11.3447
gpu_max_MCP, = 3.9335
gpu_max_NOCP, = 5.14111
gpu_max_DRAMP, = 11.9473
gpu_max_PIPEP, = 28.665
gpu_max_IDLE_COREP, = 0
gpu_max_CONST_DYNAMICP = 9.82366
gpu_max_TOT_INST, = 12939
gpu_max_FP_INT, = 11751
gpu_max_IC_H, = 6588
gpu_max_IC_M, = 0
gpu_max_DC_RH, = 490
gpu_max_DC_RM, = 173
gpu_max_DC_WH, = 41
gpu_max_DC_WM, = 228
gpu_max_TC_H, = 0
gpu_max_TC_M, = 0
gpu_max_CC_H, = 3571
gpu_max_CC_M, = 0
gpu_max_SHRD_ACC, = 0
gpu_max_REG_RD, = 274560
gpu_max_REG_WR, = 213824
gpu_max_NON_REG_OPs, = 218656
gpu_max_SP_ACC, = 4.86547e+06
gpu_max_SFU_ACC, = 0
gpu_max_FPU_ACC, = 0
gpu_max_MEM_RD, = 233
gpu_max_MEM_WR, = 0
gpu_max_MEM_PRE, = 4
gpu_max_L2_RH, = 20
gpu_max_L2_RM, = 37
gpu_max_L2_WH, = 313
gpu_max_L2_WM, = 85
gpu_max_NOC_A, = 1326
gpu_max_PIPE_A, = 0.788066
gpu_max_IDLE_CORE_N, = 0
gpu_max_CONST_DYNAMICN = 0

Kernel Minimum Power Data:
kernel_min_power = 84.3037
gpu_min_IBP, = 0.0539514
gpu_min_ICP, = 0.475378
gpu_min_DCP, = 1.25669
gpu_min_TCP, = 0
gpu_min_CCP, = 6.0758
gpu_min_SHRDP, = 0
gpu_min_RFP, = 16.7667
gpu_min_SPP, = 13.7531
gpu_min_SFUP, = 0
gpu_min_FPUP, = 0
gpu_min_SCHEDP, = 0.774273
gpu_min_L2CP, = 0.0448807
gpu_min_MCP, = 2.19493
gpu_min_NOCP, = 0.317927
gpu_min_DRAMP, = 0
gpu_min_PIPEP, = 22.3869
gpu_min_IDLE_COREP, = 10.3795
gpu_min_CONST_DYNAMICP = 9.82366
gpu_min_TOT_INST, = 7464
gpu_min_FP_INT, = 7053
gpu_min_IC_H, = 3747
gpu_min_IC_M, = 0
gpu_min_DC_RH, = 190
gpu_min_DC_RM, = 75
gpu_min_DC_WH, = 0
gpu_min_DC_WM, = 0
gpu_min_TC_H, = 0
gpu_min_TC_M, = 0
gpu_min_CC_H, = 2352
gpu_min_CC_M, = 0
gpu_min_SHRD_ACC, = 0
gpu_min_REG_RD, = 127040
gpu_min_REG_WR, = 102048
gpu_min_NON_REG_OPs, = 129216
gpu_min_SP_ACC, = 2.55181e+06
gpu_min_SFU_ACC, = 0
gpu_min_FPU_ACC, = 0
gpu_min_MEM_RD, = 0
gpu_min_MEM_WR, = 0
gpu_min_MEM_PRE, = 0
gpu_min_L2_RH, = 8
gpu_min_L2_RM, = 0
gpu_min_L2_WH, = 0
gpu_min_L2_WM, = 0
gpu_min_NOC_A, = 82
gpu_min_PIPE_A, = 0.615467
gpu_min_IDLE_CORE_N, = 6.528
gpu_min_CONST_DYNAMICN = 0

Accumulative Power Statistics Over Previous Kernels:
gpu_tot_avg_power = 77.0887
gpu_tot_max_power = 156.485
gpu_tot_min_power = 17.0509


kernel_name = _Z6KernelP4NodePiPbS2_S2_S1_i 
kernel_launch_uid = 17 

Kernel Average Power Data:
kernel_avg_power = 64.1171
gpu_avg_IBP, = 0.0253023
gpu_avg_ICP, = 0.2222
gpu_avg_DCP, = 1.54743
gpu_avg_TCP, = 0
gpu_avg_CCP, = 1.54306
gpu_avg_SHRDP, = 0
gpu_avg_RFP, = 7.62148
gpu_avg_SPP, = 4.65879
gpu_avg_SFUP, = 0.763395
gpu_avg_FPUP, = 0
gpu_avg_SCHEDP, = 0.32915
gpu_avg_L2CP, = 3.51596
gpu_avg_MCP, = 2.51912
gpu_avg_NOCP, = 3.78233
gpu_avg_DRAMP, = 15.9372
gpu_avg_PIPEP, = 9.41265
gpu_avg_IDLE_COREP, = 2.41534
gpu_avg_CONST_DYNAMICP = 9.82366
gpu_avg_TOT_INST, = 3500.5
gpu_avg_FP_INT, = 2998.29
gpu_avg_IC_H, = 1751.42
gpu_avg_IC_M, = 0
gpu_avg_DC_RH, = 158.625
gpu_avg_DC_RM, = 176.708
gpu_avg_DC_WH, = 18.9583
gpu_avg_DC_WM, = 20.4167
gpu_avg_TC_H, = 0
gpu_avg_TC_M, = 0
gpu_avg_CC_H, = 597.333
gpu_avg_CC_M, = 0
gpu_avg_SHRD_ACC, = 0
gpu_avg_REG_RD, = 81717.3
gpu_avg_REG_WR, = 64237.3
gpu_avg_NON_REG_OPs, = 53434.7
gpu_avg_SP_ACC, = 864412
gpu_avg_SFU_ACC, = 7894.17
gpu_avg_FPU_ACC, = 0
gpu_avg_MEM_RD, = 306.667
gpu_avg_MEM_WR, = 0
gpu_avg_MEM_PRE, = 30.375
gpu_avg_L2_RH, = 400.5
gpu_avg_L2_RM, = 61.625
gpu_avg_L2_WH, = 44.5
gpu_avg_L2_WM, = 0.791667
gpu_avg_NOC_A, = 975.542
gpu_avg_PIPE_A, = 0.258775
gpu_avg_IDLE_CORE_N, = 1.51908
gpu_avg_CONST_DYNAMICN = 0

Kernel Maximum Power Data:
kernel_max_power = 92.1993
gpu_max_IBP, = 0.0434271
gpu_max_ICP, = 0.38048
gpu_max_DCP, = 2.05674
gpu_max_TCP, = 0
gpu_max_CCP, = 3.75604
gpu_max_SHRDP, = 0
gpu_max_RFP, = 13.8842
gpu_max_SPP, = 10.2084
gpu_max_SFUP, = 1.39949
gpu_max_FPUP, = 0
gpu_max_SCHEDP, = 0.576122
gpu_max_L2CP, = 2.17974
gpu_max_MCP, = 3.52127
gpu_max_NOCP, = 3.40027
gpu_max_DRAMP, = 27.4118
gpu_max_PIPEP, = 13.5578
gpu_max_IDLE_COREP, = 0
gpu_max_CONST_DYNAMICP = 9.82366
gpu_max_TOT_INST, = 6008
gpu_max_FP_INT, = 5248
gpu_max_IC_H, = 2999
gpu_max_IC_M, = 0
gpu_max_DC_RH, = 237
gpu_max_DC_RM, = 189
gpu_max_DC_WH, = 48
gpu_max_DC_WM, = 34
gpu_max_TC_H, = 0
gpu_max_TC_M, = 0
gpu_max_CC_H, = 1454
gpu_max_CC_M, = 0
gpu_max_SHRD_ACC, = 0
gpu_max_REG_RD, = 125536
gpu_max_REG_WR, = 103680
gpu_max_NON_REG_OPs, = 102048
gpu_max_SP_ACC, = 1.89411e+06
gpu_max_SFU_ACC, = 14472
gpu_max_FPU_ACC, = 0
gpu_max_MEM_RD, = 528
gpu_max_MEM_WR, = 0
gpu_max_MEM_PRE, = 49
gpu_max_L2_RH, = 44
gpu_max_L2_RM, = 105
gpu_max_L2_WH, = 69
gpu_max_L2_WM, = 0
gpu_max_NOC_A, = 877
gpu_max_PIPE_A, = 0.372733
gpu_max_IDLE_CORE_N, = 0
gpu_max_CONST_DYNAMICN = 0

Kernel Minimum Power Data:
kernel_min_power = 36.4829
gpu_min_IBP, = 0.00727158
gpu_min_ICP, = 0.0635613
gpu_min_DCP, = 0.636205
gpu_min_TCP, = 0
gpu_min_CCP, = 0
gpu_min_SHRDP, = 0
gpu_min_RFP, = 1.85364
gpu_min_SPP, = 0.615012
gpu_min_SFUP, = 0
gpu_min_FPUP, = 0
gpu_min_SCHEDP, = 0.0858474
gpu_min_L2CP, = 1.71668
gpu_min_MCP, = 1.28132
gpu_min_NOCP, = 1.50434
gpu_min_DRAMP, = 0
gpu_min_PIPEP, = 9.35535
gpu_min_IDLE_COREP, = 9.54
gpu_min_CONST_DYNAMICP = 9.82366
gpu_min_TOT_INST, = 1006
gpu_min_FP_INT, = 782
gpu_min_IC_H, = 501
gpu_min_IC_M, = 0
gpu_min_DC_RH, = 77
gpu_min_DC_RM, = 65
gpu_min_DC_WH, = 0
gpu_min_DC_WM, = 0
gpu_min_TC_H, = 0
gpu_min_TC_M, = 0
gpu_min_CC_H, = 0
gpu_min_CC_M, = 0
gpu_min_SHRD_ACC, = 0
gpu_min_REG_RD, = 27744
gpu_min_REG_WR, = 19424
gpu_min_NON_REG_OPs, = 11488
gpu_min_SP_ACC, = 114112
gpu_min_SFU_ACC, = 0
gpu_min_FPU_ACC, = 0
gpu_min_MEM_RD, = 0
gpu_min_MEM_WR, = 0
gpu_min_MEM_PRE, = 0
gpu_min_L2_RH, = 306
gpu_min_L2_RM, = 0
gpu_min_L2_WH, = 0
gpu_min_L2_WM, = 0
gpu_min_NOC_A, = 388
gpu_min_PIPE_A, = 0.2572
gpu_min_IDLE_CORE_N, = 6
gpu_min_CONST_DYNAMICN = 0

Accumulative Power Statistics Over Previous Kernels:
gpu_tot_avg_power = 76.8012
gpu_tot_max_power = 156.485
gpu_tot_min_power = 17.0509


kernel_name = _Z7Kernel2PbS_S_S_i 
kernel_launch_uid = 18 

Kernel Average Power Data:
kernel_avg_power = 117.364
gpu_avg_IBP, = 0.0912224
gpu_avg_ICP, = 0.837715
gpu_avg_DCP, = 3.11044
gpu_avg_TCP, = 0
gpu_avg_CCP, = 8.81749
gpu_avg_SHRDP, = 0
gpu_avg_RFP, = 28.6783
gpu_avg_SPP, = 25.6638
gpu_avg_SFUP, = 0
gpu_avg_FPUP, = 0
gpu_avg_SCHEDP, = 1.18287
gpu_avg_L2CP, = 3.47873
gpu_avg_MCP, = 2.84826
gpu_avg_NOCP, = 2.96603
gpu_avg_DRAMP, = 0
gpu_avg_PIPEP, = 28.3789
gpu_avg_IDLE_COREP, = 1.48612
gpu_avg_CONST_DYNAMICP = 9.82366
gpu_avg_TOT_INST, = 12620.3
gpu_avg_FP_INT, = 10775
gpu_avg_IC_H, = 6603
gpu_avg_IC_M, = 0
gpu_avg_DC_RH, = 484.667
gpu_avg_DC_RM, = 162.333
gpu_avg_DC_WH, = 1
gpu_avg_DC_WM, = 3
gpu_avg_TC_H, = 0
gpu_avg_TC_M, = 0
gpu_avg_CC_H, = 3413.33
gpu_avg_CC_M, = 0
gpu_avg_SHRD_ACC, = 0
gpu_avg_REG_RD, = 234741
gpu_avg_REG_WR, = 208171
gpu_avg_NON_REG_OPs, = 214827
gpu_avg_SP_ACC, = 4.76177e+06
gpu_avg_SFU_ACC, = 0
gpu_avg_FPU_ACC, = 0
gpu_avg_MEM_RD, = 0
gpu_avg_MEM_WR, = 0
gpu_avg_MEM_PRE, = 0
gpu_avg_L2_RH, = 600.333
gpu_avg_L2_RM, = 0
gpu_avg_L2_WH, = 4
gpu_avg_L2_WM, = 0
gpu_avg_NOC_A, = 765
gpu_avg_PIPE_A, = 0.7802
gpu_avg_IDLE_CORE_N, = 0.934667
gpu_avg_CONST_DYNAMICN = 0

Kernel Maximum Power Data:
kernel_max_power = 125.705
gpu_max_IBP, = 0.101679
gpu_max_ICP, = 0.938449
gpu_max_DCP, = 3.39121
gpu_max_TCP, = 0
gpu_max_CCP, = 9.52444
gpu_max_SHRDP, = 0
gpu_max_RFP, = 31.7563
gpu_max_SPP, = 28.6734
gpu_max_SFUP, = 0
gpu_max_FPUP, = 0
gpu_max_SCHEDP, = 1.30165
gpu_max_L2CP, = 4.44705
gpu_max_MCP, = 2.99149
gpu_max_NOCP, = 3.65616
gpu_max_DRAMP, = 0
gpu_max_PIPEP, = 29.0991
gpu_max_IDLE_COREP, = 0
gpu_max_CONST_DYNAMICP = 9.82366
gpu_max_TOT_INST, = 14067
gpu_max_FP_INT, = 11857
gpu_max_IC_H, = 7397
gpu_max_IC_M, = 0
gpu_max_DC_RH, = 530
gpu_max_DC_RM, = 169
gpu_max_DC_WH, = 3
gpu_max_DC_WM, = 9
gpu_max_TC_H, = 0
gpu_max_TC_M, = 0
gpu_max_CC_H, = 3687
gpu_max_CC_M, = 0
gpu_max_SHRD_ACC, = 0
gpu_max_REG_RD, = 260736
gpu_max_REG_WR, = 235168
gpu_max_NON_REG_OPs, = 237248
gpu_max_SP_ACC, = 5.32019e+06
gpu_max_SFU_ACC, = 0
gpu_max_FPU_ACC, = 0
gpu_max_MEM_RD, = 0
gpu_max_MEM_WR, = 0
gpu_max_MEM_PRE, = 0
gpu_max_L2_RH, = 768
gpu_max_L2_RM, = 0
gpu_max_L2_WH, = 5
gpu_max_L2_WM, = 0
gpu_max_NOC_A, = 943
gpu_max_PIPE_A, = 0.8
gpu_max_IDLE_CORE_N, = 0
gpu_max_CONST_DYNAMICN = 0

Kernel Minimum Power Data:
kernel_min_power = 107.324
gpu_min_IBP, = 0.0788092
gpu_min_ICP, = 0.708182
gpu_min_DCP, = 2.39121
gpu_min_TCP, = 0
gpu_min_CCP, = 8.70038
gpu_min_SHRDP, = 0
gpu_min_RFP, = 25.4999
gpu_min_SPP, = 21.5734
gpu_min_SFUP, = 0
gpu_min_FPUP, = 0
gpu_min_SCHEDP, = 1.07858
gpu_min_L2CP, = 1.70546
gpu_min_MCP, = 2.72324
gpu_min_NOCP, = 1.64392
gpu_min_DRAMP, = 0
gpu_min_PIPEP, = 26.9385
gpu_min_IDLE_COREP, = 4.45836
gpu_min_CONST_DYNAMICP = 9.82366
gpu_min_TOT_INST, = 10903
gpu_min_FP_INT, = 9825
gpu_min_IC_H, = 5582
gpu_min_IC_M, = 0
gpu_min_DC_RH, = 367
gpu_min_DC_RM, = 135
gpu_min_DC_WH, = 0
gpu_min_DC_WM, = 0
gpu_min_TC_H, = 0
gpu_min_TC_M, = 0
gpu_min_CC_H, = 3368
gpu_min_CC_M, = 0
gpu_min_SHRD_ACC, = 0
gpu_min_REG_RD, = 198496
gpu_min_REG_WR, = 168416
gpu_min_NON_REG_OPs, = 194304
gpu_min_SP_ACC, = 4.00282e+06
gpu_min_SFU_ACC, = 0
gpu_min_FPU_ACC, = 0
gpu_min_MEM_RD, = 0
gpu_min_MEM_WR, = 0
gpu_min_MEM_PRE, = 0
gpu_min_L2_RH, = 304
gpu_min_L2_RM, = 0
gpu_min_L2_WH, = 0
gpu_min_L2_WM, = 0
gpu_min_NOC_A, = 424
gpu_min_PIPE_A, = 0.7406
gpu_min_IDLE_CORE_N, = 2.804
gpu_min_CONST_DYNAMICN = 0

Accumulative Power Statistics Over Previous Kernels:
gpu_tot_avg_power = 76.9133
gpu_tot_max_power = 156.485
gpu_tot_min_power = 17.0509


kernel_name = _Z6KernelP4NodePiPbS2_S2_S1_i 
kernel_launch_uid = 19 

Kernel Average Power Data:
kernel_avg_power = 82.5525
gpu_avg_IBP, = 0.0558415
gpu_avg_ICP, = 0.493139
gpu_avg_DCP, = 1.74502
gpu_avg_TCP, = 0
gpu_avg_CCP, = 6.17224
gpu_avg_SHRDP, = 0
gpu_avg_RFP, = 17.2878
gpu_avg_SPP, = 13.5857
gpu_avg_SFUP, = 0.0255298
gpu_avg_FPUP, = 0
gpu_avg_SCHEDP, = 0.724214
gpu_avg_L2CP, = 2.27408
gpu_avg_MCP, = 2.29415
gpu_avg_NOCP, = 1.92566
gpu_avg_DRAMP, = 0.247074
gpu_avg_PIPEP, = 20.4526
gpu_avg_IDLE_COREP, = 5.44575
gpu_avg_CONST_DYNAMICP = 9.82366
gpu_avg_TOT_INST, = 7725.5
gpu_avg_FP_INT, = 6597
gpu_avg_IC_H, = 3887
gpu_avg_IC_M, = 0
gpu_avg_DC_RH, = 270.833
gpu_avg_DC_RM, = 92.6667
gpu_avg_DC_WH, = 1.5
gpu_avg_DC_WM, = 1.5
gpu_avg_TC_H, = 0
gpu_avg_TC_M, = 0
gpu_avg_CC_H, = 2389.33
gpu_avg_CC_M, = 0
gpu_avg_SHRD_ACC, = 0
gpu_avg_REG_RD, = 124496
gpu_avg_REG_WR, = 111781
gpu_avg_NON_REG_OPs, = 133381
gpu_avg_SP_ACC, = 2.52075e+06
gpu_avg_SFU_ACC, = 264
gpu_avg_FPU_ACC, = 0
gpu_avg_MEM_RD, = 4.66667
gpu_avg_MEM_WR, = 0
gpu_avg_MEM_PRE, = 1
gpu_avg_L2_RH, = 390.5
gpu_avg_L2_RM, = 1.16667
gpu_avg_L2_WH, = 3
gpu_avg_L2_WM, = 0
gpu_avg_NOC_A, = 496.667
gpu_avg_PIPE_A, = 0.562289
gpu_avg_IDLE_CORE_N, = 3.425
gpu_avg_CONST_DYNAMICN = 0

Kernel Maximum Power Data:
kernel_max_power = 114.253
gpu_max_IBP, = 0.0905839
gpu_max_ICP, = 0.794961
gpu_max_DCP, = 2.9401
gpu_max_TCP, = 0
gpu_max_CCP, = 10.3382
gpu_max_SHRDP, = 0
gpu_max_RFP, = 28.6136
gpu_max_SPP, = 22.6661
gpu_max_SFUP, = 0.00850992
gpu_max_FPUP, = 0
gpu_max_SCHEDP, = 1.18144
gpu_max_L2CP, = 3.45567
gpu_max_MCP, = 3.0394
gpu_max_NOCP, = 2.94664
gpu_max_DRAMP, = 0.212987
gpu_max_PIPEP, = 28.1413
gpu_max_IDLE_COREP, = 0
gpu_max_CONST_DYNAMICP = 9.82366
gpu_max_TOT_INST, = 12532
gpu_max_FP_INT, = 10762
gpu_max_IC_H, = 6266
gpu_max_IC_M, = 0
gpu_max_DC_RH, = 454
gpu_max_DC_RM, = 162
gpu_max_DC_WH, = 1
gpu_max_DC_WM, = 0
gpu_max_TC_H, = 0
gpu_max_TC_M, = 0
gpu_max_CC_H, = 4002
gpu_max_CC_M, = 0
gpu_max_SHRD_ACC, = 0
gpu_max_REG_RD, = 205920
gpu_max_REG_WR, = 182592
gpu_max_NON_REG_OPs, = 221056
gpu_max_SP_ACC, = 4.20557e+06
gpu_max_SFU_ACC, = 88
gpu_max_FPU_ACC, = 0
gpu_max_MEM_RD, = 4
gpu_max_MEM_WR, = 0
gpu_max_MEM_PRE, = 1
gpu_max_L2_RH, = 611
gpu_max_L2_RM, = 1
gpu_max_L2_WH, = 1
gpu_max_L2_WM, = 0
gpu_max_NOC_A, = 760
gpu_max_PIPE_A, = 0.773667
gpu_max_IDLE_CORE_N, = 0
gpu_max_CONST_DYNAMICN = 0

Kernel Minimum Power Data:
kernel_min_power = 43.049
gpu_min_IBP, = 0.000274672
gpu_min_ICP, = 0.00241051
gpu_min_DCP, = 0.0286703
gpu_min_TCP, = 0
gpu_min_CCP, = 0
gpu_min_SHRDP, = 0
gpu_min_RFP, = 0.0758937
gpu_min_SPP, = 0.0275945
gpu_min_SFUP, = 0.00850992
gpu_min_FPUP, = 0
gpu_min_SCHEDP, = 0.00329338
gpu_min_L2CP, = 0.112406
gpu_min_MCP, = 1.19272
gpu_min_NOCP, = 0.112438
gpu_min_DRAMP, = 0.204523
gpu_min_PIPEP, = 11.5911
gpu_min_IDLE_COREP, = 19.8655
gpu_min_CONST_DYNAMICP = 9.82366
gpu_min_TOT_INST, = 38
gpu_min_FP_INT, = 30
gpu_min_IC_H, = 19
gpu_min_IC_M, = 0
gpu_min_DC_RH, = 2
gpu_min_DC_RM, = 5
gpu_min_DC_WH, = 0
gpu_min_DC_WM, = 0
gpu_min_TC_H, = 0
gpu_min_TC_M, = 0
gpu_min_CC_H, = 0
gpu_min_CC_M, = 0
gpu_min_SHRD_ACC, = 0
gpu_min_REG_RD, = 1216
gpu_min_REG_WR, = 896
gpu_min_NON_REG_OPs, = 448
gpu_min_SP_ACC, = 5120
gpu_min_SFU_ACC, = 88
gpu_min_FPU_ACC, = 0
gpu_min_MEM_RD, = 4
gpu_min_MEM_WR, = 0
gpu_min_MEM_PRE, = 0
gpu_min_L2_RH, = 20
gpu_min_L2_RM, = 1
gpu_min_L2_WH, = 0
gpu_min_L2_WM, = 0
gpu_min_NOC_A, = 29
gpu_min_PIPE_A, = 0.318667
gpu_min_IDLE_CORE_N, = 12.494
gpu_min_CONST_DYNAMICN = 0

Accumulative Power Statistics Over Previous Kernels:
gpu_tot_avg_power = 76.9443
gpu_tot_max_power = 156.485
gpu_tot_min_power = 17.0509


kernel_name = _Z7Kernel2PbS_S_S_i 
kernel_launch_uid = 20 

Kernel Average Power Data:
kernel_avg_power = 117.569
gpu_avg_IBP, = 0.0920633
gpu_avg_ICP, = 0.846977
gpu_avg_DCP, = 3.16449
gpu_avg_TCP, = 0
gpu_avg_CCP, = 8.81749
gpu_avg_SHRDP, = 0
gpu_avg_RFP, = 28.8479
gpu_avg_SPP, = 25.9204
gpu_avg_SFUP, = 0
gpu_avg_FPUP, = 0
gpu_avg_SCHEDP, = 1.18906
gpu_avg_L2CP, = 3.47077
gpu_avg_MCP, = 2.85315
gpu_avg_NOCP, = 3.04099
gpu_avg_DRAMP, = 0
gpu_avg_PIPEP, = 28.4379
gpu_avg_IDLE_COREP, = 1.06424
gpu_avg_CONST_DYNAMICP = 9.82366
gpu_avg_TOT_INST, = 12736.7
gpu_avg_FP_INT, = 10831.3
gpu_avg_IC_H, = 6676
gpu_avg_IC_M, = 0
gpu_avg_DC_RH, = 494.667
gpu_avg_DC_RM, = 166
gpu_avg_DC_WH, = 0
gpu_avg_DC_WM, = 0
gpu_avg_TC_H, = 0
gpu_avg_TC_M, = 0
gpu_avg_CC_H, = 3413.33
gpu_avg_CC_M, = 0
gpu_avg_SHRD_ACC, = 0
gpu_avg_REG_RD, = 236843
gpu_avg_REG_WR, = 210432
gpu_avg_NON_REG_OPs, = 215883
gpu_avg_SP_ACC, = 4.80939e+06
gpu_avg_SFU_ACC, = 0
gpu_avg_FPU_ACC, = 0
gpu_avg_MEM_RD, = 0
gpu_avg_MEM_WR, = 0
gpu_avg_MEM_PRE, = 0
gpu_avg_L2_RH, = 618.667
gpu_avg_L2_RM, = 0
gpu_avg_L2_WH, = 0
gpu_avg_L2_WM, = 0
gpu_avg_NOC_A, = 784.333
gpu_avg_PIPE_A, = 0.781822
gpu_avg_IDLE_CORE_N, = 0.669333
gpu_avg_CONST_DYNAMICN = 0

Kernel Maximum Power Data:
kernel_max_power = 126.121
gpu_max_IBP, = 0.103161
gpu_max_ICP, = 0.951136
gpu_max_DCP, = 3.52522
gpu_max_TCP, = 0
gpu_max_CCP, = 9.80601
gpu_max_SHRDP, = 0
gpu_max_RFP, = 31.9627
gpu_max_SPP, = 28.632
gpu_max_SFUP, = 0
gpu_max_FPUP, = 0
gpu_max_SCHEDP, = 1.31977
gpu_max_L2CP, = 4.20756
gpu_max_MCP, = 3.04205
gpu_max_NOCP, = 3.64841
gpu_max_DRAMP, = 0
gpu_max_PIPEP, = 29.0991
gpu_max_IDLE_COREP, = 0
gpu_max_CONST_DYNAMICP = 9.82366
gpu_max_TOT_INST, = 14272
gpu_max_FP_INT, = 12022
gpu_max_IC_H, = 7497
gpu_max_IC_M, = 0
gpu_max_DC_RH, = 551
gpu_max_DC_RM, = 185
gpu_max_DC_WH, = 0
gpu_max_DC_WM, = 0
gpu_max_TC_H, = 0
gpu_max_TC_M, = 0
gpu_max_CC_H, = 3796
gpu_max_CC_M, = 0
gpu_max_SHRD_ACC, = 0
gpu_max_REG_RD, = 260480
gpu_max_REG_WR, = 234304
gpu_max_NON_REG_OPs, = 239328
gpu_max_SP_ACC, = 5.31251e+06
gpu_max_SFU_ACC, = 0
gpu_max_FPU_ACC, = 0
gpu_max_MEM_RD, = 0
gpu_max_MEM_WR, = 0
gpu_max_MEM_PRE, = 0
gpu_max_L2_RH, = 750
gpu_max_L2_RM, = 0
gpu_max_L2_WH, = 0
gpu_max_L2_WM, = 0
gpu_max_NOC_A, = 941
gpu_max_PIPE_A, = 0.8
gpu_max_IDLE_CORE_N, = 0
gpu_max_CONST_DYNAMICN = 0

Kernel Minimum Power Data:
kernel_min_power = 111.265
gpu_min_IBP, = 0.084158
gpu_min_ICP, = 0.757154
gpu_min_DCP, = 2.59921
gpu_min_TCP, = 0
gpu_min_CCP, = 9.22995
gpu_min_SHRDP, = 0
gpu_min_RFP, = 27.384
gpu_min_SPP, = 23.1242
gpu_min_SFUP, = 0
gpu_min_FPUP, = 0
gpu_min_SCHEDP, = 1.1484
gpu_min_L2CP, = 2.01402
gpu_min_MCP, = 2.82526
gpu_min_NOCP, = 1.86491
gpu_min_DRAMP, = 0
gpu_min_PIPEP, = 27.2174
gpu_min_IDLE_COREP, = 3.19272
gpu_min_CONST_DYNAMICP = 9.82366
gpu_min_TOT_INST, = 11643
gpu_min_FP_INT, = 10461
gpu_min_IC_H, = 5968
gpu_min_IC_M, = 0
gpu_min_DC_RH, = 403
gpu_min_DC_RM, = 141
gpu_min_DC_WH, = 0
gpu_min_DC_WM, = 0
gpu_min_TC_H, = 0
gpu_min_TC_M, = 0
gpu_min_CC_H, = 3573
gpu_min_CC_M, = 0
gpu_min_SHRD_ACC, = 0
gpu_min_REG_RD, = 211200
gpu_min_REG_WR, = 181440
gpu_min_NON_REG_OPs, = 208864
gpu_min_SP_ACC, = 4.29056e+06
gpu_min_SFU_ACC, = 0
gpu_min_FPU_ACC, = 0
gpu_min_MEM_RD, = 0
gpu_min_MEM_WR, = 0
gpu_min_MEM_PRE, = 0
gpu_min_L2_RH, = 359
gpu_min_L2_RM, = 0
gpu_min_L2_WH, = 0
gpu_min_L2_WM, = 0
gpu_min_NOC_A, = 481
gpu_min_PIPE_A, = 0.748266
gpu_min_IDLE_CORE_N, = 2.008
gpu_min_CONST_DYNAMICN = 0

Accumulative Power Statistics Over Previous Kernels:
gpu_tot_avg_power = 77.0556
gpu_tot_max_power = 156.485
gpu_tot_min_power = 17.0509


