kernel_name = _Z6KernelP4NodePiPbS2_S2_S1_i 
kernel_launch_uid = 1 

Kernel Average Power Data:
kernel_avg_power = 32.8467
gpu_avg_IBP, = 0.00980839
gpu_avg_ICP, = 0.268025
gpu_avg_DCP, = 0.301461
gpu_avg_TCP, = 0
gpu_avg_CCP, = 1.10021
gpu_avg_SHRDP, = 0
gpu_avg_RFP, = 3.06357
gpu_avg_SPP, = 2.37663
gpu_avg_SFUP, = 0.00255298
gpu_avg_FPUP, = 0
gpu_avg_SCHEDP, = 0.121918
gpu_avg_L2CP, = 0.395565
gpu_avg_MCP, = 1.37612
gpu_avg_NOCP, = 0.339174
gpu_avg_DRAMP, = 0.0406437
gpu_avg_PIPEP, = 4.23138
gpu_avg_IDLE_COREP, = 9.39595
gpu_avg_CONST_DYNAMICP = 9.82366
gpu_avg_TOT_INST, = 4523.2
gpu_avg_FP_INT, = 3701.9
gpu_avg_IC_H, = 2117.6
gpu_avg_IC_M, = 144
gpu_avg_DC_RH, = 156.4
gpu_avg_DC_RM, = 52.3
gpu_avg_DC_WH, = 0.1
gpu_avg_DC_WM, = 1.4
gpu_avg_TC_H, = 0
gpu_avg_TC_M, = 0
gpu_avg_CC_H, = 1385.6
gpu_avg_CC_M, = 48
gpu_avg_SHRD_ACC, = 0
gpu_avg_REG_RD, = 72732.8
gpu_avg_REG_WR, = 65830.4
gpu_avg_NON_REG_OPs, = 78921.6
gpu_avg_SP_ACC, = 1.4699e+06
gpu_avg_SFU_ACC, = 88
gpu_avg_FPU_ACC, = 0
gpu_avg_MEM_RD, = 2.6
gpu_avg_MEM_WR, = 0
gpu_avg_MEM_PRE, = 0.3
gpu_avg_L2_RH, = 227.6
gpu_avg_L2_RM, = 0.7
gpu_avg_L2_WH, = 1.5
gpu_avg_L2_WM, = 0
gpu_avg_NOC_A, = 291.6
gpu_avg_PIPE_A, = 0.387767
gpu_avg_IDLE_CORE_N, = 5.9094
gpu_avg_CONST_DYNAMICN = 0

Kernel Maximum Power Data:
kernel_max_power = 41.6525
gpu_max_IBP, = 0.0267892
gpu_max_ICP, = 0.235177
gpu_max_DCP, = 0.839962
gpu_max_TCP, = 0
gpu_max_CCP, = 3.19135
gpu_max_SHRDP, = 0
gpu_max_RFP, = 8.6304
gpu_max_SPP, = 6.70463
gpu_max_SFUP, = 0.00255298
gpu_max_FPUP, = 0
gpu_max_SCHEDP, = 0.338428
gpu_max_L2CP, = 0.902224
gpu_max_MCP, = 1.74363
gpu_max_NOCP, = 0.789778
gpu_max_DRAMP, = 0.122714
gpu_max_PIPEP, = 8.30125
gpu_max_IDLE_COREP, = 0
gpu_max_CONST_DYNAMICP = 9.82366
gpu_max_TOT_INST, = 12354
gpu_max_FP_INT, = 10276
gpu_max_IC_H, = 6179
gpu_max_IC_M, = 0
gpu_max_DC_RH, = 439
gpu_max_DC_RM, = 145
gpu_max_DC_WH, = 0
gpu_max_DC_WM, = 0
gpu_max_TC_H, = 0
gpu_max_TC_M, = 0
gpu_max_CC_H, = 4118
gpu_max_CC_M, = 0
gpu_max_SHRD_ACC, = 0
gpu_max_REG_RD, = 205504
gpu_max_REG_WR, = 178144
gpu_max_NON_REG_OPs, = 223072
gpu_max_SP_ACC, = 4.14669e+06
gpu_max_SFU_ACC, = 88
gpu_max_FPU_ACC, = 0
gpu_max_MEM_RD, = 8
gpu_max_MEM_WR, = 0
gpu_max_MEM_PRE, = 0
gpu_max_L2_RH, = 536
gpu_max_L2_RM, = 2
gpu_max_L2_WH, = 0
gpu_max_L2_WM, = 0
gpu_max_NOC_A, = 679
gpu_max_PIPE_A, = 0.760733
gpu_max_IDLE_CORE_N, = 0
gpu_max_CONST_DYNAMICN = 0

Kernel Minimum Power Data:
kernel_min_power = 12.8835
gpu_min_IBP, = 0.00325269
gpu_min_ICP, = 0.635037
gpu_min_DCP, = 0
gpu_min_TCP, = 0
gpu_min_CCP, = 0.264057
gpu_min_SHRDP, = 0
gpu_min_RFP, = 0.51904
gpu_min_SPP, = 0
gpu_min_SFUP, = 0
gpu_min_FPUP, = 0
gpu_min_SCHEDP, = 0.0494007
gpu_min_L2CP, = 0.10447
gpu_min_MCP, = 1.23767
gpu_min_NOCP, = 0.104683
gpu_min_DRAMP, = 0.0945746
gpu_min_PIPEP, = 0
gpu_min_IDLE_COREP, = 0.0476996
gpu_min_CONST_DYNAMICP = 9.82366
gpu_min_TOT_INST, = 1500
gpu_min_FP_INT, = 1500
gpu_min_IC_H, = 270
gpu_min_IC_M, = 480
gpu_min_DC_RH, = 0
gpu_min_DC_RM, = 0
gpu_min_DC_WH, = 0
gpu_min_DC_WM, = 0
gpu_min_TC_H, = 0
gpu_min_TC_M, = 0
gpu_min_CC_H, = 0
gpu_min_CC_M, = 480
gpu_min_SHRD_ACC, = 0
gpu_min_REG_RD, = 0
gpu_min_REG_WR, = 0
gpu_min_NON_REG_OPs, = 16320
gpu_min_SP_ACC, = 0
gpu_min_SFU_ACC, = 0
gpu_min_FPU_ACC, = 0
gpu_min_MEM_RD, = 6
gpu_min_MEM_WR, = 0
gpu_min_MEM_PRE, = 1
gpu_min_L2_RH, = 62
gpu_min_L2_RM, = 2
gpu_min_L2_WH, = 0
gpu_min_L2_WM, = 0
gpu_min_NOC_A, = 90
gpu_min_PIPE_A, = 0
gpu_min_IDLE_CORE_N, = 0.0299997
gpu_min_CONST_DYNAMICN = 0

Accumulative Power Statistics Over Previous Kernels:
gpu_tot_avg_power = 32.8467
gpu_tot_max_power = 41.6525
gpu_tot_min_power = 12.8835


kernel_name = _Z7Kernel2PbS_S_S_i 
kernel_launch_uid = 2 

Kernel Average Power Data:
kernel_avg_power = 34.652
gpu_avg_IBP, = 0.0169105
gpu_avg_ICP, = 0.398775
gpu_avg_DCP, = 0.595473
gpu_avg_TCP, = 0
gpu_avg_CCP, = 1.58715
gpu_avg_SHRDP, = 0
gpu_avg_RFP, = 5.27186
gpu_avg_SPP, = 4.75293
gpu_avg_SFUP, = 0.000510595
gpu_avg_FPUP, = 0
gpu_avg_SCHEDP, = 0.216428
gpu_avg_L2CP, = 0.771653
gpu_avg_MCP, = 1.48507
gpu_avg_NOCP, = 0.645315
gpu_avg_DRAMP, = 0.0245427
gpu_avg_PIPEP, = 5.67054
gpu_avg_IDLE_COREP, = 3.39115
gpu_avg_CONST_DYNAMICP = 9.82366
gpu_avg_TOT_INST, = 7798.4
gpu_avg_FP_INT, = 6571.6
gpu_avg_IC_H, = 3911.4
gpu_avg_IC_M, = 192
gpu_avg_DC_RH, = 307.8
gpu_avg_DC_RM, = 102.4
gpu_avg_DC_WH, = 1.6
gpu_avg_DC_WM, = 5.2
gpu_avg_TC_H, = 0
gpu_avg_TC_M, = 0
gpu_avg_CC_H, = 2048
gpu_avg_CC_M, = 0
gpu_avg_SHRD_ACC, = 0
gpu_avg_REG_RD, = 145050
gpu_avg_REG_WR, = 129901
gpu_avg_NON_REG_OPs, = 131206
gpu_avg_SP_ACC, = 2.9396e+06
gpu_avg_SFU_ACC, = 17.6
gpu_avg_FPU_ACC, = 0
gpu_avg_MEM_RD, = 1.6
gpu_avg_MEM_WR, = 0
gpu_avg_MEM_PRE, = 0
gpu_avg_L2_RH, = 432.8
gpu_avg_L2_RM, = 0.4
gpu_avg_L2_WH, = 5.2
gpu_avg_L2_WM, = 0
gpu_avg_NOC_A, = 554.8
gpu_avg_PIPE_A, = 0.519653
gpu_avg_IDLE_CORE_N, = 2.1328
gpu_avg_CONST_DYNAMICN = 0

Kernel Maximum Power Data:
kernel_max_power = 46.0275
gpu_max_IBP, = 0.0295323
gpu_max_ICP, = 0.271449
gpu_max_DCP, = 1.20567
gpu_max_TCP, = 0
gpu_max_CCP, = 3.05883
gpu_max_SHRDP, = 0
gpu_max_RFP, = 9.79429
gpu_max_SPP, = 8.58133
gpu_max_SFUP, = 0
gpu_max_FPUP, = 0
gpu_max_SCHEDP, = 0.380748
gpu_max_L2CP, = 1.30741
gpu_max_MCP, = 1.77703
gpu_max_NOCP, = 1.06777
gpu_max_DRAMP, = 0
gpu_max_PIPEP, = 8.72974
gpu_max_IDLE_COREP, = 0
gpu_max_CONST_DYNAMICP = 9.82366
gpu_max_TOT_INST, = 13619
gpu_max_FP_INT, = 11561
gpu_max_IC_H, = 7132
gpu_max_IC_M, = 0
gpu_max_DC_RH, = 621
gpu_max_DC_RM, = 214
gpu_max_DC_WH, = 2
gpu_max_DC_WM, = 7
gpu_max_TC_H, = 0
gpu_max_TC_M, = 0
gpu_max_CC_H, = 3947
gpu_max_CC_M, = 0
gpu_max_SHRD_ACC, = 0
gpu_max_REG_RD, = 261184
gpu_max_REG_WR, = 232288
gpu_max_NON_REG_OPs, = 245920
gpu_max_SP_ACC, = 5.30739e+06
gpu_max_SFU_ACC, = 0
gpu_max_FPU_ACC, = 0
gpu_max_MEM_RD, = 0
gpu_max_MEM_WR, = 0
gpu_max_MEM_PRE, = 0
gpu_max_L2_RH, = 683
gpu_max_L2_RM, = 0
gpu_max_L2_WH, = 19
gpu_max_L2_WM, = 0
gpu_max_NOC_A, = 918
gpu_max_PIPE_A, = 0.8
gpu_max_IDLE_CORE_N, = 0
gpu_max_CONST_DYNAMICN = 0

Kernel Minimum Power Data:
kernel_min_power = 28.3151
gpu_min_IBP, = 0.01573
gpu_min_ICP, = 0.758772
gpu_min_DCP, = 0.0398014
gpu_min_TCP, = 0
gpu_min_CCP, = 1.22136
gpu_min_SHRDP, = 0
gpu_min_RFP, = 4.17845
gpu_min_SPP, = 3.73105
gpu_min_SFUP, = 0
gpu_min_FPUP, = 0
gpu_min_SCHEDP, = 0.183869
gpu_min_L2CP, = 1.22856
gpu_min_MCP, = 1.35485
gpu_min_NOCP, = 0.917724
gpu_min_DRAMP, = 0.0613568
gpu_min_PIPEP, = 4.7999
gpu_min_IDLE_COREP, = 0
gpu_min_CONST_DYNAMICP = 9.82366
gpu_min_TOT_INST, = 7254
gpu_min_FP_INT, = 5583
gpu_min_IC_H, = 3521
gpu_min_IC_M, = 480
gpu_min_DC_RH, = 15
gpu_min_DC_RM, = 6
gpu_min_DC_WH, = 3
gpu_min_DC_WM, = 9
gpu_min_TC_H, = 0
gpu_min_TC_M, = 0
gpu_min_CC_H, = 1576
gpu_min_CC_M, = 0
gpu_min_SHRD_ACC, = 0
gpu_min_REG_RD, = 98048
gpu_min_REG_WR, = 106720
gpu_min_NON_REG_OPs, = 105888
gpu_min_SP_ACC, = 2.30758e+06
gpu_min_SFU_ACC, = 0
gpu_min_FPU_ACC, = 0
gpu_min_MEM_RD, = 4
gpu_min_MEM_WR, = 0
gpu_min_MEM_PRE, = 0
gpu_min_L2_RH, = 725
gpu_min_L2_RM, = 1
gpu_min_L2_WH, = 1
gpu_min_L2_WM, = 0
gpu_min_NOC_A, = 789
gpu_min_PIPE_A, = 0.439866
gpu_min_IDLE_CORE_N, = 0
gpu_min_CONST_DYNAMICN = 0

Accumulative Power Statistics Over Previous Kernels:
gpu_tot_avg_power = 33.4484
gpu_tot_max_power = 46.0275
gpu_tot_min_power = 12.8835


kernel_name = _Z6KernelP4NodePiPbS2_S2_S1_i 
kernel_launch_uid = 3 

Kernel Average Power Data:
kernel_avg_power = 31.6113
gpu_avg_IBP, = 0.00837822
gpu_avg_ICP, = 0.0742734
gpu_avg_DCP, = 0.28563
gpu_avg_TCP, = 0
gpu_avg_CCP, = 0.925837
gpu_avg_SHRDP, = 0
gpu_avg_RFP, = 2.61719
gpu_avg_SPP, = 1.99777
gpu_avg_SFUP, = 0.0153179
gpu_avg_FPUP, = 0
gpu_avg_SCHEDP, = 0.109895
gpu_avg_L2CP, = 0.40557
gpu_avg_MCP, = 1.35225
gpu_avg_NOCP, = 0.312305
gpu_avg_DRAMP, = 0.076696
gpu_avg_PIPEP, = 3.85423
gpu_avg_IDLE_COREP, = 9.75227
gpu_avg_CONST_DYNAMICP = 9.82366
gpu_avg_TOT_INST, = 3863.67
gpu_avg_FP_INT, = 3336.83
gpu_avg_IC_H, = 1931.5
gpu_avg_IC_M, = 0.583333
gpu_avg_DC_RH, = 143.583
gpu_avg_DC_RM, = 49.5833
gpu_avg_DC_WH, = 0.666667
gpu_avg_DC_WM, = 7.91667
gpu_avg_TC_H, = 0
gpu_avg_TC_M, = 0
gpu_avg_CC_H, = 1194.67
gpu_avg_CC_M, = 0
gpu_avg_SHRD_ACC, = 0
gpu_avg_REG_RD, = 63976
gpu_avg_REG_WR, = 55712
gpu_avg_NON_REG_OPs, = 67229.3
gpu_avg_SP_ACC, = 1.23558e+06
gpu_avg_SFU_ACC, = 528
gpu_avg_FPU_ACC, = 0
gpu_avg_MEM_RD, = 5
gpu_avg_MEM_WR, = 0
gpu_avg_MEM_PRE, = 0
gpu_avg_L2_RH, = 195.667
gpu_avg_L2_RM, = 1.25
gpu_avg_L2_WH, = 9.16667
gpu_avg_L2_WM, = 0
gpu_avg_NOC_A, = 268.5
gpu_avg_PIPE_A, = 0.353205
gpu_avg_IDLE_CORE_N, = 6.1335
gpu_avg_CONST_DYNAMICN = 0

Kernel Maximum Power Data:
kernel_max_power = 39.7675
gpu_max_IBP, = 0.0263208
gpu_max_ICP, = 0.232596
gpu_max_DCP, = 0.704998
gpu_max_TCP, = 0
gpu_max_CCP, = 3.06968
gpu_max_SHRDP, = 0
gpu_max_RFP, = 8.09012
gpu_max_SPP, = 5.99849
gpu_max_SFUP, = 0.0127649
gpu_max_FPUP, = 0
gpu_max_SCHEDP, = 0.345014
gpu_max_L2CP, = 0.984483
gpu_max_MCP, = 1.70618
gpu_max_NOCP, = 0.829325
gpu_max_DRAMP, = 0.122714
gpu_max_PIPEP, = 7.82111
gpu_max_IDLE_COREP, = 0
gpu_max_CONST_DYNAMICP = 9.82366
gpu_max_TOT_INST, = 12138
gpu_max_FP_INT, = 10476
gpu_max_IC_H, = 6077
gpu_max_IC_M, = 1
gpu_max_DC_RH, = 373
gpu_max_DC_RM, = 115
gpu_max_DC_WH, = 3
gpu_max_DC_WM, = 0
gpu_max_TC_H, = 0
gpu_max_TC_M, = 0
gpu_max_CC_H, = 3961
gpu_max_CC_M, = 0
gpu_max_SHRD_ACC, = 0
gpu_max_REG_RD, = 175904
gpu_max_REG_WR, = 161408
gpu_max_NON_REG_OPs, = 212032
gpu_max_SP_ACC, = 3.70995e+06
gpu_max_SFU_ACC, = 440
gpu_max_FPU_ACC, = 0
gpu_max_MEM_RD, = 8
gpu_max_MEM_WR, = 0
gpu_max_MEM_PRE, = 0
gpu_max_L2_RH, = 575
gpu_max_L2_RM, = 2
gpu_max_L2_WH, = 2
gpu_max_L2_WM, = 0
gpu_max_NOC_A, = 713
gpu_max_PIPE_A, = 0.716733
gpu_max_IDLE_CORE_N, = 0
gpu_max_CONST_DYNAMICN = 0

Kernel Minimum Power Data:
kernel_min_power = 23.8902
gpu_min_IBP, = 0.00551657
gpu_min_ICP, = 0.0495625
gpu_min_DCP, = 0.283874
gpu_min_TCP, = 0
gpu_min_CCP, = 0.284416
gpu_min_SHRDP, = 0
gpu_min_RFP, = 1.44525
gpu_min_SPP, = 1.39242
gpu_min_SFUP, = 0.0229768
gpu_min_FPUP, = 0
gpu_min_SCHEDP, = 0.0600712
gpu_min_L2CP, = 0.655458
gpu_min_MCP, = 1.27065
gpu_min_NOCP, = 0.501317
gpu_min_DRAMP, = 0.18407
gpu_min_PIPEP, = 2.61309
gpu_min_IDLE_COREP, = 5.29788
gpu_min_CONST_DYNAMICP = 9.82366
gpu_min_TOT_INST, = 2544
gpu_min_FP_INT, = 1824
gpu_min_IC_H, = 1268
gpu_min_IC_M, = 1
gpu_min_DC_RH, = 142
gpu_min_DC_RM, = 50
gpu_min_DC_WH, = 2
gpu_min_DC_WM, = 8
gpu_min_TC_H, = 0
gpu_min_TC_M, = 0
gpu_min_CC_H, = 367
gpu_min_CC_M, = 0
gpu_min_SHRD_ACC, = 0
gpu_min_REG_RD, = 46016
gpu_min_REG_WR, = 45888
gpu_min_NON_REG_OPs, = 33952
gpu_min_SP_ACC, = 861184
gpu_min_SFU_ACC, = 792
gpu_min_FPU_ACC, = 0
gpu_min_MEM_RD, = 12
gpu_min_MEM_WR, = 0
gpu_min_MEM_PRE, = 0
gpu_min_L2_RH, = 340
gpu_min_L2_RM, = 2
gpu_min_L2_WH, = 10
gpu_min_L2_WM, = 0
gpu_min_NOC_A, = 431
gpu_min_PIPE_A, = 0.239465
gpu_min_IDLE_CORE_N, = 3.332
gpu_min_CONST_DYNAMICN = 0

Accumulative Power Statistics Over Previous Kernels:
gpu_tot_avg_power = 32.6319
gpu_tot_max_power = 46.0275
gpu_tot_min_power = 12.8835


kernel_name = _Z7Kernel2PbS_S_S_i 
kernel_launch_uid = 4 

Kernel Average Power Data:
kernel_avg_power = 39.5232
gpu_avg_IBP, = 0.0213463
gpu_avg_ICP, = 0.197078
gpu_avg_DCP, = 0.775436
gpu_avg_TCP, = 0
gpu_avg_CCP, = 1.98394
gpu_avg_SHRDP, = 0
gpu_avg_RFP, = 6.63503
gpu_avg_SPP, = 5.98186
gpu_avg_SFUP, = 0
gpu_avg_FPUP, = 0
gpu_avg_SCHEDP, = 0.273597
gpu_avg_L2CP, = 1.23361
gpu_avg_MCP, = 1.5748
gpu_avg_NOCP, = 0.850261
gpu_avg_DRAMP, = 0
gpu_avg_PIPEP, = 6.88049
gpu_avg_IDLE_COREP, = 3.29209
gpu_avg_CONST_DYNAMICP = 9.82366
gpu_avg_TOT_INST, = 9844
gpu_avg_FP_INT, = 8307.5
gpu_avg_IC_H, = 5178
gpu_avg_IC_M, = 0
gpu_avg_DC_RH, = 384.5
gpu_avg_DC_RM, = 128
gpu_avg_DC_WH, = 11.25
gpu_avg_DC_WM, = 35
gpu_avg_TC_H, = 0
gpu_avg_TC_M, = 0
gpu_avg_CC_H, = 2560
gpu_avg_CC_M, = 0
gpu_avg_SHRD_ACC, = 0
gpu_avg_REG_RD, = 185784
gpu_avg_REG_WR, = 164432
gpu_avg_NON_REG_OPs, = 164584
gpu_avg_SP_ACC, = 3.69966e+06
gpu_avg_SFU_ACC, = 0
gpu_avg_FPU_ACC, = 0
gpu_avg_MEM_RD, = 0
gpu_avg_MEM_WR, = 0
gpu_avg_MEM_PRE, = 0
gpu_avg_L2_RH, = 512
gpu_avg_L2_RM, = 0
gpu_avg_L2_WH, = 44.75
gpu_avg_L2_WM, = 0
gpu_avg_NOC_A, = 731
gpu_avg_PIPE_A, = 0.630534
gpu_avg_IDLE_CORE_N, = 2.0705
gpu_avg_CONST_DYNAMICN = 0

Kernel Maximum Power Data:
kernel_max_power = 44.364
gpu_max_IBP, = 0.0289099
gpu_max_ICP, = 0.269013
gpu_max_DCP, = 0.993923
gpu_max_TCP, = 0
gpu_max_CCP, = 2.69924
gpu_max_SHRDP, = 0
gpu_max_RFP, = 8.96696
gpu_max_SPP, = 8.06171
gpu_max_SFUP, = 0
gpu_max_FPUP, = 0
gpu_max_SCHEDP, = 0.364577
gpu_max_L2CP, = 1.54599
gpu_max_MCP, = 1.70785
gpu_max_NOCP, = 1.17245
gpu_max_DRAMP, = 0
gpu_max_PIPEP, = 8.72974
gpu_max_IDLE_COREP, = 0
gpu_max_CONST_DYNAMICP = 9.82366
gpu_max_TOT_INST, = 13332
gpu_max_FP_INT, = 11070
gpu_max_IC_H, = 7068
gpu_max_IC_M, = 0
gpu_max_DC_RH, = 495
gpu_max_DC_RM, = 162
gpu_max_DC_WH, = 13
gpu_max_DC_WM, = 44
gpu_max_TC_H, = 0
gpu_max_TC_M, = 0
gpu_max_CC_H, = 3483
gpu_max_CC_M, = 0
gpu_max_SHRD_ACC, = 0
gpu_max_REG_RD, = 246080
gpu_max_REG_WR, = 222592
gpu_max_NON_REG_OPs, = 223072
gpu_max_SP_ACC, = 4.98602e+06
gpu_max_SFU_ACC, = 0
gpu_max_FPU_ACC, = 0
gpu_max_MEM_RD, = 0
gpu_max_MEM_WR, = 0
gpu_max_MEM_PRE, = 0
gpu_max_L2_RH, = 726
gpu_max_L2_RM, = 0
gpu_max_L2_WH, = 39
gpu_max_L2_WM, = 0
gpu_max_NOC_A, = 1008
gpu_max_PIPE_A, = 0.8
gpu_max_IDLE_CORE_N, = 0
gpu_max_CONST_DYNAMICN = 0

Kernel Minimum Power Data:
kernel_min_power = 28.133
gpu_min_IBP, = 0.00701064
gpu_min_ICP, = 0.0700316
gpu_min_DCP, = 0.410123
gpu_min_TCP, = 0
gpu_min_CCP, = 0.261941
gpu_min_SHRDP, = 0
gpu_min_RFP, = 1.88795
gpu_min_SPP, = 2.09965
gpu_min_SFUP, = 0
gpu_min_FPUP, = 0
gpu_min_SCHEDP, = 0.0713017
gpu_min_L2CP, = 1.38519
gpu_min_MCP, = 1.29081
gpu_min_NOCP, = 0.742089
gpu_min_DRAMP, = 0
gpu_min_PIPEP, = 3.19219
gpu_min_IDLE_COREP, = 6.89106
gpu_min_CONST_DYNAMICP = 9.82366
gpu_min_TOT_INST, = 3233
gpu_min_FP_INT, = 2165
gpu_min_IC_H, = 1840
gpu_min_IC_M, = 0
gpu_min_DC_RH, = 187
gpu_min_DC_RM, = 57
gpu_min_DC_WH, = 18
gpu_min_DC_WM, = 52
gpu_min_TC_H, = 0
gpu_min_TC_M, = 0
gpu_min_CC_H, = 338
gpu_min_CC_M, = 0
gpu_min_SHRD_ACC, = 0
gpu_min_REG_RD, = 70336
gpu_min_REG_WR, = 67648
gpu_min_NON_REG_OPs, = 42080
gpu_min_SP_ACC, = 1.29859e+06
gpu_min_SFU_ACC, = 0
gpu_min_FPU_ACC, = 0
gpu_min_MEM_RD, = 0
gpu_min_MEM_WR, = 0
gpu_min_MEM_PRE, = 0
gpu_min_L2_RH, = 428
gpu_min_L2_RM, = 0
gpu_min_L2_WH, = 80
gpu_min_L2_WM, = 0
gpu_min_NOC_A, = 638
gpu_min_PIPE_A, = 0.292535
gpu_min_IDLE_CORE_N, = 4.334
gpu_min_CONST_DYNAMICN = 0

Accumulative Power Statistics Over Previous Kernels:
gpu_tot_avg_power = 33.5211
gpu_tot_max_power = 46.0275
gpu_tot_min_power = 12.8835


kernel_name = _Z6KernelP4NodePiPbS2_S2_S1_i 
kernel_launch_uid = 5 

Kernel Average Power Data:
kernel_avg_power = 24.3811
gpu_avg_IBP, = 0.00603381
gpu_avg_ICP, = 0.0535509
gpu_avg_DCP, = 0.313703
gpu_avg_TCP, = 0
gpu_avg_CCP, = 0.584739
gpu_avg_SHRDP, = 0
gpu_avg_RFP, = 1.90243
gpu_avg_SPP, = 1.32235
gpu_avg_SFUP, = 0.0579794
gpu_avg_FPUP, = 0
gpu_avg_SCHEDP, = 0.0792318
gpu_avg_L2CP, = 0.607479
gpu_avg_MCP, = 1.32881
gpu_avg_NOCP, = 0.385063
gpu_avg_DRAMP, = 0.2785
gpu_avg_PIPEP, = 2.15253
gpu_avg_IDLE_COREP, = 5.485
gpu_avg_CONST_DYNAMICP = 9.82366
gpu_avg_TOT_INST, = 2782.53
gpu_avg_FP_INT, = 2405.79
gpu_avg_IC_H, = 1390.79
gpu_avg_IC_M, = 0.473684
gpu_avg_DC_RH, = 143.474
gpu_avg_DC_RM, = 52.2632
gpu_avg_DC_WH, = 2.36842
gpu_avg_DC_WM, = 31.4211
gpu_avg_TC_H, = 0
gpu_avg_TC_M, = 0
gpu_avg_CC_H, = 754.526
gpu_avg_CC_M, = 0
gpu_avg_SHRD_ACC, = 0
gpu_avg_REG_RD, = 52815.2
gpu_avg_REG_WR, = 42138.9
gpu_avg_NON_REG_OPs, = 47818.1
gpu_avg_SP_ACC, = 817848
gpu_avg_SFU_ACC, = 1998.53
gpu_avg_FPU_ACC, = 0
gpu_avg_MEM_RD, = 17.8947
gpu_avg_MEM_WR, = 0
gpu_avg_MEM_PRE, = 1.57895
gpu_avg_L2_RH, = 192.632
gpu_avg_L2_RM, = 4.47368
gpu_avg_L2_WH, = 34.0526
gpu_avg_L2_WM, = 0
gpu_avg_NOC_A, = 331.053
gpu_avg_PIPE_A, = 0.19726
gpu_avg_IDLE_CORE_N, = 3.44968
gpu_avg_CONST_DYNAMICN = 0

Kernel Maximum Power Data:
kernel_max_power = 38.6104
gpu_max_IBP, = 0.0219362
gpu_max_ICP, = 0.19293
gpu_max_DCP, = 0.697177
gpu_max_TCP, = 0
gpu_max_CCP, = 2.72636
gpu_max_SHRDP, = 0
gpu_max_RFP, = 7.0815
gpu_max_SPP, = 5.26679
gpu_max_SFUP, = 0.0154339
gpu_max_FPUP, = 0
gpu_max_SCHEDP, = 0.299368
gpu_max_L2CP, = 0.563082
gpu_max_MCP, = 1.65273
gpu_max_NOCP, = 0.510622
gpu_max_DRAMP, = 0
gpu_max_PIPEP, = 6.66152
gpu_max_IDLE_COREP, = 3.09732
gpu_max_CONST_DYNAMICP = 9.82366
gpu_max_TOT_INST, = 10116
gpu_max_FP_INT, = 9090
gpu_max_IC_H, = 5069
gpu_max_IC_M, = 0
gpu_max_DC_RH, = 360
gpu_max_DC_RM, = 126
gpu_max_DC_WH, = 5
gpu_max_DC_WM, = 0
gpu_max_TC_H, = 0
gpu_max_TC_M, = 0
gpu_max_CC_H, = 3518
gpu_max_CC_M, = 0
gpu_max_SHRD_ACC, = 0
gpu_max_REG_RD, = 164576
gpu_max_REG_WR, = 138592
gpu_max_NON_REG_OPs, = 184448
gpu_max_SP_ACC, = 3.25741e+06
gpu_max_SFU_ACC, = 532
gpu_max_FPU_ACC, = 0
gpu_max_MEM_RD, = 0
gpu_max_MEM_WR, = 0
gpu_max_MEM_PRE, = 0
gpu_max_L2_RH, = 300
gpu_max_L2_RM, = 0
gpu_max_L2_WH, = 7
gpu_max_L2_WM, = 0
gpu_max_NOC_A, = 439
gpu_max_PIPE_A, = 0.610467
gpu_max_IDLE_CORE_N, = 1.948
gpu_max_CONST_DYNAMICN = 0

Kernel Minimum Power Data:
kernel_min_power = 15.2227
gpu_min_IBP, = 0.00151359
gpu_min_ICP, = 0.0132832
gpu_min_DCP, = 0.2434
gpu_min_TCP, = 0
gpu_min_CCP, = 0
gpu_min_SHRDP, = 0
gpu_min_RFP, = 0.472529
gpu_min_SPP, = 0.140939
gpu_min_SFUP, = 0.0767053
gpu_min_FPUP, = 0
gpu_min_SCHEDP, = 0.0186405
gpu_min_L2CP, = 0.668382
gpu_min_MCP, = 1.24377
gpu_min_NOCP, = 0.35476
gpu_min_DRAMP, = 0.247967
gpu_min_PIPEP, = 0.766035
gpu_min_IDLE_COREP, = 1.15116
gpu_min_CONST_DYNAMICP = 9.82366
gpu_min_TOT_INST, = 698
gpu_min_FP_INT, = 566
gpu_min_IC_H, = 349
gpu_min_IC_M, = 0
gpu_min_DC_RH, = 97
gpu_min_DC_RM, = 34
gpu_min_DC_WH, = 1
gpu_min_DC_WM, = 52
gpu_min_TC_H, = 0
gpu_min_TC_M, = 0
gpu_min_CC_H, = 0
gpu_min_CC_M, = 0
gpu_min_SHRD_ACC, = 0
gpu_min_REG_RD, = 22528
gpu_min_REG_WR, = 13824
gpu_min_NON_REG_OPs, = 10208
gpu_min_SP_ACC, = 87168
gpu_min_SFU_ACC, = 2644
gpu_min_FPU_ACC, = 0
gpu_min_MEM_RD, = 16
gpu_min_MEM_WR, = 0
gpu_min_MEM_PRE, = 1
gpu_min_L2_RH, = 160
gpu_min_L2_RM, = 3
gpu_min_L2_WH, = 48
gpu_min_L2_WM, = 0
gpu_min_NOC_A, = 305
gpu_min_PIPE_A, = 0.0702001
gpu_min_IDLE_CORE_N, = 0.724
gpu_min_CONST_DYNAMICN = 0

Accumulative Power Statistics Over Previous Kernels:
gpu_tot_avg_power = 30.0479
gpu_tot_max_power = 46.0275
gpu_tot_min_power = 12.8835


kernel_name = _Z7Kernel2PbS_S_S_i 
kernel_launch_uid = 6 

Kernel Average Power Data:
kernel_avg_power = 40.7333
gpu_avg_IBP, = 0.0225076
gpu_avg_ICP, = 0.207183
gpu_avg_DCP, = 0.965387
gpu_avg_TCP, = 0
gpu_avg_CCP, = 1.98394
gpu_avg_SHRDP, = 0
gpu_avg_RFP, = 6.89929
gpu_avg_SPP, = 6.20401
gpu_avg_SFUP, = 0
gpu_avg_FPUP, = 0
gpu_avg_SCHEDP, = 0.291546
gpu_avg_L2CP, = 2.84005
gpu_avg_MCP, = 1.6616
gpu_avg_NOCP, = 1.32192
gpu_avg_DRAMP, = 0
gpu_avg_PIPEP, = 7.25296
gpu_avg_IDLE_COREP, = 1.25928
gpu_avg_CONST_DYNAMICP = 9.82366
gpu_avg_TOT_INST, = 10379.5
gpu_avg_FP_INT, = 8852.5
gpu_avg_IC_H, = 5443.5
gpu_avg_IC_M, = 0
gpu_avg_DC_RH, = 384
gpu_avg_DC_RM, = 128
gpu_avg_DC_WH, = 52.25
gpu_avg_DC_WM, = 209.25
gpu_avg_TC_H, = 0
gpu_avg_TC_M, = 0
gpu_avg_CC_H, = 2560
gpu_avg_CC_M, = 0
gpu_avg_SHRD_ACC, = 0
gpu_avg_REG_RD, = 211936
gpu_avg_REG_WR, = 176368
gpu_avg_NON_REG_OPs, = 167960
gpu_avg_SP_ACC, = 3.83706e+06
gpu_avg_SFU_ACC, = 0
gpu_avg_FPU_ACC, = 0
gpu_avg_MEM_RD, = 0
gpu_avg_MEM_WR, = 0
gpu_avg_MEM_PRE, = 0
gpu_avg_L2_RH, = 511
gpu_avg_L2_RM, = 0
gpu_avg_L2_WH, = 238.25
gpu_avg_L2_WM, = 0
gpu_avg_NOC_A, = 1136.5
gpu_avg_PIPE_A, = 0.664667
gpu_avg_IDLE_CORE_N, = 0.792
gpu_avg_CONST_DYNAMICN = 0

Kernel Maximum Power Data:
kernel_max_power = 43.2974
gpu_max_IBP, = 0.0255206
gpu_max_ICP, = 0.237384
gpu_max_DCP, = 1.12915
gpu_max_TCP, = 0
gpu_max_CCP, = 2.13196
gpu_max_SHRDP, = 0
gpu_max_RFP, = 7.68505
gpu_max_SPP, = 6.94729
gpu_max_SFUP, = 0
gpu_max_FPUP, = 0
gpu_max_SCHEDP, = 0.323673
gpu_max_L2CP, = 3.2538
gpu_max_MCP, = 1.72952
gpu_max_NOCP, = 1.66912
gpu_max_DRAMP, = 0
gpu_max_PIPEP, = 8.34126
gpu_max_IDLE_COREP, = 0
gpu_max_CONST_DYNAMICP = 9.82366
gpu_max_TOT_INST, = 11769
gpu_max_FP_INT, = 9828
gpu_max_IC_H, = 6237
gpu_max_IC_M, = 0
gpu_max_DC_RH, = 431
gpu_max_DC_RM, = 141
gpu_max_DC_WH, = 71
gpu_max_DC_WM, = 279
gpu_max_TC_H, = 0
gpu_max_TC_M, = 0
gpu_max_CC_H, = 2751
gpu_max_CC_M, = 0
gpu_max_SHRD_ACC, = 0
gpu_max_REG_RD, = 241984
gpu_max_REG_WR, = 202464
gpu_max_NON_REG_OPs, = 185600
gpu_max_SP_ACC, = 4.29677e+06
gpu_max_SFU_ACC, = 0
gpu_max_FPU_ACC, = 0
gpu_max_MEM_RD, = 0
gpu_max_MEM_WR, = 0
gpu_max_MEM_PRE, = 0
gpu_max_L2_RH, = 684
gpu_max_L2_RM, = 0
gpu_max_L2_WH, = 253
gpu_max_L2_WM, = 0
gpu_max_NOC_A, = 1435
gpu_max_PIPE_A, = 0.7644
gpu_max_IDLE_CORE_N, = 0
gpu_max_CONST_DYNAMICN = 0

Kernel Minimum Power Data:
kernel_min_power = 35.6545
gpu_min_IBP, = 0.0162071
gpu_min_ICP, = 0.152547
gpu_min_DCP, = 0.933868
gpu_min_TCP, = 0
gpu_min_CCP, = 1.09736
gpu_min_SHRDP, = 0
gpu_min_RFP, = 4.8147
gpu_min_SPP, = 4.65755
gpu_min_SFUP, = 0
gpu_min_FPUP, = 0
gpu_min_SCHEDP, = 0.197537
gpu_min_L2CP, = 4.01557
gpu_min_MCP, = 1.55926
gpu_min_NOCP, = 1.60398
gpu_min_DRAMP, = 0
gpu_min_PIPEP, = 5.66924
gpu_min_IDLE_COREP, = 1.113
gpu_min_CONST_DYNAMICP = 9.82366
gpu_min_TOT_INST, = 7474
gpu_min_FP_INT, = 5998
gpu_min_IC_H, = 4008
gpu_min_IC_M, = 0
gpu_min_DC_RH, = 330
gpu_min_DC_RM, = 106
gpu_min_DC_WH, = 69
gpu_min_DC_WM, = 279
gpu_min_TC_H, = 0
gpu_min_TC_M, = 0
gpu_min_CC_H, = 1416
gpu_min_CC_M, = 0
gpu_min_SHRD_ACC, = 0
gpu_min_REG_RD, = 173440
gpu_min_REG_WR, = 143040
gpu_min_NON_REG_OPs, = 111456
gpu_min_SP_ACC, = 2.88061e+06
gpu_min_SFU_ACC, = 0
gpu_min_FPU_ACC, = 0
gpu_min_MEM_RD, = 0
gpu_min_MEM_WR, = 0
gpu_min_MEM_PRE, = 0
gpu_min_L2_RH, = 549
gpu_min_L2_RM, = 0
gpu_min_L2_WH, = 372
gpu_min_L2_WM, = 0
gpu_min_NOC_A, = 1379
gpu_min_PIPE_A, = 0.519534
gpu_min_IDLE_CORE_N, = 0.7
gpu_min_CONST_DYNAMICN = 0

Accumulative Power Statistics Over Previous Kernels:
gpu_tot_avg_power = 30.8394
gpu_tot_max_power = 46.0275
gpu_tot_min_power = 12.8835


kernel_name = _Z6KernelP4NodePiPbS2_S2_S1_i 
kernel_launch_uid = 7 

Kernel Average Power Data:
kernel_avg_power = 21.5524
gpu_avg_IBP, = 0.00495103
gpu_avg_ICP, = 0.0434586
gpu_avg_DCP, = 0.538491
gpu_avg_TCP, = 0
gpu_avg_CCP, = 0.277751
gpu_avg_SHRDP, = 0
gpu_avg_RFP, = 1.60339
gpu_avg_SPP, = 0.79991
gpu_avg_SFUP, = 0.162761
gpu_avg_FPUP, = 0
gpu_avg_SCHEDP, = 0.0651636
gpu_avg_L2CP, = 1.31461
gpu_avg_MCP, = 1.37316
gpu_avg_NOCP, = 0.716267
gpu_avg_DRAMP, = 0.865018
gpu_avg_PIPEP, = 1.73314
gpu_avg_IDLE_COREP, = 2.23061
gpu_avg_CONST_DYNAMICP = 9.82366
gpu_avg_TOT_INST, = 2283.2
gpu_avg_FP_INT, = 1978.62
gpu_avg_IC_H, = 1141.83
gpu_avg_IC_M, = 0
gpu_avg_DC_RH, = 223.475
gpu_avg_DC_RM, = 82.625
gpu_avg_DC_WH, = 5.85
gpu_avg_DC_WM, = 94.15
gpu_avg_TC_H, = 0
gpu_avg_TC_M, = 0
gpu_avg_CC_H, = 358.4
gpu_avg_CC_M, = 0
gpu_avg_SHRD_ACC, = 0
gpu_avg_REG_RD, = 59844
gpu_avg_REG_WR, = 39638.4
gpu_avg_NON_REG_OPs, = 37734.4
gpu_avg_SP_ACC, = 494729
gpu_avg_SFU_ACC, = 5610.3
gpu_avg_FPU_ACC, = 0
gpu_avg_MEM_RD, = 55.3
gpu_avg_MEM_WR, = 0
gpu_avg_MEM_PRE, = 6.6
gpu_avg_L2_RH, = 275.3
gpu_avg_L2_RM, = 13.825
gpu_avg_L2_WH, = 102.275
gpu_avg_L2_WM, = 0.05
gpu_avg_NOC_A, = 615.8
gpu_avg_PIPE_A, = 0.158827
gpu_avg_IDLE_CORE_N, = 1.4029
gpu_avg_CONST_DYNAMICN = 0

Kernel Maximum Power Data:
kernel_max_power = 35.9061
gpu_max_IBP, = 0.0150491
gpu_max_ICP, = 0.132984
gpu_max_DCP, = 0.360483
gpu_max_TCP, = 0
gpu_max_CCP, = 2.20403
gpu_max_SHRDP, = 0
gpu_max_RFP, = 5.13479
gpu_max_SPP, = 3.47359
gpu_max_SFUP, = 0
gpu_max_FPUP, = 0
gpu_max_SCHEDP, = 0.216013
gpu_max_L2CP, = 1.01233
gpu_max_MCP, = 1.53656
gpu_max_NOCP, = 0.255893
gpu_max_DRAMP, = 0
gpu_max_PIPEP, = 4.47763
gpu_max_IDLE_COREP, = 7.26312
gpu_max_CONST_DYNAMICP = 9.82366
gpu_max_TOT_INST, = 6940
gpu_max_FP_INT, = 6559
gpu_max_IC_H, = 3494
gpu_max_IC_M, = 0
gpu_max_DC_RH, = 177
gpu_max_DC_RM, = 60
gpu_max_DC_WH, = 8
gpu_max_DC_WM, = 18
gpu_max_TC_H, = 0
gpu_max_TC_M, = 0
gpu_max_CC_H, = 2844
gpu_max_CC_M, = 0
gpu_max_SHRD_ACC, = 0
gpu_max_REG_RD, = 107424
gpu_max_REG_WR, = 86464
gpu_max_NON_REG_OPs, = 136960
gpu_max_SP_ACC, = 2.14835e+06
gpu_max_SFU_ACC, = 0
gpu_max_FPU_ACC, = 0
gpu_max_MEM_RD, = 0
gpu_max_MEM_WR, = 0
gpu_max_MEM_PRE, = 0
gpu_max_L2_RH, = 4
gpu_max_L2_RM, = 0
gpu_max_L2_WH, = 121
gpu_max_L2_WM, = 0
gpu_max_NOC_A, = 220
gpu_max_PIPE_A, = 0.410333
gpu_max_IDLE_CORE_N, = 4.568
gpu_max_CONST_DYNAMICN = 0

Kernel Minimum Power Data:
kernel_min_power = 16.5002
gpu_min_IBP, = 0.00275395
gpu_min_ICP, = 0.0241305
gpu_min_DCP, = 0.476554
gpu_min_TCP, = 0
gpu_min_CCP, = 0
gpu_min_SHRDP, = 0
gpu_min_RFP, = 0.893334
gpu_min_SPP, = 0.2543
gpu_min_SFUP, = 0.163971
gpu_min_FPUP, = 0
gpu_min_SCHEDP, = 0.0353709
gpu_min_L2CP, = 1.30375
gpu_min_MCP, = 1.31101
gpu_min_NOCP, = 0.732783
gpu_min_DRAMP, = 0.559829
gpu_min_PIPEP, = 0.918805
gpu_min_IDLE_COREP, = 0
gpu_min_CONST_DYNAMICP = 9.82366
gpu_min_TOT_INST, = 1270
gpu_min_FP_INT, = 1074
gpu_min_IC_H, = 634
gpu_min_IC_M, = 0
gpu_min_DC_RH, = 185
gpu_min_DC_RM, = 80
gpu_min_DC_WH, = 3
gpu_min_DC_WM, = 95
gpu_min_TC_H, = 0
gpu_min_TC_M, = 0
gpu_min_CC_H, = 0
gpu_min_CC_M, = 0
gpu_min_SHRD_ACC, = 0
gpu_min_REG_RD, = 43456
gpu_min_REG_WR, = 26240
gpu_min_NON_REG_OPs, = 19168
gpu_min_SP_ACC, = 157280
gpu_min_SFU_ACC, = 5652
gpu_min_FPU_ACC, = 0
gpu_min_MEM_RD, = 36
gpu_min_MEM_WR, = 0
gpu_min_MEM_PRE, = 3
gpu_min_L2_RH, = 325
gpu_min_L2_RM, = 8
gpu_min_L2_WH, = 91
gpu_min_L2_WM, = 0
gpu_min_NOC_A, = 630
gpu_min_PIPE_A, = 0.0842
gpu_min_IDLE_CORE_N, = 0
gpu_min_CONST_DYNAMICN = 0

Accumulative Power Statistics Over Previous Kernels:
gpu_tot_avg_power = 26.8875
gpu_tot_max_power = 46.0275
gpu_tot_min_power = 12.8835


kernel_name = _Z7Kernel2PbS_S_S_i 
kernel_launch_uid = 8 

Kernel Average Power Data:
kernel_avg_power = 47.1066
gpu_avg_IBP, = 0.0220541
gpu_avg_ICP, = 0.201341
gpu_avg_DCP, = 1.514
gpu_avg_TCP, = 0
gpu_avg_CCP, = 1.58715
gpu_avg_SHRDP, = 0
gpu_avg_RFP, = 6.43743
gpu_avg_SPP, = 5.76139
gpu_avg_SFUP, = 0
gpu_avg_FPUP, = 0
gpu_avg_SCHEDP, = 0.294481
gpu_avg_L2CP, = 8.60449
gpu_avg_MCP, = 1.90589
gpu_avg_NOCP, = 2.81342
gpu_avg_DRAMP, = 0
gpu_avg_PIPEP, = 7.13132
gpu_avg_IDLE_COREP, = 1.00997
gpu_avg_CONST_DYNAMICP = 9.82366
gpu_avg_TOT_INST, = 10170.4
gpu_avg_FP_INT, = 8941.6
gpu_avg_IC_H, = 5290
gpu_avg_IC_M, = 0
gpu_avg_DC_RH, = 307.2
gpu_avg_DC_RM, = 102.4
gpu_avg_DC_WH, = 99.4
gpu_avg_DC_WM, = 855.8
gpu_avg_TC_H, = 0
gpu_avg_TC_M, = 0
gpu_avg_CC_H, = 2048
gpu_avg_CC_M, = 0
gpu_avg_SHRD_ACC, = 0
gpu_avg_REG_RD, = 258803
gpu_avg_REG_WR, = 182189
gpu_avg_NON_REG_OPs, = 146355
gpu_avg_SP_ACC, = 3.56331e+06
gpu_avg_SFU_ACC, = 0
gpu_avg_FPU_ACC, = 0
gpu_avg_MEM_RD, = 0
gpu_avg_MEM_WR, = 0
gpu_avg_MEM_PRE, = 0
gpu_avg_L2_RH, = 409.6
gpu_avg_L2_RM, = 0
gpu_avg_L2_WH, = 952.4
gpu_avg_L2_WM, = 0
gpu_avg_NOC_A, = 2418.8
gpu_avg_PIPE_A, = 0.65352
gpu_avg_IDLE_CORE_N, = 0.6352
gpu_avg_CONST_DYNAMICN = 0

Kernel Maximum Power Data:
kernel_max_power = 54.0302
gpu_max_IBP, = 0.0272402
gpu_max_ICP, = 0.249183
gpu_max_DCP, = 1.90403
gpu_max_TCP, = 0
gpu_max_CCP, = 1.88396
gpu_max_SHRDP, = 0
gpu_max_RFP, = 7.92247
gpu_max_SPP, = 7.22627
gpu_max_SFUP, = 0
gpu_max_FPUP, = 0
gpu_max_SCHEDP, = 0.361053
gpu_max_L2CP, = 10.3294
gpu_max_MCP, = 2.0814
gpu_max_NOCP, = 3.49177
gpu_max_DRAMP, = 0
gpu_max_PIPEP, = 8.72974
gpu_max_IDLE_COREP, = 0
gpu_max_CONST_DYNAMICP = 9.82366
gpu_max_TOT_INST, = 12562
gpu_max_FP_INT, = 10963
gpu_max_IC_H, = 6547
gpu_max_IC_M, = 0
gpu_max_DC_RH, = 380
gpu_max_DC_RM, = 130
gpu_max_DC_WH, = 127
gpu_max_DC_WM, = 1084
gpu_max_TC_H, = 0
gpu_max_TC_M, = 0
gpu_max_CC_H, = 2431
gpu_max_CC_M, = 0
gpu_max_SHRD_ACC, = 0
gpu_max_REG_RD, = 325280
gpu_max_REG_WR, = 229504
gpu_max_NON_REG_OPs, = 178592
gpu_max_SP_ACC, = 4.46931e+06
gpu_max_SFU_ACC, = 0
gpu_max_FPU_ACC, = 0
gpu_max_MEM_RD, = 0
gpu_max_MEM_WR, = 0
gpu_max_MEM_PRE, = 0
gpu_max_L2_RH, = 518
gpu_max_L2_RM, = 0
gpu_max_L2_WH, = 1138
gpu_max_L2_WM, = 0
gpu_max_NOC_A, = 3002
gpu_max_PIPE_A, = 0.8
gpu_max_IDLE_CORE_N, = 0
gpu_max_CONST_DYNAMICN = 0

Kernel Minimum Power Data:
kernel_min_power = 34.9799
gpu_min_IBP, = 0.00666802
gpu_min_ICP, = 0.0642084
gpu_min_DCP, = 1.00194
gpu_min_TCP, = 0
gpu_min_CCP, = 0.0720727
gpu_min_SHRDP, = 0
gpu_min_RFP, = 1.61076
gpu_min_SPP, = 1.53362
gpu_min_SFUP, = 0
gpu_min_FPUP, = 0
gpu_min_SCHEDP, = 0.0816429
gpu_min_L2CP, = 9.30923
gpu_min_MCP, = 1.60331
gpu_min_NOCP, = 2.61708
gpu_min_DRAMP, = 0
gpu_min_PIPEP, = 2.65748
gpu_min_IDLE_COREP, = 4.59828
gpu_min_CONST_DYNAMICP = 9.82366
gpu_min_TOT_INST, = 3075
gpu_min_FP_INT, = 2479
gpu_min_IC_H, = 1687
gpu_min_IC_M, = 0
gpu_min_DC_RH, = 75
gpu_min_DC_RM, = 20
gpu_min_DC_WH, = 92
gpu_min_DC_WM, = 799
gpu_min_TC_H, = 0
gpu_min_TC_M, = 0
gpu_min_CC_H, = 93
gpu_min_CC_M, = 0
gpu_min_SHRD_ACC, = 0
gpu_min_REG_RD, = 111680
gpu_min_REG_WR, = 66944
gpu_min_NON_REG_OPs, = 27776
gpu_min_SP_ACC, = 948512
gpu_min_SFU_ACC, = 0
gpu_min_FPU_ACC, = 0
gpu_min_MEM_RD, = 0
gpu_min_MEM_WR, = 0
gpu_min_MEM_PRE, = 0
gpu_min_L2_RH, = 218
gpu_min_L2_RM, = 0
gpu_min_L2_WH, = 1076
gpu_min_L2_WM, = 0
gpu_min_NOC_A, = 2250
gpu_min_PIPE_A, = 0.243533
gpu_min_IDLE_CORE_N, = 2.892
gpu_min_CONST_DYNAMICN = 0

Accumulative Power Statistics Over Previous Kernels:
gpu_tot_avg_power = 27.9086
gpu_tot_max_power = 54.0302
gpu_tot_min_power = 12.8835


kernel_name = _Z6KernelP4NodePiPbS2_S2_S1_i 
kernel_launch_uid = 9 

Kernel Average Power Data:
kernel_avg_power = 33.619
gpu_avg_IBP, = 0.00887679
gpu_avg_ICP, = 0.0779023
gpu_avg_DCP, = 1.60823
gpu_avg_TCP, = 0
gpu_avg_CCP, = 0.17635
gpu_avg_SHRDP, = 0
gpu_avg_RFP, = 2.95995
gpu_avg_SPP, = 0.984044
gpu_avg_SFUP, = 0.479786
gpu_avg_FPUP, = 0
gpu_avg_SCHEDP, = 0.117155
gpu_avg_L2CP, = 4.67342
gpu_avg_MCP, = 1.74944
gpu_avg_NOCP, = 2.67886
gpu_avg_DRAMP, = 3.41005
gpu_avg_PIPEP, = 2.91504
gpu_avg_IDLE_COREP, = 1.95626
gpu_avg_CONST_DYNAMICP = 9.82366
gpu_avg_TOT_INST, = 4093.59
gpu_avg_FP_INT, = 3557.29
gpu_avg_IC_H, = 2046.79
gpu_avg_IC_M, = 0
gpu_avg_DC_RH, = 571.698
gpu_avg_DC_RM, = 317.762
gpu_avg_DC_WH, = 9.1746
gpu_avg_DC_WM, = 347.841
gpu_avg_TC_H, = 0
gpu_avg_TC_M, = 0
gpu_avg_CC_H, = 227.556
gpu_avg_CC_M, = 0
gpu_avg_SHRD_ACC, = 0
gpu_avg_REG_RD, = 133772
gpu_avg_REG_WR, = 82640.8
gpu_avg_NON_REG_OPs, = 65396.8
gpu_avg_SP_ACC, = 608613
gpu_avg_SFU_ACC, = 16538
gpu_avg_FPU_ACC, = 0
gpu_avg_MEM_RD, = 219.175
gpu_avg_MEM_WR, = 0
gpu_avg_MEM_PRE, = 18.9365
gpu_avg_L2_RH, = 1051.87
gpu_avg_L2_RM, = 54.0635
gpu_avg_L2_WH, = 345.048
gpu_avg_L2_WM, = 3.57143
gpu_avg_NOC_A, = 2303.11
gpu_avg_PIPE_A, = 0.267137
gpu_avg_IDLE_CORE_N, = 1.23035
gpu_avg_CONST_DYNAMICN = 0

Kernel Maximum Power Data:
kernel_max_power = 47.0425
gpu_max_IBP, = 0.00977543
gpu_max_ICP, = 0.0858268
gpu_max_DCP, = 1.08366
gpu_max_TCP, = 0
gpu_max_CCP, = 0
gpu_max_SHRDP, = 0
gpu_max_RFP, = 3.04204
gpu_max_SPP, = 1.77638
gpu_max_SFUP, = 1.5883
gpu_max_FPUP, = 0
gpu_max_SCHEDP, = 0.135391
gpu_max_L2CP, = 2.70576
gpu_max_MCP, = 2.37456
gpu_max_NOCP, = 2.77992
gpu_max_DRAMP, = 18.2733
gpu_max_PIPEP, = 3.36386
gpu_max_IDLE_COREP, = 0
gpu_max_CONST_DYNAMICP = 9.82366
gpu_max_TOT_INST, = 4508
gpu_max_FP_INT, = 4111
gpu_max_IC_H, = 2255
gpu_max_IC_M, = 0
gpu_max_DC_RH, = 294
gpu_max_DC_RM, = 492
gpu_max_DC_WH, = 58
gpu_max_DC_WM, = 75
gpu_max_TC_H, = 0
gpu_max_TC_M, = 0
gpu_max_CC_H, = 0
gpu_max_CC_M, = 0
gpu_max_SHRD_ACC, = 0
gpu_max_REG_RD, = 148768
gpu_max_REG_WR, = 120064
gpu_max_NON_REG_OPs, = 61696
gpu_max_SP_ACC, = 1.09866e+06
gpu_max_SFU_ACC, = 54748
gpu_max_FPU_ACC, = 0
gpu_max_MEM_RD, = 1184
gpu_max_MEM_WR, = 0
gpu_max_MEM_PRE, = 44
gpu_max_L2_RH, = 285
gpu_max_L2_RM, = 388
gpu_max_L2_WH, = 265
gpu_max_L2_WM, = 0
gpu_max_NOC_A, = 2390
gpu_max_PIPE_A, = 0.308267
gpu_max_IDLE_CORE_N, = 0
gpu_max_CONST_DYNAMICN = 0

Kernel Minimum Power Data:
kernel_min_power = 24.6056
gpu_min_IBP, = 0.00727736
gpu_min_ICP, = 0.0638658
gpu_min_DCP, = 1.29966
gpu_min_TCP, = 0
gpu_min_CCP, = 0.196069
gpu_min_SHRDP, = 0
gpu_min_RFP, = 2.41388
gpu_min_SPP, = 0.771438
gpu_min_SFUP, = 0.30949
gpu_min_FPUP, = 0
gpu_min_SCHEDP, = 0.0953763
gpu_min_L2CP, = 3.86215
gpu_min_MCP, = 1.50642
gpu_min_NOCP, = 1.68075
gpu_min_DRAMP, = 0.250506
gpu_min_PIPEP, = 2.32502
gpu_min_IDLE_COREP, = 0
gpu_min_CONST_DYNAMICP = 9.82366
gpu_min_TOT_INST, = 3356
gpu_min_FP_INT, = 2896
gpu_min_IC_H, = 1678
gpu_min_IC_M, = 0
gpu_min_DC_RH, = 526
gpu_min_DC_RM, = 163
gpu_min_DC_WH, = 6
gpu_min_DC_WM, = 285
gpu_min_TC_H, = 0
gpu_min_TC_M, = 0
gpu_min_CC_H, = 253
gpu_min_CC_M, = 0
gpu_min_SHRD_ACC, = 0
gpu_min_REG_RD, = 106464
gpu_min_REG_WR, = 61696
gpu_min_NON_REG_OPs, = 54336
gpu_min_SP_ACC, = 477120
gpu_min_SFU_ACC, = 10668
gpu_min_FPU_ACC, = 0
gpu_min_MEM_RD, = 16
gpu_min_MEM_WR, = 0
gpu_min_MEM_PRE, = 2
gpu_min_L2_RH, = 605
gpu_min_L2_RM, = 4
gpu_min_L2_WH, = 340
gpu_min_L2_WM, = 2
gpu_min_NOC_A, = 1445
gpu_min_PIPE_A, = 0.213066
gpu_min_IDLE_CORE_N, = 0
gpu_min_CONST_DYNAMICN = 0

Accumulative Power Statistics Over Previous Kernels:
gpu_tot_avg_power = 30.1293
gpu_tot_max_power = 54.0302
gpu_tot_min_power = 12.8835


kernel_name = _Z7Kernel2PbS_S_S_i 
kernel_launch_uid = 10 

Kernel Average Power Data:
kernel_avg_power = 42.7584
gpu_avg_IBP, = 0.0182414
gpu_avg_ICP, = 0.165558
gpu_avg_DCP, = 1.56316
gpu_avg_TCP, = 0
gpu_avg_CCP, = 1.13368
gpu_avg_SHRDP, = 0
gpu_avg_RFP, = 5.16248
gpu_avg_SPP, = 4.73037
gpu_avg_SFUP, = 0
gpu_avg_FPUP, = 0
gpu_avg_SCHEDP, = 0.248382
gpu_avg_L2CP, = 6.83806
gpu_avg_MCP, = 1.92013
gpu_avg_NOCP, = 2.98713
gpu_avg_DRAMP, = 0.00181382
gpu_avg_PIPEP, = 5.94433
gpu_avg_IDLE_COREP, = 2.22146
gpu_avg_CONST_DYNAMICP = 9.82366
gpu_avg_TOT_INST, = 8412.14
gpu_avg_FP_INT, = 7541.86
gpu_avg_IC_H, = 4349.86
gpu_avg_IC_M, = 0
gpu_avg_DC_RH, = 219.857
gpu_avg_DC_RM, = 73.2857
gpu_avg_DC_WH, = 71.2857
gpu_avg_DC_WM, = 1061.57
gpu_avg_TC_H, = 0
gpu_avg_TC_M, = 0
gpu_avg_CC_H, = 1462.86
gpu_avg_CC_M, = 0
gpu_avg_SHRD_ACC, = 0
gpu_avg_REG_RD, = 240187
gpu_avg_REG_WR, = 155241
gpu_avg_NON_REG_OPs, = 111863
gpu_avg_SP_ACC, = 2.92564e+06
gpu_avg_SFU_ACC, = 0
gpu_avg_FPU_ACC, = 0
gpu_avg_MEM_RD, = 0
gpu_avg_MEM_WR, = 0
gpu_avg_MEM_PRE, = 0.714286
gpu_avg_L2_RH, = 292.571
gpu_avg_L2_RM, = 0
gpu_avg_L2_WH, = 741.857
gpu_avg_L2_WM, = 20
gpu_avg_NOC_A, = 2568.14
gpu_avg_PIPE_A, = 0.544743
gpu_avg_IDLE_CORE_N, = 1.39714
gpu_avg_CONST_DYNAMICN = 0

Kernel Maximum Power Data:
kernel_max_power = 49.0391
gpu_max_IBP, = 0.0235712
gpu_max_ICP, = 0.214548
gpu_max_DCP, = 1.91077
gpu_max_TCP, = 0
gpu_max_CCP, = 1.37016
gpu_max_SHRDP, = 0
gpu_max_RFP, = 6.51574
gpu_max_SPP, = 5.92626
gpu_max_SFUP, = 0
gpu_max_FPUP, = 0
gpu_max_SCHEDP, = 0.319952
gpu_max_L2CP, = 9.08011
gpu_max_MCP, = 2.10899
gpu_max_NOCP, = 3.86863
gpu_max_DRAMP, = 0.00253935
gpu_max_PIPEP, = 7.87421
gpu_max_IDLE_COREP, = 0
gpu_max_CONST_DYNAMICP = 9.82366
gpu_max_TOT_INST, = 10870
gpu_max_FP_INT, = 9715
gpu_max_IC_H, = 5637
gpu_max_IC_M, = 0
gpu_max_DC_RH, = 225
gpu_max_DC_RM, = 77
gpu_max_DC_WH, = 88
gpu_max_DC_WM, = 1374
gpu_max_TC_H, = 0
gpu_max_TC_M, = 0
gpu_max_CC_H, = 1768
gpu_max_CC_M, = 0
gpu_max_SHRD_ACC, = 0
gpu_max_REG_RD, = 312704
gpu_max_REG_WR, = 199936
gpu_max_NON_REG_OPs, = 139424
gpu_max_SP_ACC, = 3.66528e+06
gpu_max_SFU_ACC, = 0
gpu_max_FPU_ACC, = 0
gpu_max_MEM_RD, = 0
gpu_max_MEM_WR, = 0
gpu_max_MEM_PRE, = 1
gpu_max_L2_RH, = 441
gpu_max_L2_RM, = 0
gpu_max_L2_WH, = 987
gpu_max_L2_WM, = 15
gpu_max_NOC_A, = 3326
gpu_max_PIPE_A, = 0.721599
gpu_max_IDLE_CORE_N, = 0
gpu_max_CONST_DYNAMICN = 0

Kernel Minimum Power Data:
kernel_min_power = 34.5655
gpu_min_IBP, = 0.0113974
gpu_min_ICP, = 0.100442
gpu_min_DCP, = 0.851363
gpu_min_TCP, = 0
gpu_min_CCP, = 1.07876
gpu_min_SHRDP, = 0
gpu_min_RFP, = 3.63503
gpu_min_SPP, = 3.33679
gpu_min_SFUP, = 0
gpu_min_FPUP, = 0
gpu_min_SCHEDP, = 0.160025
gpu_min_L2CP, = 8.13782
gpu_min_MCP, = 1.53636
gpu_min_NOCP, = 2.37282
gpu_min_DRAMP, = 0.0050787
gpu_min_PIPEP, = 3.5159
gpu_min_IDLE_COREP, = 0
gpu_min_CONST_DYNAMICP = 9.82366
gpu_min_TOT_INST, = 5256
gpu_min_FP_INT, = 4859
gpu_min_IC_H, = 2639
gpu_min_IC_M, = 0
gpu_min_DC_RH, = 304
gpu_min_DC_RM, = 95
gpu_min_DC_WH, = 20
gpu_min_DC_WM, = 256
gpu_min_TC_H, = 0
gpu_min_TC_M, = 0
gpu_min_CC_H, = 1392
gpu_min_CC_M, = 0
gpu_min_SHRD_ACC, = 0
gpu_min_REG_RD, = 121472
gpu_min_REG_WR, = 91616
gpu_min_NON_REG_OPs, = 87296
gpu_min_SP_ACC, = 2.06374e+06
gpu_min_SFU_ACC, = 0
gpu_min_FPU_ACC, = 0
gpu_min_MEM_RD, = 0
gpu_min_MEM_WR, = 0
gpu_min_MEM_PRE, = 2
gpu_min_L2_RH, = 43
gpu_min_L2_RM, = 0
gpu_min_L2_WH, = 913
gpu_min_L2_WM, = 53
gpu_min_NOC_A, = 2040
gpu_min_PIPE_A, = 0.3222
gpu_min_IDLE_CORE_N, = 0
gpu_min_CONST_DYNAMICN = 0

Accumulative Power Statistics Over Previous Kernels:
gpu_tot_avg_power = 30.6524
gpu_tot_max_power = 54.0302
gpu_tot_min_power = 12.8835


kernel_name = _Z6KernelP4NodePiPbS2_S2_S1_i 
kernel_launch_uid = 11 

Kernel Average Power Data:
kernel_avg_power = 34.2465
gpu_avg_IBP, = 0.0046221
gpu_avg_ICP, = 0.0405662
gpu_avg_DCP, = 1.50314
gpu_avg_TCP, = 0
gpu_avg_CCP, = 0.0474788
gpu_avg_SHRDP, = 0
gpu_avg_RFP, = 1.62151
gpu_avg_SPP, = 0.463197
gpu_avg_SFUP, = 0.279305
gpu_avg_FPUP, = 0
gpu_avg_SCHEDP, = 0.0610008
gpu_avg_L2CP, = 6.49466
gpu_avg_MCP, = 1.80106
gpu_avg_NOCP, = 4.67284
gpu_avg_DRAMP, = 4.04796
gpu_avg_PIPEP, = 1.60858
gpu_avg_IDLE_COREP, = 1.77694
gpu_avg_CONST_DYNAMICP = 9.82366
gpu_avg_TOT_INST, = 2131.51
gpu_avg_FP_INT, = 1852.23
gpu_avg_IC_H, = 1065.83
gpu_avg_IC_M, = 0
gpu_avg_DC_RH, = 232.739
gpu_avg_DC_RM, = 635.889
gpu_avg_DC_WH, = 3.57692
gpu_avg_DC_WM, = 414.226
gpu_avg_TC_H, = 0
gpu_avg_TC_M, = 0
gpu_avg_CC_H, = 61.265
gpu_avg_CC_M, = 0
gpu_avg_SHRD_ACC, = 0
gpu_avg_REG_RD, = 73518.4
gpu_avg_REG_WR, = 61764.8
gpu_avg_NON_REG_OPs, = 33930.5
gpu_avg_SP_ACC, = 286479
gpu_avg_SFU_ACC, = 9627.52
gpu_avg_FPU_ACC, = 0
gpu_avg_MEM_RD, = 259.184
gpu_avg_MEM_WR, = 0
gpu_avg_MEM_PRE, = 28.4658
gpu_avg_L2_RH, = 2284.39
gpu_avg_L2_RM, = 60.0726
gpu_avg_L2_WH, = 302.585
gpu_avg_L2_WM, = 14.5983
gpu_avg_NOC_A, = 4017.41
gpu_avg_PIPE_A, = 0.147412
gpu_avg_IDLE_CORE_N, = 1.11757
gpu_avg_CONST_DYNAMICN = 0

Kernel Maximum Power Data:
kernel_max_power = 96.7819
gpu_max_IBP, = 0.00935475
gpu_max_ICP, = 0.0819446
gpu_max_DCP, = 1.91894
gpu_max_TCP, = 0
gpu_max_CCP, = 0
gpu_max_SHRDP, = 0
gpu_max_RFP, = 2.94785
gpu_max_SPP, = 2.0238
gpu_max_SFUP, = 1.92007
gpu_max_FPUP, = 0
gpu_max_SCHEDP, = 0.141747
gpu_max_L2CP, = 2.50959
gpu_max_MCP, = 4.86971
gpu_max_NOCP, = 4.90267
gpu_max_DRAMP, = 62.3
gpu_max_PIPEP, = 3.33258
gpu_max_IDLE_COREP, = 0
gpu_max_CONST_DYNAMICP = 9.82366
gpu_max_TOT_INST, = 4314
gpu_max_FP_INT, = 4304
gpu_max_IC_H, = 2153
gpu_max_IC_M, = 0
gpu_max_DC_RH, = 585
gpu_max_DC_RM, = 899
gpu_max_DC_WH, = 6
gpu_max_DC_WM, = 21
gpu_max_TC_H, = 0
gpu_max_TC_M, = 0
gpu_max_CC_H, = 0
gpu_max_CC_M, = 0
gpu_max_SHRD_ACC, = 0
gpu_max_REG_RD, = 155744
gpu_max_REG_WR, = 133824
gpu_max_NON_REG_OPs, = 56224
gpu_max_SP_ACC, = 1.25168e+06
gpu_max_SFU_ACC, = 66184
gpu_max_FPU_ACC, = 0
gpu_max_MEM_RD, = 4035
gpu_max_MEM_WR, = 0
gpu_max_MEM_PRE, = 160
gpu_max_L2_RH, = 214
gpu_max_L2_RM, = 1036
gpu_max_L2_WH, = 251
gpu_max_L2_WM, = 0
gpu_max_NOC_A, = 4215
gpu_max_PIPE_A, = 0.3054
gpu_max_IDLE_CORE_N, = 0
gpu_max_CONST_DYNAMICN = 0

Kernel Minimum Power Data:
kernel_min_power = 24.947
gpu_min_IBP, = 0.00296212
gpu_min_ICP, = 0.0259574
gpu_min_DCP, = 0.989098
gpu_min_TCP, = 0
gpu_min_CCP, = 0
gpu_min_SHRDP, = 0
gpu_min_RFP, = 1.06548
gpu_min_SPP, = 0.248557
gpu_min_SFUP, = 0.129505
gpu_min_FPUP, = 0
gpu_min_SCHEDP, = 0.0382361
gpu_min_L2CP, = 3.95833
gpu_min_MCP, = 1.44942
gpu_min_NOCP, = 3.20215
gpu_min_DRAMP, = 0.493394
gpu_min_PIPEP, = 1.03666
gpu_min_IDLE_COREP, = 2.48358
gpu_min_CONST_DYNAMICP = 9.82366
gpu_min_TOT_INST, = 1366
gpu_min_FP_INT, = 1161
gpu_min_IC_H, = 682
gpu_min_IC_M, = 0
gpu_min_DC_RH, = 204
gpu_min_DC_RM, = 393
gpu_min_DC_WH, = 2
gpu_min_DC_WM, = 225
gpu_min_TC_H, = 0
gpu_min_TC_M, = 0
gpu_min_CC_H, = 0
gpu_min_CC_M, = 0
gpu_min_SHRD_ACC, = 0
gpu_min_REG_RD, = 49056
gpu_min_REG_WR, = 40736
gpu_min_NON_REG_OPs, = 22176
gpu_min_SP_ACC, = 153728
gpu_min_SFU_ACC, = 4464
gpu_min_FPU_ACC, = 0
gpu_min_MEM_RD, = 32
gpu_min_MEM_WR, = 0
gpu_min_MEM_PRE, = 1
gpu_min_L2_RH, = 1574
gpu_min_L2_RM, = 4
gpu_min_L2_WH, = 151
gpu_min_L2_WM, = 6
gpu_min_NOC_A, = 2753
gpu_min_PIPE_A, = 0.0950001
gpu_min_IDLE_CORE_N, = 1.562
gpu_min_CONST_DYNAMICN = 0

Accumulative Power Statistics Over Previous Kernels:
gpu_tot_avg_power = 32.7393
gpu_tot_max_power = 96.7819
gpu_tot_min_power = 12.8835


kernel_name = _Z7Kernel2PbS_S_S_i 
kernel_launch_uid = 12 

Kernel Average Power Data:
kernel_avg_power = 45.154
gpu_avg_IBP, = 0.0209951
gpu_avg_ICP, = 0.190405
gpu_avg_DCP, = 1.79075
gpu_avg_TCP, = 0
gpu_avg_CCP, = 1.32262
gpu_avg_SHRDP, = 0
gpu_avg_RFP, = 5.95729
gpu_avg_SPP, = 5.90508
gpu_avg_SFUP, = 0
gpu_avg_FPUP, = 0
gpu_avg_SCHEDP, = 0.286189
gpu_avg_L2CP, = 6.21341
gpu_avg_MCP, = 2.08677
gpu_avg_NOCP, = 3.3772
gpu_avg_DRAMP, = 1.07452
gpu_avg_PIPEP, = 6.97785
gpu_avg_IDLE_COREP, = 0.1272
gpu_avg_CONST_DYNAMICP = 9.82366
gpu_avg_TOT_INST, = 9682
gpu_avg_FP_INT, = 8689.83
gpu_avg_IC_H, = 5002.67
gpu_avg_IC_M, = 0
gpu_avg_DC_RH, = 256
gpu_avg_DC_RM, = 85.3333
gpu_avg_DC_WH, = 80.5
gpu_avg_DC_WM, = 1208.83
gpu_avg_TC_H, = 0
gpu_avg_TC_M, = 0
gpu_avg_CC_H, = 1706.67
gpu_avg_CC_M, = 0
gpu_avg_SHRD_ACC, = 0
gpu_avg_REG_RD, = 275120
gpu_avg_REG_WR, = 178011
gpu_avg_NON_REG_OPs, = 129493
gpu_avg_SP_ACC, = 3.65218e+06
gpu_avg_SFU_ACC, = 0
gpu_avg_FPU_ACC, = 0
gpu_avg_MEM_RD, = 69.3333
gpu_avg_MEM_WR, = 0
gpu_avg_MEM_PRE, = 4.33333
gpu_avg_L2_RH, = 262.5
gpu_avg_L2_RM, = 0
gpu_avg_L2_WH, = 611.5
gpu_avg_L2_WM, = 76.5
gpu_avg_NOC_A, = 2903.5
gpu_avg_PIPE_A, = 0.639456
gpu_avg_IDLE_CORE_N, = 0.0799999
gpu_avg_CONST_DYNAMICN = 0

Kernel Maximum Power Data:
kernel_max_power = 49.2082
gpu_max_IBP, = 0.0227884
gpu_max_ICP, = 0.206669
gpu_max_DCP, = 1.96225
gpu_max_TCP, = 0
gpu_max_CCP, = 1.48175
gpu_max_SHRDP, = 0
gpu_max_RFP, = 6.57725
gpu_max_SPP, = 6.48117
gpu_max_SFUP, = 0
gpu_max_FPUP, = 0
gpu_max_SCHEDP, = 0.310632
gpu_max_L2CP, = 7.57133
gpu_max_MCP, = 2.16023
gpu_max_NOCP, = 3.81164
gpu_max_DRAMP, = 1.1734
gpu_max_PIPEP, = 7.62543
gpu_max_IDLE_COREP, = 0
gpu_max_CONST_DYNAMICP = 9.82366
gpu_max_TOT_INST, = 10509
gpu_max_FP_INT, = 9432
gpu_max_IC_H, = 5430
gpu_max_IC_M, = 0
gpu_max_DC_RH, = 311
gpu_max_DC_RM, = 104
gpu_max_DC_WH, = 84
gpu_max_DC_WM, = 1270
gpu_max_TC_H, = 0
gpu_max_TC_M, = 0
gpu_max_CC_H, = 1912
gpu_max_CC_M, = 0
gpu_max_SHRD_ACC, = 0
gpu_max_REG_RD, = 298848
gpu_max_REG_WR, = 194496
gpu_max_NON_REG_OPs, = 143872
gpu_max_SP_ACC, = 4.00848e+06
gpu_max_SFU_ACC, = 0
gpu_max_FPU_ACC, = 0
gpu_max_MEM_RD, = 76
gpu_max_MEM_WR, = 0
gpu_max_MEM_PRE, = 3
gpu_max_L2_RH, = 267
gpu_max_L2_RM, = 0
gpu_max_L2_WH, = 755
gpu_max_L2_WM, = 94
gpu_max_NOC_A, = 3277
gpu_max_PIPE_A, = 0.6988
gpu_max_IDLE_CORE_N, = 0
gpu_max_CONST_DYNAMICN = 0

Kernel Minimum Power Data:
kernel_min_power = 40.6534
gpu_min_IBP, = 0.0143769
gpu_min_ICP, = 0.13287
gpu_min_DCP, = 1.88011
gpu_min_TCP, = 0
gpu_min_CCP, = 0.523108
gpu_min_SHRDP, = 0
gpu_min_RFP, = 3.83836
gpu_min_SPP, = 4.20483
gpu_min_SFUP, = 0
gpu_min_FPUP, = 0
gpu_min_SCHEDP, = 0.190324
gpu_min_L2CP, = 7.71907
gpu_min_MCP, = 2.07101
gpu_min_NOCP, = 3.96634
gpu_min_DRAMP, = 0.996945
gpu_min_PIPEP, = 5.29241
gpu_min_IDLE_COREP, = 0
gpu_min_CONST_DYNAMICP = 9.82366
gpu_min_TOT_INST, = 6630
gpu_min_FP_INT, = 5779
gpu_min_IC_H, = 3491
gpu_min_IC_M, = 0
gpu_min_DC_RH, = 162
gpu_min_DC_RM, = 52
gpu_min_DC_WH, = 102
gpu_min_DC_WM, = 1461
gpu_min_TC_H, = 0
gpu_min_TC_M, = 0
gpu_min_CC_H, = 675
gpu_min_CC_M, = 0
gpu_min_SHRD_ACC, = 0
gpu_min_REG_RD, = 228192
gpu_min_REG_WR, = 135136
gpu_min_NON_REG_OPs, = 74144
gpu_min_SP_ACC, = 2.60061e+06
gpu_min_SFU_ACC, = 0
gpu_min_FPU_ACC, = 0
gpu_min_MEM_RD, = 64
gpu_min_MEM_WR, = 0
gpu_min_MEM_PRE, = 6
gpu_min_L2_RH, = 212
gpu_min_L2_RM, = 0
gpu_min_L2_WH, = 785
gpu_min_L2_WM, = 93
gpu_min_NOC_A, = 3410
gpu_min_PIPE_A, = 0.485
gpu_min_IDLE_CORE_N, = 0
gpu_min_CONST_DYNAMICN = 0

Accumulative Power Statistics Over Previous Kernels:
gpu_tot_avg_power = 32.9214
gpu_tot_max_power = 96.7819
gpu_tot_min_power = 12.8835


kernel_name = _Z6KernelP4NodePiPbS2_S2_S1_i 
kernel_launch_uid = 13 

Kernel Average Power Data:
kernel_avg_power = 31.1646
gpu_avg_IBP, = 0.00274316
gpu_avg_ICP, = 0.0240787
gpu_avg_DCP, = 1.40393
gpu_avg_TCP, = 0
gpu_avg_CCP, = 0.0258373
gpu_avg_SHRDP, = 0
gpu_avg_RFP, = 0.993239
gpu_avg_SPP, = 0.307188
gpu_avg_SFUP, = 0.160984
gpu_avg_FPUP, = 0
gpu_avg_SCHEDP, = 0.0359697
gpu_avg_L2CP, = 6.10643
gpu_avg_MCP, = 1.72429
gpu_avg_NOCP, = 5.07162
gpu_avg_DRAMP, = 3.47471
gpu_avg_PIPEP, = 0.975154
gpu_avg_IDLE_COREP, = 1.03477
gpu_avg_CONST_DYNAMICP = 9.82366
gpu_avg_TOT_INST, = 1265.02
gpu_avg_FP_INT, = 1092.18
gpu_avg_IC_H, = 632.64
gpu_avg_IC_M, = 0
gpu_avg_DC_RH, = 165.198
gpu_avg_DC_RM, = 750.351
gpu_avg_DC_WH, = 1.73488
gpu_avg_DC_WM, = 301.628
gpu_avg_TC_H, = 0
gpu_avg_TC_M, = 0
gpu_avg_CC_H, = 33.3395
gpu_avg_CC_M, = 0
gpu_avg_SHRD_ACC, = 0
gpu_avg_REG_RD, = 43083.5
gpu_avg_REG_WR, = 49454.8
gpu_avg_NON_REG_OPs, = 19738.7
gpu_avg_SP_ACC, = 189990
gpu_avg_SFU_ACC, = 5549.05
gpu_avg_FPU_ACC, = 0
gpu_avg_MEM_RD, = 222.098
gpu_avg_MEM_WR, = 0
gpu_avg_MEM_PRE, = 26.7442
gpu_avg_L2_RH, = 2779.44
gpu_avg_L2_RM, = 51.6628
gpu_avg_L2_WH, = 151.416
gpu_avg_L2_WM, = 18.5279
gpu_avg_NOC_A, = 4360.26
gpu_avg_PIPE_A, = 0.0893639
gpu_avg_IDLE_CORE_N, = 0.6508
gpu_avg_CONST_DYNAMICN = 0

Kernel Maximum Power Data:
kernel_max_power = 87.8337
gpu_max_IBP, = 0.00639697
gpu_max_ICP, = 0.0559492
gpu_max_DCP, = 1.70249
gpu_max_TCP, = 0
gpu_max_CCP, = 0
gpu_max_SHRDP, = 0
gpu_max_RFP, = 1.96925
gpu_max_SPP, = 1.7665
gpu_max_SFUP, = 1.39346
gpu_max_FPUP, = 0
gpu_max_SCHEDP, = 0.0960679
gpu_max_L2CP, = 0.158717
gpu_max_MCP, = 4.63759
gpu_max_NOCP, = 5.20858
gpu_max_DRAMP, = 58.7053
gpu_max_PIPEP, = 2.30974
gpu_max_IDLE_COREP, = 0
gpu_max_CONST_DYNAMICP = 9.82366
gpu_max_TOT_INST, = 2950
gpu_max_FP_INT, = 2917
gpu_max_IC_H, = 1470
gpu_max_IC_M, = 0
gpu_max_DC_RH, = 456
gpu_max_DC_RM, = 905
gpu_max_DC_WH, = 0
gpu_max_DC_WM, = 0
gpu_max_TC_H, = 0
gpu_max_TC_M, = 0
gpu_max_CC_H, = 0
gpu_max_CC_M, = 0
gpu_max_SHRD_ACC, = 0
gpu_max_REG_RD, = 106880
gpu_max_REG_WR, = 106560
gpu_max_NON_REG_OPs, = 35232
gpu_max_SP_ACC, = 1.09254e+06
gpu_max_SFU_ACC, = 48032
gpu_max_FPU_ACC, = 0
gpu_max_MEM_RD, = 3799
gpu_max_MEM_WR, = 0
gpu_max_MEM_PRE, = 170
gpu_max_L2_RH, = 60
gpu_max_L2_RM, = 943
gpu_max_L2_WH, = 0
gpu_max_L2_WM, = 0
gpu_max_NOC_A, = 4478
gpu_max_PIPE_A, = 0.211666
gpu_max_IDLE_CORE_N, = 0
gpu_max_CONST_DYNAMICN = 0

Kernel Minimum Power Data:
kernel_min_power = 25.4971
gpu_min_IBP, = 0.00278864
gpu_min_ICP, = 0.0245111
gpu_min_DCP, = 1.30918
gpu_min_TCP, = 0
gpu_min_CCP, = 0
gpu_min_SHRDP, = 0
gpu_min_RFP, = 1.01353
gpu_min_SPP, = 0.238054
gpu_min_SFUP, = 0.144939
gpu_min_FPUP, = 0
gpu_min_SCHEDP, = 0.0365236
gpu_min_L2CP, = 5.78757
gpu_min_MCP, = 1.50834
gpu_min_NOCP, = 4.65259
gpu_min_DRAMP, = 0.0613568
gpu_min_PIPEP, = 0.894071
gpu_min_IDLE_COREP, = 0
gpu_min_CONST_DYNAMICP = 9.82366
gpu_min_TOT_INST, = 1286
gpu_min_FP_INT, = 1109
gpu_min_IC_H, = 644
gpu_min_IC_M, = 0
gpu_min_DC_RH, = 193
gpu_min_DC_RM, = 654
gpu_min_DC_WH, = 0
gpu_min_DC_WM, = 272
gpu_min_TC_H, = 0
gpu_min_TC_M, = 0
gpu_min_CC_H, = 0
gpu_min_CC_M, = 0
gpu_min_SHRD_ACC, = 0
gpu_min_REG_RD, = 46144
gpu_min_REG_WR, = 48224
gpu_min_NON_REG_OPs, = 20096
gpu_min_SP_ACC, = 147232
gpu_min_SFU_ACC, = 4996
gpu_min_FPU_ACC, = 0
gpu_min_MEM_RD, = 4
gpu_min_MEM_WR, = 0
gpu_min_MEM_PRE, = 0
gpu_min_L2_RH, = 2810
gpu_min_L2_RM, = 0
gpu_min_L2_WH, = 123
gpu_min_L2_WM, = 4
gpu_min_NOC_A, = 4000
gpu_min_PIPE_A, = 0.0819334
gpu_min_IDLE_CORE_N, = 0
gpu_min_CONST_DYNAMICN = 0

Accumulative Power Statistics Over Previous Kernels:
gpu_tot_avg_power = 32.021
gpu_tot_max_power = 96.7819
gpu_tot_min_power = 12.8835


kernel_name = _Z7Kernel2PbS_S_S_i 
kernel_launch_uid = 14 

Kernel Average Power Data:
kernel_avg_power = 44.0955
gpu_avg_IBP, = 0.018391
gpu_avg_ICP, = 0.16695
gpu_avg_DCP, = 1.59826
gpu_avg_TCP, = 0
gpu_avg_CCP, = 1.13368
gpu_avg_SHRDP, = 0
gpu_avg_RFP, = 5.19621
gpu_avg_SPP, = 4.96783
gpu_avg_SFUP, = 0
gpu_avg_FPUP, = 0
gpu_avg_SCHEDP, = 0.250405
gpu_avg_L2CP, = 5.44016
gpu_avg_MCP, = 2.05978
gpu_avg_NOCP, = 3.0516
gpu_avg_DRAMP, = 2.28876
gpu_avg_PIPEP, = 6.14324
gpu_avg_IDLE_COREP, = 1.95661
gpu_avg_CONST_DYNAMICP = 9.82366
gpu_avg_TOT_INST, = 8481.14
gpu_avg_FP_INT, = 7603.29
gpu_avg_IC_H, = 4386.43
gpu_avg_IC_M, = 0
gpu_avg_DC_RH, = 219.429
gpu_avg_DC_RM, = 73.4286
gpu_avg_DC_WH, = 73.1429
gpu_avg_DC_WM, = 1094.71
gpu_avg_TC_H, = 0
gpu_avg_TC_M, = 0
gpu_avg_CC_H, = 1462.86
gpu_avg_CC_M, = 0
gpu_avg_SHRD_ACC, = 0
gpu_avg_REG_RD, = 243227
gpu_avg_REG_WR, = 156690
gpu_avg_NON_REG_OPs, = 112343
gpu_avg_SP_ACC, = 3.07251e+06
gpu_avg_SFU_ACC, = 0
gpu_avg_FPU_ACC, = 0
gpu_avg_MEM_RD, = 148.571
gpu_avg_MEM_WR, = 0
gpu_avg_MEM_PRE, = 3.85714
gpu_avg_L2_RH, = 145.143
gpu_avg_L2_RM, = 0
gpu_avg_L2_WH, = 549.429
gpu_avg_L2_WM, = 69.8571
gpu_avg_NOC_A, = 2623.57
gpu_avg_PIPE_A, = 0.562971
gpu_avg_IDLE_CORE_N, = 1.23057
gpu_avg_CONST_DYNAMICN = 0

Kernel Maximum Power Data:
kernel_max_power = 54.1916
gpu_max_IBP, = 0.0288341
gpu_max_ICP, = 0.262923
gpu_max_DCP, = 2.6967
gpu_max_TCP, = 0
gpu_max_CCP, = 1.37016
gpu_max_SHRDP, = 0
gpu_max_RFP, = 8.21015
gpu_max_SPP, = 8.46627
gpu_max_SFUP, = 0
gpu_max_FPUP, = 0
gpu_max_SCHEDP, = 0.385424
gpu_max_L2CP, = 2.97113
gpu_max_MCP, = 2.63087
gpu_max_NOCP, = 3.62553
gpu_max_DRAMP, = 4.99022
gpu_max_PIPEP, = 8.72974
gpu_max_IDLE_COREP, = 0
gpu_max_CONST_DYNAMICP = 9.82366
gpu_max_TOT_INST, = 13297
gpu_max_FP_INT, = 11703
gpu_max_IC_H, = 6908
gpu_max_IC_M, = 0
gpu_max_DC_RH, = 410
gpu_max_DC_RM, = 136
gpu_max_DC_WH, = 113
gpu_max_DC_WM, = 1778
gpu_max_TC_H, = 0
gpu_max_TC_M, = 0
gpu_max_CC_H, = 1768
gpu_max_CC_M, = 0
gpu_max_SHRD_ACC, = 0
gpu_max_REG_RD, = 437536
gpu_max_REG_WR, = 277888
gpu_max_NON_REG_OPs, = 166784
gpu_max_SP_ACC, = 5.23622e+06
gpu_max_SFU_ACC, = 0
gpu_max_FPU_ACC, = 0
gpu_max_MEM_RD, = 324
gpu_max_MEM_WR, = 0
gpu_max_MEM_PRE, = 8
gpu_max_L2_RH, = 328
gpu_max_L2_RM, = 0
gpu_max_L2_WH, = 226
gpu_max_L2_WM, = 60
gpu_max_NOC_A, = 3117
gpu_max_PIPE_A, = 0.8
gpu_max_IDLE_CORE_N, = 0
gpu_max_CONST_DYNAMICN = 0

Kernel Minimum Power Data:
kernel_min_power = 35.4062
gpu_min_IBP, = 0.0121152
gpu_min_ICP, = 0.109615
gpu_min_DCP, = 1.17172
gpu_min_TCP, = 0
gpu_min_CCP, = 1.03149
gpu_min_SHRDP, = 0
gpu_min_RFP, = 3.61115
gpu_min_SPP, = 3.10986
gpu_min_SFUP, = 0
gpu_min_FPUP, = 0
gpu_min_SCHEDP, = 0.168226
gpu_min_L2CP, = 7.3539
gpu_min_MCP, = 1.79183
gpu_min_NOCP, = 2.98464
gpu_min_DRAMP, = 0.37068
gpu_min_PIPEP, = 3.86727
gpu_min_IDLE_COREP, = 0
gpu_min_CONST_DYNAMICP = 9.82366
gpu_min_TOT_INST, = 5587
gpu_min_FP_INT, = 5108
gpu_min_IC_H, = 2880
gpu_min_IC_M, = 0
gpu_min_DC_RH, = 145
gpu_min_DC_RM, = 42
gpu_min_DC_WH, = 61
gpu_min_DC_WM, = 837
gpu_min_TC_H, = 0
gpu_min_TC_M, = 0
gpu_min_CC_H, = 1331
gpu_min_CC_M, = 0
gpu_min_SHRD_ACC, = 0
gpu_min_REG_RD, = 138144
gpu_min_REG_WR, = 89664
gpu_min_NON_REG_OPs, = 84480
gpu_min_SP_ACC, = 1.92339e+06
gpu_min_SFU_ACC, = 0
gpu_min_FPU_ACC, = 0
gpu_min_MEM_RD, = 24
gpu_min_MEM_WR, = 0
gpu_min_MEM_PRE, = 1
gpu_min_L2_RH, = 28
gpu_min_L2_RM, = 0
gpu_min_L2_WH, = 787
gpu_min_L2_WM, = 85
gpu_min_NOC_A, = 2566
gpu_min_PIPE_A, = 0.3544
gpu_min_IDLE_CORE_N, = 0
gpu_min_CONST_DYNAMICN = 0

Accumulative Power Statistics Over Previous Kernels:
gpu_tot_avg_power = 32.1209
gpu_tot_max_power = 96.7819
gpu_tot_min_power = 12.8835


kernel_name = _Z6KernelP4NodePiPbS2_S2_S1_i 
kernel_launch_uid = 15 

Kernel Average Power Data:
kernel_avg_power = 31.3238
gpu_avg_IBP, = 0.00374487
gpu_avg_ICP, = 0.0328652
gpu_avg_DCP, = 1.15867
gpu_avg_TCP, = 0
gpu_avg_CCP, = 0.0566839
gpu_avg_SHRDP, = 0
gpu_avg_RFP, = 1.14668
gpu_avg_SPP, = 0.479483
gpu_avg_SFUP, = 0.118587
gpu_avg_FPUP, = 0
gpu_avg_SCHEDP, = 0.0470377
gpu_avg_L2CP, = 5.03053
gpu_avg_MCP, = 1.70376
gpu_avg_NOCP, = 4.71978
gpu_avg_DRAMP, = 5.31329
gpu_avg_PIPEP, = 1.19373
gpu_avg_IDLE_COREP, = 0.495317
gpu_avg_CONST_DYNAMICP = 9.82366
gpu_avg_TOT_INST, = 1726.97
gpu_avg_FP_INT, = 1428.25
gpu_avg_IC_H, = 863.495
gpu_avg_IC_M, = 0
gpu_avg_DC_RH, = 160.189
gpu_avg_DC_RM, = 797.985
gpu_avg_DC_WH, = 2.43878
gpu_avg_DC_WM, = 30.0867
gpu_avg_TC_H, = 0
gpu_avg_TC_M, = 0
gpu_avg_CC_H, = 73.1429
gpu_avg_CC_M, = 0
gpu_avg_SHRD_ACC, = 0
gpu_avg_REG_RD, = 49195.6
gpu_avg_REG_WR, = 56621.6
gpu_avg_NON_REG_OPs, = 22916.1
gpu_avg_SP_ACC, = 296551
gpu_avg_SFU_ACC, = 4087.65
gpu_avg_FPU_ACC, = 0
gpu_avg_MEM_RD, = 341.816
gpu_avg_MEM_WR, = 0
gpu_avg_MEM_PRE, = 27.6071
gpu_avg_L2_RH, = 2850.1
gpu_avg_L2_RM, = 83.2194
gpu_avg_L2_WH, = 18.8571
gpu_avg_L2_WM, = 7.97959
gpu_avg_NOC_A, = 4057.77
gpu_avg_PIPE_A, = 0.109394
gpu_avg_IDLE_CORE_N, = 0.31152
gpu_avg_CONST_DYNAMICN = 0

Kernel Maximum Power Data:
kernel_max_power = 93.5738
gpu_max_IBP, = 0.00947618
gpu_max_ICP, = 0.0831245
gpu_max_DCP, = 1.82828
gpu_max_TCP, = 0
gpu_max_CCP, = 0
gpu_max_SHRDP, = 0
gpu_max_RFP, = 2.92852
gpu_max_SPP, = 2.3807
gpu_max_SFUP, = 2.00734
gpu_max_FPUP, = 0
gpu_max_SCHEDP, = 0.143921
gpu_max_L2CP, = 2.13384
gpu_max_MCP, = 4.65918
gpu_max_NOCP, = 5.35979
gpu_max_DRAMP, = 58.8383
gpu_max_PIPEP, = 3.37768
gpu_max_IDLE_COREP, = 0
gpu_max_CONST_DYNAMICP = 9.82366
gpu_max_TOT_INST, = 4370
gpu_max_FP_INT, = 4370
gpu_max_IC_H, = 2184
gpu_max_IC_M, = 0
gpu_max_DC_RH, = 562
gpu_max_DC_RM, = 870
gpu_max_DC_WH, = 0
gpu_max_DC_WM, = 0
gpu_max_TC_H, = 0
gpu_max_TC_M, = 0
gpu_max_CC_H, = 0
gpu_max_CC_M, = 0
gpu_max_SHRD_ACC, = 0
gpu_max_REG_RD, = 156096
gpu_max_REG_WR, = 138784
gpu_max_NON_REG_OPs, = 55008
gpu_max_SP_ACC, = 1.47242e+06
gpu_max_SFU_ACC, = 69192
gpu_max_FPU_ACC, = 0
gpu_max_MEM_RD, = 3808
gpu_max_MEM_WR, = 0
gpu_max_MEM_PRE, = 168
gpu_max_L2_RH, = 0
gpu_max_L2_RM, = 1053
gpu_max_L2_WH, = 249
gpu_max_L2_WM, = 0
gpu_max_NOC_A, = 4608
gpu_max_PIPE_A, = 0.309534
gpu_max_IDLE_CORE_N, = 0
gpu_max_CONST_DYNAMICN = 0

Kernel Minimum Power Data:
kernel_min_power = 24.2654
gpu_min_IBP, = 0.00286237
gpu_min_ICP, = 0.0251962
gpu_min_DCP, = 1.06523
gpu_min_TCP, = 0
gpu_min_CCP, = 0
gpu_min_SHRDP, = 0
gpu_min_RFP, = 0.860554
gpu_min_SPP, = 0.269667
gpu_min_SFUP, = 0.0280827
gpu_min_FPUP, = 0
gpu_min_SCHEDP, = 0.0345475
gpu_min_L2CP, = 4.87538
gpu_min_MCP, = 1.43675
gpu_min_NOCP, = 4.16058
gpu_min_DRAMP, = 0.866613
gpu_min_PIPEP, = 0.816231
gpu_min_IDLE_COREP, = 0
gpu_min_CONST_DYNAMICP = 9.82366
gpu_min_TOT_INST, = 1320
gpu_min_FP_INT, = 1049
gpu_min_IC_H, = 662
gpu_min_IC_M, = 0
gpu_min_DC_RH, = 156
gpu_min_DC_RM, = 729
gpu_min_DC_WH, = 0
gpu_min_DC_WM, = 20
gpu_min_TC_H, = 0
gpu_min_TC_M, = 0
gpu_min_CC_H, = 0
gpu_min_CC_M, = 0
gpu_min_SHRD_ACC, = 0
gpu_min_REG_RD, = 38528
gpu_min_REG_WR, = 46048
gpu_min_NON_REG_OPs, = 16576
gpu_min_SP_ACC, = 166784
gpu_min_SFU_ACC, = 968
gpu_min_FPU_ACC, = 0
gpu_min_MEM_RD, = 56
gpu_min_MEM_WR, = 0
gpu_min_MEM_PRE, = 3
gpu_min_L2_RH, = 2870
gpu_min_L2_RM, = 12
gpu_min_L2_WH, = 1
gpu_min_L2_WM, = 4
gpu_min_NOC_A, = 3577
gpu_min_PIPE_A, = 0.0748001
gpu_min_IDLE_CORE_N, = 0
gpu_min_CONST_DYNAMICN = 0

Accumulative Power Statistics Over Previous Kernels:
gpu_tot_avg_power = 31.971
gpu_tot_max_power = 96.7819
gpu_tot_min_power = 12.8835


kernel_name = _Z7Kernel2PbS_S_S_i 
kernel_launch_uid = 16 

Kernel Average Power Data:
kernel_avg_power = 46.0736
gpu_avg_IBP, = 0.0193509
gpu_avg_ICP, = 0.176815
gpu_avg_DCP, = 1.03188
gpu_avg_TCP, = 0
gpu_avg_CCP, = 1.58715
gpu_avg_SHRDP, = 0
gpu_avg_RFP, = 5.82918
gpu_avg_SPP, = 5.2083
gpu_avg_SFUP, = 0
gpu_avg_FPUP, = 0
gpu_avg_SCHEDP, = 0.256014
gpu_avg_L2CP, = 2.34132
gpu_avg_MCP, = 1.98163
gpu_avg_NOCP, = 1.59002
gpu_avg_DRAMP, = 5.53176
gpu_avg_PIPEP, = 7.07385
gpu_avg_IDLE_COREP, = 3.62266
gpu_avg_CONST_DYNAMICP = 9.82366
gpu_avg_TOT_INST, = 8923.8
gpu_avg_FP_INT, = 7773.6
gpu_avg_IC_H, = 4645.6
gpu_avg_IC_M, = 0
gpu_avg_DC_RH, = 308.4
gpu_avg_DC_RM, = 103.2
gpu_avg_DC_WH, = 71
gpu_avg_DC_WM, = 404.8
gpu_avg_TC_H, = 0
gpu_avg_TC_M, = 0
gpu_avg_CC_H, = 2048
gpu_avg_CC_M, = 0
gpu_avg_SHRD_ACC, = 0
gpu_avg_REG_RD, = 202880
gpu_avg_REG_WR, = 155136
gpu_avg_NON_REG_OPs, = 137952
gpu_avg_SP_ACC, = 3.22124e+06
gpu_avg_SFU_ACC, = 0
gpu_avg_FPU_ACC, = 0
gpu_avg_MEM_RD, = 360
gpu_avg_MEM_WR, = 0
gpu_avg_MEM_PRE, = 3.8
gpu_avg_L2_RH, = 22.6
gpu_avg_L2_RM, = 39.6
gpu_avg_L2_WH, = 207
gpu_avg_L2_WM, = 64.4
gpu_avg_NOC_A, = 1367
gpu_avg_PIPE_A, = 0.648253
gpu_avg_IDLE_CORE_N, = 2.2784
gpu_avg_CONST_DYNAMICN = 0

Kernel Maximum Power Data:
kernel_max_power = 50.7682
gpu_max_IBP, = 0.020763
gpu_max_ICP, = 0.195556
gpu_max_DCP, = 1.36687
gpu_max_TCP, = 0
gpu_max_CCP, = 1.19501
gpu_max_SHRDP, = 0
gpu_max_RFP, = 5.81734
gpu_max_SPP, = 5.42568
gpu_max_SFUP, = 0
gpu_max_FPUP, = 0
gpu_max_SCHEDP, = 0.257608
gpu_max_L2CP, = 3.64485
gpu_max_MCP, = 2.37346
gpu_max_NOCP, = 2.7113
gpu_max_DRAMP, = 10.6453
gpu_max_PIPEP, = 7.29078
gpu_max_IDLE_COREP, = 0
gpu_max_CONST_DYNAMICP = 9.82366
gpu_max_TOT_INST, = 9575
gpu_max_FP_INT, = 7822
gpu_max_IC_H, = 5138
gpu_max_IC_M, = 0
gpu_max_DC_RH, = 285
gpu_max_DC_RM, = 88
gpu_max_DC_WH, = 138
gpu_max_DC_WM, = 761
gpu_max_TC_H, = 0
gpu_max_TC_M, = 0
gpu_max_CC_H, = 1542
gpu_max_CC_M, = 0
gpu_max_SHRD_ACC, = 0
gpu_max_REG_RD, = 245600
gpu_max_REG_WR, = 182720
gpu_max_NON_REG_OPs, = 128608
gpu_max_SP_ACC, = 3.35568e+06
gpu_max_SFU_ACC, = 0
gpu_max_FPU_ACC, = 0
gpu_max_MEM_RD, = 693
gpu_max_MEM_WR, = 0
gpu_max_MEM_PRE, = 6
gpu_max_L2_RH, = 20
gpu_max_L2_RM, = 51
gpu_max_L2_WH, = 317
gpu_max_L2_WM, = 108
gpu_max_NOC_A, = 2331
gpu_max_PIPE_A, = 0.668133
gpu_max_IDLE_CORE_N, = 0
gpu_max_CONST_DYNAMICN = 0

Kernel Minimum Power Data:
kernel_min_power = 36.0334
gpu_min_IBP, = 0.00448872
gpu_min_ICP, = 0.0399637
gpu_min_DCP, = 0.0137007
gpu_min_TCP, = 0
gpu_min_CCP, = 0.720727
gpu_min_SHRDP, = 0
gpu_min_RFP, = 1.01062
gpu_min_SPP, = 0.0165567
gpu_min_SFUP, = 0
gpu_min_FPUP, = 0
gpu_min_SCHEDP, = 0.0674813
gpu_min_L2CP, = 0.0353435
gpu_min_MCP, = 1.27657
gpu_min_NOCP, = 0.0325681
gpu_min_DRAMP, = 0
gpu_min_PIPEP, = 4.87845
gpu_min_IDLE_COREP, = 18.1133
gpu_min_CONST_DYNAMICP = 9.82366
gpu_min_TOT_INST, = 2070
gpu_min_FP_INT, = 2049
gpu_min_IC_H, = 1050
gpu_min_IC_M, = 0
gpu_min_DC_RH, = 6
gpu_min_DC_RM, = 4
gpu_min_DC_WH, = 0
gpu_min_DC_WM, = 0
gpu_min_TC_H, = 0
gpu_min_TC_M, = 0
gpu_min_CC_H, = 930
gpu_min_CC_M, = 0
gpu_min_SHRD_ACC, = 0
gpu_min_REG_RD, = 2496
gpu_min_REG_WR, = 1792
gpu_min_NON_REG_OPs, = 31232
gpu_min_SP_ACC, = 10240
gpu_min_SFU_ACC, = 0
gpu_min_FPU_ACC, = 0
gpu_min_MEM_RD, = 0
gpu_min_MEM_WR, = 0
gpu_min_MEM_PRE, = 0
gpu_min_L2_RH, = 21
gpu_min_L2_RM, = 0
gpu_min_L2_WH, = 0
gpu_min_L2_WM, = 0
gpu_min_NOC_A, = 28
gpu_min_PIPE_A, = 0.447065
gpu_min_IDLE_CORE_N, = 11.392
gpu_min_CONST_DYNAMICN = 0

Accumulative Power Statistics Over Previous Kernels:
gpu_tot_avg_power = 32.0384
gpu_tot_max_power = 96.7819
gpu_tot_min_power = 12.8835


kernel_name = _Z6KernelP4NodePiPbS2_S2_S1_i 
kernel_launch_uid = 17 

Kernel Average Power Data:
kernel_avg_power = 29.1556
gpu_avg_IBP, = 0.0080153
gpu_avg_ICP, = 0.0705165
gpu_avg_DCP, = 0.493725
gpu_avg_TCP, = 0
gpu_avg_CCP, = 0.483045
gpu_avg_SHRDP, = 0
gpu_avg_RFP, = 2.40646
gpu_avg_SPP, = 1.47925
gpu_avg_SFUP, = 0.238976
gpu_avg_FPUP, = 0
gpu_avg_SCHEDP, = 0.104034
gpu_avg_L2CP, = 1.16845
gpu_avg_MCP, = 1.60406
gpu_avg_NOCP, = 1.21503
gpu_avg_DRAMP, = 5.05324
gpu_avg_PIPEP, = 2.88704
gpu_avg_IDLE_COREP, = 2.12009
gpu_avg_CONST_DYNAMICP = 9.82366
gpu_avg_TOT_INST, = 3696.3
gpu_avg_FP_INT, = 3158.87
gpu_avg_IC_H, = 1852.74
gpu_avg_IC_M, = 0
gpu_avg_DC_RH, = 165.87
gpu_avg_DC_RM, = 183.957
gpu_avg_DC_WH, = 21.5217
gpu_avg_DC_WM, = 29.7826
gpu_avg_TC_H, = 0
gpu_avg_TC_M, = 0
gpu_avg_CC_H, = 623.304
gpu_avg_CC_M, = 0
gpu_avg_SHRD_ACC, = 0
gpu_avg_REG_RD, = 86628.2
gpu_avg_REG_WR, = 67904
gpu_avg_NON_REG_OPs, = 56121
gpu_avg_SP_ACC, = 914890
gpu_avg_SFU_ACC, = 8237.39
gpu_avg_FPU_ACC, = 0
gpu_avg_MEM_RD, = 323.826
gpu_avg_MEM_WR, = 0
gpu_avg_MEM_PRE, = 33.8696
gpu_avg_L2_RH, = 418.783
gpu_avg_L2_RM, = 63.7826
gpu_avg_L2_WH, = 53.4783
gpu_avg_L2_WM, = 1.69565
gpu_avg_NOC_A, = 1044.61
gpu_avg_PIPE_A, = 0.264571
gpu_avg_IDLE_CORE_N, = 1.33339
gpu_avg_CONST_DYNAMICN = 0

Kernel Maximum Power Data:
kernel_max_power = 39.4082
gpu_max_IBP, = 0.018523
gpu_max_ICP, = 0.162215
gpu_max_DCP, = 0.792455
gpu_max_TCP, = 0
gpu_max_CCP, = 1.94131
gpu_max_SHRDP, = 0
gpu_max_RFP, = 6.48788
gpu_max_SPP, = 5.4189
gpu_max_SFUP, = 0.236614
gpu_max_FPUP, = 0
gpu_max_SCHEDP, = 0.246081
gpu_max_L2CP, = 0.00146941
gpu_max_MCP, = 1.87227
gpu_max_NOCP, = 0.693236
gpu_max_DRAMP, = 5.54751
gpu_max_PIPEP, = 6.1661
gpu_max_IDLE_COREP, = 0
gpu_max_CONST_DYNAMICP = 9.82366
gpu_max_TOT_INST, = 8542
gpu_max_FP_INT, = 7472
gpu_max_IC_H, = 4262
gpu_max_IC_M, = 0
gpu_max_DC_RH, = 360
gpu_max_DC_RM, = 181
gpu_max_DC_WH, = 48
gpu_max_DC_WM, = 28
gpu_max_TC_H, = 0
gpu_max_TC_M, = 0
gpu_max_CC_H, = 2505
gpu_max_CC_M, = 0
gpu_max_SHRD_ACC, = 0
gpu_max_REG_RD, = 185920
gpu_max_REG_WR, = 153120
gpu_max_NON_REG_OPs, = 161216
gpu_max_SP_ACC, = 3.35149e+06
gpu_max_SFU_ACC, = 8156
gpu_max_FPU_ACC, = 0
gpu_max_MEM_RD, = 360
gpu_max_MEM_WR, = 0
gpu_max_MEM_PRE, = 10
gpu_max_L2_RH, = 0
gpu_max_L2_RM, = 24
gpu_max_L2_WH, = 0
gpu_max_L2_WM, = 0
gpu_max_NOC_A, = 596
gpu_max_PIPE_A, = 0.565067
gpu_max_IDLE_CORE_N, = 0
gpu_max_CONST_DYNAMICN = 0

Kernel Minimum Power Data:
kernel_min_power = 19.7766
gpu_min_IBP, = 0.00679163
gpu_min_ICP, = 0.0596791
gpu_min_DCP, = 0.490036
gpu_min_TCP, = 0
gpu_min_CCP, = 0.249542
gpu_min_SHRDP, = 0
gpu_min_RFP, = 1.87999
gpu_min_SPP, = 0.791669
gpu_min_SFUP, = 0
gpu_min_FPUP, = 0
gpu_min_SCHEDP, = 0.0839482
gpu_min_L2CP, = 1.39746
gpu_min_MCP, = 1.31792
gpu_min_NOCP, = 1.25736
gpu_min_DRAMP, = 0.465255
gpu_min_PIPEP, = 1.95327
gpu_min_IDLE_COREP, = 0
gpu_min_CONST_DYNAMICP = 9.82366
gpu_min_TOT_INST, = 3132
gpu_min_FP_INT, = 2549
gpu_min_IC_H, = 1568
gpu_min_IC_M, = 0
gpu_min_DC_RH, = 182
gpu_min_DC_RM, = 189
gpu_min_DC_WH, = 0
gpu_min_DC_WM, = 0
gpu_min_TC_H, = 0
gpu_min_TC_M, = 0
gpu_min_CC_H, = 322
gpu_min_CC_M, = 0
gpu_min_SHRD_ACC, = 0
gpu_min_REG_RD, = 76032
gpu_min_REG_WR, = 55968
gpu_min_NON_REG_OPs, = 42368
gpu_min_SP_ACC, = 489632
gpu_min_SFU_ACC, = 0
gpu_min_FPU_ACC, = 0
gpu_min_MEM_RD, = 30
gpu_min_MEM_WR, = 0
gpu_min_MEM_PRE, = 2
gpu_min_L2_RH, = 830
gpu_min_L2_RM, = 9
gpu_min_L2_WH, = 0
gpu_min_L2_WM, = 0
gpu_min_NOC_A, = 1081
gpu_min_PIPE_A, = 0.179
gpu_min_IDLE_CORE_N, = 0
gpu_min_CONST_DYNAMICN = 0

Accumulative Power Statistics Over Previous Kernels:
gpu_tot_avg_power = 31.9764
gpu_tot_max_power = 96.7819
gpu_tot_min_power = 12.8835


kernel_name = _Z7Kernel2PbS_S_S_i 
kernel_launch_uid = 18 

Kernel Average Power Data:
kernel_avg_power = 43.5743
gpu_avg_IBP, = 0.025538
gpu_avg_ICP, = 0.233781
gpu_avg_DCP, = 0.857481
gpu_avg_TCP, = 0
gpu_avg_CCP, = 2.53339
gpu_avg_SHRDP, = 0
gpu_avg_RFP, = 8.05275
gpu_avg_SPP, = 7.11303
gpu_avg_SFUP, = 0
gpu_avg_FPUP, = 0
gpu_avg_SCHEDP, = 0.333949
gpu_avg_L2CP, = 0.929173
gpu_avg_MCP, = 1.65147
gpu_avg_NOCP, = 0.800246
gpu_avg_DRAMP, = 0
gpu_avg_PIPEP, = 8.00905
gpu_avg_IDLE_COREP, = 3.21074
gpu_avg_CONST_DYNAMICP = 9.82366
gpu_avg_TOT_INST, = 11777
gpu_avg_FP_INT, = 10140
gpu_avg_IC_H, = 6142.33
gpu_avg_IC_M, = 0
gpu_avg_DC_RH, = 443.667
gpu_avg_DC_RM, = 151.333
gpu_avg_DC_WH, = 1
gpu_avg_DC_WM, = 3
gpu_avg_TC_H, = 0
gpu_avg_TC_M, = 0
gpu_avg_CC_H, = 3269
gpu_avg_CC_M, = 0
gpu_avg_SHRD_ACC, = 0
gpu_avg_REG_RD, = 217035
gpu_avg_REG_WR, = 191275
gpu_avg_NON_REG_OPs, = 201845
gpu_avg_SP_ACC, = 4.39927e+06
gpu_avg_SFU_ACC, = 0
gpu_avg_FPU_ACC, = 0
gpu_avg_MEM_RD, = 0
gpu_avg_MEM_WR, = 0
gpu_avg_MEM_PRE, = 0
gpu_avg_L2_RH, = 532.333
gpu_avg_L2_RM, = 0
gpu_avg_L2_WH, = 4
gpu_avg_L2_WM, = 0
gpu_avg_NOC_A, = 688
gpu_avg_PIPE_A, = 0.733956
gpu_avg_IDLE_CORE_N, = 2.01933
gpu_avg_CONST_DYNAMICN = 0

Kernel Maximum Power Data:
kernel_max_power = 45.7882
gpu_max_IBP, = 0.030185
gpu_max_ICP, = 0.278642
gpu_max_DCP, = 1.1268
gpu_max_TCP, = 0
gpu_max_CCP, = 2.99683
gpu_max_SHRDP, = 0
gpu_max_RFP, = 9.63716
gpu_max_SPP, = 8.51262
gpu_max_SFUP, = 0
gpu_max_FPUP, = 0
gpu_max_SCHEDP, = 0.386412
gpu_max_L2CP, = 1.3763
gpu_max_MCP, = 1.75582
gpu_max_NOCP, = 1.13407
gpu_max_DRAMP, = 0
gpu_max_PIPEP, = 8.72974
gpu_max_IDLE_COREP, = 0
gpu_max_CONST_DYNAMICP = 9.82366
gpu_max_TOT_INST, = 13920
gpu_max_FP_INT, = 11733
gpu_max_IC_H, = 7321
gpu_max_IC_M, = 0
gpu_max_DC_RH, = 585
gpu_max_DC_RM, = 194
gpu_max_DC_WH, = 2
gpu_max_DC_WM, = 6
gpu_max_TC_H, = 0
gpu_max_TC_M, = 0
gpu_max_CC_H, = 3867
gpu_max_CC_M, = 0
gpu_max_SHRD_ACC, = 0
gpu_max_REG_RD, = 259296
gpu_max_REG_WR, = 232768
gpu_max_NON_REG_OPs, = 241184
gpu_max_SP_ACC, = 5.2649e+06
gpu_max_SFU_ACC, = 0
gpu_max_FPU_ACC, = 0
gpu_max_MEM_RD, = 0
gpu_max_MEM_WR, = 0
gpu_max_MEM_PRE, = 0
gpu_max_L2_RH, = 798
gpu_max_L2_RM, = 0
gpu_max_L2_WH, = 4
gpu_max_L2_WM, = 0
gpu_max_NOC_A, = 975
gpu_max_PIPE_A, = 0.8
gpu_max_IDLE_CORE_N, = 0
gpu_max_CONST_DYNAMICN = 0

Kernel Minimum Power Data:
kernel_min_power = 39.4369
gpu_min_IBP, = 0.0162635
gpu_min_ICP, = 0.14326
gpu_min_DCP, = 0.379008
gpu_min_TCP, = 0
gpu_min_CCP, = 1.82584
gpu_min_SHRDP, = 0
gpu_min_RFP, = 5.06668
gpu_min_SPP, = 4.15739
gpu_min_SFUP, = 0
gpu_min_FPUP, = 0
gpu_min_SCHEDP, = 0.233501
gpu_min_L2CP, = 0.0134642
gpu_min_MCP, = 1.48252
gpu_min_NOCP, = 0.0953782
gpu_min_DRAMP, = 0
gpu_min_PIPEP, = 6.56767
gpu_min_IDLE_COREP, = 9.63222
gpu_min_CONST_DYNAMICP = 9.82366
gpu_min_TOT_INST, = 7500
gpu_min_FP_INT, = 7090
gpu_min_IC_H, = 3764
gpu_min_IC_M, = 0
gpu_min_DC_RH, = 192
gpu_min_DC_RM, = 74
gpu_min_DC_WH, = 0
gpu_min_DC_WM, = 0
gpu_min_TC_H, = 0
gpu_min_TC_M, = 0
gpu_min_CC_H, = 2356
gpu_min_CC_M, = 0
gpu_min_SHRD_ACC, = 0
gpu_min_REG_RD, = 127968
gpu_min_REG_WR, = 103200
gpu_min_NON_REG_OPs, = 130112
gpu_min_SP_ACC, = 2.57126e+06
gpu_min_SFU_ACC, = 0
gpu_min_FPU_ACC, = 0
gpu_min_MEM_RD, = 0
gpu_min_MEM_WR, = 0
gpu_min_MEM_PRE, = 0
gpu_min_L2_RH, = 8
gpu_min_L2_RM, = 0
gpu_min_L2_WH, = 0
gpu_min_L2_WM, = 0
gpu_min_NOC_A, = 82
gpu_min_PIPE_A, = 0.601867
gpu_min_IDLE_CORE_N, = 6.058
gpu_min_CONST_DYNAMICN = 0

Accumulative Power Statistics Over Previous Kernels:
gpu_tot_avg_power = 32.0088
gpu_tot_max_power = 96.7819
gpu_tot_min_power = 12.8835


kernel_name = _Z6KernelP4NodePiPbS2_S2_S1_i 
kernel_launch_uid = 19 

Kernel Average Power Data:
kernel_avg_power = 36.018
gpu_avg_IBP, = 0.0176683
gpu_avg_ICP, = 0.156721
gpu_avg_DCP, = 0.561072
gpu_avg_TCP, = 0
gpu_avg_CCP, = 1.9076
gpu_avg_SHRDP, = 0
gpu_avg_RFP, = 5.46172
gpu_avg_SPP, = 4.3689
gpu_avg_SFUP, = 0.00765893
gpu_avg_FPUP, = 0
gpu_avg_SCHEDP, = 0.227732
gpu_avg_L2CP, = 0.738336
gpu_avg_MCP, = 1.52542
gpu_avg_NOCP, = 0.622478
gpu_avg_DRAMP, = 0.0851949
gpu_avg_PIPEP, = 6.07723
gpu_avg_IDLE_COREP, = 4.43663
gpu_avg_CONST_DYNAMICP = 9.82366
gpu_avg_TOT_INST, = 8147.83
gpu_avg_FP_INT, = 6914.83
gpu_avg_IC_H, = 4117.67
gpu_avg_IC_M, = 0
gpu_avg_DC_RH, = 291.167
gpu_avg_DC_RM, = 98.1667
gpu_avg_DC_WH, = 1.5
gpu_avg_DC_WM, = 1.5
gpu_avg_TC_H, = 0
gpu_avg_TC_M, = 0
gpu_avg_CC_H, = 2461.5
gpu_avg_CC_M, = 0
gpu_avg_SHRD_ACC, = 0
gpu_avg_REG_RD, = 133371
gpu_avg_REG_WR, = 120160
gpu_avg_NON_REG_OPs, = 139877
gpu_avg_SP_ACC, = 2.70208e+06
gpu_avg_SFU_ACC, = 264
gpu_avg_FPU_ACC, = 0
gpu_avg_MEM_RD, = 5.33333
gpu_avg_MEM_WR, = 0
gpu_avg_MEM_PRE, = 1.33333
gpu_avg_L2_RH, = 423.833
gpu_avg_L2_RM, = 1.33333
gpu_avg_L2_WH, = 3
gpu_avg_L2_WM, = 0
gpu_avg_NOC_A, = 535.167
gpu_avg_PIPE_A, = 0.556922
gpu_avg_IDLE_CORE_N, = 2.79033
gpu_avg_CONST_DYNAMICN = 0

Kernel Maximum Power Data:
kernel_max_power = 41.0998
gpu_max_IBP, = 0.0264206
gpu_max_ICP, = 0.231866
gpu_max_DCP, = 0.860378
gpu_max_TCP, = 0
gpu_max_CCP, = 3.13322
gpu_max_SHRDP, = 0
gpu_max_RFP, = 8.53469
gpu_max_SPP, = 6.5995
gpu_max_SFUP, = 0.00255298
gpu_max_FPUP, = 0
gpu_max_SCHEDP, = 0.350712
gpu_max_L2CP, = 0.816224
gpu_max_MCP, = 1.73272
gpu_max_NOCP, = 0.739762
gpu_max_DRAMP, = 0
gpu_max_PIPEP, = 8.24815
gpu_max_IDLE_COREP, = 0
gpu_max_CONST_DYNAMICP = 9.82366
gpu_max_TOT_INST, = 12184
gpu_max_FP_INT, = 10649
gpu_max_IC_H, = 6092
gpu_max_IC_M, = 0
gpu_max_DC_RH, = 445
gpu_max_DC_RM, = 155
gpu_max_DC_WH, = 1
gpu_max_DC_WM, = 0
gpu_max_TC_H, = 0
gpu_max_TC_M, = 0
gpu_max_CC_H, = 4043
gpu_max_CC_M, = 0
gpu_max_SHRD_ACC, = 0
gpu_max_REG_RD, = 206784
gpu_max_REG_WR, = 178560
gpu_max_NON_REG_OPs, = 219840
gpu_max_SP_ACC, = 4.08166e+06
gpu_max_SFU_ACC, = 88
gpu_max_FPU_ACC, = 0
gpu_max_MEM_RD, = 0
gpu_max_MEM_WR, = 0
gpu_max_MEM_PRE, = 0
gpu_max_L2_RH, = 480
gpu_max_L2_RM, = 1
gpu_max_L2_WH, = 1
gpu_max_L2_WM, = 0
gpu_max_NOC_A, = 636
gpu_max_PIPE_A, = 0.755867
gpu_max_IDLE_CORE_N, = 0
gpu_max_CONST_DYNAMICN = 0

Kernel Minimum Power Data:
kernel_min_power = 28.991
gpu_min_IBP, = 0.0131279
gpu_min_ICP, = 0.114791
gpu_min_DCP, = 0.478046
gpu_min_TCP, = 0
gpu_min_CCP, = 1.08419
gpu_min_SHRDP, = 0
gpu_min_RFP, = 3.66809
gpu_min_SPP, = 3.17723
gpu_min_SFUP, = 0.0127649
gpu_min_FPUP, = 0
gpu_min_SCHEDP, = 0.156831
gpu_min_L2CP, = 0.878391
gpu_min_MCP, = 1.39913
gpu_min_NOCP, = 0.697889
gpu_min_DRAMP, = 0.0638962
gpu_min_PIPEP, = 4.5482
gpu_min_IDLE_COREP, = 2.87472
gpu_min_CONST_DYNAMICP = 9.82366
gpu_min_TOT_INST, = 6054
gpu_min_FP_INT, = 4762
gpu_min_IC_H, = 3016
gpu_min_IC_M, = 0
gpu_min_DC_RH, = 250
gpu_min_DC_RM, = 82
gpu_min_DC_WH, = 3
gpu_min_DC_WM, = 0
gpu_min_TC_H, = 0
gpu_min_TC_M, = 0
gpu_min_CC_H, = 1399
gpu_min_CC_M, = 0
gpu_min_SHRD_ACC, = 0
gpu_min_REG_RD, = 96672
gpu_min_REG_WR, = 94656
gpu_min_NON_REG_OPs, = 91392
gpu_min_SP_ACC, = 1.96506e+06
gpu_min_SFU_ACC, = 440
gpu_min_FPU_ACC, = 0
gpu_min_MEM_RD, = 4
gpu_min_MEM_WR, = 0
gpu_min_MEM_PRE, = 1
gpu_min_L2_RH, = 512
gpu_min_L2_RM, = 1
gpu_min_L2_WH, = 2
gpu_min_L2_WM, = 0
gpu_min_NOC_A, = 600
gpu_min_PIPE_A, = 0.416801
gpu_min_IDLE_CORE_N, = 1.808
gpu_min_CONST_DYNAMICN = 0

Accumulative Power Statistics Over Previous Kernels:
gpu_tot_avg_power = 32.0311
gpu_tot_max_power = 96.7819
gpu_tot_min_power = 12.8835


kernel_name = _Z7Kernel2PbS_S_S_i 
kernel_launch_uid = 20 

Kernel Average Power Data:
kernel_avg_power = 43.1282
gpu_avg_IBP, = 0.0248152
gpu_avg_ICP, = 0.227108
gpu_avg_DCP, = 0.802496
gpu_avg_TCP, = 0
gpu_avg_CCP, = 2.46519
gpu_avg_SHRDP, = 0
gpu_avg_RFP, = 7.83403
gpu_avg_SPP, = 6.93919
gpu_avg_SFUP, = 0
gpu_avg_FPUP, = 0
gpu_avg_SCHEDP, = 0.324914
gpu_avg_L2CP, = 0.844317
gpu_avg_MCP, = 1.63279
gpu_avg_NOCP, = 0.737436
gpu_avg_DRAMP, = 0
gpu_avg_PIPEP, = 7.53546
gpu_avg_IDLE_COREP, = 3.93684
gpu_avg_CONST_DYNAMICP = 9.82366
gpu_avg_TOT_INST, = 11443.7
gpu_avg_FP_INT, = 9865.67
gpu_avg_IC_H, = 5967
gpu_avg_IC_M, = 0
gpu_avg_DC_RH, = 417.667
gpu_avg_DC_RM, = 141
gpu_avg_DC_WH, = 0
gpu_avg_DC_WM, = 0
gpu_avg_TC_H, = 0
gpu_avg_TC_M, = 0
gpu_avg_CC_H, = 3181
gpu_avg_CC_M, = 0
gpu_avg_SHRD_ACC, = 0
gpu_avg_REG_RD, = 211029
gpu_avg_REG_WR, = 185461
gpu_avg_NON_REG_OPs, = 196448
gpu_avg_SP_ACC, = 4.29175e+06
gpu_avg_SFU_ACC, = 0
gpu_avg_FPU_ACC, = 0
gpu_avg_MEM_RD, = 0
gpu_avg_MEM_WR, = 0
gpu_avg_MEM_PRE, = 0
gpu_avg_L2_RH, = 501.667
gpu_avg_L2_RM, = 0
gpu_avg_L2_WH, = 0
gpu_avg_L2_WM, = 0
gpu_avg_NOC_A, = 634
gpu_avg_PIPE_A, = 0.690556
gpu_avg_IDLE_CORE_N, = 2.476
gpu_avg_CONST_DYNAMICN = 0

Kernel Maximum Power Data:
kernel_max_power = 45.9458
gpu_max_IBP, = 0.0298858
gpu_max_ICP, = 0.275673
gpu_max_DCP, = 1.08142
gpu_max_TCP, = 0
gpu_max_CCP, = 2.9294
gpu_max_SHRDP, = 0
gpu_max_RFP, = 9.76185
gpu_max_SPP, = 8.91909
gpu_max_SFUP, = 0
gpu_max_FPUP, = 0
gpu_max_SCHEDP, = 0.381801
gpu_max_L2CP, = 1.21178
gpu_max_MCP, = 1.73838
gpu_max_NOCP, = 1.06312
gpu_max_DRAMP, = 0
gpu_max_PIPEP, = 8.72974
gpu_max_IDLE_COREP, = 0
gpu_max_CONST_DYNAMICP = 9.82366
gpu_max_TOT_INST, = 13782
gpu_max_FP_INT, = 11593
gpu_max_IC_H, = 7243
gpu_max_IC_M, = 0
gpu_max_DC_RH, = 560
gpu_max_DC_RM, = 194
gpu_max_DC_WH, = 0
gpu_max_DC_WM, = 0
gpu_max_TC_H, = 0
gpu_max_TC_M, = 0
gpu_max_CC_H, = 3780
gpu_max_CC_M, = 0
gpu_max_SHRD_ACC, = 0
gpu_max_REG_RD, = 271680
gpu_max_REG_WR, = 240832
gpu_max_NON_REG_OPs, = 242496
gpu_max_SP_ACC, = 5.51629e+06
gpu_max_SFU_ACC, = 0
gpu_max_FPU_ACC, = 0
gpu_max_MEM_RD, = 0
gpu_max_MEM_WR, = 0
gpu_max_MEM_PRE, = 0
gpu_max_L2_RH, = 720
gpu_max_L2_RM, = 0
gpu_max_L2_WH, = 0
gpu_max_L2_WM, = 0
gpu_max_NOC_A, = 914
gpu_max_PIPE_A, = 0.8
gpu_max_IDLE_CORE_N, = 0
gpu_max_CONST_DYNAMICN = 0

Kernel Minimum Power Data:
kernel_min_power = 37.6965
gpu_min_IBP, = 0.0136483
gpu_min_ICP, = 0.120348
gpu_min_DCP, = 0.248555
gpu_min_TCP, = 0
gpu_min_CCP, = 1.55382
gpu_min_SHRDP, = 0
gpu_min_RFP, = 4.08641
gpu_min_SPP, = 3.19296
gpu_min_SFUP, = 0
gpu_min_FPUP, = 0
gpu_min_SCHEDP, = 0.196714
gpu_min_L2CP, = 0.0134642
gpu_min_MCP, = 1.42548
gpu_min_NOCP, = 0.0639732
gpu_min_DRAMP, = 0
gpu_min_PIPEP, = 5.14691
gpu_min_IDLE_COREP, = 11.8105
gpu_min_CONST_DYNAMICP = 9.82366
gpu_min_TOT_INST, = 6294
gpu_min_FP_INT, = 5973
gpu_min_IC_H, = 3162
gpu_min_IC_M, = 0
gpu_min_DC_RH, = 127
gpu_min_DC_RM, = 47
gpu_min_DC_WH, = 0
gpu_min_DC_WM, = 0
gpu_min_TC_H, = 0
gpu_min_TC_M, = 0
gpu_min_CC_H, = 2005
gpu_min_CC_M, = 0
gpu_min_SHRD_ACC, = 0
gpu_min_REG_RD, = 96352
gpu_min_REG_WR, = 78336
gpu_min_NON_REG_OPs, = 106432
gpu_min_SP_ACC, = 1.97478e+06
gpu_min_SFU_ACC, = 0
gpu_min_FPU_ACC, = 0
gpu_min_MEM_RD, = 0
gpu_min_MEM_WR, = 0
gpu_min_MEM_PRE, = 0
gpu_min_L2_RH, = 8
gpu_min_L2_RM, = 0
gpu_min_L2_WH, = 0
gpu_min_L2_WM, = 0
gpu_min_NOC_A, = 55
gpu_min_PIPE_A, = 0.471667
gpu_min_IDLE_CORE_N, = 7.428
gpu_min_CONST_DYNAMICN = 0

Accumulative Power Statistics Over Previous Kernels:
gpu_tot_avg_power = 32.0619
gpu_tot_max_power = 96.7819
gpu_tot_min_power = 12.8835


