kernel_name = _Z11hotspotOpt1PfS_S_fiiifffffff 
kernel_launch_uid = 1 

Kernel Average Power Data:
kernel_avg_power = 136.84
gpu_avg_IBP, = 0.0418702
gpu_avg_ICP, = 0.391648
gpu_avg_DCP, = 4.25845
gpu_avg_TCP, = 0
gpu_avg_CCP, = 0.512336
gpu_avg_SHRDP, = 0
gpu_avg_RFP, = 13.1014
gpu_avg_SPP, = 3.36926
gpu_avg_SFUP, = 12.3017
gpu_avg_FPUP, = 2.43243
gpu_avg_SCHEDP, = 0.621881
gpu_avg_L2CP, = 9.83197
gpu_avg_MCP, = 4.62554
gpu_avg_NOCP, = 13.448
gpu_avg_DRAMP, = 48.1725
gpu_avg_PIPEP, = 13.7712
gpu_avg_IDLE_COREP, = 0.136525
gpu_avg_CONST_DYNAMICP = 9.82366
gpu_avg_TOT_INST, = 5792.61
gpu_avg_FP_INT, = 5664.83
gpu_avg_IC_H, = 2890.56
gpu_avg_IC_M, = 5.74523
gpu_avg_DC_RH, = 382.759
gpu_avg_DC_RM, = 511.688
gpu_avg_DC_WH, = 0
gpu_avg_DC_WM, = 113.581
gpu_avg_TC_H, = 0
gpu_avg_TC_M, = 0
gpu_avg_CC_H, = 197.263
gpu_avg_CC_M, = 1.5026
gpu_avg_SHRD_ACC, = 0
gpu_avg_REG_RD, = 299853
gpu_avg_REG_WR, = 163068
gpu_avg_NON_REG_OPs, = 64059.5
gpu_avg_SP_ACC, = 625148
gpu_avg_SFU_ACC, = 127210
gpu_avg_FPU_ACC, = 41116.2
gpu_avg_MEM_RD, = 911.986
gpu_avg_MEM_WR, = 0
gpu_avg_MEM_PRE, = 182.179
gpu_avg_L2_RH, = 1135.91
gpu_avg_L2_RM, = 227.997
gpu_avg_L2_WH, = 0
gpu_avg_L2_WM, = 113.579
gpu_avg_NOC_A, = 3468.53
gpu_avg_PIPE_A, = 0.378602
gpu_avg_IDLE_CORE_N, = 0.0858648
gpu_avg_CONST_DYNAMICN = 0

Kernel Maximum Power Data:
kernel_max_power = 172.402
gpu_max_IBP, = 0.0569005
gpu_max_ICP, = 0.499229
gpu_max_DCP, = 5.28371
gpu_max_TCP, = 0
gpu_max_CCP, = 0
gpu_max_SHRDP, = 0
gpu_max_RFP, = 16.5928
gpu_max_SPP, = 4.12262
gpu_max_SFUP, = 21.3274
gpu_max_FPUP, = 3.31378
gpu_max_SCHEDP, = 0.843215
gpu_max_L2CP, = 13.556
gpu_max_MCP, = 5.25251
gpu_max_NOCP, = 17.3309
gpu_max_DRAMP, = 55.6013
gpu_max_PIPEP, = 18.798
gpu_max_IDLE_COREP, = 0
gpu_max_CONST_DYNAMICP = 9.82366
gpu_max_TOT_INST, = 7872
gpu_max_FP_INT, = 7681
gpu_max_IC_H, = 3935
gpu_max_IC_M, = 0
gpu_max_DC_RH, = 492
gpu_max_DC_RM, = 569
gpu_max_DC_WH, = 0
gpu_max_DC_WM, = 184
gpu_max_TC_H, = 0
gpu_max_TC_M, = 0
gpu_max_CC_H, = 0
gpu_max_CC_M, = 0
gpu_max_SHRD_ACC, = 0
gpu_max_REG_RD, = 423616
gpu_max_REG_WR, = 232160
gpu_max_NON_REG_OPs, = 72224
gpu_max_SP_ACC, = 764928
gpu_max_SFU_ACC, = 220544
gpu_max_FPU_ACC, = 56014
gpu_max_MEM_RD, = 1078
gpu_max_MEM_WR, = 0
gpu_max_MEM_PRE, = 57
gpu_max_L2_RH, = 1398
gpu_max_L2_RM, = 166
gpu_max_L2_WH, = 0
gpu_max_L2_WM, = 189
gpu_max_NOC_A, = 4470
gpu_max_PIPE_A, = 0.5168
gpu_max_IDLE_CORE_N, = 0
gpu_max_CONST_DYNAMICN = 0

Kernel Minimum Power Data:
kernel_min_power = 17.0509
gpu_min_IBP, = 0.0108423
gpu_min_ICP, = 2.11679
gpu_min_DCP, = 0
gpu_min_TCP, = 0
gpu_min_CCP, = 0.880191
gpu_min_SHRDP, = 0
gpu_min_RFP, = 1.73013
gpu_min_SPP, = 0
gpu_min_SFUP, = 0
gpu_min_FPUP, = 0
gpu_min_SCHEDP, = 0.164669
gpu_min_L2CP, = 0.348233
gpu_min_MCP, = 1.37525
gpu_min_NOCP, = 0.348944
gpu_min_DRAMP, = 0.204523
gpu_min_PIPEP, = 0
gpu_min_IDLE_COREP, = 0.0476996
gpu_min_CONST_DYNAMICP = 9.82366
gpu_min_TOT_INST, = 1500
gpu_min_FP_INT, = 1500
gpu_min_IC_H, = 270
gpu_min_IC_M, = 480
gpu_min_DC_RH, = 0
gpu_min_DC_RM, = 0
gpu_min_DC_WH, = 0
gpu_min_DC_WM, = 0
gpu_min_TC_H, = 0
gpu_min_TC_M, = 0
gpu_min_CC_H, = 0
gpu_min_CC_M, = 480
gpu_min_SHRD_ACC, = 0
gpu_min_REG_RD, = 0
gpu_min_REG_WR, = 0
gpu_min_NON_REG_OPs, = 16320
gpu_min_SP_ACC, = 0
gpu_min_SFU_ACC, = 0
gpu_min_FPU_ACC, = 0
gpu_min_MEM_RD, = 4
gpu_min_MEM_WR, = 0
gpu_min_MEM_PRE, = 0
gpu_min_L2_RH, = 62
gpu_min_L2_RM, = 2
gpu_min_L2_WH, = 0
gpu_min_L2_WM, = 0
gpu_min_NOC_A, = 90
gpu_min_PIPE_A, = 0
gpu_min_IDLE_CORE_N, = 0.0299997
gpu_min_CONST_DYNAMICN = 0

Accumulative Power Statistics Over Previous Kernels:
gpu_tot_avg_power = 136.84
gpu_tot_max_power = 172.402
gpu_tot_min_power = 17.0509


kernel_name = _Z11hotspotOpt1PfS_S_fiiifffffff 
kernel_launch_uid = 2 

Kernel Average Power Data:
kernel_avg_power = 138.315
gpu_avg_IBP, = 0.0423843
gpu_avg_ICP, = 0.371962
gpu_avg_DCP, = 4.30708
gpu_avg_TCP, = 0
gpu_avg_CCP, = 0.519768
gpu_avg_SHRDP, = 0
gpu_avg_RFP, = 13.2625
gpu_avg_SPP, = 3.41064
gpu_avg_SFUP, = 12.4528
gpu_avg_FPUP, = 2.46228
gpu_avg_SCHEDP, = 0.629517
gpu_avg_L2CP, = 10.0048
gpu_avg_MCP, = 4.66577
gpu_avg_NOCP, = 13.6542
gpu_avg_DRAMP, = 48.624
gpu_avg_PIPEP, = 13.9339
gpu_avg_IDLE_COREP, = 0.150124
gpu_avg_CONST_DYNAMICP = 9.82366
gpu_avg_TOT_INST, = 5863.73
gpu_avg_FP_INT, = 5734.39
gpu_avg_IC_H, = 2931.86
gpu_avg_IC_M, = 0
gpu_avg_DC_RH, = 385.033
gpu_avg_DC_RM, = 520.398
gpu_avg_DC_WH, = 0
gpu_avg_DC_WM, = 114.967
gpu_avg_TC_H, = 0
gpu_avg_TC_M, = 0
gpu_avg_CC_H, = 201.207
gpu_avg_CC_M, = 0
gpu_avg_SHRD_ACC, = 0
gpu_avg_REG_RD, = 303533
gpu_avg_REG_WR, = 165097
gpu_avg_NON_REG_OPs, = 64846.1
gpu_avg_SP_ACC, = 632825
gpu_avg_SFU_ACC, = 128772
gpu_avg_FPU_ACC, = 41620.8
gpu_avg_MEM_RD, = 922.372
gpu_avg_MEM_WR, = 0
gpu_avg_MEM_PRE, = 172.786
gpu_avg_L2_RH, = 1159.2
gpu_avg_L2_RM, = 230.596
gpu_avg_L2_WH, = 0
gpu_avg_L2_WM, = 114.965
gpu_avg_NOC_A, = 3521.7
gpu_avg_PIPE_A, = 0.383074
gpu_avg_IDLE_CORE_N, = 0.0944175
gpu_avg_CONST_DYNAMICN = 0

Kernel Maximum Power Data:
kernel_max_power = 205.92
gpu_max_IBP, = 0.0987518
gpu_max_ICP, = 0.866134
gpu_max_DCP, = 4.93877
gpu_max_TCP, = 0
gpu_max_CCP, = 7.618
gpu_max_SHRDP, = 0
gpu_max_RFP, = 42.0255
gpu_max_SPP, = 24.0348
gpu_max_SFUP, = 26.1301
gpu_max_FPUP, = 1.09706
gpu_max_SCHEDP, = 1.4998
gpu_max_L2CP, = 3.31507
gpu_max_MCP, = 5.36306
gpu_max_NOCP, = 6.53302
gpu_max_DRAMP, = 43.4773
gpu_max_PIPEP, = 29.0991
gpu_max_IDLE_COREP, = 0
gpu_max_CONST_DYNAMICP = 9.82366
gpu_max_TOT_INST, = 13662
gpu_max_FP_INT, = 13662
gpu_max_IC_H, = 6827
gpu_max_IC_M, = 0
gpu_max_DC_RH, = 623
gpu_max_DC_RM, = 469
gpu_max_DC_WH, = 0
gpu_max_DC_WM, = 0
gpu_max_TC_H, = 0
gpu_max_TC_M, = 0
gpu_max_CC_H, = 2949
gpu_max_CC_M, = 0
gpu_max_SHRD_ACC, = 0
gpu_max_REG_RD, = 484000
gpu_max_REG_WR, = 333952
gpu_max_NON_REG_OPs, = 292352
gpu_max_SP_ACC, = 4.45952e+06
gpu_max_SFU_ACC, = 270208
gpu_max_FPU_ACC, = 18544
gpu_max_MEM_RD, = 848
gpu_max_MEM_WR, = 0
gpu_max_MEM_PRE, = 14
gpu_max_L2_RH, = 580
gpu_max_L2_RM, = 300
gpu_max_L2_WH, = 0
gpu_max_L2_WM, = 0
gpu_max_NOC_A, = 1685
gpu_max_PIPE_A, = 0.8
gpu_max_IDLE_CORE_N, = 0
gpu_max_CONST_DYNAMICN = 0

Kernel Minimum Power Data:
kernel_min_power = 33.4055
gpu_min_IBP, = 0.000708365
gpu_min_ICP, = 0.00621658
gpu_min_DCP, = 0.150224
gpu_min_TCP, = 0
gpu_min_CCP, = 0
gpu_min_SHRDP, = 0
gpu_min_RFP, = 0.227298
gpu_min_SPP, = 0.0055189
gpu_min_SFUP, = 0.0618903
gpu_min_FPUP, = 0.0696312
gpu_min_SCHEDP, = 0.00966058
gpu_min_L2CP, = 0.540329
gpu_min_MCP, = 1.3245
gpu_min_NOCP, = 0.725029
gpu_min_DRAMP, = 2.07062
gpu_min_PIPEP, = 0.305541
gpu_min_IDLE_COREP, = 18.0847
gpu_min_CONST_DYNAMICP = 9.82366
gpu_min_TOT_INST, = 98
gpu_min_FP_INT, = 88
gpu_min_IC_H, = 49
gpu_min_IC_M, = 0
gpu_min_DC_RH, = 13
gpu_min_DC_RM, = 11
gpu_min_DC_WH, = 0
gpu_min_DC_WM, = 12
gpu_min_TC_H, = 0
gpu_min_TC_M, = 0
gpu_min_CC_H, = 0
gpu_min_CC_M, = 0
gpu_min_SHRD_ACC, = 0
gpu_min_REG_RD, = 7040
gpu_min_REG_WR, = 3072
gpu_min_NON_REG_OPs, = 832
gpu_min_SP_ACC, = 1024
gpu_min_SFU_ACC, = 640
gpu_min_FPU_ACC, = 1177
gpu_min_MEM_RD, = 40
gpu_min_MEM_WR, = 0
gpu_min_MEM_PRE, = 3
gpu_min_L2_RH, = 21
gpu_min_L2_RM, = 9
gpu_min_L2_WH, = 0
gpu_min_L2_WM, = 14
gpu_min_NOC_A, = 187
gpu_min_PIPE_A, = 0.0084
gpu_min_IDLE_CORE_N, = 11.374
gpu_min_CONST_DYNAMICN = 0

Accumulative Power Statistics Over Previous Kernels:
gpu_tot_avg_power = 137.573
gpu_tot_max_power = 205.92
gpu_tot_min_power = 17.0509


kernel_name = _Z11hotspotOpt1PfS_S_fiiifffffff 
kernel_launch_uid = 3 

Kernel Average Power Data:
kernel_avg_power = 137.67
gpu_avg_IBP, = 0.0420892
gpu_avg_ICP, = 0.369373
gpu_avg_DCP, = 4.27502
gpu_avg_TCP, = 0
gpu_avg_CCP, = 0.516146
gpu_avg_SHRDP, = 0
gpu_avg_RFP, = 13.1709
gpu_avg_SPP, = 3.38687
gpu_avg_SFUP, = 12.366
gpu_avg_FPUP, = 2.44516
gpu_avg_SCHEDP, = 0.625133
gpu_avg_L2CP, = 9.96773
gpu_avg_MCP, = 4.64147
gpu_avg_NOCP, = 13.5871
gpu_avg_DRAMP, = 48.385
gpu_avg_PIPEP, = 13.8369
gpu_avg_IDLE_COREP, = 0.231841
gpu_avg_CONST_DYNAMICP = 9.82366
gpu_avg_TOT_INST, = 5822.9
gpu_avg_FP_INT, = 5694.45
gpu_avg_IC_H, = 2911.45
gpu_avg_IC_M, = 0
gpu_avg_DC_RH, = 380.944
gpu_avg_DC_RM, = 518.178
gpu_avg_DC_WH, = 0
gpu_avg_DC_WM, = 114.183
gpu_avg_TC_H, = 0
gpu_avg_TC_M, = 0
gpu_avg_CC_H, = 199.805
gpu_avg_CC_M, = 0
gpu_avg_SHRD_ACC, = 0
gpu_avg_REG_RD, = 301422
gpu_avg_REG_WR, = 164007
gpu_avg_NON_REG_OPs, = 64394.3
gpu_avg_SP_ACC, = 628415
gpu_avg_SFU_ACC, = 127875
gpu_avg_FPU_ACC, = 41331.3
gpu_avg_MEM_RD, = 915.902
gpu_avg_MEM_WR, = 0
gpu_avg_MEM_PRE, = 183.62
gpu_avg_L2_RH, = 1156.83
gpu_avg_L2_RM, = 228.972
gpu_avg_L2_WH, = 0
gpu_avg_L2_WM, = 114.185
gpu_avg_NOC_A, = 3504.39
gpu_avg_PIPE_A, = 0.380408
gpu_avg_IDLE_CORE_N, = 0.145812
gpu_avg_CONST_DYNAMICN = 0

Kernel Maximum Power Data:
kernel_max_power = 218.432
gpu_max_IBP, = 0.089066
gpu_max_ICP, = 0.780878
gpu_max_DCP, = 6.32701
gpu_max_TCP, = 0
gpu_max_CCP, = 4.78418
gpu_max_SHRDP, = 0
gpu_max_RFP, = 36.7997
gpu_max_SPP, = 18.4
gpu_max_SFUP, = 26.2663
gpu_max_FPUP, = 2.06592
gpu_max_SCHEDP, = 1.3527
gpu_max_L2CP, = 5.15069
gpu_max_MCP, = 6.15548
gpu_max_NOCP, = 10.2628
gpu_max_DRAMP, = 61.0747
gpu_max_PIPEP, = 29.0991
gpu_max_IDLE_COREP, = 0
gpu_max_CONST_DYNAMICP = 9.82366
gpu_max_TOT_INST, = 12322
gpu_max_FP_INT, = 12322
gpu_max_IC_H, = 6155
gpu_max_IC_M, = 0
gpu_max_DC_RH, = 798
gpu_max_DC_RM, = 601
gpu_max_DC_WH, = 0
gpu_max_DC_WM, = 0
gpu_max_TC_H, = 0
gpu_max_TC_M, = 0
gpu_max_CC_H, = 1852
gpu_max_CC_M, = 0
gpu_max_SHRD_ACC, = 0
gpu_max_REG_RD, = 498912
gpu_max_REG_WR, = 326496
gpu_max_NON_REG_OPs, = 241856
gpu_max_SP_ACC, = 3.41402e+06
gpu_max_SFU_ACC, = 271616
gpu_max_FPU_ACC, = 34921
gpu_max_MEM_RD, = 1192
gpu_max_MEM_WR, = 0
gpu_max_MEM_PRE, = 15
gpu_max_L2_RH, = 908
gpu_max_L2_RM, = 278
gpu_max_L2_WH, = 0
gpu_max_L2_WM, = 0
gpu_max_NOC_A, = 2647
gpu_max_PIPE_A, = 0.8
gpu_max_IDLE_CORE_N, = 0
gpu_max_CONST_DYNAMICN = 0

Kernel Minimum Power Data:
kernel_min_power = 33.6699
gpu_min_IBP, = 0.000896298
gpu_min_ICP, = 0.00786587
gpu_min_DCP, = 0.227454
gpu_min_TCP, = 0
gpu_min_CCP, = 0
gpu_min_SHRDP, = 0
gpu_min_RFP, = 0.283493
gpu_min_SPP, = 0.0110378
gpu_min_SFUP, = 0.0742684
gpu_min_FPUP, = 0.082883
gpu_min_SCHEDP, = 0.0121855
gpu_min_L2CP, = 0.692186
gpu_min_MCP, = 1.33787
gpu_min_NOCP, = 0.83359
gpu_min_DRAMP, = 2.07062
gpu_min_PIPEP, = 0.387988
gpu_min_IDLE_COREP, = 17.8239
gpu_min_CONST_DYNAMICP = 9.82366
gpu_min_TOT_INST, = 124
gpu_min_FP_INT, = 111
gpu_min_IC_H, = 62
gpu_min_IC_M, = 0
gpu_min_DC_RH, = 23
gpu_min_DC_RM, = 17
gpu_min_DC_WH, = 0
gpu_min_DC_WM, = 13
gpu_min_TC_H, = 0
gpu_min_TC_M, = 0
gpu_min_CC_H, = 0
gpu_min_CC_M, = 0
gpu_min_SHRD_ACC, = 0
gpu_min_REG_RD, = 8640
gpu_min_REG_WR, = 3840
gpu_min_NON_REG_OPs, = 1056
gpu_min_SP_ACC, = 2048
gpu_min_SFU_ACC, = 768
gpu_min_FPU_ACC, = 1401
gpu_min_MEM_RD, = 40
gpu_min_MEM_WR, = 0
gpu_min_MEM_PRE, = 3
gpu_min_L2_RH, = 32
gpu_min_L2_RM, = 9
gpu_min_L2_WH, = 0
gpu_min_L2_WM, = 17
gpu_min_NOC_A, = 215
gpu_min_PIPE_A, = 0.0106667
gpu_min_IDLE_CORE_N, = 11.21
gpu_min_CONST_DYNAMICN = 0

Accumulative Power Statistics Over Previous Kernels:
gpu_tot_avg_power = 137.606
gpu_tot_max_power = 218.432
gpu_tot_min_power = 17.0509


kernel_name = _Z11hotspotOpt1PfS_S_fiiifffffff 
kernel_launch_uid = 4 

Kernel Average Power Data:
kernel_avg_power = 137.793
gpu_avg_IBP, = 0.0421625
gpu_avg_ICP, = 0.370016
gpu_avg_DCP, = 4.28077
gpu_avg_TCP, = 0
gpu_avg_CCP, = 0.517047
gpu_avg_SHRDP, = 0
gpu_avg_RFP, = 13.1941
gpu_avg_SPP, = 3.39278
gpu_avg_SFUP, = 12.3876
gpu_avg_FPUP, = 2.44941
gpu_avg_SCHEDP, = 0.626223
gpu_avg_L2CP, = 10.009
gpu_avg_MCP, = 4.64796
gpu_avg_NOCP, = 13.632
gpu_avg_DRAMP, = 48.4371
gpu_avg_PIPEP, = 13.862
gpu_avg_IDLE_COREP, = 0.12119
gpu_avg_CONST_DYNAMICP = 9.82366
gpu_avg_TOT_INST, = 5833.05
gpu_avg_FP_INT, = 5704.38
gpu_avg_IC_H, = 2916.52
gpu_avg_IC_M, = 0
gpu_avg_DC_RH, = 380.494
gpu_avg_DC_RM, = 520.197
gpu_avg_DC_WH, = 0
gpu_avg_DC_WM, = 114.373
gpu_avg_TC_H, = 0
gpu_avg_TC_M, = 0
gpu_avg_CC_H, = 200.154
gpu_avg_CC_M, = 0
gpu_avg_SHRD_ACC, = 0
gpu_avg_REG_RD, = 301946
gpu_avg_REG_WR, = 164318
gpu_avg_NON_REG_OPs, = 64506.6
gpu_avg_SP_ACC, = 629512
gpu_avg_SFU_ACC, = 128098
gpu_avg_FPU_ACC, = 41403.2
gpu_avg_MEM_RD, = 917.634
gpu_avg_MEM_WR, = 0
gpu_avg_MEM_PRE, = 179.319
gpu_avg_L2_RH, = 1163.16
gpu_avg_L2_RM, = 229.408
gpu_avg_L2_WH, = 0
gpu_avg_L2_WM, = 114.373
gpu_avg_NOC_A, = 3515.97
gpu_avg_PIPE_A, = 0.381096
gpu_avg_IDLE_CORE_N, = 0.0762199
gpu_avg_CONST_DYNAMICN = 0

Kernel Maximum Power Data:
kernel_max_power = 208.346
gpu_max_IBP, = 0.0971471
gpu_max_ICP, = 0.851798
gpu_max_DCP, = 5.06627
gpu_max_TCP, = 0
gpu_max_CCP, = 6.91019
gpu_max_SHRDP, = 0
gpu_max_RFP, = 41.0864
gpu_max_SPP, = 23.3449
gpu_max_SFUP, = 26.0311
gpu_max_FPUP, = 1.2743
gpu_max_SCHEDP, = 1.47543
gpu_max_L2CP, = 3.74511
gpu_max_MCP, = 5.46897
gpu_max_NOCP, = 7.12622
gpu_max_DRAMP, = 46.945
gpu_max_PIPEP, = 29.0991
gpu_max_IDLE_COREP, = 0
gpu_max_CONST_DYNAMICP = 9.82366
gpu_max_TOT_INST, = 13440
gpu_max_FP_INT, = 13440
gpu_max_IC_H, = 6714
gpu_max_IC_M, = 0
gpu_max_DC_RH, = 642
gpu_max_DC_RM, = 477
gpu_max_DC_WH, = 0
gpu_max_DC_WM, = 0
gpu_max_TC_H, = 0
gpu_max_TC_M, = 0
gpu_max_CC_H, = 2675
gpu_max_CC_M, = 0
gpu_max_SHRD_ACC, = 0
gpu_max_REG_RD, = 490080
gpu_max_REG_WR, = 335968
gpu_max_NON_REG_OPs, = 282432
gpu_max_SP_ACC, = 4.33152e+06
gpu_max_SFU_ACC, = 269184
gpu_max_FPU_ACC, = 21540
gpu_max_MEM_RD, = 914
gpu_max_MEM_WR, = 0
gpu_max_MEM_PRE, = 25
gpu_max_L2_RH, = 656
gpu_max_L2_RM, = 318
gpu_max_L2_WH, = 0
gpu_max_L2_WM, = 0
gpu_max_NOC_A, = 1838
gpu_max_PIPE_A, = 0.8
gpu_max_IDLE_CORE_N, = 0
gpu_max_CONST_DYNAMICN = 0

Kernel Minimum Power Data:
kernel_min_power = 27.9141
gpu_min_IBP, = 0.00221183
gpu_min_ICP, = 0.0194109
gpu_min_DCP, = 0.332679
gpu_min_TCP, = 0
gpu_min_CCP, = 0
gpu_min_SHRDP, = 0
gpu_min_RFP, = 0.634073
gpu_min_SPP, = 0.132454
gpu_min_SFUP, = 0.38372
gpu_min_FPUP, = 0.191915
gpu_min_SCHEDP, = 0.0311773
gpu_min_L2CP, = 1.29364
gpu_min_MCP, = 1.46026
gpu_min_NOCP, = 1.578
gpu_min_DRAMP, = 3.84258
gpu_min_PIPEP, = 0.858426
gpu_min_IDLE_COREP, = 7.3299
gpu_min_CONST_DYNAMICP = 9.82366
gpu_min_TOT_INST, = 306
gpu_min_FP_INT, = 284
gpu_min_IC_H, = 153
gpu_min_IC_M, = 0
gpu_min_DC_RH, = 28
gpu_min_DC_RM, = 27
gpu_min_DC_WH, = 0
gpu_min_DC_WM, = 25
gpu_min_TC_H, = 0
gpu_min_TC_M, = 0
gpu_min_CC_H, = 0
gpu_min_CC_M, = 0
gpu_min_SHRD_ACC, = 0
gpu_min_REG_RD, = 18944
gpu_min_REG_WR, = 9280
gpu_min_NON_REG_OPs, = 2336
gpu_min_SP_ACC, = 24576
gpu_min_SFU_ACC, = 3968
gpu_min_FPU_ACC, = 3244
gpu_min_MEM_RD, = 73
gpu_min_MEM_WR, = 0
gpu_min_MEM_PRE, = 13
gpu_min_L2_RH, = 80
gpu_min_L2_RM, = 17
gpu_min_L2_WH, = 0
gpu_min_L2_WM, = 28
gpu_min_NOC_A, = 407
gpu_min_PIPE_A, = 0.0236001
gpu_min_IDLE_CORE_N, = 4.61
gpu_min_CONST_DYNAMICN = 0

Accumulative Power Statistics Over Previous Kernels:
gpu_tot_avg_power = 137.653
gpu_tot_max_power = 218.432
gpu_tot_min_power = 17.0509


