kernel_name = _Z11hotspotOpt1PfS_S_fiiifffffff 
kernel_launch_uid = 1 

Kernel Average Power Data:
kernel_avg_power = 55.7961
gpu_avg_IBP, = 0.0147612
gpu_avg_ICP, = 0.137902
gpu_avg_DCP, = 1.50244
gpu_avg_TCP, = 0
gpu_avg_CCP, = 0.180641
gpu_avg_SHRDP, = 0
gpu_avg_RFP, = 4.61873
gpu_avg_SPP, = 1.18782
gpu_avg_SFUP, = 4.33691
gpu_avg_FPUP, = 0.857542
gpu_avg_SCHEDP, = 0.219242
gpu_avg_L2CP, = 3.44977
gpu_avg_MCP, = 2.39194
gpu_avg_NOCP, = 4.72627
gpu_avg_DRAMP, = 17.1547
gpu_avg_PIPEP, = 4.85499
gpu_avg_IDLE_COREP, = 0.33877
gpu_avg_CONST_DYNAMICP = 9.82366
gpu_avg_TOT_INST, = 6807.2
gpu_avg_FP_INT, = 6657.04
gpu_avg_IC_H, = 3396.99
gpu_avg_IC_M, = 6.61507
gpu_avg_DC_RH, = 452.342
gpu_avg_DC_RM, = 598.77
gpu_avg_DC_WH, = 0
gpu_avg_DC_WM, = 133.473
gpu_avg_TC_H, = 0
gpu_avg_TC_M, = 0
gpu_avg_CC_H, = 231.898
gpu_avg_CC_M, = 1.68228
gpu_avg_SHRD_ACC, = 0
gpu_avg_REG_RD, = 352373
gpu_avg_REG_WR, = 191601
gpu_avg_NON_REG_OPs, = 75279.6
gpu_avg_SP_ACC, = 734644
gpu_avg_SFU_ACC, = 149491
gpu_avg_FPU_ACC, = 48317.8
gpu_avg_MEM_RD, = 1071.32
gpu_avg_MEM_WR, = 0
gpu_avg_MEM_PRE, = 284.104
gpu_avg_L2_RH, = 1325.1
gpu_avg_L2_RM, = 267.831
gpu_avg_L2_WH, = 0
gpu_avg_L2_WM, = 133.473
gpu_avg_NOC_A, = 4063.34
gpu_avg_PIPE_A, = 0.444915
gpu_avg_IDLE_CORE_N, = 0.213063
gpu_avg_CONST_DYNAMICN = 0

Kernel Maximum Power Data:
kernel_max_power = 65.2964
gpu_max_IBP, = 0.0204356
gpu_max_ICP, = 0.228048
gpu_max_DCP, = 1.26181
gpu_max_TCP, = 0
gpu_max_CCP, = 0
gpu_max_SHRDP, = 0
gpu_max_RFP, = 5.78767
gpu_max_SPP, = 1.45864
gpu_max_SFUP, = 8.41832
gpu_max_FPUP, = 1.0838
gpu_max_SCHEDP, = 0.300982
gpu_max_L2CP, = 4.01272
gpu_max_MCP, = 2.45057
gpu_max_NOCP, = 5.44237
gpu_max_DRAMP, = 18.3895
gpu_max_PIPEP, = 6.61787
gpu_max_IDLE_COREP, = 0
gpu_max_CONST_DYNAMICP = 9.82366
gpu_max_TOT_INST, = 9424
gpu_max_FP_INT, = 9139
gpu_max_IC_H, = 4658
gpu_max_IC_M, = 39
gpu_max_DC_RH, = 298
gpu_max_DC_RM, = 497
gpu_max_DC_WH, = 0
gpu_max_DC_WM, = 237
gpu_max_TC_H, = 0
gpu_max_TC_M, = 0
gpu_max_CC_H, = 0
gpu_max_CC_M, = 0
gpu_max_SHRD_ACC, = 0
gpu_max_REG_RD, = 489760
gpu_max_REG_WR, = 271648
gpu_max_NON_REG_OPs, = 84160
gpu_max_SP_ACC, = 902144
gpu_max_SFU_ACC, = 290176
gpu_max_FPU_ACC, = 61066
gpu_max_MEM_RD, = 1178
gpu_max_MEM_WR, = 0
gpu_max_MEM_PRE, = 126
gpu_max_L2_RH, = 1127
gpu_max_L2_RM, = 254
gpu_max_L2_WH, = 0
gpu_max_L2_WM, = 233
gpu_max_NOC_A, = 4679
gpu_max_PIPE_A, = 0.606467
gpu_max_IDLE_CORE_N, = 0
gpu_max_CONST_DYNAMICN = 0

Kernel Minimum Power Data:
kernel_min_power = 12.8835
gpu_min_IBP, = 0.00325269
gpu_min_ICP, = 0.635037
gpu_min_DCP, = 0
gpu_min_TCP, = 0
gpu_min_CCP, = 0.264057
gpu_min_SHRDP, = 0
gpu_min_RFP, = 0.51904
gpu_min_SPP, = 0
gpu_min_SFUP, = 0
gpu_min_FPUP, = 0
gpu_min_SCHEDP, = 0.0494007
gpu_min_L2CP, = 0.10447
gpu_min_MCP, = 1.23767
gpu_min_NOCP, = 0.104683
gpu_min_DRAMP, = 0.0945746
gpu_min_PIPEP, = 0
gpu_min_IDLE_COREP, = 0.0476996
gpu_min_CONST_DYNAMICP = 9.82366
gpu_min_TOT_INST, = 1500
gpu_min_FP_INT, = 1500
gpu_min_IC_H, = 270
gpu_min_IC_M, = 480
gpu_min_DC_RH, = 0
gpu_min_DC_RM, = 0
gpu_min_DC_WH, = 0
gpu_min_DC_WM, = 0
gpu_min_TC_H, = 0
gpu_min_TC_M, = 0
gpu_min_CC_H, = 0
gpu_min_CC_M, = 480
gpu_min_SHRD_ACC, = 0
gpu_min_REG_RD, = 0
gpu_min_REG_WR, = 0
gpu_min_NON_REG_OPs, = 16320
gpu_min_SP_ACC, = 0
gpu_min_SFU_ACC, = 0
gpu_min_FPU_ACC, = 0
gpu_min_MEM_RD, = 6
gpu_min_MEM_WR, = 0
gpu_min_MEM_PRE, = 1
gpu_min_L2_RH, = 62
gpu_min_L2_RM, = 2
gpu_min_L2_WH, = 0
gpu_min_L2_WM, = 0
gpu_min_NOC_A, = 90
gpu_min_PIPE_A, = 0
gpu_min_IDLE_CORE_N, = 0.0299997
gpu_min_CONST_DYNAMICN = 0

Accumulative Power Statistics Over Previous Kernels:
gpu_tot_avg_power = 55.7961
gpu_tot_max_power = 65.2964
gpu_tot_min_power = 12.8835


kernel_name = _Z11hotspotOpt1PfS_S_fiiifffffff 
kernel_launch_uid = 2 

Kernel Average Power Data:
kernel_avg_power = 56.4186
gpu_avg_IBP, = 0.015068
gpu_avg_ICP, = 0.132236
gpu_avg_DCP, = 1.53437
gpu_avg_TCP, = 0
gpu_avg_CCP, = 0.184782
gpu_avg_SHRDP, = 0
gpu_avg_RFP, = 4.71445
gpu_avg_SPP, = 1.21251
gpu_avg_SFUP, = 4.42708
gpu_avg_FPUP, = 0.875367
gpu_avg_SCHEDP, = 0.223799
gpu_avg_L2CP, = 3.50946
gpu_avg_MCP, = 2.41676
gpu_avg_NOCP, = 4.81341
gpu_avg_DRAMP, = 17.4709
gpu_avg_PIPEP, = 4.95271
gpu_avg_IDLE_COREP, = 0.112047
gpu_avg_CONST_DYNAMICP = 9.82366
gpu_avg_TOT_INST, = 6948.71
gpu_avg_FP_INT, = 6795.43
gpu_avg_IC_H, = 3474.36
gpu_avg_IC_M, = 0
gpu_avg_DC_RH, = 463.304
gpu_avg_DC_RM, = 609.659
gpu_avg_DC_WH, = 0
gpu_avg_DC_WM, = 136.247
gpu_avg_TC_H, = 0
gpu_avg_TC_M, = 0
gpu_avg_CC_H, = 238.437
gpu_avg_CC_M, = 0
gpu_avg_SHRD_ACC, = 0
gpu_avg_REG_RD, = 359697
gpu_avg_REG_WR, = 195504
gpu_avg_NON_REG_OPs, = 76844.6
gpu_avg_SP_ACC, = 749917
gpu_avg_SFU_ACC, = 152599
gpu_avg_FPU_ACC, = 49322.1
gpu_avg_MEM_RD, = 1093.11
gpu_avg_MEM_WR, = 0
gpu_avg_MEM_PRE, = 276.985
gpu_avg_L2_RH, = 1345.51
gpu_avg_L2_RM, = 273.279
gpu_avg_L2_WH, = 0
gpu_avg_L2_WM, = 136.245
gpu_avg_NOC_A, = 4138.26
gpu_avg_PIPE_A, = 0.45387
gpu_avg_IDLE_CORE_N, = 0.0704699
gpu_avg_CONST_DYNAMICN = 0

Kernel Maximum Power Data:
kernel_max_power = 69.3148
gpu_max_IBP, = 0.0309657
gpu_max_ICP, = 0.271905
gpu_max_DCP, = 1.58733
gpu_max_TCP, = 0
gpu_max_CCP, = 2.69149
gpu_max_SHRDP, = 0
gpu_max_RFP, = 13.3036
gpu_max_SPP, = 7.37104
gpu_max_SFUP, = 7.8316
gpu_max_FPUP, = 0.343388
gpu_max_SCHEDP, = 0.470295
gpu_max_L2CP, = 0.833501
gpu_max_MCP, = 2.43396
gpu_max_NOCP, = 1.8401
gpu_max_DRAMP, = 11.7522
gpu_max_PIPEP, = 8.72974
gpu_max_IDLE_COREP, = 0
gpu_max_CONST_DYNAMICP = 9.82366
gpu_max_TOT_INST, = 14280
gpu_max_FP_INT, = 14280
gpu_max_IC_H, = 7144
gpu_max_IC_M, = 0
gpu_max_DC_RH, = 677
gpu_max_DC_RM, = 489
gpu_max_DC_WH, = 0
gpu_max_DC_WM, = 0
gpu_max_TC_H, = 0
gpu_max_TC_M, = 0
gpu_max_CC_H, = 3473
gpu_max_CC_M, = 0
gpu_max_SHRD_ACC, = 0
gpu_max_REG_RD, = 481760
gpu_max_REG_WR, = 336352
gpu_max_NON_REG_OPs, = 314272
gpu_max_SP_ACC, = 4.55885e+06
gpu_max_SFU_ACC, = 269952
gpu_max_FPU_ACC, = 19348
gpu_max_MEM_RD, = 764
gpu_max_MEM_WR, = 0
gpu_max_MEM_PRE, = 13
gpu_max_L2_RH, = 486
gpu_max_L2_RM, = 254
gpu_max_L2_WH, = 0
gpu_max_L2_WM, = 0
gpu_max_NOC_A, = 1582
gpu_max_PIPE_A, = 0.8
gpu_max_IDLE_CORE_N, = 0
gpu_max_CONST_DYNAMICN = 0

Kernel Minimum Power Data:
kernel_min_power = 23.2964
gpu_min_IBP, = 0.00140083
gpu_min_ICP, = 0.0123317
gpu_min_DCP, = 0.220705
gpu_min_TCP, = 0
gpu_min_CCP, = 0
gpu_min_SHRDP, = 0
gpu_min_RFP, = 0.409696
gpu_min_SPP, = 0.0745051
gpu_min_SFUP, = 0.230232
gpu_min_FPUP, = 0.122212
gpu_min_SCHEDP, = 0.0198261
gpu_min_L2CP, = 0.666631
gpu_min_MCP, = 1.38156
gpu_min_NOCP, = 0.899114
gpu_min_DRAMP, = 2.886
gpu_min_PIPEP, = 0.538334
gpu_min_IDLE_COREP, = 6.0102
gpu_min_CONST_DYNAMICP = 9.82366
gpu_min_TOT_INST, = 646
gpu_min_FP_INT, = 602
gpu_min_IC_H, = 324
gpu_min_IC_M, = 0
gpu_min_DC_RH, = 66
gpu_min_DC_RM, = 62
gpu_min_DC_WH, = 0
gpu_min_DC_WM, = 47
gpu_min_TC_H, = 0
gpu_min_TC_M, = 0
gpu_min_CC_H, = 0
gpu_min_CC_M, = 0
gpu_min_SHRD_ACC, = 0
gpu_min_REG_RD, = 40512
gpu_min_REG_WR, = 19552
gpu_min_NON_REG_OPs, = 5120
gpu_min_SP_ACC, = 46080
gpu_min_SFU_ACC, = 7936
gpu_min_FPU_ACC, = 6886
gpu_min_MEM_RD, = 185
gpu_min_MEM_WR, = 0
gpu_min_MEM_PRE, = 19
gpu_min_L2_RH, = 159
gpu_min_L2_RM, = 39
gpu_min_L2_WH, = 0
gpu_min_L2_WM, = 44
gpu_min_NOC_A, = 773
gpu_min_PIPE_A, = 0.0493334
gpu_min_IDLE_CORE_N, = 3.78
gpu_min_CONST_DYNAMICN = 0

Accumulative Power Statistics Over Previous Kernels:
gpu_tot_avg_power = 56.1041
gpu_tot_max_power = 69.3148
gpu_tot_min_power = 12.8835


kernel_name = _Z11hotspotOpt1PfS_S_fiiifffffff 
kernel_launch_uid = 3 

Kernel Average Power Data:
kernel_avg_power = 56.3798
gpu_avg_IBP, = 0.0150368
gpu_avg_ICP, = 0.131962
gpu_avg_DCP, = 1.5314
gpu_avg_TCP, = 0
gpu_avg_CCP, = 0.184399
gpu_avg_SHRDP, = 0
gpu_avg_RFP, = 4.7046
gpu_avg_SPP, = 1.21
gpu_avg_SFUP, = 4.41789
gpu_avg_FPUP, = 0.873555
gpu_avg_SCHEDP, = 0.223336
gpu_avg_L2CP, = 3.49878
gpu_avg_MCP, = 2.41441
gpu_avg_NOCP, = 4.80087
gpu_avg_DRAMP, = 17.4744
gpu_avg_PIPEP, = 4.943
gpu_avg_IDLE_COREP, = 0.132491
gpu_avg_CONST_DYNAMICP = 9.82366
gpu_avg_TOT_INST, = 6934.31
gpu_avg_FP_INT, = 6781.35
gpu_avg_IC_H, = 3467.16
gpu_avg_IC_M, = 0
gpu_avg_DC_RH, = 462.79
gpu_avg_DC_RM, = 607.948
gpu_avg_DC_WH, = 0
gpu_avg_DC_WM, = 135.967
gpu_avg_TC_H, = 0
gpu_avg_TC_M, = 0
gpu_avg_CC_H, = 237.942
gpu_avg_CC_M, = 0
gpu_avg_SHRD_ACC, = 0
gpu_avg_REG_RD, = 358953
gpu_avg_REG_WR, = 195077
gpu_avg_NON_REG_OPs, = 76685.3
gpu_avg_SP_ACC, = 748361
gpu_avg_SFU_ACC, = 152283
gpu_avg_FPU_ACC, = 49220
gpu_avg_MEM_RD, = 1091.13
gpu_avg_MEM_WR, = 0
gpu_avg_MEM_PRE, = 290.373
gpu_avg_L2_RH, = 1340.66
gpu_avg_L2_RM, = 272.784
gpu_avg_L2_WH, = 0
gpu_avg_L2_WM, = 135.969
gpu_avg_NOC_A, = 4127.48
gpu_avg_PIPE_A, = 0.452981
gpu_avg_IDLE_CORE_N, = 0.0833278
gpu_avg_CONST_DYNAMICN = 0

Kernel Maximum Power Data:
kernel_max_power = 74.8936
gpu_max_IBP, = 0.0281813
gpu_max_ICP, = 0.247166
gpu_max_DCP, = 1.98465
gpu_max_TCP, = 0
gpu_max_CCP, = 1.6135
gpu_max_SHRDP, = 0
gpu_max_RFP, = 11.7109
gpu_max_SPP, = 5.95875
gpu_max_SFUP, = 8.02099
gpu_max_FPUP, = 0.651137
gpu_max_SCHEDP, = 0.428008
gpu_max_L2CP, = 1.54631
gpu_max_MCP, = 2.70644
gpu_max_NOCP, = 3.1091
gpu_max_DRAMP, = 18.3351
gpu_max_PIPEP, = 8.72974
gpu_max_IDLE_COREP, = 0
gpu_max_CONST_DYNAMICP = 9.82366
gpu_max_TOT_INST, = 12996
gpu_max_FP_INT, = 12996
gpu_max_IC_H, = 6494
gpu_max_IC_M, = 0
gpu_max_DC_RH, = 851
gpu_max_DC_RM, = 605
gpu_max_DC_WH, = 0
gpu_max_DC_WM, = 0
gpu_max_TC_H, = 0
gpu_max_TC_M, = 0
gpu_max_CC_H, = 2082
gpu_max_CC_M, = 0
gpu_max_SHRD_ACC, = 0
gpu_max_REG_RD, = 517280
gpu_max_REG_WR, = 340832
gpu_max_NON_REG_OPs, = 258816
gpu_max_SP_ACC, = 3.68538e+06
gpu_max_SFU_ACC, = 276480
gpu_max_FPU_ACC, = 36688
gpu_max_MEM_RD, = 1192
gpu_max_MEM_WR, = 0
gpu_max_MEM_PRE, = 20
gpu_max_L2_RH, = 908
gpu_max_L2_RM, = 296
gpu_max_L2_WH, = 0
gpu_max_L2_WM, = 0
gpu_max_NOC_A, = 2673
gpu_max_PIPE_A, = 0.8
gpu_max_IDLE_CORE_N, = 0
gpu_max_CONST_DYNAMICN = 0

Kernel Minimum Power Data:
kernel_min_power = 23.7107
gpu_min_IBP, = 0.000581148
gpu_min_ICP, = 0.00510013
gpu_min_DCP, = 0.106887
gpu_min_TCP, = 0
gpu_min_CCP, = 0
gpu_min_SHRDP, = 0
gpu_min_RFP, = 0.17379
gpu_min_SPP, = 0.019868
gpu_min_SFUP, = 0.0557013
gpu_min_FPUP, = 0.0588877
gpu_min_SCHEDP, = 0.00800291
gpu_min_L2CP, = 0.368269
gpu_min_MCP, = 1.28505
gpu_min_NOCP, = 0.469912
gpu_min_DRAMP, = 1.55423
gpu_min_PIPEP, = 0.240796
gpu_min_IDLE_COREP, = 9.54
gpu_min_CONST_DYNAMICP = 9.82366
gpu_min_TOT_INST, = 268
gpu_min_FP_INT, = 243
gpu_min_IC_H, = 134
gpu_min_IC_M, = 0
gpu_min_DC_RH, = 29
gpu_min_DC_RM, = 33
gpu_min_DC_WH, = 0
gpu_min_DC_WM, = 24
gpu_min_TC_H, = 0
gpu_min_TC_M, = 0
gpu_min_CC_H, = 0
gpu_min_CC_M, = 0
gpu_min_SHRD_ACC, = 0
gpu_min_REG_RD, = 18560
gpu_min_REG_WR, = 8288
gpu_min_NON_REG_OPs, = 1984
gpu_min_SP_ACC, = 12288
gpu_min_SFU_ACC, = 1920
gpu_min_FPU_ACC, = 3318
gpu_min_MEM_RD, = 100
gpu_min_MEM_WR, = 0
gpu_min_MEM_PRE, = 8
gpu_min_L2_RH, = 84
gpu_min_L2_RM, = 25
gpu_min_L2_WH, = 0
gpu_min_L2_WM, = 25
gpu_min_NOC_A, = 404
gpu_min_PIPE_A, = 0.0220667
gpu_min_IDLE_CORE_N, = 6
gpu_min_CONST_DYNAMICN = 0

Accumulative Power Statistics Over Previous Kernels:
gpu_tot_avg_power = 56.1955
gpu_tot_max_power = 74.8936
gpu_tot_min_power = 12.8835


kernel_name = _Z11hotspotOpt1PfS_S_fiiifffffff 
kernel_launch_uid = 4 

Kernel Average Power Data:
kernel_avg_power = 56.2993
gpu_avg_IBP, = 0.0150057
gpu_avg_ICP, = 0.131689
gpu_avg_DCP, = 1.5276
gpu_avg_TCP, = 0
gpu_avg_CCP, = 0.184017
gpu_avg_SHRDP, = 0
gpu_avg_RFP, = 4.69499
gpu_avg_SPP, = 1.20749
gpu_avg_SFUP, = 4.40874
gpu_avg_FPUP, = 0.871747
gpu_avg_SCHEDP, = 0.222873
gpu_avg_L2CP, = 3.50131
gpu_avg_MCP, = 2.41168
gpu_avg_NOCP, = 4.79906
gpu_avg_DRAMP, = 17.3964
gpu_avg_PIPEP, = 4.93271
gpu_avg_IDLE_COREP, = 0.170245
gpu_avg_CONST_DYNAMICP = 9.82366
gpu_avg_TOT_INST, = 6919.95
gpu_avg_FP_INT, = 6767.31
gpu_avg_IC_H, = 3459.98
gpu_avg_IC_M, = 0
gpu_avg_DC_RH, = 460.433
gpu_avg_DC_RM, = 608.091
gpu_avg_DC_WH, = 0
gpu_avg_DC_WM, = 135.687
gpu_avg_TC_H, = 0
gpu_avg_TC_M, = 0
gpu_avg_CC_H, = 237.449
gpu_avg_CC_M, = 0
gpu_avg_SHRD_ACC, = 0
gpu_avg_REG_RD, = 358210
gpu_avg_REG_WR, = 194709
gpu_avg_NON_REG_OPs, = 76526.5
gpu_avg_SP_ACC, = 746812
gpu_avg_SFU_ACC, = 151968
gpu_avg_FPU_ACC, = 49118.1
gpu_avg_MEM_RD, = 1088.63
gpu_avg_MEM_WR, = 0
gpu_avg_MEM_PRE, = 274.766
gpu_avg_L2_RH, = 1343.73
gpu_avg_L2_RM, = 272.155
gpu_avg_L2_WH, = 0
gpu_avg_L2_WM, = 135.681
gpu_avg_NOC_A, = 4125.92
gpu_avg_PIPE_A, = 0.452038
gpu_avg_IDLE_CORE_N, = 0.107072
gpu_avg_CONST_DYNAMICN = 0

Kernel Maximum Power Data:
kernel_max_power = 74.7754
gpu_max_IBP, = 0.0281206
gpu_max_ICP, = 0.246481
gpu_max_DCP, = 2.0143
gpu_max_TCP, = 0
gpu_max_CCP, = 1.5918
gpu_max_SHRDP, = 0
gpu_max_RFP, = 11.6818
gpu_max_SPP, = 5.96041
gpu_max_SFUP, = 8.01727
gpu_max_FPUP, = 0.651261
gpu_max_SCHEDP, = 0.427085
gpu_max_L2CP, = 1.51439
gpu_max_MCP, = 2.70611
gpu_max_NOCP, = 3.06838
gpu_max_DRAMP, = 18.3146
gpu_max_PIPEP, = 8.72974
gpu_max_IDLE_COREP, = 0
gpu_max_CONST_DYNAMICP = 9.82366
gpu_max_TOT_INST, = 12968
gpu_max_FP_INT, = 12968
gpu_max_IC_H, = 6476
gpu_max_IC_M, = 0
gpu_max_DC_RH, = 868
gpu_max_DC_RM, = 608
gpu_max_DC_WH, = 0
gpu_max_DC_WM, = 0
gpu_max_TC_H, = 0
gpu_max_TC_M, = 0
gpu_max_CC_H, = 2054
gpu_max_CC_M, = 0
gpu_max_SHRD_ACC, = 0
gpu_max_REG_RD, = 516640
gpu_max_REG_WR, = 340864
gpu_max_NON_REG_OPs, = 257984
gpu_max_SP_ACC, = 3.6864e+06
gpu_max_SFU_ACC, = 276352
gpu_max_FPU_ACC, = 36695
gpu_max_MEM_RD, = 1190
gpu_max_MEM_WR, = 0
gpu_max_MEM_PRE, = 24
gpu_max_L2_RH, = 889
gpu_max_L2_RM, = 297
gpu_max_L2_WH, = 0
gpu_max_L2_WM, = 0
gpu_max_NOC_A, = 2638
gpu_max_PIPE_A, = 0.8
gpu_max_IDLE_CORE_N, = 0
gpu_max_CONST_DYNAMICN = 0

Kernel Minimum Power Data:
kernel_min_power = 24.9763
gpu_min_IBP, = 0.000490073
gpu_min_ICP, = 0.0042628
gpu_min_DCP, = 0.0996998
gpu_min_TCP, = 0
gpu_min_CCP, = 0
gpu_min_SHRDP, = 0
gpu_min_RFP, = 0.15341
gpu_min_SPP, = 0.0132454
gpu_min_SFUP, = 0.0668415
gpu_min_FPUP, = 0.0453815
gpu_min_SCHEDP, = 0.00675143
gpu_min_L2CP, = 0.372345
gpu_min_MCP, = 1.26626
gpu_min_NOCP, = 0.428039
gpu_min_DRAMP, = 1.24237
gpu_min_PIPEP, = 0.205876
gpu_min_IDLE_COREP, = 11.2477
gpu_min_CONST_DYNAMICP = 9.82366
gpu_min_TOT_INST, = 226
gpu_min_FP_INT, = 205
gpu_min_IC_H, = 112
gpu_min_IC_M, = 0
gpu_min_DC_RH, = 30
gpu_min_DC_RM, = 27
gpu_min_DC_WH, = 0
gpu_min_DC_WM, = 22
gpu_min_TC_H, = 0
gpu_min_TC_M, = 0
gpu_min_CC_H, = 0
gpu_min_CC_M, = 0
gpu_min_SHRD_ACC, = 0
gpu_min_REG_RD, = 15456
gpu_min_REG_WR, = 7232
gpu_min_NON_REG_OPs, = 1888
gpu_min_SP_ACC, = 8192
gpu_min_SFU_ACC, = 2304
gpu_min_FPU_ACC, = 2557
gpu_min_MEM_RD, = 80
gpu_min_MEM_WR, = 0
gpu_min_MEM_PRE, = 6
gpu_min_L2_RH, = 76
gpu_min_L2_RM, = 17
gpu_min_L2_WH, = 0
gpu_min_L2_WM, = 27
gpu_min_NOC_A, = 368
gpu_min_PIPE_A, = 0.0188667
gpu_min_IDLE_CORE_N, = 7.074
gpu_min_CONST_DYNAMICN = 0

Accumulative Power Statistics Over Previous Kernels:
gpu_tot_avg_power = 56.2214
gpu_tot_max_power = 74.8936
gpu_tot_min_power = 12.8835


